CRITICAL - 2024-01-06 09:52:14 --> Trying to get property 'user_name' of non-object
#0 C:\xampp\htdocs\Lab20_si_NGProduksi\ci4_ngproduksi\app\Views\template\navbar.php(41): CodeIgniter\Debug\Exceptions->errorHandler(8, 'Trying to get p...', 'C:\\xampp\\htdocs...', 41, Array)
#1 C:\xampp\htdocs\Lab20_si_NGProduksi\ci4_ngproduksi\system\View\View.php(210): include('C:\\xampp\\htdocs...')
#2 C:\xampp\htdocs\Lab20_si_NGProduksi\ci4_ngproduksi\system\View\View.php(213): CodeIgniter\View\View->CodeIgniter\View\{closure}()
#3 C:\xampp\htdocs\Lab20_si_NGProduksi\ci4_ngproduksi\system\View\View.php(424): CodeIgniter\View\View->render('template/navbar', NULL, true)
#4 C:\xampp\htdocs\Lab20_si_NGProduksi\ci4_ngproduksi\app\Views\template\headerforcontent.php(50): CodeIgniter\View\View->include('template/navbar')
#5 C:\xampp\htdocs\Lab20_si_NGProduksi\ci4_ngproduksi\system\View\View.php(210): include('C:\\xampp\\htdocs...')
#6 C:\xampp\htdocs\Lab20_si_NGProduksi\ci4_ngproduksi\system\View\View.php(213): CodeIgniter\View\View->CodeIgniter\View\{closure}()
#7 C:\xampp\htdocs\Lab20_si_NGProduksi\ci4_ngproduksi\system\View\View.php(424): CodeIgniter\View\View->render('template/header...', NULL, true)
#8 C:\xampp\htdocs\Lab20_si_NGProduksi\ci4_ngproduksi\app\Views\dataNG.php(1): CodeIgniter\View\View->include('template/header...')
#9 C:\xampp\htdocs\Lab20_si_NGProduksi\ci4_ngproduksi\system\View\View.php(210): include('C:\\xampp\\htdocs...')
#10 C:\xampp\htdocs\Lab20_si_NGProduksi\ci4_ngproduksi\system\View\View.php(213): CodeIgniter\View\View->CodeIgniter\View\{closure}()
#11 C:\xampp\htdocs\Lab20_si_NGProduksi\ci4_ngproduksi\system\Common.php(1089): CodeIgniter\View\View->render('dataNG', Array, true)
#12 C:\xampp\htdocs\Lab20_si_NGProduksi\ci4_ngproduksi\app\Controllers\Laporan.php(16): view('dataNG', Array)
#13 C:\xampp\htdocs\Lab20_si_NGProduksi\ci4_ngproduksi\system\CodeIgniter.php(832): App\Controllers\Laporan->NG()
#14 C:\xampp\htdocs\Lab20_si_NGProduksi\ci4_ngproduksi\system\CodeIgniter.php(419): CodeIgniter\CodeIgniter->runController(Object(App\Controllers\Laporan))
#15 C:\xampp\htdocs\Lab20_si_NGProduksi\ci4_ngproduksi\system\CodeIgniter.php(326): CodeIgniter\CodeIgniter->handleRequest(NULL, Object(Config\Cache), false)
#16 C:\xampp\htdocs\Lab20_si_NGProduksi\ci4_ngproduksi\public\index.php(37): CodeIgniter\CodeIgniter->run()
#17 C:\xampp\htdocs\Lab20_si_NGProduksi\ci4_ngproduksi\system\Commands\Server\rewrite.php(43): require_once('C:\\xampp\\htdocs...')
#18 {main}
