CRITICAL - 2023-09-28 11:09:52 --> Class 'Config\App\Filters\Auth' not found
#0 C:\xampp\htdocs\Lab16_si_pjm-V1.0\ci4\system\CodeIgniter.php(393): CodeIgniter\Filters\Filters->run('dashboard', 'before')
#1 C:\xampp\htdocs\Lab16_si_pjm-V1.0\ci4\system\CodeIgniter.php(326): CodeIgniter\CodeIgniter->handleRequest(NULL, Object(Config\Cache), false)
#2 C:\xampp\htdocs\Lab16_si_pjm-V1.0\ci4\public\index.php(37): CodeIgniter\CodeIgniter->run()
#3 C:\xampp\htdocs\Lab16_si_pjm-V1.0\ci4\system\Commands\Server\rewrite.php(43): require_once('C:\\xampp\\htdocs...')
#4 {main}
CRITICAL - 2023-09-28 11:11:19 --> Class 'Config\App\Filters\Auth' not found
#0 C:\xampp\htdocs\Lab16_si_pjm-V1.0\ci4\system\CodeIgniter.php(393): CodeIgniter\Filters\Filters->run('dashboard', 'before')
#1 C:\xampp\htdocs\Lab16_si_pjm-V1.0\ci4\system\CodeIgniter.php(326): CodeIgniter\CodeIgniter->handleRequest(NULL, Object(Config\Cache), false)
#2 C:\xampp\htdocs\Lab16_si_pjm-V1.0\ci4\public\index.php(37): CodeIgniter\CodeIgniter->run()
#3 C:\xampp\htdocs\Lab16_si_pjm-V1.0\ci4\system\Commands\Server\rewrite.php(43): require_once('C:\\xampp\\htdocs...')
#4 {main}
ERROR - 2023-09-28 11:15:54 --> Table 'si_pjm.iuran' doesn't exist
CRITICAL - 2023-09-28 11:15:54 --> Table 'si_pjm.iuran' doesn't exist
#0 C:\xampp\htdocs\Lab16_si_pjm-V1.0\ci4\system\Database\MySQLi\Connection.php(292): mysqli->query('select sum(juml...', 0)
#1 C:\xampp\htdocs\Lab16_si_pjm-V1.0\ci4\system\Database\BaseConnection.php(670): CodeIgniter\Database\MySQLi\Connection->execute('select sum(juml...')
#2 C:\xampp\htdocs\Lab16_si_pjm-V1.0\ci4\system\Database\BaseConnection.php(598): CodeIgniter\Database\BaseConnection->simpleQuery('select sum(juml...')
#3 C:\xampp\htdocs\Lab16_si_pjm-V1.0\ci4\app\Views\content.php(21): CodeIgniter\Database\BaseConnection->query('select sum(juml...')
#4 C:\xampp\htdocs\Lab16_si_pjm-V1.0\ci4\system\View\View.php(210): include('C:\\xampp\\htdocs...')
#5 C:\xampp\htdocs\Lab16_si_pjm-V1.0\ci4\system\View\View.php(213): CodeIgniter\View\View->CodeIgniter\View\{closure}()
#6 C:\xampp\htdocs\Lab16_si_pjm-V1.0\ci4\system\View\View.php(424): CodeIgniter\View\View->render('content', NULL, true)
#7 C:\xampp\htdocs\Lab16_si_pjm-V1.0\ci4\app\Views\dashboard.php(8): CodeIgniter\View\View->include('content')
#8 C:\xampp\htdocs\Lab16_si_pjm-V1.0\ci4\system\View\View.php(210): include('C:\\xampp\\htdocs...')
#9 C:\xampp\htdocs\Lab16_si_pjm-V1.0\ci4\system\View\View.php(213): CodeIgniter\View\View->CodeIgniter\View\{closure}()
#10 C:\xampp\htdocs\Lab16_si_pjm-V1.0\ci4\system\Common.php(1089): CodeIgniter\View\View->render('dashboard', Array, true)
#11 C:\xampp\htdocs\Lab16_si_pjm-V1.0\ci4\app\Controllers\Page.php(11): view('dashboard', Array)
#12 C:\xampp\htdocs\Lab16_si_pjm-V1.0\ci4\system\CodeIgniter.php(832): App\Controllers\Page->dashboard()
#13 C:\xampp\htdocs\Lab16_si_pjm-V1.0\ci4\system\CodeIgniter.php(419): CodeIgniter\CodeIgniter->runController(Object(App\Controllers\Page))
#14 C:\xampp\htdocs\Lab16_si_pjm-V1.0\ci4\system\CodeIgniter.php(326): CodeIgniter\CodeIgniter->handleRequest(NULL, Object(Config\Cache), false)
#15 C:\xampp\htdocs\Lab16_si_pjm-V1.0\ci4\public\index.php(37): CodeIgniter\CodeIgniter->run()
#16 C:\xampp\htdocs\Lab16_si_pjm-V1.0\ci4\system\Commands\Server\rewrite.php(43): require_once('C:\\xampp\\htdocs...')
#17 {main}
ERROR - 2023-09-28 11:18:49 --> Table 'si_pjm.iuran' doesn't exist
CRITICAL - 2023-09-28 11:18:49 --> Table 'si_pjm.iuran' doesn't exist
#0 C:\xampp\htdocs\Lab16_si_pjm-V1.0\ci4\system\Database\MySQLi\Connection.php(292): mysqli->query('select sum(juml...', 0)
#1 C:\xampp\htdocs\Lab16_si_pjm-V1.0\ci4\system\Database\BaseConnection.php(670): CodeIgniter\Database\MySQLi\Connection->execute('select sum(juml...')
#2 C:\xampp\htdocs\Lab16_si_pjm-V1.0\ci4\system\Database\BaseConnection.php(598): CodeIgniter\Database\BaseConnection->simpleQuery('select sum(juml...')
#3 C:\xampp\htdocs\Lab16_si_pjm-V1.0\ci4\app\Views\content.php(21): CodeIgniter\Database\BaseConnection->query('select sum(juml...')
#4 C:\xampp\htdocs\Lab16_si_pjm-V1.0\ci4\system\View\View.php(210): include('C:\\xampp\\htdocs...')
#5 C:\xampp\htdocs\Lab16_si_pjm-V1.0\ci4\system\View\View.php(213): CodeIgniter\View\View->CodeIgniter\View\{closure}()
#6 C:\xampp\htdocs\Lab16_si_pjm-V1.0\ci4\system\View\View.php(424): CodeIgniter\View\View->render('content', NULL, true)
#7 C:\xampp\htdocs\Lab16_si_pjm-V1.0\ci4\app\Views\dashboard.php(8): CodeIgniter\View\View->include('content')
#8 C:\xampp\htdocs\Lab16_si_pjm-V1.0\ci4\system\View\View.php(210): include('C:\\xampp\\htdocs...')
#9 C:\xampp\htdocs\Lab16_si_pjm-V1.0\ci4\system\View\View.php(213): CodeIgniter\View\View->CodeIgniter\View\{closure}()
#10 C:\xampp\htdocs\Lab16_si_pjm-V1.0\ci4\system\Common.php(1089): CodeIgniter\View\View->render('dashboard', Array, true)
#11 C:\xampp\htdocs\Lab16_si_pjm-V1.0\ci4\app\Controllers\Page.php(11): view('dashboard', Array)
#12 C:\xampp\htdocs\Lab16_si_pjm-V1.0\ci4\system\CodeIgniter.php(832): App\Controllers\Page->dashboard()
#13 C:\xampp\htdocs\Lab16_si_pjm-V1.0\ci4\system\CodeIgniter.php(419): CodeIgniter\CodeIgniter->runController(Object(App\Controllers\Page))
#14 C:\xampp\htdocs\Lab16_si_pjm-V1.0\ci4\system\CodeIgniter.php(326): CodeIgniter\CodeIgniter->handleRequest(NULL, Object(Config\Cache), false)
#15 C:\xampp\htdocs\Lab16_si_pjm-V1.0\ci4\public\index.php(37): CodeIgniter\CodeIgniter->run()
#16 C:\xampp\htdocs\Lab16_si_pjm-V1.0\ci4\system\Commands\Server\rewrite.php(43): require_once('C:\\xampp\\htdocs...')
#17 {main}
ERROR - 2023-09-28 11:19:33 --> Table 'si_pjm.iuran' doesn't exist
CRITICAL - 2023-09-28 11:19:33 --> Table 'si_pjm.iuran' doesn't exist
#0 C:\xampp\htdocs\Lab16_si_pjm-V1.0\ci4\system\Database\MySQLi\Connection.php(292): mysqli->query('select sum(juml...', 0)
#1 C:\xampp\htdocs\Lab16_si_pjm-V1.0\ci4\system\Database\BaseConnection.php(670): CodeIgniter\Database\MySQLi\Connection->execute('select sum(juml...')
#2 C:\xampp\htdocs\Lab16_si_pjm-V1.0\ci4\system\Database\BaseConnection.php(598): CodeIgniter\Database\BaseConnection->simpleQuery('select sum(juml...')
#3 C:\xampp\htdocs\Lab16_si_pjm-V1.0\ci4\app\Views\content.php(21): CodeIgniter\Database\BaseConnection->query('select sum(juml...')
#4 C:\xampp\htdocs\Lab16_si_pjm-V1.0\ci4\system\View\View.php(210): include('C:\\xampp\\htdocs...')
#5 C:\xampp\htdocs\Lab16_si_pjm-V1.0\ci4\system\View\View.php(213): CodeIgniter\View\View->CodeIgniter\View\{closure}()
#6 C:\xampp\htdocs\Lab16_si_pjm-V1.0\ci4\system\View\View.php(424): CodeIgniter\View\View->render('content', NULL, true)
#7 C:\xampp\htdocs\Lab16_si_pjm-V1.0\ci4\app\Views\dashboard.php(8): CodeIgniter\View\View->include('content')
#8 C:\xampp\htdocs\Lab16_si_pjm-V1.0\ci4\system\View\View.php(210): include('C:\\xampp\\htdocs...')
#9 C:\xampp\htdocs\Lab16_si_pjm-V1.0\ci4\system\View\View.php(213): CodeIgniter\View\View->CodeIgniter\View\{closure}()
#10 C:\xampp\htdocs\Lab16_si_pjm-V1.0\ci4\system\Common.php(1089): CodeIgniter\View\View->render('dashboard', Array, true)
#11 C:\xampp\htdocs\Lab16_si_pjm-V1.0\ci4\app\Controllers\Page.php(11): view('dashboard', Array)
#12 C:\xampp\htdocs\Lab16_si_pjm-V1.0\ci4\system\CodeIgniter.php(832): App\Controllers\Page->dashboard()
#13 C:\xampp\htdocs\Lab16_si_pjm-V1.0\ci4\system\CodeIgniter.php(419): CodeIgniter\CodeIgniter->runController(Object(App\Controllers\Page))
#14 C:\xampp\htdocs\Lab16_si_pjm-V1.0\ci4\system\CodeIgniter.php(326): CodeIgniter\CodeIgniter->handleRequest(NULL, Object(Config\Cache), false)
#15 C:\xampp\htdocs\Lab16_si_pjm-V1.0\ci4\public\index.php(37): CodeIgniter\CodeIgniter->run()
#16 C:\xampp\htdocs\Lab16_si_pjm-V1.0\ci4\system\Commands\Server\rewrite.php(43): require_once('C:\\xampp\\htdocs...')
#17 {main}
CRITICAL - 2023-09-28 11:19:35 --> Call to undefined function set_value()
#0 C:\xampp\htdocs\Lab16_si_pjm-V1.0\ci4\system\View\View.php(210): include()
#1 C:\xampp\htdocs\Lab16_si_pjm-V1.0\ci4\system\View\View.php(213): CodeIgniter\View\View->CodeIgniter\View\{closure}()
#2 C:\xampp\htdocs\Lab16_si_pjm-V1.0\ci4\system\Common.php(1089): CodeIgniter\View\View->render('login', Array, true)
#3 C:\xampp\htdocs\Lab16_si_pjm-V1.0\ci4\app\Controllers\Page.php(17): view('login')
#4 C:\xampp\htdocs\Lab16_si_pjm-V1.0\ci4\system\CodeIgniter.php(832): App\Controllers\Page->login()
#5 C:\xampp\htdocs\Lab16_si_pjm-V1.0\ci4\system\CodeIgniter.php(419): CodeIgniter\CodeIgniter->runController(Object(App\Controllers\Page))
#6 C:\xampp\htdocs\Lab16_si_pjm-V1.0\ci4\system\CodeIgniter.php(326): CodeIgniter\CodeIgniter->handleRequest(NULL, Object(Config\Cache), false)
#7 C:\xampp\htdocs\Lab16_si_pjm-V1.0\ci4\public\index.php(37): CodeIgniter\CodeIgniter->run()
#8 C:\xampp\htdocs\Lab16_si_pjm-V1.0\ci4\system\Commands\Server\rewrite.php(43): require_once('C:\\xampp\\htdocs...')
#9 {main}
ERROR - 2023-09-28 11:23:45 --> Table 'si_pjm.iuran' doesn't exist
CRITICAL - 2023-09-28 11:23:45 --> Table 'si_pjm.iuran' doesn't exist
#0 C:\xampp\htdocs\Lab16_si_pjm-V1.0\ci4\system\Database\MySQLi\Connection.php(292): mysqli->query('select sum(juml...', 0)
#1 C:\xampp\htdocs\Lab16_si_pjm-V1.0\ci4\system\Database\BaseConnection.php(670): CodeIgniter\Database\MySQLi\Connection->execute('select sum(juml...')
#2 C:\xampp\htdocs\Lab16_si_pjm-V1.0\ci4\system\Database\BaseConnection.php(598): CodeIgniter\Database\BaseConnection->simpleQuery('select sum(juml...')
#3 C:\xampp\htdocs\Lab16_si_pjm-V1.0\ci4\app\Views\content.php(21): CodeIgniter\Database\BaseConnection->query('select sum(juml...')
#4 C:\xampp\htdocs\Lab16_si_pjm-V1.0\ci4\system\View\View.php(210): include('C:\\xampp\\htdocs...')
#5 C:\xampp\htdocs\Lab16_si_pjm-V1.0\ci4\system\View\View.php(213): CodeIgniter\View\View->CodeIgniter\View\{closure}()
#6 C:\xampp\htdocs\Lab16_si_pjm-V1.0\ci4\system\View\View.php(424): CodeIgniter\View\View->render('content', NULL, true)
#7 C:\xampp\htdocs\Lab16_si_pjm-V1.0\ci4\app\Views\dashboard.php(8): CodeIgniter\View\View->include('content')
#8 C:\xampp\htdocs\Lab16_si_pjm-V1.0\ci4\system\View\View.php(210): include('C:\\xampp\\htdocs...')
#9 C:\xampp\htdocs\Lab16_si_pjm-V1.0\ci4\system\View\View.php(213): CodeIgniter\View\View->CodeIgniter\View\{closure}()
#10 C:\xampp\htdocs\Lab16_si_pjm-V1.0\ci4\system\Common.php(1089): CodeIgniter\View\View->render('dashboard', Array, true)
#11 C:\xampp\htdocs\Lab16_si_pjm-V1.0\ci4\app\Controllers\Page.php(11): view('dashboard', Array)
#12 C:\xampp\htdocs\Lab16_si_pjm-V1.0\ci4\system\CodeIgniter.php(832): App\Controllers\Page->dashboard()
#13 C:\xampp\htdocs\Lab16_si_pjm-V1.0\ci4\system\CodeIgniter.php(419): CodeIgniter\CodeIgniter->runController(Object(App\Controllers\Page))
#14 C:\xampp\htdocs\Lab16_si_pjm-V1.0\ci4\system\CodeIgniter.php(326): CodeIgniter\CodeIgniter->handleRequest(NULL, Object(Config\Cache), false)
#15 C:\xampp\htdocs\Lab16_si_pjm-V1.0\ci4\public\index.php(37): CodeIgniter\CodeIgniter->run()
#16 C:\xampp\htdocs\Lab16_si_pjm-V1.0\ci4\system\Commands\Server\rewrite.php(43): require_once('C:\\xampp\\htdocs...')
#17 {main}
ERROR - 2023-09-28 11:23:47 --> Table 'si_pjm.iuran' doesn't exist
CRITICAL - 2023-09-28 11:23:47 --> Table 'si_pjm.iuran' doesn't exist
#0 C:\xampp\htdocs\Lab16_si_pjm-V1.0\ci4\system\Database\MySQLi\Connection.php(292): mysqli->query('select sum(juml...', 0)
#1 C:\xampp\htdocs\Lab16_si_pjm-V1.0\ci4\system\Database\BaseConnection.php(670): CodeIgniter\Database\MySQLi\Connection->execute('select sum(juml...')
#2 C:\xampp\htdocs\Lab16_si_pjm-V1.0\ci4\system\Database\BaseConnection.php(598): CodeIgniter\Database\BaseConnection->simpleQuery('select sum(juml...')
#3 C:\xampp\htdocs\Lab16_si_pjm-V1.0\ci4\app\Views\content.php(21): CodeIgniter\Database\BaseConnection->query('select sum(juml...')
#4 C:\xampp\htdocs\Lab16_si_pjm-V1.0\ci4\system\View\View.php(210): include('C:\\xampp\\htdocs...')
#5 C:\xampp\htdocs\Lab16_si_pjm-V1.0\ci4\system\View\View.php(213): CodeIgniter\View\View->CodeIgniter\View\{closure}()
#6 C:\xampp\htdocs\Lab16_si_pjm-V1.0\ci4\system\View\View.php(424): CodeIgniter\View\View->render('content', NULL, true)
#7 C:\xampp\htdocs\Lab16_si_pjm-V1.0\ci4\app\Views\dashboard.php(8): CodeIgniter\View\View->include('content')
#8 C:\xampp\htdocs\Lab16_si_pjm-V1.0\ci4\system\View\View.php(210): include('C:\\xampp\\htdocs...')
#9 C:\xampp\htdocs\Lab16_si_pjm-V1.0\ci4\system\View\View.php(213): CodeIgniter\View\View->CodeIgniter\View\{closure}()
#10 C:\xampp\htdocs\Lab16_si_pjm-V1.0\ci4\system\Common.php(1089): CodeIgniter\View\View->render('dashboard', Array, true)
#11 C:\xampp\htdocs\Lab16_si_pjm-V1.0\ci4\app\Controllers\Page.php(11): view('dashboard', Array)
#12 C:\xampp\htdocs\Lab16_si_pjm-V1.0\ci4\system\CodeIgniter.php(832): App\Controllers\Page->dashboard()
#13 C:\xampp\htdocs\Lab16_si_pjm-V1.0\ci4\system\CodeIgniter.php(419): CodeIgniter\CodeIgniter->runController(Object(App\Controllers\Page))
#14 C:\xampp\htdocs\Lab16_si_pjm-V1.0\ci4\system\CodeIgniter.php(326): CodeIgniter\CodeIgniter->handleRequest(NULL, Object(Config\Cache), false)
#15 C:\xampp\htdocs\Lab16_si_pjm-V1.0\ci4\public\index.php(37): CodeIgniter\CodeIgniter->run()
#16 C:\xampp\htdocs\Lab16_si_pjm-V1.0\ci4\system\Commands\Server\rewrite.php(43): require_once('C:\\xampp\\htdocs...')
#17 {main}
ERROR - 2023-09-28 11:23:49 --> Table 'si_pjm.warga' doesn't exist
CRITICAL - 2023-09-28 11:23:49 --> Table 'si_pjm.warga' doesn't exist
#0 C:\xampp\htdocs\Lab16_si_pjm-V1.0\ci4\system\Database\MySQLi\Connection.php(292): mysqli->query('SELECT *\nFROM `...', 0)
#1 C:\xampp\htdocs\Lab16_si_pjm-V1.0\ci4\system\Database\BaseConnection.php(670): CodeIgniter\Database\MySQLi\Connection->execute('SELECT *\nFROM `...')
#2 C:\xampp\htdocs\Lab16_si_pjm-V1.0\ci4\system\Database\BaseConnection.php(598): CodeIgniter\Database\BaseConnection->simpleQuery('SELECT *\nFROM `...')
#3 C:\xampp\htdocs\Lab16_si_pjm-V1.0\ci4\system\Database\BaseBuilder.php(1455): CodeIgniter\Database\BaseConnection->query('SELECT *\nFROM `...', Array, false)
#4 C:\xampp\htdocs\Lab16_si_pjm-V1.0\ci4\system\Model.php(183): CodeIgniter\Database\BaseBuilder->get()
#5 C:\xampp\htdocs\Lab16_si_pjm-V1.0\ci4\system\BaseModel.php(584): CodeIgniter\Model->doFindAll(0, 0)
#6 C:\xampp\htdocs\Lab16_si_pjm-V1.0\ci4\app\Controllers\Warga.php(15): CodeIgniter\BaseModel->findAll()
#7 C:\xampp\htdocs\Lab16_si_pjm-V1.0\ci4\system\CodeIgniter.php(832): App\Controllers\Warga->index()
#8 C:\xampp\htdocs\Lab16_si_pjm-V1.0\ci4\system\CodeIgniter.php(419): CodeIgniter\CodeIgniter->runController(Object(App\Controllers\Warga))
#9 C:\xampp\htdocs\Lab16_si_pjm-V1.0\ci4\system\CodeIgniter.php(326): CodeIgniter\CodeIgniter->handleRequest(NULL, Object(Config\Cache), false)
#10 C:\xampp\htdocs\Lab16_si_pjm-V1.0\ci4\public\index.php(37): CodeIgniter\CodeIgniter->run()
#11 C:\xampp\htdocs\Lab16_si_pjm-V1.0\ci4\system\Commands\Server\rewrite.php(43): require_once('C:\\xampp\\htdocs...')
#12 {main}
ERROR - 2023-09-28 11:27:31 --> Table 'si_pjm.iuran' doesn't exist
CRITICAL - 2023-09-28 11:27:31 --> Table 'si_pjm.iuran' doesn't exist
#0 C:\xampp\htdocs\Lab16_si_pjm-V1.0\ci4\system\Database\MySQLi\Connection.php(292): mysqli->query('select sum(juml...', 0)
#1 C:\xampp\htdocs\Lab16_si_pjm-V1.0\ci4\system\Database\BaseConnection.php(670): CodeIgniter\Database\MySQLi\Connection->execute('select sum(juml...')
#2 C:\xampp\htdocs\Lab16_si_pjm-V1.0\ci4\system\Database\BaseConnection.php(598): CodeIgniter\Database\BaseConnection->simpleQuery('select sum(juml...')
#3 C:\xampp\htdocs\Lab16_si_pjm-V1.0\ci4\app\Views\content.php(21): CodeIgniter\Database\BaseConnection->query('select sum(juml...')
#4 C:\xampp\htdocs\Lab16_si_pjm-V1.0\ci4\system\View\View.php(210): include('C:\\xampp\\htdocs...')
#5 C:\xampp\htdocs\Lab16_si_pjm-V1.0\ci4\system\View\View.php(213): CodeIgniter\View\View->CodeIgniter\View\{closure}()
#6 C:\xampp\htdocs\Lab16_si_pjm-V1.0\ci4\system\View\View.php(424): CodeIgniter\View\View->render('content', NULL, true)
#7 C:\xampp\htdocs\Lab16_si_pjm-V1.0\ci4\app\Views\dashboard.php(8): CodeIgniter\View\View->include('content')
#8 C:\xampp\htdocs\Lab16_si_pjm-V1.0\ci4\system\View\View.php(210): include('C:\\xampp\\htdocs...')
#9 C:\xampp\htdocs\Lab16_si_pjm-V1.0\ci4\system\View\View.php(213): CodeIgniter\View\View->CodeIgniter\View\{closure}()
#10 C:\xampp\htdocs\Lab16_si_pjm-V1.0\ci4\system\Common.php(1089): CodeIgniter\View\View->render('dashboard', Array, true)
#11 C:\xampp\htdocs\Lab16_si_pjm-V1.0\ci4\app\Controllers\Page.php(11): view('dashboard', Array)
#12 C:\xampp\htdocs\Lab16_si_pjm-V1.0\ci4\system\CodeIgniter.php(832): App\Controllers\Page->dashboard()
#13 C:\xampp\htdocs\Lab16_si_pjm-V1.0\ci4\system\CodeIgniter.php(419): CodeIgniter\CodeIgniter->runController(Object(App\Controllers\Page))
#14 C:\xampp\htdocs\Lab16_si_pjm-V1.0\ci4\system\CodeIgniter.php(326): CodeIgniter\CodeIgniter->handleRequest(NULL, Object(Config\Cache), false)
#15 C:\xampp\htdocs\Lab16_si_pjm-V1.0\ci4\public\index.php(37): CodeIgniter\CodeIgniter->run()
#16 C:\xampp\htdocs\Lab16_si_pjm-V1.0\ci4\system\Commands\Server\rewrite.php(43): require_once('C:\\xampp\\htdocs...')
#17 {main}
CRITICAL - 2023-09-28 11:27:40 --> Call to undefined function set_value()
#0 C:\xampp\htdocs\Lab16_si_pjm-V1.0\ci4\system\View\View.php(210): include()
#1 C:\xampp\htdocs\Lab16_si_pjm-V1.0\ci4\system\View\View.php(213): CodeIgniter\View\View->CodeIgniter\View\{closure}()
#2 C:\xampp\htdocs\Lab16_si_pjm-V1.0\ci4\system\Common.php(1089): CodeIgniter\View\View->render('login', Array, true)
#3 C:\xampp\htdocs\Lab16_si_pjm-V1.0\ci4\app\Controllers\Page.php(17): view('login')
#4 C:\xampp\htdocs\Lab16_si_pjm-V1.0\ci4\system\CodeIgniter.php(832): App\Controllers\Page->login()
#5 C:\xampp\htdocs\Lab16_si_pjm-V1.0\ci4\system\CodeIgniter.php(419): CodeIgniter\CodeIgniter->runController(Object(App\Controllers\Page))
#6 C:\xampp\htdocs\Lab16_si_pjm-V1.0\ci4\system\CodeIgniter.php(326): CodeIgniter\CodeIgniter->handleRequest(NULL, Object(Config\Cache), false)
#7 C:\xampp\htdocs\Lab16_si_pjm-V1.0\ci4\public\index.php(37): CodeIgniter\CodeIgniter->run()
#8 C:\xampp\htdocs\Lab16_si_pjm-V1.0\ci4\system\Commands\Server\rewrite.php(43): require_once('C:\\xampp\\htdocs...')
#9 {main}
ERROR - 2023-09-28 11:27:50 --> Table 'si_pjm.warga' doesn't exist
CRITICAL - 2023-09-28 11:27:50 --> Table 'si_pjm.warga' doesn't exist
#0 C:\xampp\htdocs\Lab16_si_pjm-V1.0\ci4\system\Database\MySQLi\Connection.php(292): mysqli->query('SELECT *\nFROM `...', 0)
#1 C:\xampp\htdocs\Lab16_si_pjm-V1.0\ci4\system\Database\BaseConnection.php(670): CodeIgniter\Database\MySQLi\Connection->execute('SELECT *\nFROM `...')
#2 C:\xampp\htdocs\Lab16_si_pjm-V1.0\ci4\system\Database\BaseConnection.php(598): CodeIgniter\Database\BaseConnection->simpleQuery('SELECT *\nFROM `...')
#3 C:\xampp\htdocs\Lab16_si_pjm-V1.0\ci4\system\Database\BaseBuilder.php(1455): CodeIgniter\Database\BaseConnection->query('SELECT *\nFROM `...', Array, false)
#4 C:\xampp\htdocs\Lab16_si_pjm-V1.0\ci4\system\Model.php(183): CodeIgniter\Database\BaseBuilder->get()
#5 C:\xampp\htdocs\Lab16_si_pjm-V1.0\ci4\system\BaseModel.php(584): CodeIgniter\Model->doFindAll(0, 0)
#6 C:\xampp\htdocs\Lab16_si_pjm-V1.0\ci4\app\Controllers\Warga.php(15): CodeIgniter\BaseModel->findAll()
#7 C:\xampp\htdocs\Lab16_si_pjm-V1.0\ci4\system\CodeIgniter.php(832): App\Controllers\Warga->index()
#8 C:\xampp\htdocs\Lab16_si_pjm-V1.0\ci4\system\CodeIgniter.php(419): CodeIgniter\CodeIgniter->runController(Object(App\Controllers\Warga))
#9 C:\xampp\htdocs\Lab16_si_pjm-V1.0\ci4\system\CodeIgniter.php(326): CodeIgniter\CodeIgniter->handleRequest(NULL, Object(Config\Cache), false)
#10 C:\xampp\htdocs\Lab16_si_pjm-V1.0\ci4\public\index.php(37): CodeIgniter\CodeIgniter->run()
#11 C:\xampp\htdocs\Lab16_si_pjm-V1.0\ci4\system\Commands\Server\rewrite.php(43): require_once('C:\\xampp\\htdocs...')
#12 {main}
ERROR - 2023-09-28 11:28:08 --> Table 'si_pjm.iuran' doesn't exist
CRITICAL - 2023-09-28 11:28:08 --> Table 'si_pjm.iuran' doesn't exist
#0 C:\xampp\htdocs\Lab16_si_pjm-V1.0\ci4\system\Database\MySQLi\Connection.php(292): mysqli->query('select sum(juml...', 0)
#1 C:\xampp\htdocs\Lab16_si_pjm-V1.0\ci4\system\Database\BaseConnection.php(670): CodeIgniter\Database\MySQLi\Connection->execute('select sum(juml...')
#2 C:\xampp\htdocs\Lab16_si_pjm-V1.0\ci4\system\Database\BaseConnection.php(598): CodeIgniter\Database\BaseConnection->simpleQuery('select sum(juml...')
#3 C:\xampp\htdocs\Lab16_si_pjm-V1.0\ci4\app\Views\content.php(21): CodeIgniter\Database\BaseConnection->query('select sum(juml...')
#4 C:\xampp\htdocs\Lab16_si_pjm-V1.0\ci4\system\View\View.php(210): include('C:\\xampp\\htdocs...')
#5 C:\xampp\htdocs\Lab16_si_pjm-V1.0\ci4\system\View\View.php(213): CodeIgniter\View\View->CodeIgniter\View\{closure}()
#6 C:\xampp\htdocs\Lab16_si_pjm-V1.0\ci4\system\View\View.php(424): CodeIgniter\View\View->render('content', NULL, true)
#7 C:\xampp\htdocs\Lab16_si_pjm-V1.0\ci4\app\Views\dashboard.php(8): CodeIgniter\View\View->include('content')
#8 C:\xampp\htdocs\Lab16_si_pjm-V1.0\ci4\system\View\View.php(210): include('C:\\xampp\\htdocs...')
#9 C:\xampp\htdocs\Lab16_si_pjm-V1.0\ci4\system\View\View.php(213): CodeIgniter\View\View->CodeIgniter\View\{closure}()
#10 C:\xampp\htdocs\Lab16_si_pjm-V1.0\ci4\system\Common.php(1089): CodeIgniter\View\View->render('dashboard', Array, true)
#11 C:\xampp\htdocs\Lab16_si_pjm-V1.0\ci4\app\Controllers\Page.php(11): view('dashboard', Array)
#12 C:\xampp\htdocs\Lab16_si_pjm-V1.0\ci4\system\CodeIgniter.php(832): App\Controllers\Page->dashboard()
#13 C:\xampp\htdocs\Lab16_si_pjm-V1.0\ci4\system\CodeIgniter.php(419): CodeIgniter\CodeIgniter->runController(Object(App\Controllers\Page))
#14 C:\xampp\htdocs\Lab16_si_pjm-V1.0\ci4\system\CodeIgniter.php(326): CodeIgniter\CodeIgniter->handleRequest(NULL, Object(Config\Cache), false)
#15 C:\xampp\htdocs\Lab16_si_pjm-V1.0\ci4\public\index.php(37): CodeIgniter\CodeIgniter->run()
#16 C:\xampp\htdocs\Lab16_si_pjm-V1.0\ci4\system\Commands\Server\rewrite.php(43): require_once('C:\\xampp\\htdocs...')
#17 {main}
ERROR - 2023-09-28 11:28:27 --> Table 'si_pjm.iuran' doesn't exist
CRITICAL - 2023-09-28 11:28:27 --> Table 'si_pjm.iuran' doesn't exist
#0 C:\xampp\htdocs\Lab16_si_pjm-V1.0\ci4\system\Database\MySQLi\Connection.php(292): mysqli->query('SELECT *\nFROM `...', 0)
#1 C:\xampp\htdocs\Lab16_si_pjm-V1.0\ci4\system\Database\BaseConnection.php(670): CodeIgniter\Database\MySQLi\Connection->execute('SELECT *\nFROM `...')
#2 C:\xampp\htdocs\Lab16_si_pjm-V1.0\ci4\system\Database\BaseConnection.php(598): CodeIgniter\Database\BaseConnection->simpleQuery('SELECT *\nFROM `...')
#3 C:\xampp\htdocs\Lab16_si_pjm-V1.0\ci4\system\Database\BaseBuilder.php(1455): CodeIgniter\Database\BaseConnection->query('SELECT *\nFROM `...', Array, false)
#4 C:\xampp\htdocs\Lab16_si_pjm-V1.0\ci4\system\Model.php(183): CodeIgniter\Database\BaseBuilder->get()
#5 C:\xampp\htdocs\Lab16_si_pjm-V1.0\ci4\system\BaseModel.php(584): CodeIgniter\Model->doFindAll(0, 0)
#6 C:\xampp\htdocs\Lab16_si_pjm-V1.0\ci4\app\Controllers\Iuran.php(15): CodeIgniter\BaseModel->findAll()
#7 C:\xampp\htdocs\Lab16_si_pjm-V1.0\ci4\system\CodeIgniter.php(832): App\Controllers\Iuran->index()
#8 C:\xampp\htdocs\Lab16_si_pjm-V1.0\ci4\system\CodeIgniter.php(419): CodeIgniter\CodeIgniter->runController(Object(App\Controllers\Iuran))
#9 C:\xampp\htdocs\Lab16_si_pjm-V1.0\ci4\system\CodeIgniter.php(326): CodeIgniter\CodeIgniter->handleRequest(NULL, Object(Config\Cache), false)
#10 C:\xampp\htdocs\Lab16_si_pjm-V1.0\ci4\public\index.php(37): CodeIgniter\CodeIgniter->run()
#11 C:\xampp\htdocs\Lab16_si_pjm-V1.0\ci4\system\Commands\Server\rewrite.php(43): require_once('C:\\xampp\\htdocs...')
#12 {main}
ERROR - 2023-09-28 11:28:32 --> Table 'si_pjm.iuran' doesn't exist
CRITICAL - 2023-09-28 11:28:32 --> Table 'si_pjm.iuran' doesn't exist
#0 C:\xampp\htdocs\Lab16_si_pjm-V1.0\ci4\system\Database\MySQLi\Connection.php(292): mysqli->query('SELECT *\nFROM `...', 0)
#1 C:\xampp\htdocs\Lab16_si_pjm-V1.0\ci4\system\Database\BaseConnection.php(670): CodeIgniter\Database\MySQLi\Connection->execute('SELECT *\nFROM `...')
#2 C:\xampp\htdocs\Lab16_si_pjm-V1.0\ci4\system\Database\BaseConnection.php(598): CodeIgniter\Database\BaseConnection->simpleQuery('SELECT *\nFROM `...')
#3 C:\xampp\htdocs\Lab16_si_pjm-V1.0\ci4\system\Database\BaseBuilder.php(1455): CodeIgniter\Database\BaseConnection->query('SELECT *\nFROM `...', Array, false)
#4 C:\xampp\htdocs\Lab16_si_pjm-V1.0\ci4\system\Model.php(183): CodeIgniter\Database\BaseBuilder->get()
#5 C:\xampp\htdocs\Lab16_si_pjm-V1.0\ci4\system\BaseModel.php(584): CodeIgniter\Model->doFindAll(0, 0)
#6 C:\xampp\htdocs\Lab16_si_pjm-V1.0\ci4\app\Controllers\Iuran.php(15): CodeIgniter\BaseModel->findAll()
#7 C:\xampp\htdocs\Lab16_si_pjm-V1.0\ci4\system\CodeIgniter.php(832): App\Controllers\Iuran->index()
#8 C:\xampp\htdocs\Lab16_si_pjm-V1.0\ci4\system\CodeIgniter.php(419): CodeIgniter\CodeIgniter->runController(Object(App\Controllers\Iuran))
#9 C:\xampp\htdocs\Lab16_si_pjm-V1.0\ci4\system\CodeIgniter.php(326): CodeIgniter\CodeIgniter->handleRequest(NULL, Object(Config\Cache), false)
#10 C:\xampp\htdocs\Lab16_si_pjm-V1.0\ci4\public\index.php(37): CodeIgniter\CodeIgniter->run()
#11 C:\xampp\htdocs\Lab16_si_pjm-V1.0\ci4\system\Commands\Server\rewrite.php(43): require_once('C:\\xampp\\htdocs...')
#12 {main}
ERROR - 2023-09-28 11:28:41 --> Table 'si_pjm.warga' doesn't exist
CRITICAL - 2023-09-28 11:28:41 --> Table 'si_pjm.warga' doesn't exist
#0 C:\xampp\htdocs\Lab16_si_pjm-V1.0\ci4\system\Database\MySQLi\Connection.php(292): mysqli->query('SELECT *\nFROM `...', 0)
#1 C:\xampp\htdocs\Lab16_si_pjm-V1.0\ci4\system\Database\BaseConnection.php(670): CodeIgniter\Database\MySQLi\Connection->execute('SELECT *\nFROM `...')
#2 C:\xampp\htdocs\Lab16_si_pjm-V1.0\ci4\system\Database\BaseConnection.php(598): CodeIgniter\Database\BaseConnection->simpleQuery('SELECT *\nFROM `...')
#3 C:\xampp\htdocs\Lab16_si_pjm-V1.0\ci4\system\Database\BaseBuilder.php(1455): CodeIgniter\Database\BaseConnection->query('SELECT *\nFROM `...', Array, false)
#4 C:\xampp\htdocs\Lab16_si_pjm-V1.0\ci4\system\Model.php(183): CodeIgniter\Database\BaseBuilder->get()
#5 C:\xampp\htdocs\Lab16_si_pjm-V1.0\ci4\system\BaseModel.php(584): CodeIgniter\Model->doFindAll(0, 0)
#6 C:\xampp\htdocs\Lab16_si_pjm-V1.0\ci4\app\Controllers\Warga.php(15): CodeIgniter\BaseModel->findAll()
#7 C:\xampp\htdocs\Lab16_si_pjm-V1.0\ci4\system\CodeIgniter.php(832): App\Controllers\Warga->index()
#8 C:\xampp\htdocs\Lab16_si_pjm-V1.0\ci4\system\CodeIgniter.php(419): CodeIgniter\CodeIgniter->runController(Object(App\Controllers\Warga))
#9 C:\xampp\htdocs\Lab16_si_pjm-V1.0\ci4\system\CodeIgniter.php(326): CodeIgniter\CodeIgniter->handleRequest(NULL, Object(Config\Cache), false)
#10 C:\xampp\htdocs\Lab16_si_pjm-V1.0\ci4\public\index.php(37): CodeIgniter\CodeIgniter->run()
#11 C:\xampp\htdocs\Lab16_si_pjm-V1.0\ci4\system\Commands\Server\rewrite.php(43): require_once('C:\\xampp\\htdocs...')
#12 {main}
ERROR - 2023-09-28 11:28:52 --> Table 'si_pjm.warga' doesn't exist
CRITICAL - 2023-09-28 11:28:52 --> Table 'si_pjm.warga' doesn't exist
#0 C:\xampp\htdocs\Lab16_si_pjm-V1.0\ci4\system\Database\MySQLi\Connection.php(292): mysqli->query('SELECT *\nFROM `...', 0)
#1 C:\xampp\htdocs\Lab16_si_pjm-V1.0\ci4\system\Database\BaseConnection.php(670): CodeIgniter\Database\MySQLi\Connection->execute('SELECT *\nFROM `...')
#2 C:\xampp\htdocs\Lab16_si_pjm-V1.0\ci4\system\Database\BaseConnection.php(598): CodeIgniter\Database\BaseConnection->simpleQuery('SELECT *\nFROM `...')
#3 C:\xampp\htdocs\Lab16_si_pjm-V1.0\ci4\system\Database\BaseBuilder.php(1455): CodeIgniter\Database\BaseConnection->query('SELECT *\nFROM `...', Array, false)
#4 C:\xampp\htdocs\Lab16_si_pjm-V1.0\ci4\system\Model.php(183): CodeIgniter\Database\BaseBuilder->get()
#5 C:\xampp\htdocs\Lab16_si_pjm-V1.0\ci4\system\BaseModel.php(584): CodeIgniter\Model->doFindAll(0, 0)
#6 C:\xampp\htdocs\Lab16_si_pjm-V1.0\ci4\app\Controllers\Warga.php(15): CodeIgniter\BaseModel->findAll()
#7 C:\xampp\htdocs\Lab16_si_pjm-V1.0\ci4\system\CodeIgniter.php(832): App\Controllers\Warga->index()
#8 C:\xampp\htdocs\Lab16_si_pjm-V1.0\ci4\system\CodeIgniter.php(419): CodeIgniter\CodeIgniter->runController(Object(App\Controllers\Warga))
#9 C:\xampp\htdocs\Lab16_si_pjm-V1.0\ci4\system\CodeIgniter.php(326): CodeIgniter\CodeIgniter->handleRequest(NULL, Object(Config\Cache), false)
#10 C:\xampp\htdocs\Lab16_si_pjm-V1.0\ci4\public\index.php(37): CodeIgniter\CodeIgniter->run()
#11 C:\xampp\htdocs\Lab16_si_pjm-V1.0\ci4\system\Commands\Server\rewrite.php(43): require_once('C:\\xampp\\htdocs...')
#12 {main}
