ERROR - 2023-12-20 09:53:47 --> Cannot delete or update a parent row: a foreign key constraint fails (`si_ngproduksi`.`ngproduk`, CONSTRAINT `ngproduk_ibfk_1` FOREIGN KEY (`idProduk`, `noproduk`) REFERENCES `produk` (`idProduk`, `noproduk`))
CRITICAL - 2023-12-20 09:53:48 --> Cannot delete or update a parent row: a foreign key constraint fails (`si_ngproduksi`.`ngproduk`, CONSTRAINT `ngproduk_ibfk_1` FOREIGN KEY (`idProduk`, `noproduk`) REFERENCES `produk` (`idProduk`, `noproduk`))
#0 C:\xampp\htdocs\Lab20_si_NGProduksi\ci4_ngproduksi\system\Database\MySQLi\Connection.php(292): mysqli->query('DELETE FROM `pr...', 0)
#1 C:\xampp\htdocs\Lab20_si_NGProduksi\ci4_ngproduksi\system\Database\BaseConnection.php(670): CodeIgniter\Database\MySQLi\Connection->execute('DELETE FROM `pr...')
#2 C:\xampp\htdocs\Lab20_si_NGProduksi\ci4_ngproduksi\system\Database\BaseConnection.php(598): CodeIgniter\Database\BaseConnection->simpleQuery('DELETE FROM `pr...')
#3 C:\xampp\htdocs\Lab20_si_NGProduksi\ci4_ngproduksi\system\Database\BaseBuilder.php(2225): CodeIgniter\Database\BaseConnection->query('DELETE FROM `pr...', Array, false)
#4 C:\xampp\htdocs\Lab20_si_NGProduksi\ci4_ngproduksi\system\Model.php(359): CodeIgniter\Database\BaseBuilder->delete()
#5 C:\xampp\htdocs\Lab20_si_NGProduksi\ci4_ngproduksi\system\BaseModel.php(963): CodeIgniter\Model->doDelete(Array, false)
#6 C:\xampp\htdocs\Lab20_si_NGProduksi\ci4_ngproduksi\app\Controllers\Produk.php(128): CodeIgniter\BaseModel->delete(Array)
#7 C:\xampp\htdocs\Lab20_si_NGProduksi\ci4_ngproduksi\system\CodeIgniter.php(832): App\Controllers\Produk->delete('PJ')
#8 C:\xampp\htdocs\Lab20_si_NGProduksi\ci4_ngproduksi\system\CodeIgniter.php(419): CodeIgniter\CodeIgniter->runController(Object(App\Controllers\Produk))
#9 C:\xampp\htdocs\Lab20_si_NGProduksi\ci4_ngproduksi\system\CodeIgniter.php(326): CodeIgniter\CodeIgniter->handleRequest(NULL, Object(Config\Cache), false)
#10 C:\xampp\htdocs\Lab20_si_NGProduksi\ci4_ngproduksi\public\index.php(37): CodeIgniter\CodeIgniter->run()
#11 C:\xampp\htdocs\Lab20_si_NGProduksi\ci4_ngproduksi\system\Commands\Server\rewrite.php(43): require_once('C:\\xampp\\htdocs...')
#12 {main}
CRITICAL - 2023-12-20 09:54:16 --> Undefined property: CodeIgniter\View\View::$db
#0 C:\xampp\htdocs\Lab20_si_NGProduksi\ci4_ngproduksi\app\Views\dataprodukng.php(55): CodeIgniter\Debug\Exceptions->errorHandler(8, 'Undefined prope...', 'C:\\xampp\\htdocs...', 55, Array)
#1 C:\xampp\htdocs\Lab20_si_NGProduksi\ci4_ngproduksi\system\View\View.php(210): include('C:\\xampp\\htdocs...')
#2 C:\xampp\htdocs\Lab20_si_NGProduksi\ci4_ngproduksi\system\View\View.php(213): CodeIgniter\View\View->CodeIgniter\View\{closure}()
#3 C:\xampp\htdocs\Lab20_si_NGProduksi\ci4_ngproduksi\system\Common.php(1089): CodeIgniter\View\View->render('dataprodukng', Array, true)
#4 C:\xampp\htdocs\Lab20_si_NGProduksi\ci4_ngproduksi\app\Controllers\NGProduk.php(37): view('dataprodukng', Array)
#5 C:\xampp\htdocs\Lab20_si_NGProduksi\ci4_ngproduksi\system\CodeIgniter.php(832): App\Controllers\NGProduk->index()
#6 C:\xampp\htdocs\Lab20_si_NGProduksi\ci4_ngproduksi\system\CodeIgniter.php(419): CodeIgniter\CodeIgniter->runController(Object(App\Controllers\NGProduk))
#7 C:\xampp\htdocs\Lab20_si_NGProduksi\ci4_ngproduksi\system\CodeIgniter.php(326): CodeIgniter\CodeIgniter->handleRequest(NULL, Object(Config\Cache), false)
#8 C:\xampp\htdocs\Lab20_si_NGProduksi\ci4_ngproduksi\public\index.php(37): CodeIgniter\CodeIgniter->run()
#9 C:\xampp\htdocs\Lab20_si_NGProduksi\ci4_ngproduksi\system\Commands\Server\rewrite.php(43): require_once('C:\\xampp\\htdocs...')
#10 {main}
CRITICAL - 2023-12-20 09:55:38 --> compact(): Undefined variable: ngproduk
#0 [internal function]: CodeIgniter\Debug\Exceptions->errorHandler(8, 'compact(): Unde...', 'C:\\xampp\\htdocs...', 107, Array)
#1 C:\xampp\htdocs\Lab20_si_NGProduksi\ci4_ngproduksi\app\Controllers\NGProduk.php(107): compact('ngproduk', 'title', 'link')
#2 C:\xampp\htdocs\Lab20_si_NGProduksi\ci4_ngproduksi\system\CodeIgniter.php(832): App\Controllers\NGProduk->edit('PJ')
#3 C:\xampp\htdocs\Lab20_si_NGProduksi\ci4_ngproduksi\system\CodeIgniter.php(419): CodeIgniter\CodeIgniter->runController(Object(App\Controllers\NGProduk))
#4 C:\xampp\htdocs\Lab20_si_NGProduksi\ci4_ngproduksi\system\CodeIgniter.php(326): CodeIgniter\CodeIgniter->handleRequest(NULL, Object(Config\Cache), false)
#5 C:\xampp\htdocs\Lab20_si_NGProduksi\ci4_ngproduksi\public\index.php(37): CodeIgniter\CodeIgniter->run()
#6 C:\xampp\htdocs\Lab20_si_NGProduksi\ci4_ngproduksi\system\Commands\Server\rewrite.php(43): require_once('C:\\xampp\\htdocs...')
#7 {main}
CRITICAL - 2023-12-20 10:00:02 --> compact(): Undefined variable: ngproduk
#0 [internal function]: CodeIgniter\Debug\Exceptions->errorHandler(8, 'compact(): Unde...', 'C:\\xampp\\htdocs...', 107, Array)
#1 C:\xampp\htdocs\Lab20_si_NGProduksi\ci4_ngproduksi\app\Controllers\NGProduk.php(107): compact('ngproduk', 'title', 'link')
#2 C:\xampp\htdocs\Lab20_si_NGProduksi\ci4_ngproduksi\system\CodeIgniter.php(832): App\Controllers\NGProduk->edit('PJ')
#3 C:\xampp\htdocs\Lab20_si_NGProduksi\ci4_ngproduksi\system\CodeIgniter.php(419): CodeIgniter\CodeIgniter->runController(Object(App\Controllers\NGProduk))
#4 C:\xampp\htdocs\Lab20_si_NGProduksi\ci4_ngproduksi\system\CodeIgniter.php(326): CodeIgniter\CodeIgniter->handleRequest(NULL, Object(Config\Cache), false)
#5 C:\xampp\htdocs\Lab20_si_NGProduksi\ci4_ngproduksi\public\index.php(37): CodeIgniter\CodeIgniter->run()
#6 C:\xampp\htdocs\Lab20_si_NGProduksi\ci4_ngproduksi\system\Commands\Server\rewrite.php(43): require_once('C:\\xampp\\htdocs...')
#7 {main}
CRITICAL - 2023-12-20 10:00:02 --> compact(): Undefined variable: ngproduk
#0 [internal function]: CodeIgniter\Debug\Exceptions->errorHandler(8, 'compact(): Unde...', 'C:\\xampp\\htdocs...', 107, Array)
#1 C:\xampp\htdocs\Lab20_si_NGProduksi\ci4_ngproduksi\app\Controllers\NGProduk.php(107): compact('ngproduk', 'title', 'link')
#2 C:\xampp\htdocs\Lab20_si_NGProduksi\ci4_ngproduksi\system\CodeIgniter.php(832): App\Controllers\NGProduk->edit('PJ')
#3 C:\xampp\htdocs\Lab20_si_NGProduksi\ci4_ngproduksi\system\CodeIgniter.php(419): CodeIgniter\CodeIgniter->runController(Object(App\Controllers\NGProduk))
#4 C:\xampp\htdocs\Lab20_si_NGProduksi\ci4_ngproduksi\system\CodeIgniter.php(326): CodeIgniter\CodeIgniter->handleRequest(NULL, Object(Config\Cache), false)
#5 C:\xampp\htdocs\Lab20_si_NGProduksi\ci4_ngproduksi\public\index.php(37): CodeIgniter\CodeIgniter->run()
#6 C:\xampp\htdocs\Lab20_si_NGProduksi\ci4_ngproduksi\system\Commands\Server\rewrite.php(43): require_once('C:\\xampp\\htdocs...')
#7 {main}
ERROR - 2023-12-20 10:42:58 --> Unknown column 'namaproduk' in 'field list'
CRITICAL - 2023-12-20 10:42:58 --> Unknown column 'namaproduk' in 'field list'
#0 C:\xampp\htdocs\Lab20_si_NGProduksi\ci4_ngproduksi\system\Database\MySQLi\Connection.php(292): mysqli->query('INSERT INTO `pr...', 0)
#1 C:\xampp\htdocs\Lab20_si_NGProduksi\ci4_ngproduksi\system\Database\BaseConnection.php(670): CodeIgniter\Database\MySQLi\Connection->execute('INSERT INTO `pr...')
#2 C:\xampp\htdocs\Lab20_si_NGProduksi\ci4_ngproduksi\system\Database\BaseConnection.php(598): CodeIgniter\Database\BaseConnection->simpleQuery('INSERT INTO `pr...')
#3 C:\xampp\htdocs\Lab20_si_NGProduksi\ci4_ngproduksi\system\Database\BaseBuilder.php(1771): CodeIgniter\Database\BaseConnection->query('INSERT INTO `pr...', Array, false)
#4 C:\xampp\htdocs\Lab20_si_NGProduksi\ci4_ngproduksi\app\Models\ProdukModel.php(19): CodeIgniter\Database\BaseBuilder->insert(Array)
#5 C:\xampp\htdocs\Lab20_si_NGProduksi\ci4_ngproduksi\app\Controllers\Produk.php(54): App\Models\ProdukModel->add(Array)
#6 C:\xampp\htdocs\Lab20_si_NGProduksi\ci4_ngproduksi\system\CodeIgniter.php(832): App\Controllers\Produk->save()
#7 C:\xampp\htdocs\Lab20_si_NGProduksi\ci4_ngproduksi\system\CodeIgniter.php(419): CodeIgniter\CodeIgniter->runController(Object(App\Controllers\Produk))
#8 C:\xampp\htdocs\Lab20_si_NGProduksi\ci4_ngproduksi\system\CodeIgniter.php(326): CodeIgniter\CodeIgniter->handleRequest(NULL, Object(Config\Cache), false)
#9 C:\xampp\htdocs\Lab20_si_NGProduksi\ci4_ngproduksi\public\index.php(37): CodeIgniter\CodeIgniter->run()
#10 C:\xampp\htdocs\Lab20_si_NGProduksi\ci4_ngproduksi\system\Commands\Server\rewrite.php(43): require_once('C:\\xampp\\htdocs...')
#11 {main}
ERROR - 2023-12-20 10:44:37 --> Column 'id' cannot be null
CRITICAL - 2023-12-20 10:44:37 --> Column 'id' cannot be null
#0 C:\xampp\htdocs\Lab20_si_NGProduksi\ci4_ngproduksi\system\Database\MySQLi\Connection.php(292): mysqli->query('INSERT INTO `pr...', 0)
#1 C:\xampp\htdocs\Lab20_si_NGProduksi\ci4_ngproduksi\system\Database\BaseConnection.php(670): CodeIgniter\Database\MySQLi\Connection->execute('INSERT INTO `pr...')
#2 C:\xampp\htdocs\Lab20_si_NGProduksi\ci4_ngproduksi\system\Database\BaseConnection.php(598): CodeIgniter\Database\BaseConnection->simpleQuery('INSERT INTO `pr...')
#3 C:\xampp\htdocs\Lab20_si_NGProduksi\ci4_ngproduksi\system\Database\BaseBuilder.php(1771): CodeIgniter\Database\BaseConnection->query('INSERT INTO `pr...', Array, false)
#4 C:\xampp\htdocs\Lab20_si_NGProduksi\ci4_ngproduksi\app\Models\ProdukModel.php(19): CodeIgniter\Database\BaseBuilder->insert(Array)
#5 C:\xampp\htdocs\Lab20_si_NGProduksi\ci4_ngproduksi\app\Controllers\Produk.php(54): App\Models\ProdukModel->add(Array)
#6 C:\xampp\htdocs\Lab20_si_NGProduksi\ci4_ngproduksi\system\CodeIgniter.php(832): App\Controllers\Produk->save()
#7 C:\xampp\htdocs\Lab20_si_NGProduksi\ci4_ngproduksi\system\CodeIgniter.php(419): CodeIgniter\CodeIgniter->runController(Object(App\Controllers\Produk))
#8 C:\xampp\htdocs\Lab20_si_NGProduksi\ci4_ngproduksi\system\CodeIgniter.php(326): CodeIgniter\CodeIgniter->handleRequest(NULL, Object(Config\Cache), false)
#9 C:\xampp\htdocs\Lab20_si_NGProduksi\ci4_ngproduksi\public\index.php(37): CodeIgniter\CodeIgniter->run()
#10 C:\xampp\htdocs\Lab20_si_NGProduksi\ci4_ngproduksi\system\Commands\Server\rewrite.php(43): require_once('C:\\xampp\\htdocs...')
#11 {main}
ERROR - 2023-12-20 10:45:29 --> Column 'id' cannot be null
CRITICAL - 2023-12-20 10:45:29 --> Column 'id' cannot be null
#0 C:\xampp\htdocs\Lab20_si_NGProduksi\ci4_ngproduksi\system\Database\MySQLi\Connection.php(292): mysqli->query('INSERT INTO `pr...', 0)
#1 C:\xampp\htdocs\Lab20_si_NGProduksi\ci4_ngproduksi\system\Database\BaseConnection.php(670): CodeIgniter\Database\MySQLi\Connection->execute('INSERT INTO `pr...')
#2 C:\xampp\htdocs\Lab20_si_NGProduksi\ci4_ngproduksi\system\Database\BaseConnection.php(598): CodeIgniter\Database\BaseConnection->simpleQuery('INSERT INTO `pr...')
#3 C:\xampp\htdocs\Lab20_si_NGProduksi\ci4_ngproduksi\system\Database\BaseBuilder.php(1771): CodeIgniter\Database\BaseConnection->query('INSERT INTO `pr...', Array, false)
#4 C:\xampp\htdocs\Lab20_si_NGProduksi\ci4_ngproduksi\app\Models\ProdukModel.php(19): CodeIgniter\Database\BaseBuilder->insert(Array)
#5 C:\xampp\htdocs\Lab20_si_NGProduksi\ci4_ngproduksi\app\Controllers\Produk.php(54): App\Models\ProdukModel->add(Array)
#6 C:\xampp\htdocs\Lab20_si_NGProduksi\ci4_ngproduksi\system\CodeIgniter.php(832): App\Controllers\Produk->save()
#7 C:\xampp\htdocs\Lab20_si_NGProduksi\ci4_ngproduksi\system\CodeIgniter.php(419): CodeIgniter\CodeIgniter->runController(Object(App\Controllers\Produk))
#8 C:\xampp\htdocs\Lab20_si_NGProduksi\ci4_ngproduksi\system\CodeIgniter.php(326): CodeIgniter\CodeIgniter->handleRequest(NULL, Object(Config\Cache), false)
#9 C:\xampp\htdocs\Lab20_si_NGProduksi\ci4_ngproduksi\public\index.php(37): CodeIgniter\CodeIgniter->run()
#10 C:\xampp\htdocs\Lab20_si_NGProduksi\ci4_ngproduksi\system\Commands\Server\rewrite.php(43): require_once('C:\\xampp\\htdocs...')
#11 {main}
CRITICAL - 2023-12-20 10:46:11 --> Undefined index: idProduk
#0 C:\xampp\htdocs\Lab20_si_NGProduksi\ci4_ngproduksi\app\Views\dataproduk.php(43): CodeIgniter\Debug\Exceptions->errorHandler(8, 'Undefined index...', 'C:\\xampp\\htdocs...', 43, Array)
#1 C:\xampp\htdocs\Lab20_si_NGProduksi\ci4_ngproduksi\system\View\View.php(210): include('C:\\xampp\\htdocs...')
#2 C:\xampp\htdocs\Lab20_si_NGProduksi\ci4_ngproduksi\system\View\View.php(213): CodeIgniter\View\View->CodeIgniter\View\{closure}()
#3 C:\xampp\htdocs\Lab20_si_NGProduksi\ci4_ngproduksi\system\Common.php(1089): CodeIgniter\View\View->render('dataproduk', Array, true)
#4 C:\xampp\htdocs\Lab20_si_NGProduksi\ci4_ngproduksi\app\Controllers\Produk.php(17): view('dataproduk', Array)
#5 C:\xampp\htdocs\Lab20_si_NGProduksi\ci4_ngproduksi\system\CodeIgniter.php(832): App\Controllers\Produk->index()
#6 C:\xampp\htdocs\Lab20_si_NGProduksi\ci4_ngproduksi\system\CodeIgniter.php(419): CodeIgniter\CodeIgniter->runController(Object(App\Controllers\Produk))
#7 C:\xampp\htdocs\Lab20_si_NGProduksi\ci4_ngproduksi\system\CodeIgniter.php(326): CodeIgniter\CodeIgniter->handleRequest(NULL, Object(Config\Cache), false)
#8 C:\xampp\htdocs\Lab20_si_NGProduksi\ci4_ngproduksi\public\index.php(37): CodeIgniter\CodeIgniter->run()
#9 C:\xampp\htdocs\Lab20_si_NGProduksi\ci4_ngproduksi\system\Commands\Server\rewrite.php(43): require_once('C:\\xampp\\htdocs...')
#10 {main}
CRITICAL - 2023-12-20 10:49:04 --> Undefined index: idProduk
#0 C:\xampp\htdocs\Lab20_si_NGProduksi\ci4_ngproduksi\app\Views\dataproduk.php(49): CodeIgniter\Debug\Exceptions->errorHandler(8, 'Undefined index...', 'C:\\xampp\\htdocs...', 49, Array)
#1 C:\xampp\htdocs\Lab20_si_NGProduksi\ci4_ngproduksi\system\View\View.php(210): include('C:\\xampp\\htdocs...')
#2 C:\xampp\htdocs\Lab20_si_NGProduksi\ci4_ngproduksi\system\View\View.php(213): CodeIgniter\View\View->CodeIgniter\View\{closure}()
#3 C:\xampp\htdocs\Lab20_si_NGProduksi\ci4_ngproduksi\system\Common.php(1089): CodeIgniter\View\View->render('dataproduk', Array, true)
#4 C:\xampp\htdocs\Lab20_si_NGProduksi\ci4_ngproduksi\app\Controllers\Produk.php(17): view('dataproduk', Array)
#5 C:\xampp\htdocs\Lab20_si_NGProduksi\ci4_ngproduksi\system\CodeIgniter.php(832): App\Controllers\Produk->index()
#6 C:\xampp\htdocs\Lab20_si_NGProduksi\ci4_ngproduksi\system\CodeIgniter.php(419): CodeIgniter\CodeIgniter->runController(Object(App\Controllers\Produk))
#7 C:\xampp\htdocs\Lab20_si_NGProduksi\ci4_ngproduksi\system\CodeIgniter.php(326): CodeIgniter\CodeIgniter->handleRequest(NULL, Object(Config\Cache), false)
#8 C:\xampp\htdocs\Lab20_si_NGProduksi\ci4_ngproduksi\public\index.php(37): CodeIgniter\CodeIgniter->run()
#9 C:\xampp\htdocs\Lab20_si_NGProduksi\ci4_ngproduksi\system\Commands\Server\rewrite.php(43): require_once('C:\\xampp\\htdocs...')
#10 {main}
CRITICAL - 2023-12-20 10:49:24 --> Array to string conversion
#0 C:\xampp\htdocs\Lab20_si_NGProduksi\ci4_ngproduksi\system\Model.php(141): CodeIgniter\Debug\Exceptions->errorHandler(8, 'Array to string...', 'C:\\xampp\\htdocs...', 141, Array)
#1 C:\xampp\htdocs\Lab20_si_NGProduksi\ci4_ngproduksi\system\BaseModel.php(523): CodeIgniter\Model->doFind(true, 'PJ')
#2 C:\xampp\htdocs\Lab20_si_NGProduksi\ci4_ngproduksi\app\Controllers\Produk.php(79): CodeIgniter\BaseModel->find('PJ')
#3 C:\xampp\htdocs\Lab20_si_NGProduksi\ci4_ngproduksi\system\CodeIgniter.php(832): App\Controllers\Produk->edit('PJ')
#4 C:\xampp\htdocs\Lab20_si_NGProduksi\ci4_ngproduksi\system\CodeIgniter.php(419): CodeIgniter\CodeIgniter->runController(Object(App\Controllers\Produk))
#5 C:\xampp\htdocs\Lab20_si_NGProduksi\ci4_ngproduksi\system\CodeIgniter.php(326): CodeIgniter\CodeIgniter->handleRequest(NULL, Object(Config\Cache), false)
#6 C:\xampp\htdocs\Lab20_si_NGProduksi\ci4_ngproduksi\public\index.php(37): CodeIgniter\CodeIgniter->run()
#7 C:\xampp\htdocs\Lab20_si_NGProduksi\ci4_ngproduksi\system\Commands\Server\rewrite.php(43): require_once('C:\\xampp\\htdocs...')
#8 {main}
CRITICAL - 2023-12-20 10:58:40 --> Array to string conversion
#0 C:\xampp\htdocs\Lab20_si_NGProduksi\ci4_ngproduksi\system\Model.php(141): CodeIgniter\Debug\Exceptions->errorHandler(8, 'Array to string...', 'C:\\xampp\\htdocs...', 141, Array)
#1 C:\xampp\htdocs\Lab20_si_NGProduksi\ci4_ngproduksi\system\BaseModel.php(523): CodeIgniter\Model->doFind(true, 'PJ')
#2 C:\xampp\htdocs\Lab20_si_NGProduksi\ci4_ngproduksi\app\Controllers\Produk.php(79): CodeIgniter\BaseModel->find('PJ')
#3 C:\xampp\htdocs\Lab20_si_NGProduksi\ci4_ngproduksi\system\CodeIgniter.php(832): App\Controllers\Produk->edit('PJ')
#4 C:\xampp\htdocs\Lab20_si_NGProduksi\ci4_ngproduksi\system\CodeIgniter.php(419): CodeIgniter\CodeIgniter->runController(Object(App\Controllers\Produk))
#5 C:\xampp\htdocs\Lab20_si_NGProduksi\ci4_ngproduksi\system\CodeIgniter.php(326): CodeIgniter\CodeIgniter->handleRequest(NULL, Object(Config\Cache), false)
#6 C:\xampp\htdocs\Lab20_si_NGProduksi\ci4_ngproduksi\public\index.php(37): CodeIgniter\CodeIgniter->run()
#7 C:\xampp\htdocs\Lab20_si_NGProduksi\ci4_ngproduksi\system\Commands\Server\rewrite.php(43): require_once('C:\\xampp\\htdocs...')
#8 {main}
CRITICAL - 2023-12-20 10:58:52 --> Array to string conversion
#0 C:\xampp\htdocs\Lab20_si_NGProduksi\ci4_ngproduksi\system\Model.php(141): CodeIgniter\Debug\Exceptions->errorHandler(8, 'Array to string...', 'C:\\xampp\\htdocs...', 141, Array)
#1 C:\xampp\htdocs\Lab20_si_NGProduksi\ci4_ngproduksi\system\BaseModel.php(523): CodeIgniter\Model->doFind(true, 'PJ')
#2 C:\xampp\htdocs\Lab20_si_NGProduksi\ci4_ngproduksi\app\Controllers\Produk.php(79): CodeIgniter\BaseModel->find('PJ')
#3 C:\xampp\htdocs\Lab20_si_NGProduksi\ci4_ngproduksi\system\CodeIgniter.php(832): App\Controllers\Produk->edit('PJ')
#4 C:\xampp\htdocs\Lab20_si_NGProduksi\ci4_ngproduksi\system\CodeIgniter.php(419): CodeIgniter\CodeIgniter->runController(Object(App\Controllers\Produk))
#5 C:\xampp\htdocs\Lab20_si_NGProduksi\ci4_ngproduksi\system\CodeIgniter.php(326): CodeIgniter\CodeIgniter->handleRequest(NULL, Object(Config\Cache), false)
#6 C:\xampp\htdocs\Lab20_si_NGProduksi\ci4_ngproduksi\public\index.php(37): CodeIgniter\CodeIgniter->run()
#7 C:\xampp\htdocs\Lab20_si_NGProduksi\ci4_ngproduksi\system\Commands\Server\rewrite.php(43): require_once('C:\\xampp\\htdocs...')
#8 {main}
CRITICAL - 2023-12-20 10:58:53 --> Array to string conversion
#0 C:\xampp\htdocs\Lab20_si_NGProduksi\ci4_ngproduksi\system\Model.php(141): CodeIgniter\Debug\Exceptions->errorHandler(8, 'Array to string...', 'C:\\xampp\\htdocs...', 141, Array)
#1 C:\xampp\htdocs\Lab20_si_NGProduksi\ci4_ngproduksi\system\BaseModel.php(523): CodeIgniter\Model->doFind(true, 'PJ')
#2 C:\xampp\htdocs\Lab20_si_NGProduksi\ci4_ngproduksi\app\Controllers\Produk.php(79): CodeIgniter\BaseModel->find('PJ')
#3 C:\xampp\htdocs\Lab20_si_NGProduksi\ci4_ngproduksi\system\CodeIgniter.php(832): App\Controllers\Produk->edit('PJ')
#4 C:\xampp\htdocs\Lab20_si_NGProduksi\ci4_ngproduksi\system\CodeIgniter.php(419): CodeIgniter\CodeIgniter->runController(Object(App\Controllers\Produk))
#5 C:\xampp\htdocs\Lab20_si_NGProduksi\ci4_ngproduksi\system\CodeIgniter.php(326): CodeIgniter\CodeIgniter->handleRequest(NULL, Object(Config\Cache), false)
#6 C:\xampp\htdocs\Lab20_si_NGProduksi\ci4_ngproduksi\public\index.php(37): CodeIgniter\CodeIgniter->run()
#7 C:\xampp\htdocs\Lab20_si_NGProduksi\ci4_ngproduksi\system\Commands\Server\rewrite.php(43): require_once('C:\\xampp\\htdocs...')
#8 {main}
CRITICAL - 2023-12-20 10:58:53 --> Array to string conversion
#0 C:\xampp\htdocs\Lab20_si_NGProduksi\ci4_ngproduksi\system\Model.php(141): CodeIgniter\Debug\Exceptions->errorHandler(8, 'Array to string...', 'C:\\xampp\\htdocs...', 141, Array)
#1 C:\xampp\htdocs\Lab20_si_NGProduksi\ci4_ngproduksi\system\BaseModel.php(523): CodeIgniter\Model->doFind(true, 'PJ')
#2 C:\xampp\htdocs\Lab20_si_NGProduksi\ci4_ngproduksi\app\Controllers\Produk.php(79): CodeIgniter\BaseModel->find('PJ')
#3 C:\xampp\htdocs\Lab20_si_NGProduksi\ci4_ngproduksi\system\CodeIgniter.php(832): App\Controllers\Produk->edit('PJ')
#4 C:\xampp\htdocs\Lab20_si_NGProduksi\ci4_ngproduksi\system\CodeIgniter.php(419): CodeIgniter\CodeIgniter->runController(Object(App\Controllers\Produk))
#5 C:\xampp\htdocs\Lab20_si_NGProduksi\ci4_ngproduksi\system\CodeIgniter.php(326): CodeIgniter\CodeIgniter->handleRequest(NULL, Object(Config\Cache), false)
#6 C:\xampp\htdocs\Lab20_si_NGProduksi\ci4_ngproduksi\public\index.php(37): CodeIgniter\CodeIgniter->run()
#7 C:\xampp\htdocs\Lab20_si_NGProduksi\ci4_ngproduksi\system\Commands\Server\rewrite.php(43): require_once('C:\\xampp\\htdocs...')
#8 {main}
CRITICAL - 2023-12-20 10:58:53 --> Array to string conversion
#0 C:\xampp\htdocs\Lab20_si_NGProduksi\ci4_ngproduksi\system\Model.php(141): CodeIgniter\Debug\Exceptions->errorHandler(8, 'Array to string...', 'C:\\xampp\\htdocs...', 141, Array)
#1 C:\xampp\htdocs\Lab20_si_NGProduksi\ci4_ngproduksi\system\BaseModel.php(523): CodeIgniter\Model->doFind(true, 'PJ')
#2 C:\xampp\htdocs\Lab20_si_NGProduksi\ci4_ngproduksi\app\Controllers\Produk.php(79): CodeIgniter\BaseModel->find('PJ')
#3 C:\xampp\htdocs\Lab20_si_NGProduksi\ci4_ngproduksi\system\CodeIgniter.php(832): App\Controllers\Produk->edit('PJ')
#4 C:\xampp\htdocs\Lab20_si_NGProduksi\ci4_ngproduksi\system\CodeIgniter.php(419): CodeIgniter\CodeIgniter->runController(Object(App\Controllers\Produk))
#5 C:\xampp\htdocs\Lab20_si_NGProduksi\ci4_ngproduksi\system\CodeIgniter.php(326): CodeIgniter\CodeIgniter->handleRequest(NULL, Object(Config\Cache), false)
#6 C:\xampp\htdocs\Lab20_si_NGProduksi\ci4_ngproduksi\public\index.php(37): CodeIgniter\CodeIgniter->run()
#7 C:\xampp\htdocs\Lab20_si_NGProduksi\ci4_ngproduksi\system\Commands\Server\rewrite.php(43): require_once('C:\\xampp\\htdocs...')
#8 {main}
CRITICAL - 2023-12-20 10:58:54 --> Array to string conversion
#0 C:\xampp\htdocs\Lab20_si_NGProduksi\ci4_ngproduksi\system\Model.php(141): CodeIgniter\Debug\Exceptions->errorHandler(8, 'Array to string...', 'C:\\xampp\\htdocs...', 141, Array)
#1 C:\xampp\htdocs\Lab20_si_NGProduksi\ci4_ngproduksi\system\BaseModel.php(523): CodeIgniter\Model->doFind(true, 'PJ')
#2 C:\xampp\htdocs\Lab20_si_NGProduksi\ci4_ngproduksi\app\Controllers\Produk.php(79): CodeIgniter\BaseModel->find('PJ')
#3 C:\xampp\htdocs\Lab20_si_NGProduksi\ci4_ngproduksi\system\CodeIgniter.php(832): App\Controllers\Produk->edit('PJ')
#4 C:\xampp\htdocs\Lab20_si_NGProduksi\ci4_ngproduksi\system\CodeIgniter.php(419): CodeIgniter\CodeIgniter->runController(Object(App\Controllers\Produk))
#5 C:\xampp\htdocs\Lab20_si_NGProduksi\ci4_ngproduksi\system\CodeIgniter.php(326): CodeIgniter\CodeIgniter->handleRequest(NULL, Object(Config\Cache), false)
#6 C:\xampp\htdocs\Lab20_si_NGProduksi\ci4_ngproduksi\public\index.php(37): CodeIgniter\CodeIgniter->run()
#7 C:\xampp\htdocs\Lab20_si_NGProduksi\ci4_ngproduksi\system\Commands\Server\rewrite.php(43): require_once('C:\\xampp\\htdocs...')
#8 {main}
CRITICAL - 2023-12-20 10:58:54 --> Array to string conversion
#0 C:\xampp\htdocs\Lab20_si_NGProduksi\ci4_ngproduksi\system\Model.php(141): CodeIgniter\Debug\Exceptions->errorHandler(8, 'Array to string...', 'C:\\xampp\\htdocs...', 141, Array)
#1 C:\xampp\htdocs\Lab20_si_NGProduksi\ci4_ngproduksi\system\BaseModel.php(523): CodeIgniter\Model->doFind(true, 'PJ')
#2 C:\xampp\htdocs\Lab20_si_NGProduksi\ci4_ngproduksi\app\Controllers\Produk.php(79): CodeIgniter\BaseModel->find('PJ')
#3 C:\xampp\htdocs\Lab20_si_NGProduksi\ci4_ngproduksi\system\CodeIgniter.php(832): App\Controllers\Produk->edit('PJ')
#4 C:\xampp\htdocs\Lab20_si_NGProduksi\ci4_ngproduksi\system\CodeIgniter.php(419): CodeIgniter\CodeIgniter->runController(Object(App\Controllers\Produk))
#5 C:\xampp\htdocs\Lab20_si_NGProduksi\ci4_ngproduksi\system\CodeIgniter.php(326): CodeIgniter\CodeIgniter->handleRequest(NULL, Object(Config\Cache), false)
#6 C:\xampp\htdocs\Lab20_si_NGProduksi\ci4_ngproduksi\public\index.php(37): CodeIgniter\CodeIgniter->run()
#7 C:\xampp\htdocs\Lab20_si_NGProduksi\ci4_ngproduksi\system\Commands\Server\rewrite.php(43): require_once('C:\\xampp\\htdocs...')
#8 {main}
CRITICAL - 2023-12-20 10:58:54 --> Array to string conversion
#0 C:\xampp\htdocs\Lab20_si_NGProduksi\ci4_ngproduksi\system\Model.php(141): CodeIgniter\Debug\Exceptions->errorHandler(8, 'Array to string...', 'C:\\xampp\\htdocs...', 141, Array)
#1 C:\xampp\htdocs\Lab20_si_NGProduksi\ci4_ngproduksi\system\BaseModel.php(523): CodeIgniter\Model->doFind(true, 'PJ')
#2 C:\xampp\htdocs\Lab20_si_NGProduksi\ci4_ngproduksi\app\Controllers\Produk.php(79): CodeIgniter\BaseModel->find('PJ')
#3 C:\xampp\htdocs\Lab20_si_NGProduksi\ci4_ngproduksi\system\CodeIgniter.php(832): App\Controllers\Produk->edit('PJ')
#4 C:\xampp\htdocs\Lab20_si_NGProduksi\ci4_ngproduksi\system\CodeIgniter.php(419): CodeIgniter\CodeIgniter->runController(Object(App\Controllers\Produk))
#5 C:\xampp\htdocs\Lab20_si_NGProduksi\ci4_ngproduksi\system\CodeIgniter.php(326): CodeIgniter\CodeIgniter->handleRequest(NULL, Object(Config\Cache), false)
#6 C:\xampp\htdocs\Lab20_si_NGProduksi\ci4_ngproduksi\public\index.php(37): CodeIgniter\CodeIgniter->run()
#7 C:\xampp\htdocs\Lab20_si_NGProduksi\ci4_ngproduksi\system\Commands\Server\rewrite.php(43): require_once('C:\\xampp\\htdocs...')
#8 {main}
CRITICAL - 2023-12-20 10:58:54 --> Array to string conversion
#0 C:\xampp\htdocs\Lab20_si_NGProduksi\ci4_ngproduksi\system\Model.php(141): CodeIgniter\Debug\Exceptions->errorHandler(8, 'Array to string...', 'C:\\xampp\\htdocs...', 141, Array)
#1 C:\xampp\htdocs\Lab20_si_NGProduksi\ci4_ngproduksi\system\BaseModel.php(523): CodeIgniter\Model->doFind(true, 'PJ')
#2 C:\xampp\htdocs\Lab20_si_NGProduksi\ci4_ngproduksi\app\Controllers\Produk.php(79): CodeIgniter\BaseModel->find('PJ')
#3 C:\xampp\htdocs\Lab20_si_NGProduksi\ci4_ngproduksi\system\CodeIgniter.php(832): App\Controllers\Produk->edit('PJ')
#4 C:\xampp\htdocs\Lab20_si_NGProduksi\ci4_ngproduksi\system\CodeIgniter.php(419): CodeIgniter\CodeIgniter->runController(Object(App\Controllers\Produk))
#5 C:\xampp\htdocs\Lab20_si_NGProduksi\ci4_ngproduksi\system\CodeIgniter.php(326): CodeIgniter\CodeIgniter->handleRequest(NULL, Object(Config\Cache), false)
#6 C:\xampp\htdocs\Lab20_si_NGProduksi\ci4_ngproduksi\public\index.php(37): CodeIgniter\CodeIgniter->run()
#7 C:\xampp\htdocs\Lab20_si_NGProduksi\ci4_ngproduksi\system\Commands\Server\rewrite.php(43): require_once('C:\\xampp\\htdocs...')
#8 {main}
CRITICAL - 2023-12-20 10:58:55 --> Array to string conversion
#0 C:\xampp\htdocs\Lab20_si_NGProduksi\ci4_ngproduksi\system\Model.php(141): CodeIgniter\Debug\Exceptions->errorHandler(8, 'Array to string...', 'C:\\xampp\\htdocs...', 141, Array)
#1 C:\xampp\htdocs\Lab20_si_NGProduksi\ci4_ngproduksi\system\BaseModel.php(523): CodeIgniter\Model->doFind(true, 'PJ')
#2 C:\xampp\htdocs\Lab20_si_NGProduksi\ci4_ngproduksi\app\Controllers\Produk.php(79): CodeIgniter\BaseModel->find('PJ')
#3 C:\xampp\htdocs\Lab20_si_NGProduksi\ci4_ngproduksi\system\CodeIgniter.php(832): App\Controllers\Produk->edit('PJ')
#4 C:\xampp\htdocs\Lab20_si_NGProduksi\ci4_ngproduksi\system\CodeIgniter.php(419): CodeIgniter\CodeIgniter->runController(Object(App\Controllers\Produk))
#5 C:\xampp\htdocs\Lab20_si_NGProduksi\ci4_ngproduksi\system\CodeIgniter.php(326): CodeIgniter\CodeIgniter->handleRequest(NULL, Object(Config\Cache), false)
#6 C:\xampp\htdocs\Lab20_si_NGProduksi\ci4_ngproduksi\public\index.php(37): CodeIgniter\CodeIgniter->run()
#7 C:\xampp\htdocs\Lab20_si_NGProduksi\ci4_ngproduksi\system\Commands\Server\rewrite.php(43): require_once('C:\\xampp\\htdocs...')
#8 {main}
CRITICAL - 2023-12-20 10:58:55 --> Array to string conversion
#0 C:\xampp\htdocs\Lab20_si_NGProduksi\ci4_ngproduksi\system\Model.php(141): CodeIgniter\Debug\Exceptions->errorHandler(8, 'Array to string...', 'C:\\xampp\\htdocs...', 141, Array)
#1 C:\xampp\htdocs\Lab20_si_NGProduksi\ci4_ngproduksi\system\BaseModel.php(523): CodeIgniter\Model->doFind(true, 'PJ')
#2 C:\xampp\htdocs\Lab20_si_NGProduksi\ci4_ngproduksi\app\Controllers\Produk.php(79): CodeIgniter\BaseModel->find('PJ')
#3 C:\xampp\htdocs\Lab20_si_NGProduksi\ci4_ngproduksi\system\CodeIgniter.php(832): App\Controllers\Produk->edit('PJ')
#4 C:\xampp\htdocs\Lab20_si_NGProduksi\ci4_ngproduksi\system\CodeIgniter.php(419): CodeIgniter\CodeIgniter->runController(Object(App\Controllers\Produk))
#5 C:\xampp\htdocs\Lab20_si_NGProduksi\ci4_ngproduksi\system\CodeIgniter.php(326): CodeIgniter\CodeIgniter->handleRequest(NULL, Object(Config\Cache), false)
#6 C:\xampp\htdocs\Lab20_si_NGProduksi\ci4_ngproduksi\public\index.php(37): CodeIgniter\CodeIgniter->run()
#7 C:\xampp\htdocs\Lab20_si_NGProduksi\ci4_ngproduksi\system\Commands\Server\rewrite.php(43): require_once('C:\\xampp\\htdocs...')
#8 {main}
CRITICAL - 2023-12-20 10:58:55 --> Array to string conversion
#0 C:\xampp\htdocs\Lab20_si_NGProduksi\ci4_ngproduksi\system\Model.php(141): CodeIgniter\Debug\Exceptions->errorHandler(8, 'Array to string...', 'C:\\xampp\\htdocs...', 141, Array)
#1 C:\xampp\htdocs\Lab20_si_NGProduksi\ci4_ngproduksi\system\BaseModel.php(523): CodeIgniter\Model->doFind(true, 'PJ')
#2 C:\xampp\htdocs\Lab20_si_NGProduksi\ci4_ngproduksi\app\Controllers\Produk.php(79): CodeIgniter\BaseModel->find('PJ')
#3 C:\xampp\htdocs\Lab20_si_NGProduksi\ci4_ngproduksi\system\CodeIgniter.php(832): App\Controllers\Produk->edit('PJ')
#4 C:\xampp\htdocs\Lab20_si_NGProduksi\ci4_ngproduksi\system\CodeIgniter.php(419): CodeIgniter\CodeIgniter->runController(Object(App\Controllers\Produk))
#5 C:\xampp\htdocs\Lab20_si_NGProduksi\ci4_ngproduksi\system\CodeIgniter.php(326): CodeIgniter\CodeIgniter->handleRequest(NULL, Object(Config\Cache), false)
#6 C:\xampp\htdocs\Lab20_si_NGProduksi\ci4_ngproduksi\public\index.php(37): CodeIgniter\CodeIgniter->run()
#7 C:\xampp\htdocs\Lab20_si_NGProduksi\ci4_ngproduksi\system\Commands\Server\rewrite.php(43): require_once('C:\\xampp\\htdocs...')
#8 {main}
CRITICAL - 2023-12-20 10:59:02 --> Array to string conversion
#0 C:\xampp\htdocs\Lab20_si_NGProduksi\ci4_ngproduksi\system\Model.php(141): CodeIgniter\Debug\Exceptions->errorHandler(8, 'Array to string...', 'C:\\xampp\\htdocs...', 141, Array)
#1 C:\xampp\htdocs\Lab20_si_NGProduksi\ci4_ngproduksi\system\BaseModel.php(523): CodeIgniter\Model->doFind(true, 'PJ')
#2 C:\xampp\htdocs\Lab20_si_NGProduksi\ci4_ngproduksi\app\Controllers\Produk.php(129): CodeIgniter\BaseModel->find('PJ')
#3 C:\xampp\htdocs\Lab20_si_NGProduksi\ci4_ngproduksi\system\CodeIgniter.php(832): App\Controllers\Produk->delete('PJ')
#4 C:\xampp\htdocs\Lab20_si_NGProduksi\ci4_ngproduksi\system\CodeIgniter.php(419): CodeIgniter\CodeIgniter->runController(Object(App\Controllers\Produk))
#5 C:\xampp\htdocs\Lab20_si_NGProduksi\ci4_ngproduksi\system\CodeIgniter.php(326): CodeIgniter\CodeIgniter->handleRequest(NULL, Object(Config\Cache), false)
#6 C:\xampp\htdocs\Lab20_si_NGProduksi\ci4_ngproduksi\public\index.php(37): CodeIgniter\CodeIgniter->run()
#7 C:\xampp\htdocs\Lab20_si_NGProduksi\ci4_ngproduksi\system\Commands\Server\rewrite.php(43): require_once('C:\\xampp\\htdocs...')
#8 {main}
