CRITICAL - 2024-07-22 09:22:46 --> Undefined variable: title
#0 C:\xampp\htdocs\Lab28_SkripsiPrediksiHarga\ci4_SkripsiPrediksiHarga\app\Views\csvlist\csv_sidebar.php(12): CodeIgniter\Debug\Exceptions->errorHandler(8, 'Undefined varia...', 'C:\\xampp\\htdocs...', 12, Array)
#1 C:\xampp\htdocs\Lab28_SkripsiPrediksiHarga\ci4_SkripsiPrediksiHarga\system\View\View.php(210): include('C:\\xampp\\htdocs...')
#2 C:\xampp\htdocs\Lab28_SkripsiPrediksiHarga\ci4_SkripsiPrediksiHarga\system\View\View.php(213): CodeIgniter\View\View->CodeIgniter\View\{closure}()
#3 C:\xampp\htdocs\Lab28_SkripsiPrediksiHarga\ci4_SkripsiPrediksiHarga\system\Common.php(1089): CodeIgniter\View\View->render('csvlist/csv_sid...', Array, true)
#4 C:\xampp\htdocs\Lab28_SkripsiPrediksiHarga\ci4_SkripsiPrediksiHarga\app\Controllers\DataSet.php(362): view('csvlist/csv_sid...', Array)
#5 C:\xampp\htdocs\Lab28_SkripsiPrediksiHarga\ci4_SkripsiPrediksiHarga\system\CodeIgniter.php(832): App\Controllers\Dataset->listCsvFiles()
#6 C:\xampp\htdocs\Lab28_SkripsiPrediksiHarga\ci4_SkripsiPrediksiHarga\system\CodeIgniter.php(419): CodeIgniter\CodeIgniter->runController(Object(App\Controllers\Dataset))
#7 C:\xampp\htdocs\Lab28_SkripsiPrediksiHarga\ci4_SkripsiPrediksiHarga\system\CodeIgniter.php(326): CodeIgniter\CodeIgniter->handleRequest(NULL, Object(Config\Cache), false)
#8 C:\xampp\htdocs\Lab28_SkripsiPrediksiHarga\ci4_SkripsiPrediksiHarga\public\index.php(37): CodeIgniter\CodeIgniter->run()
#9 C:\xampp\htdocs\Lab28_SkripsiPrediksiHarga\ci4_SkripsiPrediksiHarga\system\Commands\Server\rewrite.php(43): require_once('C:\\xampp\\htdocs...')
#10 {main}
CRITICAL - 2024-07-22 09:40:51 --> Object of class CodeIgniter\Router\RouteCollection could not be converted to string
#0 C:\xampp\htdocs\Lab28_SkripsiPrediksiHarga\ci4_SkripsiPrediksiHarga\system\Router\RouteCollection.php(607): CodeIgniter\CodeIgniter->Config\{closure}(Object(CodeIgniter\Router\RouteCollection))
#1 C:\xampp\htdocs\Lab28_SkripsiPrediksiHarga\ci4_SkripsiPrediksiHarga\app\Config\Routes.php(100): CodeIgniter\Router\RouteCollection->group('admin', Array, Object(Closure))
#2 C:\xampp\htdocs\Lab28_SkripsiPrediksiHarga\ci4_SkripsiPrediksiHarga\system\CodeIgniter.php(713): require('C:\\xampp\\htdocs...')
#3 C:\xampp\htdocs\Lab28_SkripsiPrediksiHarga\ci4_SkripsiPrediksiHarga\system\CodeIgniter.php(368): CodeIgniter\CodeIgniter->tryToRouteIt(Object(CodeIgniter\Router\RouteCollection))
#4 C:\xampp\htdocs\Lab28_SkripsiPrediksiHarga\ci4_SkripsiPrediksiHarga\system\CodeIgniter.php(326): CodeIgniter\CodeIgniter->handleRequest(NULL, Object(Config\Cache), false)
#5 C:\xampp\htdocs\Lab28_SkripsiPrediksiHarga\ci4_SkripsiPrediksiHarga\public\index.php(37): CodeIgniter\CodeIgniter->run()
#6 C:\xampp\htdocs\Lab28_SkripsiPrediksiHarga\ci4_SkripsiPrediksiHarga\system\Commands\Server\rewrite.php(43): require_once('C:\\xampp\\htdocs...')
#7 {main}
CRITICAL - 2024-07-22 09:41:13 --> Object of class CodeIgniter\Router\RouteCollection could not be converted to string
#0 C:\xampp\htdocs\Lab28_SkripsiPrediksiHarga\ci4_SkripsiPrediksiHarga\system\Router\RouteCollection.php(607): CodeIgniter\CodeIgniter->Config\{closure}(Object(CodeIgniter\Router\RouteCollection))
#1 C:\xampp\htdocs\Lab28_SkripsiPrediksiHarga\ci4_SkripsiPrediksiHarga\app\Config\Routes.php(100): CodeIgniter\Router\RouteCollection->group('admin', Array, Object(Closure))
#2 C:\xampp\htdocs\Lab28_SkripsiPrediksiHarga\ci4_SkripsiPrediksiHarga\system\CodeIgniter.php(713): require('C:\\xampp\\htdocs...')
#3 C:\xampp\htdocs\Lab28_SkripsiPrediksiHarga\ci4_SkripsiPrediksiHarga\system\CodeIgniter.php(368): CodeIgniter\CodeIgniter->tryToRouteIt(Object(CodeIgniter\Router\RouteCollection))
#4 C:\xampp\htdocs\Lab28_SkripsiPrediksiHarga\ci4_SkripsiPrediksiHarga\system\CodeIgniter.php(326): CodeIgniter\CodeIgniter->handleRequest(NULL, Object(Config\Cache), false)
#5 C:\xampp\htdocs\Lab28_SkripsiPrediksiHarga\ci4_SkripsiPrediksiHarga\public\index.php(37): CodeIgniter\CodeIgniter->run()
#6 C:\xampp\htdocs\Lab28_SkripsiPrediksiHarga\ci4_SkripsiPrediksiHarga\system\Commands\Server\rewrite.php(43): require_once('C:\\xampp\\htdocs...')
#7 {main}
CRITICAL - 2024-07-22 09:41:14 --> Object of class CodeIgniter\Router\RouteCollection could not be converted to string
#0 C:\xampp\htdocs\Lab28_SkripsiPrediksiHarga\ci4_SkripsiPrediksiHarga\system\Router\RouteCollection.php(607): CodeIgniter\CodeIgniter->Config\{closure}(Object(CodeIgniter\Router\RouteCollection))
#1 C:\xampp\htdocs\Lab28_SkripsiPrediksiHarga\ci4_SkripsiPrediksiHarga\app\Config\Routes.php(100): CodeIgniter\Router\RouteCollection->group('admin', Array, Object(Closure))
#2 C:\xampp\htdocs\Lab28_SkripsiPrediksiHarga\ci4_SkripsiPrediksiHarga\system\CodeIgniter.php(713): require('C:\\xampp\\htdocs...')
#3 C:\xampp\htdocs\Lab28_SkripsiPrediksiHarga\ci4_SkripsiPrediksiHarga\system\CodeIgniter.php(368): CodeIgniter\CodeIgniter->tryToRouteIt(Object(CodeIgniter\Router\RouteCollection))
#4 C:\xampp\htdocs\Lab28_SkripsiPrediksiHarga\ci4_SkripsiPrediksiHarga\system\CodeIgniter.php(326): CodeIgniter\CodeIgniter->handleRequest(NULL, Object(Config\Cache), false)
#5 C:\xampp\htdocs\Lab28_SkripsiPrediksiHarga\ci4_SkripsiPrediksiHarga\public\index.php(37): CodeIgniter\CodeIgniter->run()
#6 C:\xampp\htdocs\Lab28_SkripsiPrediksiHarga\ci4_SkripsiPrediksiHarga\system\Commands\Server\rewrite.php(43): require_once('C:\\xampp\\htdocs...')
#7 {main}
CRITICAL - 2024-07-22 09:41:15 --> Object of class CodeIgniter\Router\RouteCollection could not be converted to string
#0 C:\xampp\htdocs\Lab28_SkripsiPrediksiHarga\ci4_SkripsiPrediksiHarga\system\Router\RouteCollection.php(607): CodeIgniter\CodeIgniter->Config\{closure}(Object(CodeIgniter\Router\RouteCollection))
#1 C:\xampp\htdocs\Lab28_SkripsiPrediksiHarga\ci4_SkripsiPrediksiHarga\app\Config\Routes.php(100): CodeIgniter\Router\RouteCollection->group('admin', Array, Object(Closure))
#2 C:\xampp\htdocs\Lab28_SkripsiPrediksiHarga\ci4_SkripsiPrediksiHarga\system\CodeIgniter.php(713): require('C:\\xampp\\htdocs...')
#3 C:\xampp\htdocs\Lab28_SkripsiPrediksiHarga\ci4_SkripsiPrediksiHarga\system\CodeIgniter.php(368): CodeIgniter\CodeIgniter->tryToRouteIt(Object(CodeIgniter\Router\RouteCollection))
#4 C:\xampp\htdocs\Lab28_SkripsiPrediksiHarga\ci4_SkripsiPrediksiHarga\system\CodeIgniter.php(326): CodeIgniter\CodeIgniter->handleRequest(NULL, Object(Config\Cache), false)
#5 C:\xampp\htdocs\Lab28_SkripsiPrediksiHarga\ci4_SkripsiPrediksiHarga\public\index.php(37): CodeIgniter\CodeIgniter->run()
#6 C:\xampp\htdocs\Lab28_SkripsiPrediksiHarga\ci4_SkripsiPrediksiHarga\system\Commands\Server\rewrite.php(43): require_once('C:\\xampp\\htdocs...')
#7 {main}
CRITICAL - 2024-07-22 09:41:16 --> Object of class CodeIgniter\Router\RouteCollection could not be converted to string
#0 C:\xampp\htdocs\Lab28_SkripsiPrediksiHarga\ci4_SkripsiPrediksiHarga\system\Router\RouteCollection.php(607): CodeIgniter\CodeIgniter->Config\{closure}(Object(CodeIgniter\Router\RouteCollection))
#1 C:\xampp\htdocs\Lab28_SkripsiPrediksiHarga\ci4_SkripsiPrediksiHarga\app\Config\Routes.php(100): CodeIgniter\Router\RouteCollection->group('admin', Array, Object(Closure))
#2 C:\xampp\htdocs\Lab28_SkripsiPrediksiHarga\ci4_SkripsiPrediksiHarga\system\CodeIgniter.php(713): require('C:\\xampp\\htdocs...')
#3 C:\xampp\htdocs\Lab28_SkripsiPrediksiHarga\ci4_SkripsiPrediksiHarga\system\CodeIgniter.php(368): CodeIgniter\CodeIgniter->tryToRouteIt(Object(CodeIgniter\Router\RouteCollection))
#4 C:\xampp\htdocs\Lab28_SkripsiPrediksiHarga\ci4_SkripsiPrediksiHarga\system\CodeIgniter.php(326): CodeIgniter\CodeIgniter->handleRequest(NULL, Object(Config\Cache), false)
#5 C:\xampp\htdocs\Lab28_SkripsiPrediksiHarga\ci4_SkripsiPrediksiHarga\public\index.php(37): CodeIgniter\CodeIgniter->run()
#6 C:\xampp\htdocs\Lab28_SkripsiPrediksiHarga\ci4_SkripsiPrediksiHarga\system\Commands\Server\rewrite.php(43): require_once('C:\\xampp\\htdocs...')
#7 {main}
CRITICAL - 2024-07-22 09:41:17 --> Object of class CodeIgniter\Router\RouteCollection could not be converted to string
#0 C:\xampp\htdocs\Lab28_SkripsiPrediksiHarga\ci4_SkripsiPrediksiHarga\system\Router\RouteCollection.php(607): CodeIgniter\CodeIgniter->Config\{closure}(Object(CodeIgniter\Router\RouteCollection))
#1 C:\xampp\htdocs\Lab28_SkripsiPrediksiHarga\ci4_SkripsiPrediksiHarga\app\Config\Routes.php(100): CodeIgniter\Router\RouteCollection->group('admin', Array, Object(Closure))
#2 C:\xampp\htdocs\Lab28_SkripsiPrediksiHarga\ci4_SkripsiPrediksiHarga\system\CodeIgniter.php(713): require('C:\\xampp\\htdocs...')
#3 C:\xampp\htdocs\Lab28_SkripsiPrediksiHarga\ci4_SkripsiPrediksiHarga\system\CodeIgniter.php(368): CodeIgniter\CodeIgniter->tryToRouteIt(Object(CodeIgniter\Router\RouteCollection))
#4 C:\xampp\htdocs\Lab28_SkripsiPrediksiHarga\ci4_SkripsiPrediksiHarga\system\CodeIgniter.php(326): CodeIgniter\CodeIgniter->handleRequest(NULL, Object(Config\Cache), false)
#5 C:\xampp\htdocs\Lab28_SkripsiPrediksiHarga\ci4_SkripsiPrediksiHarga\public\index.php(37): CodeIgniter\CodeIgniter->run()
#6 C:\xampp\htdocs\Lab28_SkripsiPrediksiHarga\ci4_SkripsiPrediksiHarga\system\Commands\Server\rewrite.php(43): require_once('C:\\xampp\\htdocs...')
#7 {main}
CRITICAL - 2024-07-22 09:41:18 --> Object of class CodeIgniter\Router\RouteCollection could not be converted to string
#0 C:\xampp\htdocs\Lab28_SkripsiPrediksiHarga\ci4_SkripsiPrediksiHarga\system\Router\RouteCollection.php(607): CodeIgniter\CodeIgniter->Config\{closure}(Object(CodeIgniter\Router\RouteCollection))
#1 C:\xampp\htdocs\Lab28_SkripsiPrediksiHarga\ci4_SkripsiPrediksiHarga\app\Config\Routes.php(100): CodeIgniter\Router\RouteCollection->group('admin', Array, Object(Closure))
#2 C:\xampp\htdocs\Lab28_SkripsiPrediksiHarga\ci4_SkripsiPrediksiHarga\system\CodeIgniter.php(713): require('C:\\xampp\\htdocs...')
#3 C:\xampp\htdocs\Lab28_SkripsiPrediksiHarga\ci4_SkripsiPrediksiHarga\system\CodeIgniter.php(368): CodeIgniter\CodeIgniter->tryToRouteIt(Object(CodeIgniter\Router\RouteCollection))
#4 C:\xampp\htdocs\Lab28_SkripsiPrediksiHarga\ci4_SkripsiPrediksiHarga\system\CodeIgniter.php(326): CodeIgniter\CodeIgniter->handleRequest(NULL, Object(Config\Cache), false)
#5 C:\xampp\htdocs\Lab28_SkripsiPrediksiHarga\ci4_SkripsiPrediksiHarga\public\index.php(37): CodeIgniter\CodeIgniter->run()
#6 C:\xampp\htdocs\Lab28_SkripsiPrediksiHarga\ci4_SkripsiPrediksiHarga\system\Commands\Server\rewrite.php(43): require_once('C:\\xampp\\htdocs...')
#7 {main}
CRITICAL - 2024-07-22 09:41:19 --> Object of class CodeIgniter\Router\RouteCollection could not be converted to string
#0 C:\xampp\htdocs\Lab28_SkripsiPrediksiHarga\ci4_SkripsiPrediksiHarga\system\Router\RouteCollection.php(607): CodeIgniter\CodeIgniter->Config\{closure}(Object(CodeIgniter\Router\RouteCollection))
#1 C:\xampp\htdocs\Lab28_SkripsiPrediksiHarga\ci4_SkripsiPrediksiHarga\app\Config\Routes.php(100): CodeIgniter\Router\RouteCollection->group('admin', Array, Object(Closure))
#2 C:\xampp\htdocs\Lab28_SkripsiPrediksiHarga\ci4_SkripsiPrediksiHarga\system\CodeIgniter.php(713): require('C:\\xampp\\htdocs...')
#3 C:\xampp\htdocs\Lab28_SkripsiPrediksiHarga\ci4_SkripsiPrediksiHarga\system\CodeIgniter.php(368): CodeIgniter\CodeIgniter->tryToRouteIt(Object(CodeIgniter\Router\RouteCollection))
#4 C:\xampp\htdocs\Lab28_SkripsiPrediksiHarga\ci4_SkripsiPrediksiHarga\system\CodeIgniter.php(326): CodeIgniter\CodeIgniter->handleRequest(NULL, Object(Config\Cache), false)
#5 C:\xampp\htdocs\Lab28_SkripsiPrediksiHarga\ci4_SkripsiPrediksiHarga\public\index.php(37): CodeIgniter\CodeIgniter->run()
#6 C:\xampp\htdocs\Lab28_SkripsiPrediksiHarga\ci4_SkripsiPrediksiHarga\system\Commands\Server\rewrite.php(43): require_once('C:\\xampp\\htdocs...')
#7 {main}
CRITICAL - 2024-07-22 10:05:04 --> syntax error, unexpected '}', expecting end of file
#0 C:\xampp\htdocs\Lab28_SkripsiPrediksiHarga\ci4_SkripsiPrediksiHarga\system\Autoloader\Autoloader.php(241): CodeIgniter\Autoloader\Autoloader->includeFile('C:\\xampp\\htdocs...')
#1 C:\xampp\htdocs\Lab28_SkripsiPrediksiHarga\ci4_SkripsiPrediksiHarga\system\Autoloader\Autoloader.php(219): CodeIgniter\Autoloader\Autoloader->loadInNamespace('App\\Controllers...')
#2 [internal function]: CodeIgniter\Autoloader\Autoloader->loadClass('App\\Controllers...')
#3 [internal function]: spl_autoload_call('App\\Controllers...')
#4 C:\xampp\htdocs\Lab28_SkripsiPrediksiHarga\ci4_SkripsiPrediksiHarga\system\CodeIgniter.php(797): class_exists('\\App\\Controller...', true)
#5 C:\xampp\htdocs\Lab28_SkripsiPrediksiHarga\ci4_SkripsiPrediksiHarga\system\CodeIgniter.php(406): CodeIgniter\CodeIgniter->startController()
#6 C:\xampp\htdocs\Lab28_SkripsiPrediksiHarga\ci4_SkripsiPrediksiHarga\system\CodeIgniter.php(326): CodeIgniter\CodeIgniter->handleRequest(NULL, Object(Config\Cache), false)
#7 C:\xampp\htdocs\Lab28_SkripsiPrediksiHarga\ci4_SkripsiPrediksiHarga\public\index.php(37): CodeIgniter\CodeIgniter->run()
#8 C:\xampp\htdocs\Lab28_SkripsiPrediksiHarga\ci4_SkripsiPrediksiHarga\system\Commands\Server\rewrite.php(43): require_once('C:\\xampp\\htdocs...')
#9 {main}
CRITICAL - 2024-07-22 10:09:51 --> Maximum execution time of 60 seconds exceeded
#0 [internal function]: CodeIgniter\Debug\Exceptions->shutdownHandler()
#1 {main}
CRITICAL - 2024-07-22 10:14:27 --> Maximum execution time of 60 seconds exceeded
#0 [internal function]: CodeIgniter\Debug\Exceptions->shutdownHandler()
#1 {main}
CRITICAL - 2024-07-22 10:18:57 --> Undefined variable: file_id
#0 C:\xampp\htdocs\Lab28_SkripsiPrediksiHarga\ci4_SkripsiPrediksiHarga\app\Views\insert_csv.php(36): CodeIgniter\Debug\Exceptions->errorHandler(8, 'Undefined varia...', 'C:\\xampp\\htdocs...', 36, Array)
#1 C:\xampp\htdocs\Lab28_SkripsiPrediksiHarga\ci4_SkripsiPrediksiHarga\system\View\View.php(210): include('C:\\xampp\\htdocs...')
#2 C:\xampp\htdocs\Lab28_SkripsiPrediksiHarga\ci4_SkripsiPrediksiHarga\system\View\View.php(213): CodeIgniter\View\View->CodeIgniter\View\{closure}()
#3 C:\xampp\htdocs\Lab28_SkripsiPrediksiHarga\ci4_SkripsiPrediksiHarga\system\Common.php(1089): CodeIgniter\View\View->render('insert_csv', Array, true)
#4 C:\xampp\htdocs\Lab28_SkripsiPrediksiHarga\ci4_SkripsiPrediksiHarga\app\Controllers\DataSet.php(294): view('insert_csv', Array)
#5 C:\xampp\htdocs\Lab28_SkripsiPrediksiHarga\ci4_SkripsiPrediksiHarga\system\CodeIgniter.php(832): App\Controllers\Dataset->insert_csv()
#6 C:\xampp\htdocs\Lab28_SkripsiPrediksiHarga\ci4_SkripsiPrediksiHarga\system\CodeIgniter.php(419): CodeIgniter\CodeIgniter->runController(Object(App\Controllers\Dataset))
#7 C:\xampp\htdocs\Lab28_SkripsiPrediksiHarga\ci4_SkripsiPrediksiHarga\system\CodeIgniter.php(326): CodeIgniter\CodeIgniter->handleRequest(NULL, Object(Config\Cache), false)
#8 C:\xampp\htdocs\Lab28_SkripsiPrediksiHarga\ci4_SkripsiPrediksiHarga\public\index.php(37): CodeIgniter\CodeIgniter->run()
#9 C:\xampp\htdocs\Lab28_SkripsiPrediksiHarga\ci4_SkripsiPrediksiHarga\system\Commands\Server\rewrite.php(43): require_once('C:\\xampp\\htdocs...')
#10 {main}
CRITICAL - 2024-07-22 10:19:25 --> Undefined variable: file_id
#0 C:\xampp\htdocs\Lab28_SkripsiPrediksiHarga\ci4_SkripsiPrediksiHarga\app\Views\insert_csv.php(36): CodeIgniter\Debug\Exceptions->errorHandler(8, 'Undefined varia...', 'C:\\xampp\\htdocs...', 36, Array)
#1 C:\xampp\htdocs\Lab28_SkripsiPrediksiHarga\ci4_SkripsiPrediksiHarga\system\View\View.php(210): include('C:\\xampp\\htdocs...')
#2 C:\xampp\htdocs\Lab28_SkripsiPrediksiHarga\ci4_SkripsiPrediksiHarga\system\View\View.php(213): CodeIgniter\View\View->CodeIgniter\View\{closure}()
#3 C:\xampp\htdocs\Lab28_SkripsiPrediksiHarga\ci4_SkripsiPrediksiHarga\system\Common.php(1089): CodeIgniter\View\View->render('insert_csv', Array, true)
#4 C:\xampp\htdocs\Lab28_SkripsiPrediksiHarga\ci4_SkripsiPrediksiHarga\app\Controllers\DataSet.php(294): view('insert_csv', Array)
#5 C:\xampp\htdocs\Lab28_SkripsiPrediksiHarga\ci4_SkripsiPrediksiHarga\system\CodeIgniter.php(832): App\Controllers\Dataset->insert_csv()
#6 C:\xampp\htdocs\Lab28_SkripsiPrediksiHarga\ci4_SkripsiPrediksiHarga\system\CodeIgniter.php(419): CodeIgniter\CodeIgniter->runController(Object(App\Controllers\Dataset))
#7 C:\xampp\htdocs\Lab28_SkripsiPrediksiHarga\ci4_SkripsiPrediksiHarga\system\CodeIgniter.php(326): CodeIgniter\CodeIgniter->handleRequest(NULL, Object(Config\Cache), false)
#8 C:\xampp\htdocs\Lab28_SkripsiPrediksiHarga\ci4_SkripsiPrediksiHarga\public\index.php(37): CodeIgniter\CodeIgniter->run()
#9 C:\xampp\htdocs\Lab28_SkripsiPrediksiHarga\ci4_SkripsiPrediksiHarga\system\Commands\Server\rewrite.php(43): require_once('C:\\xampp\\htdocs...')
#10 {main}
CRITICAL - 2024-07-22 10:38:38 --> Maximum execution time of 60 seconds exceeded
#0 [internal function]: CodeIgniter\Debug\Exceptions->shutdownHandler()
#1 {main}
CRITICAL - 2024-07-22 10:41:24 --> Maximum execution time of 60 seconds exceeded
#0 [internal function]: CodeIgniter\Debug\Exceptions->shutdownHandler()
#1 {main}
CRITICAL - 2024-07-22 10:44:10 --> Maximum execution time of 60 seconds exceeded
#0 [internal function]: CodeIgniter\Debug\Exceptions->shutdownHandler()
#1 {main}
CRITICAL - 2024-07-22 10:53:50 --> Maximum execution time of 60 seconds exceeded
#0 [internal function]: CodeIgniter\Debug\Exceptions->shutdownHandler()
#1 {main}
CRITICAL - 2024-07-22 11:00:31 --> Maximum execution time of 60 seconds exceeded
#0 [internal function]: CodeIgniter\Debug\Exceptions->shutdownHandler()
#1 {main}
CRITICAL - 2024-07-22 11:10:21 --> Maximum execution time of 60 seconds exceeded
#0 [internal function]: CodeIgniter\Debug\Exceptions->shutdownHandler()
#1 {main}
CRITICAL - 2024-07-22 11:12:41 --> Undefined offset: 0
#0 C:\xampp\htdocs\Lab28_SkripsiPrediksiHarga\ci4_SkripsiPrediksiHarga\app\Views\contentuser.php(169): CodeIgniter\Debug\Exceptions->errorHandler(8, 'Undefined offse...', 'C:\\xampp\\htdocs...', 169, Array)
#1 C:\xampp\htdocs\Lab28_SkripsiPrediksiHarga\ci4_SkripsiPrediksiHarga\system\View\View.php(210): include('C:\\xampp\\htdocs...')
#2 C:\xampp\htdocs\Lab28_SkripsiPrediksiHarga\ci4_SkripsiPrediksiHarga\system\View\View.php(213): CodeIgniter\View\View->CodeIgniter\View\{closure}()
#3 C:\xampp\htdocs\Lab28_SkripsiPrediksiHarga\ci4_SkripsiPrediksiHarga\system\View\View.php(424): CodeIgniter\View\View->render('contentuser', NULL, true)
#4 C:\xampp\htdocs\Lab28_SkripsiPrediksiHarga\ci4_SkripsiPrediksiHarga\app\Views\user\dashboard.php(8): CodeIgniter\View\View->include('contentuser')
#5 C:\xampp\htdocs\Lab28_SkripsiPrediksiHarga\ci4_SkripsiPrediksiHarga\system\View\View.php(210): include('C:\\xampp\\htdocs...')
#6 C:\xampp\htdocs\Lab28_SkripsiPrediksiHarga\ci4_SkripsiPrediksiHarga\system\View\View.php(213): CodeIgniter\View\View->CodeIgniter\View\{closure}()
#7 C:\xampp\htdocs\Lab28_SkripsiPrediksiHarga\ci4_SkripsiPrediksiHarga\system\Common.php(1089): CodeIgniter\View\View->render('user/dashboard', Array, true)
#8 C:\xampp\htdocs\Lab28_SkripsiPrediksiHarga\ci4_SkripsiPrediksiHarga\app\Controllers\User\Dashboard.php(11): view('user/dashboard')
#9 C:\xampp\htdocs\Lab28_SkripsiPrediksiHarga\ci4_SkripsiPrediksiHarga\system\CodeIgniter.php(832): App\Controllers\User\Dashboard->index()
#10 C:\xampp\htdocs\Lab28_SkripsiPrediksiHarga\ci4_SkripsiPrediksiHarga\system\CodeIgniter.php(419): CodeIgniter\CodeIgniter->runController(Object(App\Controllers\User\Dashboard))
#11 C:\xampp\htdocs\Lab28_SkripsiPrediksiHarga\ci4_SkripsiPrediksiHarga\system\CodeIgniter.php(326): CodeIgniter\CodeIgniter->handleRequest(NULL, Object(Config\Cache), false)
#12 C:\xampp\htdocs\Lab28_SkripsiPrediksiHarga\ci4_SkripsiPrediksiHarga\public\index.php(37): CodeIgniter\CodeIgniter->run()
#13 C:\xampp\htdocs\Lab28_SkripsiPrediksiHarga\ci4_SkripsiPrediksiHarga\system\Commands\Server\rewrite.php(43): require_once('C:\\xampp\\htdocs...')
#14 {main}
CRITICAL - 2024-07-22 11:13:16 --> Undefined offset: 0
#0 C:\xampp\htdocs\Lab28_SkripsiPrediksiHarga\ci4_SkripsiPrediksiHarga\app\Views\contentuser.php(169): CodeIgniter\Debug\Exceptions->errorHandler(8, 'Undefined offse...', 'C:\\xampp\\htdocs...', 169, Array)
#1 C:\xampp\htdocs\Lab28_SkripsiPrediksiHarga\ci4_SkripsiPrediksiHarga\system\View\View.php(210): include('C:\\xampp\\htdocs...')
#2 C:\xampp\htdocs\Lab28_SkripsiPrediksiHarga\ci4_SkripsiPrediksiHarga\system\View\View.php(213): CodeIgniter\View\View->CodeIgniter\View\{closure}()
#3 C:\xampp\htdocs\Lab28_SkripsiPrediksiHarga\ci4_SkripsiPrediksiHarga\system\View\View.php(424): CodeIgniter\View\View->render('contentuser', NULL, true)
#4 C:\xampp\htdocs\Lab28_SkripsiPrediksiHarga\ci4_SkripsiPrediksiHarga\app\Views\user\dashboard.php(8): CodeIgniter\View\View->include('contentuser')
#5 C:\xampp\htdocs\Lab28_SkripsiPrediksiHarga\ci4_SkripsiPrediksiHarga\system\View\View.php(210): include('C:\\xampp\\htdocs...')
#6 C:\xampp\htdocs\Lab28_SkripsiPrediksiHarga\ci4_SkripsiPrediksiHarga\system\View\View.php(213): CodeIgniter\View\View->CodeIgniter\View\{closure}()
#7 C:\xampp\htdocs\Lab28_SkripsiPrediksiHarga\ci4_SkripsiPrediksiHarga\system\Common.php(1089): CodeIgniter\View\View->render('user/dashboard', Array, true)
#8 C:\xampp\htdocs\Lab28_SkripsiPrediksiHarga\ci4_SkripsiPrediksiHarga\app\Controllers\User\Dashboard.php(11): view('user/dashboard')
#9 C:\xampp\htdocs\Lab28_SkripsiPrediksiHarga\ci4_SkripsiPrediksiHarga\system\CodeIgniter.php(832): App\Controllers\User\Dashboard->index()
#10 C:\xampp\htdocs\Lab28_SkripsiPrediksiHarga\ci4_SkripsiPrediksiHarga\system\CodeIgniter.php(419): CodeIgniter\CodeIgniter->runController(Object(App\Controllers\User\Dashboard))
#11 C:\xampp\htdocs\Lab28_SkripsiPrediksiHarga\ci4_SkripsiPrediksiHarga\system\CodeIgniter.php(326): CodeIgniter\CodeIgniter->handleRequest(NULL, Object(Config\Cache), false)
#12 C:\xampp\htdocs\Lab28_SkripsiPrediksiHarga\ci4_SkripsiPrediksiHarga\public\index.php(37): CodeIgniter\CodeIgniter->run()
#13 C:\xampp\htdocs\Lab28_SkripsiPrediksiHarga\ci4_SkripsiPrediksiHarga\system\Commands\Server\rewrite.php(43): require_once('C:\\xampp\\htdocs...')
#14 {main}
CRITICAL - 2024-07-22 11:13:49 --> Undefined offset: 0
#0 C:\xampp\htdocs\Lab28_SkripsiPrediksiHarga\ci4_SkripsiPrediksiHarga\app\Views\content.php(169): CodeIgniter\Debug\Exceptions->errorHandler(8, 'Undefined offse...', 'C:\\xampp\\htdocs...', 169, Array)
#1 C:\xampp\htdocs\Lab28_SkripsiPrediksiHarga\ci4_SkripsiPrediksiHarga\system\View\View.php(210): include('C:\\xampp\\htdocs...')
#2 C:\xampp\htdocs\Lab28_SkripsiPrediksiHarga\ci4_SkripsiPrediksiHarga\system\View\View.php(213): CodeIgniter\View\View->CodeIgniter\View\{closure}()
#3 C:\xampp\htdocs\Lab28_SkripsiPrediksiHarga\ci4_SkripsiPrediksiHarga\system\View\View.php(424): CodeIgniter\View\View->render('content', NULL, true)
#4 C:\xampp\htdocs\Lab28_SkripsiPrediksiHarga\ci4_SkripsiPrediksiHarga\app\Views\admin\dashboard.php(8): CodeIgniter\View\View->include('content')
#5 C:\xampp\htdocs\Lab28_SkripsiPrediksiHarga\ci4_SkripsiPrediksiHarga\system\View\View.php(210): include('C:\\xampp\\htdocs...')
#6 C:\xampp\htdocs\Lab28_SkripsiPrediksiHarga\ci4_SkripsiPrediksiHarga\system\View\View.php(213): CodeIgniter\View\View->CodeIgniter\View\{closure}()
#7 C:\xampp\htdocs\Lab28_SkripsiPrediksiHarga\ci4_SkripsiPrediksiHarga\system\Common.php(1089): CodeIgniter\View\View->render('dashboard', Array, true)
#8 C:\xampp\htdocs\Lab28_SkripsiPrediksiHarga\ci4_SkripsiPrediksiHarga\app\Controllers\Dashboard.php(9): view('dashboard')
#9 C:\xampp\htdocs\Lab28_SkripsiPrediksiHarga\ci4_SkripsiPrediksiHarga\system\CodeIgniter.php(832): App\Controllers\Dashboard->index()
#10 C:\xampp\htdocs\Lab28_SkripsiPrediksiHarga\ci4_SkripsiPrediksiHarga\system\CodeIgniter.php(419): CodeIgniter\CodeIgniter->runController(Object(App\Controllers\Dashboard))
#11 C:\xampp\htdocs\Lab28_SkripsiPrediksiHarga\ci4_SkripsiPrediksiHarga\system\CodeIgniter.php(326): CodeIgniter\CodeIgniter->handleRequest(NULL, Object(Config\Cache), false)
#12 C:\xampp\htdocs\Lab28_SkripsiPrediksiHarga\ci4_SkripsiPrediksiHarga\public\index.php(37): CodeIgniter\CodeIgniter->run()
#13 C:\xampp\htdocs\Lab28_SkripsiPrediksiHarga\ci4_SkripsiPrediksiHarga\system\Commands\Server\rewrite.php(43): require_once('C:\\xampp\\htdocs...')
#14 {main}
CRITICAL - 2024-07-22 11:14:00 --> Undefined offset: 0
#0 C:\xampp\htdocs\Lab28_SkripsiPrediksiHarga\ci4_SkripsiPrediksiHarga\app\Views\content.php(169): CodeIgniter\Debug\Exceptions->errorHandler(8, 'Undefined offse...', 'C:\\xampp\\htdocs...', 169, Array)
#1 C:\xampp\htdocs\Lab28_SkripsiPrediksiHarga\ci4_SkripsiPrediksiHarga\system\View\View.php(210): include('C:\\xampp\\htdocs...')
#2 C:\xampp\htdocs\Lab28_SkripsiPrediksiHarga\ci4_SkripsiPrediksiHarga\system\View\View.php(213): CodeIgniter\View\View->CodeIgniter\View\{closure}()
#3 C:\xampp\htdocs\Lab28_SkripsiPrediksiHarga\ci4_SkripsiPrediksiHarga\system\View\View.php(424): CodeIgniter\View\View->render('content', NULL, true)
#4 C:\xampp\htdocs\Lab28_SkripsiPrediksiHarga\ci4_SkripsiPrediksiHarga\app\Views\admin\dashboard.php(8): CodeIgniter\View\View->include('content')
#5 C:\xampp\htdocs\Lab28_SkripsiPrediksiHarga\ci4_SkripsiPrediksiHarga\system\View\View.php(210): include('C:\\xampp\\htdocs...')
#6 C:\xampp\htdocs\Lab28_SkripsiPrediksiHarga\ci4_SkripsiPrediksiHarga\system\View\View.php(213): CodeIgniter\View\View->CodeIgniter\View\{closure}()
#7 C:\xampp\htdocs\Lab28_SkripsiPrediksiHarga\ci4_SkripsiPrediksiHarga\system\Common.php(1089): CodeIgniter\View\View->render('admin/dashboard', Array, true)
#8 C:\xampp\htdocs\Lab28_SkripsiPrediksiHarga\ci4_SkripsiPrediksiHarga\app\Controllers\Admin\Dashboard.php(11): view('admin/dashboard')
#9 C:\xampp\htdocs\Lab28_SkripsiPrediksiHarga\ci4_SkripsiPrediksiHarga\system\CodeIgniter.php(832): App\Controllers\Admin\Dashboard->index()
#10 C:\xampp\htdocs\Lab28_SkripsiPrediksiHarga\ci4_SkripsiPrediksiHarga\system\CodeIgniter.php(419): CodeIgniter\CodeIgniter->runController(Object(App\Controllers\Admin\Dashboard))
#11 C:\xampp\htdocs\Lab28_SkripsiPrediksiHarga\ci4_SkripsiPrediksiHarga\system\CodeIgniter.php(326): CodeIgniter\CodeIgniter->handleRequest(NULL, Object(Config\Cache), false)
#12 C:\xampp\htdocs\Lab28_SkripsiPrediksiHarga\ci4_SkripsiPrediksiHarga\public\index.php(37): CodeIgniter\CodeIgniter->run()
#13 C:\xampp\htdocs\Lab28_SkripsiPrediksiHarga\ci4_SkripsiPrediksiHarga\system\Commands\Server\rewrite.php(43): require_once('C:\\xampp\\htdocs...')
#14 {main}
CRITICAL - 2024-07-22 11:15:13 --> Undefined offset: 0
#0 C:\xampp\htdocs\Lab28_SkripsiPrediksiHarga\ci4_SkripsiPrediksiHarga\app\Views\content.php(169): CodeIgniter\Debug\Exceptions->errorHandler(8, 'Undefined offse...', 'C:\\xampp\\htdocs...', 169, Array)
#1 C:\xampp\htdocs\Lab28_SkripsiPrediksiHarga\ci4_SkripsiPrediksiHarga\system\View\View.php(210): include('C:\\xampp\\htdocs...')
#2 C:\xampp\htdocs\Lab28_SkripsiPrediksiHarga\ci4_SkripsiPrediksiHarga\system\View\View.php(213): CodeIgniter\View\View->CodeIgniter\View\{closure}()
#3 C:\xampp\htdocs\Lab28_SkripsiPrediksiHarga\ci4_SkripsiPrediksiHarga\system\View\View.php(424): CodeIgniter\View\View->render('content', NULL, true)
#4 C:\xampp\htdocs\Lab28_SkripsiPrediksiHarga\ci4_SkripsiPrediksiHarga\app\Views\admin\dashboard.php(8): CodeIgniter\View\View->include('content')
#5 C:\xampp\htdocs\Lab28_SkripsiPrediksiHarga\ci4_SkripsiPrediksiHarga\system\View\View.php(210): include('C:\\xampp\\htdocs...')
#6 C:\xampp\htdocs\Lab28_SkripsiPrediksiHarga\ci4_SkripsiPrediksiHarga\system\View\View.php(213): CodeIgniter\View\View->CodeIgniter\View\{closure}()
#7 C:\xampp\htdocs\Lab28_SkripsiPrediksiHarga\ci4_SkripsiPrediksiHarga\system\Common.php(1089): CodeIgniter\View\View->render('admin/dashboard', Array, true)
#8 C:\xampp\htdocs\Lab28_SkripsiPrediksiHarga\ci4_SkripsiPrediksiHarga\app\Controllers\Admin\Dashboard.php(11): view('admin/dashboard')
#9 C:\xampp\htdocs\Lab28_SkripsiPrediksiHarga\ci4_SkripsiPrediksiHarga\system\CodeIgniter.php(832): App\Controllers\Admin\Dashboard->index()
#10 C:\xampp\htdocs\Lab28_SkripsiPrediksiHarga\ci4_SkripsiPrediksiHarga\system\CodeIgniter.php(419): CodeIgniter\CodeIgniter->runController(Object(App\Controllers\Admin\Dashboard))
#11 C:\xampp\htdocs\Lab28_SkripsiPrediksiHarga\ci4_SkripsiPrediksiHarga\system\CodeIgniter.php(326): CodeIgniter\CodeIgniter->handleRequest(NULL, Object(Config\Cache), false)
#12 C:\xampp\htdocs\Lab28_SkripsiPrediksiHarga\ci4_SkripsiPrediksiHarga\public\index.php(37): CodeIgniter\CodeIgniter->run()
#13 C:\xampp\htdocs\Lab28_SkripsiPrediksiHarga\ci4_SkripsiPrediksiHarga\system\Commands\Server\rewrite.php(43): require_once('C:\\xampp\\htdocs...')
#14 {main}
CRITICAL - 2024-07-22 11:15:16 --> Undefined offset: 0
#0 C:\xampp\htdocs\Lab28_SkripsiPrediksiHarga\ci4_SkripsiPrediksiHarga\app\Views\content.php(169): CodeIgniter\Debug\Exceptions->errorHandler(8, 'Undefined offse...', 'C:\\xampp\\htdocs...', 169, Array)
#1 C:\xampp\htdocs\Lab28_SkripsiPrediksiHarga\ci4_SkripsiPrediksiHarga\system\View\View.php(210): include('C:\\xampp\\htdocs...')
#2 C:\xampp\htdocs\Lab28_SkripsiPrediksiHarga\ci4_SkripsiPrediksiHarga\system\View\View.php(213): CodeIgniter\View\View->CodeIgniter\View\{closure}()
#3 C:\xampp\htdocs\Lab28_SkripsiPrediksiHarga\ci4_SkripsiPrediksiHarga\system\View\View.php(424): CodeIgniter\View\View->render('content', NULL, true)
#4 C:\xampp\htdocs\Lab28_SkripsiPrediksiHarga\ci4_SkripsiPrediksiHarga\app\Views\admin\dashboard.php(8): CodeIgniter\View\View->include('content')
#5 C:\xampp\htdocs\Lab28_SkripsiPrediksiHarga\ci4_SkripsiPrediksiHarga\system\View\View.php(210): include('C:\\xampp\\htdocs...')
#6 C:\xampp\htdocs\Lab28_SkripsiPrediksiHarga\ci4_SkripsiPrediksiHarga\system\View\View.php(213): CodeIgniter\View\View->CodeIgniter\View\{closure}()
#7 C:\xampp\htdocs\Lab28_SkripsiPrediksiHarga\ci4_SkripsiPrediksiHarga\system\Common.php(1089): CodeIgniter\View\View->render('dashboard', Array, true)
#8 C:\xampp\htdocs\Lab28_SkripsiPrediksiHarga\ci4_SkripsiPrediksiHarga\app\Controllers\Dashboard.php(9): view('dashboard')
#9 C:\xampp\htdocs\Lab28_SkripsiPrediksiHarga\ci4_SkripsiPrediksiHarga\system\CodeIgniter.php(832): App\Controllers\Dashboard->index()
#10 C:\xampp\htdocs\Lab28_SkripsiPrediksiHarga\ci4_SkripsiPrediksiHarga\system\CodeIgniter.php(419): CodeIgniter\CodeIgniter->runController(Object(App\Controllers\Dashboard))
#11 C:\xampp\htdocs\Lab28_SkripsiPrediksiHarga\ci4_SkripsiPrediksiHarga\system\CodeIgniter.php(326): CodeIgniter\CodeIgniter->handleRequest(NULL, Object(Config\Cache), false)
#12 C:\xampp\htdocs\Lab28_SkripsiPrediksiHarga\ci4_SkripsiPrediksiHarga\public\index.php(37): CodeIgniter\CodeIgniter->run()
#13 C:\xampp\htdocs\Lab28_SkripsiPrediksiHarga\ci4_SkripsiPrediksiHarga\system\Commands\Server\rewrite.php(43): require_once('C:\\xampp\\htdocs...')
#14 {main}
CRITICAL - 2024-07-22 11:15:18 --> Undefined offset: 0
#0 C:\xampp\htdocs\Lab28_SkripsiPrediksiHarga\ci4_SkripsiPrediksiHarga\app\Views\content.php(169): CodeIgniter\Debug\Exceptions->errorHandler(8, 'Undefined offse...', 'C:\\xampp\\htdocs...', 169, Array)
#1 C:\xampp\htdocs\Lab28_SkripsiPrediksiHarga\ci4_SkripsiPrediksiHarga\system\View\View.php(210): include('C:\\xampp\\htdocs...')
#2 C:\xampp\htdocs\Lab28_SkripsiPrediksiHarga\ci4_SkripsiPrediksiHarga\system\View\View.php(213): CodeIgniter\View\View->CodeIgniter\View\{closure}()
#3 C:\xampp\htdocs\Lab28_SkripsiPrediksiHarga\ci4_SkripsiPrediksiHarga\system\View\View.php(424): CodeIgniter\View\View->render('content', NULL, true)
#4 C:\xampp\htdocs\Lab28_SkripsiPrediksiHarga\ci4_SkripsiPrediksiHarga\app\Views\admin\dashboard.php(8): CodeIgniter\View\View->include('content')
#5 C:\xampp\htdocs\Lab28_SkripsiPrediksiHarga\ci4_SkripsiPrediksiHarga\system\View\View.php(210): include('C:\\xampp\\htdocs...')
#6 C:\xampp\htdocs\Lab28_SkripsiPrediksiHarga\ci4_SkripsiPrediksiHarga\system\View\View.php(213): CodeIgniter\View\View->CodeIgniter\View\{closure}()
#7 C:\xampp\htdocs\Lab28_SkripsiPrediksiHarga\ci4_SkripsiPrediksiHarga\system\Common.php(1089): CodeIgniter\View\View->render('dashboard', Array, true)
#8 C:\xampp\htdocs\Lab28_SkripsiPrediksiHarga\ci4_SkripsiPrediksiHarga\app\Controllers\Dashboard.php(9): view('dashboard')
#9 C:\xampp\htdocs\Lab28_SkripsiPrediksiHarga\ci4_SkripsiPrediksiHarga\system\CodeIgniter.php(832): App\Controllers\Dashboard->index()
#10 C:\xampp\htdocs\Lab28_SkripsiPrediksiHarga\ci4_SkripsiPrediksiHarga\system\CodeIgniter.php(419): CodeIgniter\CodeIgniter->runController(Object(App\Controllers\Dashboard))
#11 C:\xampp\htdocs\Lab28_SkripsiPrediksiHarga\ci4_SkripsiPrediksiHarga\system\CodeIgniter.php(326): CodeIgniter\CodeIgniter->handleRequest(NULL, Object(Config\Cache), false)
#12 C:\xampp\htdocs\Lab28_SkripsiPrediksiHarga\ci4_SkripsiPrediksiHarga\public\index.php(37): CodeIgniter\CodeIgniter->run()
#13 C:\xampp\htdocs\Lab28_SkripsiPrediksiHarga\ci4_SkripsiPrediksiHarga\system\Commands\Server\rewrite.php(43): require_once('C:\\xampp\\htdocs...')
#14 {main}
CRITICAL - 2024-07-22 11:20:23 --> Undefined variable: attributes
#0 C:\xampp\htdocs\Lab28_SkripsiPrediksiHarga\ci4_SkripsiPrediksiHarga\app\Views\content.php(184): CodeIgniter\Debug\Exceptions->errorHandler(8, 'Undefined varia...', 'C:\\xampp\\htdocs...', 184, Array)
#1 C:\xampp\htdocs\Lab28_SkripsiPrediksiHarga\ci4_SkripsiPrediksiHarga\system\View\View.php(210): include('C:\\xampp\\htdocs...')
#2 C:\xampp\htdocs\Lab28_SkripsiPrediksiHarga\ci4_SkripsiPrediksiHarga\system\View\View.php(213): CodeIgniter\View\View->CodeIgniter\View\{closure}()
#3 C:\xampp\htdocs\Lab28_SkripsiPrediksiHarga\ci4_SkripsiPrediksiHarga\system\View\View.php(424): CodeIgniter\View\View->render('content', NULL, true)
#4 C:\xampp\htdocs\Lab28_SkripsiPrediksiHarga\ci4_SkripsiPrediksiHarga\app\Views\admin\dashboard.php(8): CodeIgniter\View\View->include('content')
#5 C:\xampp\htdocs\Lab28_SkripsiPrediksiHarga\ci4_SkripsiPrediksiHarga\system\View\View.php(210): include('C:\\xampp\\htdocs...')
#6 C:\xampp\htdocs\Lab28_SkripsiPrediksiHarga\ci4_SkripsiPrediksiHarga\system\View\View.php(213): CodeIgniter\View\View->CodeIgniter\View\{closure}()
#7 C:\xampp\htdocs\Lab28_SkripsiPrediksiHarga\ci4_SkripsiPrediksiHarga\system\Common.php(1089): CodeIgniter\View\View->render('dashboard', Array, true)
#8 C:\xampp\htdocs\Lab28_SkripsiPrediksiHarga\ci4_SkripsiPrediksiHarga\app\Controllers\Dashboard.php(9): view('dashboard')
#9 C:\xampp\htdocs\Lab28_SkripsiPrediksiHarga\ci4_SkripsiPrediksiHarga\system\CodeIgniter.php(832): App\Controllers\Dashboard->index()
#10 C:\xampp\htdocs\Lab28_SkripsiPrediksiHarga\ci4_SkripsiPrediksiHarga\system\CodeIgniter.php(419): CodeIgniter\CodeIgniter->runController(Object(App\Controllers\Dashboard))
#11 C:\xampp\htdocs\Lab28_SkripsiPrediksiHarga\ci4_SkripsiPrediksiHarga\system\CodeIgniter.php(326): CodeIgniter\CodeIgniter->handleRequest(NULL, Object(Config\Cache), false)
#12 C:\xampp\htdocs\Lab28_SkripsiPrediksiHarga\ci4_SkripsiPrediksiHarga\public\index.php(37): CodeIgniter\CodeIgniter->run()
#13 C:\xampp\htdocs\Lab28_SkripsiPrediksiHarga\ci4_SkripsiPrediksiHarga\system\Commands\Server\rewrite.php(43): require_once('C:\\xampp\\htdocs...')
#14 {main}
CRITICAL - 2024-07-22 11:31:00 --> Undefined offset: 0
#0 C:\xampp\htdocs\Lab28_SkripsiPrediksiHarga\ci4_SkripsiPrediksiHarga\app\Views\contentuser.php(169): CodeIgniter\Debug\Exceptions->errorHandler(8, 'Undefined offse...', 'C:\\xampp\\htdocs...', 169, Array)
#1 C:\xampp\htdocs\Lab28_SkripsiPrediksiHarga\ci4_SkripsiPrediksiHarga\system\View\View.php(210): include('C:\\xampp\\htdocs...')
#2 C:\xampp\htdocs\Lab28_SkripsiPrediksiHarga\ci4_SkripsiPrediksiHarga\system\View\View.php(213): CodeIgniter\View\View->CodeIgniter\View\{closure}()
#3 C:\xampp\htdocs\Lab28_SkripsiPrediksiHarga\ci4_SkripsiPrediksiHarga\system\View\View.php(424): CodeIgniter\View\View->render('contentuser', NULL, true)
#4 C:\xampp\htdocs\Lab28_SkripsiPrediksiHarga\ci4_SkripsiPrediksiHarga\app\Views\user\dashboard.php(8): CodeIgniter\View\View->include('contentuser')
#5 C:\xampp\htdocs\Lab28_SkripsiPrediksiHarga\ci4_SkripsiPrediksiHarga\system\View\View.php(210): include('C:\\xampp\\htdocs...')
#6 C:\xampp\htdocs\Lab28_SkripsiPrediksiHarga\ci4_SkripsiPrediksiHarga\system\View\View.php(213): CodeIgniter\View\View->CodeIgniter\View\{closure}()
#7 C:\xampp\htdocs\Lab28_SkripsiPrediksiHarga\ci4_SkripsiPrediksiHarga\system\Common.php(1089): CodeIgniter\View\View->render('user/dashboard', Array, true)
#8 C:\xampp\htdocs\Lab28_SkripsiPrediksiHarga\ci4_SkripsiPrediksiHarga\app\Controllers\User\Dashboard.php(11): view('user/dashboard')
#9 C:\xampp\htdocs\Lab28_SkripsiPrediksiHarga\ci4_SkripsiPrediksiHarga\system\CodeIgniter.php(832): App\Controllers\User\Dashboard->index()
#10 C:\xampp\htdocs\Lab28_SkripsiPrediksiHarga\ci4_SkripsiPrediksiHarga\system\CodeIgniter.php(419): CodeIgniter\CodeIgniter->runController(Object(App\Controllers\User\Dashboard))
#11 C:\xampp\htdocs\Lab28_SkripsiPrediksiHarga\ci4_SkripsiPrediksiHarga\system\CodeIgniter.php(326): CodeIgniter\CodeIgniter->handleRequest(NULL, Object(Config\Cache), false)
#12 C:\xampp\htdocs\Lab28_SkripsiPrediksiHarga\ci4_SkripsiPrediksiHarga\public\index.php(37): CodeIgniter\CodeIgniter->run()
#13 C:\xampp\htdocs\Lab28_SkripsiPrediksiHarga\ci4_SkripsiPrediksiHarga\system\Commands\Server\rewrite.php(43): require_once('C:\\xampp\\htdocs...')
#14 {main}
CRITICAL - 2024-07-22 11:45:44 --> Undefined index: 
#0 C:\xampp\htdocs\Lab28_SkripsiPrediksiHarga\ci4_SkripsiPrediksiHarga\app\Controllers\PrediksiPrice.php(132): CodeIgniter\Debug\Exceptions->errorHandler(8, 'Undefined index...', 'C:\\xampp\\htdocs...', 132, Array)
#1 C:\xampp\htdocs\Lab28_SkripsiPrediksiHarga\ci4_SkripsiPrediksiHarga\app\Controllers\PrediksiPrice.php(39): App\Controllers\PrediksiPrice->encode_value(NULL, Array)
#2 C:\xampp\htdocs\Lab28_SkripsiPrediksiHarga\ci4_SkripsiPrediksiHarga\system\CodeIgniter.php(832): App\Controllers\PrediksiPrice->proses_prediksiharga()
#3 C:\xampp\htdocs\Lab28_SkripsiPrediksiHarga\ci4_SkripsiPrediksiHarga\system\CodeIgniter.php(419): CodeIgniter\CodeIgniter->runController(Object(App\Controllers\PrediksiPrice))
#4 C:\xampp\htdocs\Lab28_SkripsiPrediksiHarga\ci4_SkripsiPrediksiHarga\system\CodeIgniter.php(326): CodeIgniter\CodeIgniter->handleRequest(NULL, Object(Config\Cache), false)
#5 C:\xampp\htdocs\Lab28_SkripsiPrediksiHarga\ci4_SkripsiPrediksiHarga\public\index.php(37): CodeIgniter\CodeIgniter->run()
#6 C:\xampp\htdocs\Lab28_SkripsiPrediksiHarga\ci4_SkripsiPrediksiHarga\system\Commands\Server\rewrite.php(43): require_once('C:\\xampp\\htdocs...')
#7 {main}
ERROR - 2024-07-22 11:51:28 --> Table 'si_prediksihargamold.csv_files' doesn't exist
CRITICAL - 2024-07-22 11:51:28 --> Table 'si_prediksihargamold.csv_files' doesn't exist
#0 C:\xampp\htdocs\Lab28_SkripsiPrediksiHarga\ci4_SkripsiPrediksiHarga\system\Database\MySQLi\Connection.php(292): mysqli->query('SELECT *\nFROM `...', 0)
#1 C:\xampp\htdocs\Lab28_SkripsiPrediksiHarga\ci4_SkripsiPrediksiHarga\system\Database\BaseConnection.php(670): CodeIgniter\Database\MySQLi\Connection->execute('SELECT *\nFROM `...')
#2 C:\xampp\htdocs\Lab28_SkripsiPrediksiHarga\ci4_SkripsiPrediksiHarga\system\Database\BaseConnection.php(598): CodeIgniter\Database\BaseConnection->simpleQuery('SELECT *\nFROM `...')
#3 C:\xampp\htdocs\Lab28_SkripsiPrediksiHarga\ci4_SkripsiPrediksiHarga\system\Database\BaseBuilder.php(1455): CodeIgniter\Database\BaseConnection->query('SELECT *\nFROM `...', Array, false)
#4 C:\xampp\htdocs\Lab28_SkripsiPrediksiHarga\ci4_SkripsiPrediksiHarga\app\Controllers\DataSet.php(395): CodeIgniter\Database\BaseBuilder->get()
#5 C:\xampp\htdocs\Lab28_SkripsiPrediksiHarga\ci4_SkripsiPrediksiHarga\system\CodeIgniter.php(832): App\Controllers\Dataset->download('8')
#6 C:\xampp\htdocs\Lab28_SkripsiPrediksiHarga\ci4_SkripsiPrediksiHarga\system\CodeIgniter.php(419): CodeIgniter\CodeIgniter->runController(Object(App\Controllers\Dataset))
#7 C:\xampp\htdocs\Lab28_SkripsiPrediksiHarga\ci4_SkripsiPrediksiHarga\system\CodeIgniter.php(326): CodeIgniter\CodeIgniter->handleRequest(NULL, Object(Config\Cache), false)
#8 C:\xampp\htdocs\Lab28_SkripsiPrediksiHarga\ci4_SkripsiPrediksiHarga\public\index.php(37): CodeIgniter\CodeIgniter->run()
#9 C:\xampp\htdocs\Lab28_SkripsiPrediksiHarga\ci4_SkripsiPrediksiHarga\system\Commands\Server\rewrite.php(43): require_once('C:\\xampp\\htdocs...')
#10 {main}
ERROR - 2024-07-22 11:55:29 --> Table 'si_prediksihargamold.files' doesn't exist
CRITICAL - 2024-07-22 11:55:29 --> Table 'si_prediksihargamold.files' doesn't exist
#0 C:\xampp\htdocs\Lab28_SkripsiPrediksiHarga\ci4_SkripsiPrediksiHarga\system\Database\MySQLi\Connection.php(292): mysqli->query('SELECT *\nFROM `...', 0)
#1 C:\xampp\htdocs\Lab28_SkripsiPrediksiHarga\ci4_SkripsiPrediksiHarga\system\Database\BaseConnection.php(670): CodeIgniter\Database\MySQLi\Connection->execute('SELECT *\nFROM `...')
#2 C:\xampp\htdocs\Lab28_SkripsiPrediksiHarga\ci4_SkripsiPrediksiHarga\system\Database\BaseConnection.php(598): CodeIgniter\Database\BaseConnection->simpleQuery('SELECT *\nFROM `...')
#3 C:\xampp\htdocs\Lab28_SkripsiPrediksiHarga\ci4_SkripsiPrediksiHarga\system\Database\BaseBuilder.php(1455): CodeIgniter\Database\BaseConnection->query('SELECT *\nFROM `...', Array, false)
#4 C:\xampp\htdocs\Lab28_SkripsiPrediksiHarga\ci4_SkripsiPrediksiHarga\app\Controllers\DataSet.php(395): CodeIgniter\Database\BaseBuilder->get()
#5 C:\xampp\htdocs\Lab28_SkripsiPrediksiHarga\ci4_SkripsiPrediksiHarga\system\CodeIgniter.php(832): App\Controllers\Dataset->download('8')
#6 C:\xampp\htdocs\Lab28_SkripsiPrediksiHarga\ci4_SkripsiPrediksiHarga\system\CodeIgniter.php(419): CodeIgniter\CodeIgniter->runController(Object(App\Controllers\Dataset))
#7 C:\xampp\htdocs\Lab28_SkripsiPrediksiHarga\ci4_SkripsiPrediksiHarga\system\CodeIgniter.php(326): CodeIgniter\CodeIgniter->handleRequest(NULL, Object(Config\Cache), false)
#8 C:\xampp\htdocs\Lab28_SkripsiPrediksiHarga\ci4_SkripsiPrediksiHarga\public\index.php(37): CodeIgniter\CodeIgniter->run()
#9 C:\xampp\htdocs\Lab28_SkripsiPrediksiHarga\ci4_SkripsiPrediksiHarga\system\Commands\Server\rewrite.php(43): require_once('C:\\xampp\\htdocs...')
#10 {main}
