CRITICAL - 2023-10-01 10:23:38 --> Invalid file: layout.php
#0 C:\xampp\htdocs\Lab17_si_karyawan\ci4_karyawan\system\View\View.php(198): CodeIgniter\Exceptions\FrameworkException::forInvalidFile('layout.php')
#1 C:\xampp\htdocs\Lab17_si_karyawan\ci4_karyawan\system\View\View.php(226): CodeIgniter\View\View->render('layout', Array, true)
#2 C:\xampp\htdocs\Lab17_si_karyawan\ci4_karyawan\system\Common.php(1089): CodeIgniter\View\View->render('login', Array, true)
#3 C:\xampp\htdocs\Lab17_si_karyawan\ci4_karyawan\app\Controllers\Login.php(12): view('login')
#4 C:\xampp\htdocs\Lab17_si_karyawan\ci4_karyawan\system\CodeIgniter.php(832): App\Controllers\Login->index()
#5 C:\xampp\htdocs\Lab17_si_karyawan\ci4_karyawan\system\CodeIgniter.php(419): CodeIgniter\CodeIgniter->runController(Object(App\Controllers\Login))
#6 C:\xampp\htdocs\Lab17_si_karyawan\ci4_karyawan\system\CodeIgniter.php(326): CodeIgniter\CodeIgniter->handleRequest(NULL, Object(Config\Cache), false)
#7 C:\xampp\htdocs\Lab17_si_karyawan\ci4_karyawan\public\index.php(37): CodeIgniter\CodeIgniter->run()
#8 C:\xampp\htdocs\Lab17_si_karyawan\ci4_karyawan\system\Commands\Server\rewrite.php(43): require_once('C:\\xampp\\htdocs...')
#9 {main}
CRITICAL - 2023-10-01 10:23:48 --> Invalid file: layout.php
#0 C:\xampp\htdocs\Lab17_si_karyawan\ci4_karyawan\system\View\View.php(198): CodeIgniter\Exceptions\FrameworkException::forInvalidFile('layout.php')
#1 C:\xampp\htdocs\Lab17_si_karyawan\ci4_karyawan\system\View\View.php(226): CodeIgniter\View\View->render('layout', Array, true)
#2 C:\xampp\htdocs\Lab17_si_karyawan\ci4_karyawan\system\Common.php(1089): CodeIgniter\View\View->render('register', Array, true)
#3 C:\xampp\htdocs\Lab17_si_karyawan\ci4_karyawan\app\Controllers\Register.php(18): view('register', Array)
#4 C:\xampp\htdocs\Lab17_si_karyawan\ci4_karyawan\system\CodeIgniter.php(832): App\Controllers\Register->index()
#5 C:\xampp\htdocs\Lab17_si_karyawan\ci4_karyawan\system\CodeIgniter.php(419): CodeIgniter\CodeIgniter->runController(Object(App\Controllers\Register))
#6 C:\xampp\htdocs\Lab17_si_karyawan\ci4_karyawan\system\CodeIgniter.php(326): CodeIgniter\CodeIgniter->handleRequest(NULL, Object(Config\Cache), false)
#7 C:\xampp\htdocs\Lab17_si_karyawan\ci4_karyawan\public\index.php(37): CodeIgniter\CodeIgniter->run()
#8 C:\xampp\htdocs\Lab17_si_karyawan\ci4_karyawan\system\Commands\Server\rewrite.php(43): require_once('C:\\xampp\\htdocs...')
#9 {main}
CRITICAL - 2023-10-01 10:23:55 --> Invalid file: layout.php
#0 C:\xampp\htdocs\Lab17_si_karyawan\ci4_karyawan\system\View\View.php(198): CodeIgniter\Exceptions\FrameworkException::forInvalidFile('layout.php')
#1 C:\xampp\htdocs\Lab17_si_karyawan\ci4_karyawan\system\View\View.php(226): CodeIgniter\View\View->render('layout', Array, true)
#2 C:\xampp\htdocs\Lab17_si_karyawan\ci4_karyawan\system\Common.php(1089): CodeIgniter\View\View->render('register', Array, true)
#3 C:\xampp\htdocs\Lab17_si_karyawan\ci4_karyawan\app\Controllers\Register.php(18): view('register', Array)
#4 C:\xampp\htdocs\Lab17_si_karyawan\ci4_karyawan\system\CodeIgniter.php(832): App\Controllers\Register->index()
#5 C:\xampp\htdocs\Lab17_si_karyawan\ci4_karyawan\system\CodeIgniter.php(419): CodeIgniter\CodeIgniter->runController(Object(App\Controllers\Register))
#6 C:\xampp\htdocs\Lab17_si_karyawan\ci4_karyawan\system\CodeIgniter.php(326): CodeIgniter\CodeIgniter->handleRequest(NULL, Object(Config\Cache), false)
#7 C:\xampp\htdocs\Lab17_si_karyawan\ci4_karyawan\public\index.php(37): CodeIgniter\CodeIgniter->run()
#8 C:\xampp\htdocs\Lab17_si_karyawan\ci4_karyawan\system\Commands\Server\rewrite.php(43): require_once('C:\\xampp\\htdocs...')
#9 {main}
CRITICAL - 2023-10-01 10:24:03 --> Invalid file: layout.php
#0 C:\xampp\htdocs\Lab17_si_karyawan\ci4_karyawan\system\View\View.php(198): CodeIgniter\Exceptions\FrameworkException::forInvalidFile('layout.php')
#1 C:\xampp\htdocs\Lab17_si_karyawan\ci4_karyawan\system\View\View.php(226): CodeIgniter\View\View->render('layout', Array, true)
#2 C:\xampp\htdocs\Lab17_si_karyawan\ci4_karyawan\system\Common.php(1089): CodeIgniter\View\View->render('register', Array, true)
#3 C:\xampp\htdocs\Lab17_si_karyawan\ci4_karyawan\app\Controllers\Register.php(18): view('register', Array)
#4 C:\xampp\htdocs\Lab17_si_karyawan\ci4_karyawan\system\CodeIgniter.php(832): App\Controllers\Register->index()
#5 C:\xampp\htdocs\Lab17_si_karyawan\ci4_karyawan\system\CodeIgniter.php(419): CodeIgniter\CodeIgniter->runController(Object(App\Controllers\Register))
#6 C:\xampp\htdocs\Lab17_si_karyawan\ci4_karyawan\system\CodeIgniter.php(326): CodeIgniter\CodeIgniter->handleRequest(NULL, Object(Config\Cache), false)
#7 C:\xampp\htdocs\Lab17_si_karyawan\ci4_karyawan\public\index.php(37): CodeIgniter\CodeIgniter->run()
#8 C:\xampp\htdocs\Lab17_si_karyawan\ci4_karyawan\system\Commands\Server\rewrite.php(43): require_once('C:\\xampp\\htdocs...')
#9 {main}
CRITICAL - 2023-10-01 10:24:43 --> Invalid file: layout.php
#0 C:\xampp\htdocs\Lab17_si_karyawan\ci4_karyawan\system\View\View.php(198): CodeIgniter\Exceptions\FrameworkException::forInvalidFile('layout.php')
#1 C:\xampp\htdocs\Lab17_si_karyawan\ci4_karyawan\system\View\View.php(226): CodeIgniter\View\View->render('layout', Array, true)
#2 C:\xampp\htdocs\Lab17_si_karyawan\ci4_karyawan\system\Common.php(1089): CodeIgniter\View\View->render('register', Array, true)
#3 C:\xampp\htdocs\Lab17_si_karyawan\ci4_karyawan\app\Controllers\Register.php(18): view('register', Array)
#4 C:\xampp\htdocs\Lab17_si_karyawan\ci4_karyawan\system\CodeIgniter.php(832): App\Controllers\Register->index()
#5 C:\xampp\htdocs\Lab17_si_karyawan\ci4_karyawan\system\CodeIgniter.php(419): CodeIgniter\CodeIgniter->runController(Object(App\Controllers\Register))
#6 C:\xampp\htdocs\Lab17_si_karyawan\ci4_karyawan\system\CodeIgniter.php(326): CodeIgniter\CodeIgniter->handleRequest(NULL, Object(Config\Cache), false)
#7 C:\xampp\htdocs\Lab17_si_karyawan\ci4_karyawan\public\index.php(37): CodeIgniter\CodeIgniter->run()
#8 C:\xampp\htdocs\Lab17_si_karyawan\ci4_karyawan\system\Commands\Server\rewrite.php(43): require_once('C:\\xampp\\htdocs...')
#9 {main}
CRITICAL - 2023-10-01 10:25:57 --> Invalid file: layout.php
#0 C:\xampp\htdocs\Lab17_si_karyawan\ci4_karyawan\system\View\View.php(198): CodeIgniter\Exceptions\FrameworkException::forInvalidFile('layout.php')
#1 C:\xampp\htdocs\Lab17_si_karyawan\ci4_karyawan\system\View\View.php(226): CodeIgniter\View\View->render('layout', Array, true)
#2 C:\xampp\htdocs\Lab17_si_karyawan\ci4_karyawan\system\Common.php(1089): CodeIgniter\View\View->render('register', Array, true)
#3 C:\xampp\htdocs\Lab17_si_karyawan\ci4_karyawan\app\Controllers\Register.php(18): view('register', Array)
#4 C:\xampp\htdocs\Lab17_si_karyawan\ci4_karyawan\system\CodeIgniter.php(832): App\Controllers\Register->index()
#5 C:\xampp\htdocs\Lab17_si_karyawan\ci4_karyawan\system\CodeIgniter.php(419): CodeIgniter\CodeIgniter->runController(Object(App\Controllers\Register))
#6 C:\xampp\htdocs\Lab17_si_karyawan\ci4_karyawan\system\CodeIgniter.php(326): CodeIgniter\CodeIgniter->handleRequest(NULL, Object(Config\Cache), false)
#7 C:\xampp\htdocs\Lab17_si_karyawan\ci4_karyawan\public\index.php(37): CodeIgniter\CodeIgniter->run()
#8 C:\xampp\htdocs\Lab17_si_karyawan\ci4_karyawan\system\Commands\Server\rewrite.php(43): require_once('C:\\xampp\\htdocs...')
#9 {main}
CRITICAL - 2023-10-01 10:26:00 --> Invalid file: layout.php
#0 C:\xampp\htdocs\Lab17_si_karyawan\ci4_karyawan\system\View\View.php(198): CodeIgniter\Exceptions\FrameworkException::forInvalidFile('layout.php')
#1 C:\xampp\htdocs\Lab17_si_karyawan\ci4_karyawan\system\View\View.php(226): CodeIgniter\View\View->render('layout', Array, true)
#2 C:\xampp\htdocs\Lab17_si_karyawan\ci4_karyawan\system\Common.php(1089): CodeIgniter\View\View->render('register', Array, true)
#3 C:\xampp\htdocs\Lab17_si_karyawan\ci4_karyawan\app\Controllers\Register.php(18): view('register', Array)
#4 C:\xampp\htdocs\Lab17_si_karyawan\ci4_karyawan\system\CodeIgniter.php(832): App\Controllers\Register->index()
#5 C:\xampp\htdocs\Lab17_si_karyawan\ci4_karyawan\system\CodeIgniter.php(419): CodeIgniter\CodeIgniter->runController(Object(App\Controllers\Register))
#6 C:\xampp\htdocs\Lab17_si_karyawan\ci4_karyawan\system\CodeIgniter.php(326): CodeIgniter\CodeIgniter->handleRequest(NULL, Object(Config\Cache), false)
#7 C:\xampp\htdocs\Lab17_si_karyawan\ci4_karyawan\public\index.php(37): CodeIgniter\CodeIgniter->run()
#8 C:\xampp\htdocs\Lab17_si_karyawan\ci4_karyawan\system\Commands\Server\rewrite.php(43): require_once('C:\\xampp\\htdocs...')
#9 {main}
CRITICAL - 2023-10-01 10:27:32 --> Invalid file: layout.php
#0 C:\xampp\htdocs\Lab17_si_karyawan\ci4_karyawan\system\View\View.php(198): CodeIgniter\Exceptions\FrameworkException::forInvalidFile('layout.php')
#1 C:\xampp\htdocs\Lab17_si_karyawan\ci4_karyawan\system\View\View.php(226): CodeIgniter\View\View->render('layout', Array, true)
#2 C:\xampp\htdocs\Lab17_si_karyawan\ci4_karyawan\system\Common.php(1089): CodeIgniter\View\View->render('register', Array, true)
#3 C:\xampp\htdocs\Lab17_si_karyawan\ci4_karyawan\app\Controllers\Register.php(18): view('register', Array)
#4 C:\xampp\htdocs\Lab17_si_karyawan\ci4_karyawan\system\CodeIgniter.php(832): App\Controllers\Register->index()
#5 C:\xampp\htdocs\Lab17_si_karyawan\ci4_karyawan\system\CodeIgniter.php(419): CodeIgniter\CodeIgniter->runController(Object(App\Controllers\Register))
#6 C:\xampp\htdocs\Lab17_si_karyawan\ci4_karyawan\system\CodeIgniter.php(326): CodeIgniter\CodeIgniter->handleRequest(NULL, Object(Config\Cache), false)
#7 C:\xampp\htdocs\Lab17_si_karyawan\ci4_karyawan\public\index.php(37): CodeIgniter\CodeIgniter->run()
#8 C:\xampp\htdocs\Lab17_si_karyawan\ci4_karyawan\system\Commands\Server\rewrite.php(43): require_once('C:\\xampp\\htdocs...')
#9 {main}
CRITICAL - 2023-10-01 10:27:33 --> Invalid file: layout.php
#0 C:\xampp\htdocs\Lab17_si_karyawan\ci4_karyawan\system\View\View.php(198): CodeIgniter\Exceptions\FrameworkException::forInvalidFile('layout.php')
#1 C:\xampp\htdocs\Lab17_si_karyawan\ci4_karyawan\system\View\View.php(226): CodeIgniter\View\View->render('layout', Array, true)
#2 C:\xampp\htdocs\Lab17_si_karyawan\ci4_karyawan\system\Common.php(1089): CodeIgniter\View\View->render('register', Array, true)
#3 C:\xampp\htdocs\Lab17_si_karyawan\ci4_karyawan\app\Controllers\Register.php(18): view('register', Array)
#4 C:\xampp\htdocs\Lab17_si_karyawan\ci4_karyawan\system\CodeIgniter.php(832): App\Controllers\Register->index()
#5 C:\xampp\htdocs\Lab17_si_karyawan\ci4_karyawan\system\CodeIgniter.php(419): CodeIgniter\CodeIgniter->runController(Object(App\Controllers\Register))
#6 C:\xampp\htdocs\Lab17_si_karyawan\ci4_karyawan\system\CodeIgniter.php(326): CodeIgniter\CodeIgniter->handleRequest(NULL, Object(Config\Cache), false)
#7 C:\xampp\htdocs\Lab17_si_karyawan\ci4_karyawan\public\index.php(37): CodeIgniter\CodeIgniter->run()
#8 C:\xampp\htdocs\Lab17_si_karyawan\ci4_karyawan\system\Commands\Server\rewrite.php(43): require_once('C:\\xampp\\htdocs...')
#9 {main}
CRITICAL - 2023-10-01 10:30:57 --> Invalid file: layout.php
#0 C:\xampp\htdocs\Lab17_si_karyawan\ci4_karyawan\system\View\View.php(198): CodeIgniter\Exceptions\FrameworkException::forInvalidFile('layout.php')
#1 C:\xampp\htdocs\Lab17_si_karyawan\ci4_karyawan\system\View\View.php(226): CodeIgniter\View\View->render('layout', Array, true)
#2 C:\xampp\htdocs\Lab17_si_karyawan\ci4_karyawan\system\Common.php(1089): CodeIgniter\View\View->render('register', Array, true)
#3 C:\xampp\htdocs\Lab17_si_karyawan\ci4_karyawan\app\Controllers\Register.php(18): view('register', Array)
#4 C:\xampp\htdocs\Lab17_si_karyawan\ci4_karyawan\system\CodeIgniter.php(832): App\Controllers\Register->index()
#5 C:\xampp\htdocs\Lab17_si_karyawan\ci4_karyawan\system\CodeIgniter.php(419): CodeIgniter\CodeIgniter->runController(Object(App\Controllers\Register))
#6 C:\xampp\htdocs\Lab17_si_karyawan\ci4_karyawan\system\CodeIgniter.php(326): CodeIgniter\CodeIgniter->handleRequest(NULL, Object(Config\Cache), false)
#7 C:\xampp\htdocs\Lab17_si_karyawan\ci4_karyawan\public\index.php(37): CodeIgniter\CodeIgniter->run()
#8 C:\xampp\htdocs\Lab17_si_karyawan\ci4_karyawan\system\Commands\Server\rewrite.php(43): require_once('C:\\xampp\\htdocs...')
#9 {main}
CRITICAL - 2023-10-01 10:31:00 --> Invalid file: layout.php
#0 C:\xampp\htdocs\Lab17_si_karyawan\ci4_karyawan\system\View\View.php(198): CodeIgniter\Exceptions\FrameworkException::forInvalidFile('layout.php')
#1 C:\xampp\htdocs\Lab17_si_karyawan\ci4_karyawan\system\View\View.php(226): CodeIgniter\View\View->render('layout', Array, true)
#2 C:\xampp\htdocs\Lab17_si_karyawan\ci4_karyawan\system\Common.php(1089): CodeIgniter\View\View->render('register', Array, true)
#3 C:\xampp\htdocs\Lab17_si_karyawan\ci4_karyawan\app\Controllers\Register.php(18): view('register', Array)
#4 C:\xampp\htdocs\Lab17_si_karyawan\ci4_karyawan\system\CodeIgniter.php(832): App\Controllers\Register->index()
#5 C:\xampp\htdocs\Lab17_si_karyawan\ci4_karyawan\system\CodeIgniter.php(419): CodeIgniter\CodeIgniter->runController(Object(App\Controllers\Register))
#6 C:\xampp\htdocs\Lab17_si_karyawan\ci4_karyawan\system\CodeIgniter.php(326): CodeIgniter\CodeIgniter->handleRequest(NULL, Object(Config\Cache), false)
#7 C:\xampp\htdocs\Lab17_si_karyawan\ci4_karyawan\public\index.php(37): CodeIgniter\CodeIgniter->run()
#8 C:\xampp\htdocs\Lab17_si_karyawan\ci4_karyawan\system\Commands\Server\rewrite.php(43): require_once('C:\\xampp\\htdocs...')
#9 {main}
CRITICAL - 2023-10-01 10:31:10 --> Invalid file: layout.php
#0 C:\xampp\htdocs\Lab17_si_karyawan\ci4_karyawan\system\View\View.php(198): CodeIgniter\Exceptions\FrameworkException::forInvalidFile('layout.php')
#1 C:\xampp\htdocs\Lab17_si_karyawan\ci4_karyawan\system\View\View.php(226): CodeIgniter\View\View->render('layout', Array, true)
#2 C:\xampp\htdocs\Lab17_si_karyawan\ci4_karyawan\system\Common.php(1089): CodeIgniter\View\View->render('register', Array, true)
#3 C:\xampp\htdocs\Lab17_si_karyawan\ci4_karyawan\app\Controllers\Register.php(18): view('register', Array)
#4 C:\xampp\htdocs\Lab17_si_karyawan\ci4_karyawan\system\CodeIgniter.php(832): App\Controllers\Register->index()
#5 C:\xampp\htdocs\Lab17_si_karyawan\ci4_karyawan\system\CodeIgniter.php(419): CodeIgniter\CodeIgniter->runController(Object(App\Controllers\Register))
#6 C:\xampp\htdocs\Lab17_si_karyawan\ci4_karyawan\system\CodeIgniter.php(326): CodeIgniter\CodeIgniter->handleRequest(NULL, Object(Config\Cache), false)
#7 C:\xampp\htdocs\Lab17_si_karyawan\ci4_karyawan\public\index.php(37): CodeIgniter\CodeIgniter->run()
#8 C:\xampp\htdocs\Lab17_si_karyawan\ci4_karyawan\system\Commands\Server\rewrite.php(43): require_once('C:\\xampp\\htdocs...')
#9 {main}
CRITICAL - 2023-10-01 10:31:15 --> Invalid file: layout.php
#0 C:\xampp\htdocs\Lab17_si_karyawan\ci4_karyawan\system\View\View.php(198): CodeIgniter\Exceptions\FrameworkException::forInvalidFile('layout.php')
#1 C:\xampp\htdocs\Lab17_si_karyawan\ci4_karyawan\system\View\View.php(226): CodeIgniter\View\View->render('layout', Array, true)
#2 C:\xampp\htdocs\Lab17_si_karyawan\ci4_karyawan\system\Common.php(1089): CodeIgniter\View\View->render('register', Array, true)
#3 C:\xampp\htdocs\Lab17_si_karyawan\ci4_karyawan\app\Controllers\Register.php(18): view('register', Array)
#4 C:\xampp\htdocs\Lab17_si_karyawan\ci4_karyawan\system\CodeIgniter.php(832): App\Controllers\Register->index()
#5 C:\xampp\htdocs\Lab17_si_karyawan\ci4_karyawan\system\CodeIgniter.php(419): CodeIgniter\CodeIgniter->runController(Object(App\Controllers\Register))
#6 C:\xampp\htdocs\Lab17_si_karyawan\ci4_karyawan\system\CodeIgniter.php(326): CodeIgniter\CodeIgniter->handleRequest(NULL, Object(Config\Cache), false)
#7 C:\xampp\htdocs\Lab17_si_karyawan\ci4_karyawan\public\index.php(37): CodeIgniter\CodeIgniter->run()
#8 C:\xampp\htdocs\Lab17_si_karyawan\ci4_karyawan\system\Commands\Server\rewrite.php(43): require_once('C:\\xampp\\htdocs...')
#9 {main}
CRITICAL - 2023-10-01 10:31:17 --> Invalid file: layout.php
#0 C:\xampp\htdocs\Lab17_si_karyawan\ci4_karyawan\system\View\View.php(198): CodeIgniter\Exceptions\FrameworkException::forInvalidFile('layout.php')
#1 C:\xampp\htdocs\Lab17_si_karyawan\ci4_karyawan\system\View\View.php(226): CodeIgniter\View\View->render('layout', Array, true)
#2 C:\xampp\htdocs\Lab17_si_karyawan\ci4_karyawan\system\Common.php(1089): CodeIgniter\View\View->render('register', Array, true)
#3 C:\xampp\htdocs\Lab17_si_karyawan\ci4_karyawan\app\Controllers\Register.php(18): view('register', Array)
#4 C:\xampp\htdocs\Lab17_si_karyawan\ci4_karyawan\system\CodeIgniter.php(832): App\Controllers\Register->index()
#5 C:\xampp\htdocs\Lab17_si_karyawan\ci4_karyawan\system\CodeIgniter.php(419): CodeIgniter\CodeIgniter->runController(Object(App\Controllers\Register))
#6 C:\xampp\htdocs\Lab17_si_karyawan\ci4_karyawan\system\CodeIgniter.php(326): CodeIgniter\CodeIgniter->handleRequest(NULL, Object(Config\Cache), false)
#7 C:\xampp\htdocs\Lab17_si_karyawan\ci4_karyawan\public\index.php(37): CodeIgniter\CodeIgniter->run()
#8 C:\xampp\htdocs\Lab17_si_karyawan\ci4_karyawan\system\Commands\Server\rewrite.php(43): require_once('C:\\xampp\\htdocs...')
#9 {main}
CRITICAL - 2023-10-01 10:32:11 --> Invalid file: layout.php
#0 C:\xampp\htdocs\Lab17_si_karyawan\ci4_karyawan\system\View\View.php(198): CodeIgniter\Exceptions\FrameworkException::forInvalidFile('layout.php')
#1 C:\xampp\htdocs\Lab17_si_karyawan\ci4_karyawan\system\View\View.php(226): CodeIgniter\View\View->render('layout', Array, true)
#2 C:\xampp\htdocs\Lab17_si_karyawan\ci4_karyawan\system\Common.php(1089): CodeIgniter\View\View->render('login', Array, true)
#3 C:\xampp\htdocs\Lab17_si_karyawan\ci4_karyawan\app\Controllers\Login.php(12): view('login')
#4 C:\xampp\htdocs\Lab17_si_karyawan\ci4_karyawan\system\CodeIgniter.php(832): App\Controllers\Login->index()
#5 C:\xampp\htdocs\Lab17_si_karyawan\ci4_karyawan\system\CodeIgniter.php(419): CodeIgniter\CodeIgniter->runController(Object(App\Controllers\Login))
#6 C:\xampp\htdocs\Lab17_si_karyawan\ci4_karyawan\system\CodeIgniter.php(326): CodeIgniter\CodeIgniter->handleRequest(NULL, Object(Config\Cache), false)
#7 C:\xampp\htdocs\Lab17_si_karyawan\ci4_karyawan\public\index.php(37): CodeIgniter\CodeIgniter->run()
#8 C:\xampp\htdocs\Lab17_si_karyawan\ci4_karyawan\system\Commands\Server\rewrite.php(43): require_once('C:\\xampp\\htdocs...')
#9 {main}
CRITICAL - 2023-10-01 10:32:20 --> Invalid file: layout.php
#0 C:\xampp\htdocs\Lab17_si_karyawan\ci4_karyawan\system\View\View.php(198): CodeIgniter\Exceptions\FrameworkException::forInvalidFile('layout.php')
#1 C:\xampp\htdocs\Lab17_si_karyawan\ci4_karyawan\system\View\View.php(226): CodeIgniter\View\View->render('layout', Array, true)
#2 C:\xampp\htdocs\Lab17_si_karyawan\ci4_karyawan\system\Common.php(1089): CodeIgniter\View\View->render('register', Array, true)
#3 C:\xampp\htdocs\Lab17_si_karyawan\ci4_karyawan\app\Controllers\Register.php(18): view('register', Array)
#4 C:\xampp\htdocs\Lab17_si_karyawan\ci4_karyawan\system\CodeIgniter.php(832): App\Controllers\Register->index()
#5 C:\xampp\htdocs\Lab17_si_karyawan\ci4_karyawan\system\CodeIgniter.php(419): CodeIgniter\CodeIgniter->runController(Object(App\Controllers\Register))
#6 C:\xampp\htdocs\Lab17_si_karyawan\ci4_karyawan\system\CodeIgniter.php(326): CodeIgniter\CodeIgniter->handleRequest(NULL, Object(Config\Cache), false)
#7 C:\xampp\htdocs\Lab17_si_karyawan\ci4_karyawan\public\index.php(37): CodeIgniter\CodeIgniter->run()
#8 C:\xampp\htdocs\Lab17_si_karyawan\ci4_karyawan\system\Commands\Server\rewrite.php(43): require_once('C:\\xampp\\htdocs...')
#9 {main}
CRITICAL - 2023-10-01 10:32:21 --> Invalid file: layout.php
#0 C:\xampp\htdocs\Lab17_si_karyawan\ci4_karyawan\system\View\View.php(198): CodeIgniter\Exceptions\FrameworkException::forInvalidFile('layout.php')
#1 C:\xampp\htdocs\Lab17_si_karyawan\ci4_karyawan\system\View\View.php(226): CodeIgniter\View\View->render('layout', Array, true)
#2 C:\xampp\htdocs\Lab17_si_karyawan\ci4_karyawan\system\Common.php(1089): CodeIgniter\View\View->render('register', Array, true)
#3 C:\xampp\htdocs\Lab17_si_karyawan\ci4_karyawan\app\Controllers\Register.php(18): view('register', Array)
#4 C:\xampp\htdocs\Lab17_si_karyawan\ci4_karyawan\system\CodeIgniter.php(832): App\Controllers\Register->index()
#5 C:\xampp\htdocs\Lab17_si_karyawan\ci4_karyawan\system\CodeIgniter.php(419): CodeIgniter\CodeIgniter->runController(Object(App\Controllers\Register))
#6 C:\xampp\htdocs\Lab17_si_karyawan\ci4_karyawan\system\CodeIgniter.php(326): CodeIgniter\CodeIgniter->handleRequest(NULL, Object(Config\Cache), false)
#7 C:\xampp\htdocs\Lab17_si_karyawan\ci4_karyawan\public\index.php(37): CodeIgniter\CodeIgniter->run()
#8 C:\xampp\htdocs\Lab17_si_karyawan\ci4_karyawan\system\Commands\Server\rewrite.php(43): require_once('C:\\xampp\\htdocs...')
#9 {main}
ERROR - 2023-10-01 10:35:43 --> Unknown column 'email' in 'where clause'
CRITICAL - 2023-10-01 10:35:43 --> Unknown column 'email' in 'where clause'
#0 C:\xampp\htdocs\Lab17_si_karyawan\ci4_karyawan\system\Database\MySQLi\Connection.php(292): mysqli->query('SELECT 1\nFROM `...', 0)
#1 C:\xampp\htdocs\Lab17_si_karyawan\ci4_karyawan\system\Database\BaseConnection.php(670): CodeIgniter\Database\MySQLi\Connection->execute('SELECT 1\nFROM `...')
#2 C:\xampp\htdocs\Lab17_si_karyawan\ci4_karyawan\system\Database\BaseConnection.php(598): CodeIgniter\Database\BaseConnection->simpleQuery('SELECT 1\nFROM `...')
#3 C:\xampp\htdocs\Lab17_si_karyawan\ci4_karyawan\system\Database\BaseBuilder.php(1455): CodeIgniter\Database\BaseConnection->query('SELECT 1\nFROM `...', Array, false)
#4 C:\xampp\htdocs\Lab17_si_karyawan\ci4_karyawan\system\Validation\Rules.php(142): CodeIgniter\Database\BaseBuilder->get()
#5 C:\xampp\htdocs\Lab17_si_karyawan\ci4_karyawan\system\Validation\Validation.php(292): CodeIgniter\Validation\Rules->is_unique('gunawan@mail.co...', 'email', Array, NULL)
#6 C:\xampp\htdocs\Lab17_si_karyawan\ci4_karyawan\system\Validation\Validation.php(157): CodeIgniter\Validation\Validation->processRules('user_email', 'user_email', 'gunawan@mail.co...', Array, Array)
#7 C:\xampp\htdocs\Lab17_si_karyawan\ci4_karyawan\system\Controller.php(160): CodeIgniter\Validation\Validation->run()
#8 C:\xampp\htdocs\Lab17_si_karyawan\ci4_karyawan\app\Controllers\Register.php(30): CodeIgniter\Controller->validate(Array)
#9 C:\xampp\htdocs\Lab17_si_karyawan\ci4_karyawan\system\CodeIgniter.php(832): App\Controllers\Register->register()
#10 C:\xampp\htdocs\Lab17_si_karyawan\ci4_karyawan\system\CodeIgniter.php(419): CodeIgniter\CodeIgniter->runController(Object(App\Controllers\Register))
#11 C:\xampp\htdocs\Lab17_si_karyawan\ci4_karyawan\system\CodeIgniter.php(326): CodeIgniter\CodeIgniter->handleRequest(NULL, Object(Config\Cache), false)
#12 C:\xampp\htdocs\Lab17_si_karyawan\ci4_karyawan\public\index.php(37): CodeIgniter\CodeIgniter->run()
#13 C:\xampp\htdocs\Lab17_si_karyawan\ci4_karyawan\system\Commands\Server\rewrite.php(43): require_once('C:\\xampp\\htdocs...')
#14 {main}
ERROR - 2023-10-01 10:36:24 --> Unknown column 'email' in 'where clause'
CRITICAL - 2023-10-01 10:36:24 --> Unknown column 'email' in 'where clause'
#0 C:\xampp\htdocs\Lab17_si_karyawan\ci4_karyawan\system\Database\MySQLi\Connection.php(292): mysqli->query('SELECT 1\nFROM `...', 0)
#1 C:\xampp\htdocs\Lab17_si_karyawan\ci4_karyawan\system\Database\BaseConnection.php(670): CodeIgniter\Database\MySQLi\Connection->execute('SELECT 1\nFROM `...')
#2 C:\xampp\htdocs\Lab17_si_karyawan\ci4_karyawan\system\Database\BaseConnection.php(598): CodeIgniter\Database\BaseConnection->simpleQuery('SELECT 1\nFROM `...')
#3 C:\xampp\htdocs\Lab17_si_karyawan\ci4_karyawan\system\Database\BaseBuilder.php(1455): CodeIgniter\Database\BaseConnection->query('SELECT 1\nFROM `...', Array, false)
#4 C:\xampp\htdocs\Lab17_si_karyawan\ci4_karyawan\system\Validation\Rules.php(142): CodeIgniter\Database\BaseBuilder->get()
#5 C:\xampp\htdocs\Lab17_si_karyawan\ci4_karyawan\system\Validation\Validation.php(292): CodeIgniter\Validation\Rules->is_unique('gunawan@mail.co...', 'email', Array, NULL)
#6 C:\xampp\htdocs\Lab17_si_karyawan\ci4_karyawan\system\Validation\Validation.php(157): CodeIgniter\Validation\Validation->processRules('user_email', 'user_email', 'gunawan@mail.co...', Array, Array)
#7 C:\xampp\htdocs\Lab17_si_karyawan\ci4_karyawan\system\Controller.php(160): CodeIgniter\Validation\Validation->run()
#8 C:\xampp\htdocs\Lab17_si_karyawan\ci4_karyawan\app\Controllers\Register.php(30): CodeIgniter\Controller->validate(Array)
#9 C:\xampp\htdocs\Lab17_si_karyawan\ci4_karyawan\system\CodeIgniter.php(832): App\Controllers\Register->register()
#10 C:\xampp\htdocs\Lab17_si_karyawan\ci4_karyawan\system\CodeIgniter.php(419): CodeIgniter\CodeIgniter->runController(Object(App\Controllers\Register))
#11 C:\xampp\htdocs\Lab17_si_karyawan\ci4_karyawan\system\CodeIgniter.php(326): CodeIgniter\CodeIgniter->handleRequest(NULL, Object(Config\Cache), false)
#12 C:\xampp\htdocs\Lab17_si_karyawan\ci4_karyawan\public\index.php(37): CodeIgniter\CodeIgniter->run()
#13 C:\xampp\htdocs\Lab17_si_karyawan\ci4_karyawan\system\Commands\Server\rewrite.php(43): require_once('C:\\xampp\\htdocs...')
#14 {main}
ERROR - 2023-10-01 10:36:29 --> Unknown column 'email' in 'where clause'
CRITICAL - 2023-10-01 10:36:29 --> Unknown column 'email' in 'where clause'
#0 C:\xampp\htdocs\Lab17_si_karyawan\ci4_karyawan\system\Database\MySQLi\Connection.php(292): mysqli->query('SELECT 1\nFROM `...', 0)
#1 C:\xampp\htdocs\Lab17_si_karyawan\ci4_karyawan\system\Database\BaseConnection.php(670): CodeIgniter\Database\MySQLi\Connection->execute('SELECT 1\nFROM `...')
#2 C:\xampp\htdocs\Lab17_si_karyawan\ci4_karyawan\system\Database\BaseConnection.php(598): CodeIgniter\Database\BaseConnection->simpleQuery('SELECT 1\nFROM `...')
#3 C:\xampp\htdocs\Lab17_si_karyawan\ci4_karyawan\system\Database\BaseBuilder.php(1455): CodeIgniter\Database\BaseConnection->query('SELECT 1\nFROM `...', Array, false)
#4 C:\xampp\htdocs\Lab17_si_karyawan\ci4_karyawan\system\Validation\Rules.php(142): CodeIgniter\Database\BaseBuilder->get()
#5 C:\xampp\htdocs\Lab17_si_karyawan\ci4_karyawan\system\Validation\Validation.php(292): CodeIgniter\Validation\Rules->is_unique('gunawan@mail.co...', 'email', Array, NULL)
#6 C:\xampp\htdocs\Lab17_si_karyawan\ci4_karyawan\system\Validation\Validation.php(157): CodeIgniter\Validation\Validation->processRules('user_email', 'user_email', 'gunawan@mail.co...', Array, Array)
#7 C:\xampp\htdocs\Lab17_si_karyawan\ci4_karyawan\system\Controller.php(160): CodeIgniter\Validation\Validation->run()
#8 C:\xampp\htdocs\Lab17_si_karyawan\ci4_karyawan\app\Controllers\Register.php(30): CodeIgniter\Controller->validate(Array)
#9 C:\xampp\htdocs\Lab17_si_karyawan\ci4_karyawan\system\CodeIgniter.php(832): App\Controllers\Register->register()
#10 C:\xampp\htdocs\Lab17_si_karyawan\ci4_karyawan\system\CodeIgniter.php(419): CodeIgniter\CodeIgniter->runController(Object(App\Controllers\Register))
#11 C:\xampp\htdocs\Lab17_si_karyawan\ci4_karyawan\system\CodeIgniter.php(326): CodeIgniter\CodeIgniter->handleRequest(NULL, Object(Config\Cache), false)
#12 C:\xampp\htdocs\Lab17_si_karyawan\ci4_karyawan\public\index.php(37): CodeIgniter\CodeIgniter->run()
#13 C:\xampp\htdocs\Lab17_si_karyawan\ci4_karyawan\system\Commands\Server\rewrite.php(43): require_once('C:\\xampp\\htdocs...')
#14 {main}
CRITICAL - 2023-10-01 10:39:54 --> Class 'App\Filters\AuthFilter' not found
#0 C:\xampp\htdocs\Lab17_si_karyawan\ci4_karyawan\system\CodeIgniter.php(393): CodeIgniter\Filters\Filters->run('dashboard', 'before')
#1 C:\xampp\htdocs\Lab17_si_karyawan\ci4_karyawan\system\CodeIgniter.php(326): CodeIgniter\CodeIgniter->handleRequest(NULL, Object(Config\Cache), false)
#2 C:\xampp\htdocs\Lab17_si_karyawan\ci4_karyawan\public\index.php(37): CodeIgniter\CodeIgniter->run()
#3 C:\xampp\htdocs\Lab17_si_karyawan\ci4_karyawan\system\Commands\Server\rewrite.php(43): require_once('C:\\xampp\\htdocs...')
#4 {main}
ERROR - 2023-10-01 10:42:49 --> Unknown column 'email' in 'where clause'
CRITICAL - 2023-10-01 10:42:49 --> Unknown column 'email' in 'where clause'
#0 C:\xampp\htdocs\Lab17_si_karyawan\ci4_karyawan\system\Database\MySQLi\Connection.php(292): mysqli->query('SELECT 1\nFROM `...', 0)
#1 C:\xampp\htdocs\Lab17_si_karyawan\ci4_karyawan\system\Database\BaseConnection.php(670): CodeIgniter\Database\MySQLi\Connection->execute('SELECT 1\nFROM `...')
#2 C:\xampp\htdocs\Lab17_si_karyawan\ci4_karyawan\system\Database\BaseConnection.php(598): CodeIgniter\Database\BaseConnection->simpleQuery('SELECT 1\nFROM `...')
#3 C:\xampp\htdocs\Lab17_si_karyawan\ci4_karyawan\system\Database\BaseBuilder.php(1455): CodeIgniter\Database\BaseConnection->query('SELECT 1\nFROM `...', Array, false)
#4 C:\xampp\htdocs\Lab17_si_karyawan\ci4_karyawan\system\Validation\Rules.php(142): CodeIgniter\Database\BaseBuilder->get()
#5 C:\xampp\htdocs\Lab17_si_karyawan\ci4_karyawan\system\Validation\Validation.php(292): CodeIgniter\Validation\Rules->is_unique('gunawan@mail.co...', 'email', Array, NULL)
#6 C:\xampp\htdocs\Lab17_si_karyawan\ci4_karyawan\system\Validation\Validation.php(157): CodeIgniter\Validation\Validation->processRules('user_email', 'user_email', 'gunawan@mail.co...', Array, Array)
#7 C:\xampp\htdocs\Lab17_si_karyawan\ci4_karyawan\system\Controller.php(160): CodeIgniter\Validation\Validation->run()
#8 C:\xampp\htdocs\Lab17_si_karyawan\ci4_karyawan\app\Controllers\Register.php(30): CodeIgniter\Controller->validate(Array)
#9 C:\xampp\htdocs\Lab17_si_karyawan\ci4_karyawan\system\CodeIgniter.php(832): App\Controllers\Register->register()
#10 C:\xampp\htdocs\Lab17_si_karyawan\ci4_karyawan\system\CodeIgniter.php(419): CodeIgniter\CodeIgniter->runController(Object(App\Controllers\Register))
#11 C:\xampp\htdocs\Lab17_si_karyawan\ci4_karyawan\system\CodeIgniter.php(326): CodeIgniter\CodeIgniter->handleRequest(NULL, Object(Config\Cache), false)
#12 C:\xampp\htdocs\Lab17_si_karyawan\ci4_karyawan\public\index.php(37): CodeIgniter\CodeIgniter->run()
#13 C:\xampp\htdocs\Lab17_si_karyawan\ci4_karyawan\system\Commands\Server\rewrite.php(43): require_once('C:\\xampp\\htdocs...')
#14 {main}
ERROR - 2023-10-01 10:47:15 --> Unknown column 'email' in 'where clause'
CRITICAL - 2023-10-01 10:47:15 --> Unknown column 'email' in 'where clause'
#0 C:\xampp\htdocs\Lab17_si_karyawan\ci4_karyawan\system\Database\MySQLi\Connection.php(292): mysqli->query('SELECT *\nFROM `...', 0)
#1 C:\xampp\htdocs\Lab17_si_karyawan\ci4_karyawan\system\Database\BaseConnection.php(670): CodeIgniter\Database\MySQLi\Connection->execute('SELECT *\nFROM `...')
#2 C:\xampp\htdocs\Lab17_si_karyawan\ci4_karyawan\system\Database\BaseConnection.php(598): CodeIgniter\Database\BaseConnection->simpleQuery('SELECT *\nFROM `...')
#3 C:\xampp\htdocs\Lab17_si_karyawan\ci4_karyawan\system\Database\BaseBuilder.php(1455): CodeIgniter\Database\BaseConnection->query('SELECT *\nFROM `...', Array, false)
#4 C:\xampp\htdocs\Lab17_si_karyawan\ci4_karyawan\system\Model.php(210): CodeIgniter\Database\BaseBuilder->get()
#5 C:\xampp\htdocs\Lab17_si_karyawan\ci4_karyawan\system\BaseModel.php(622): CodeIgniter\Model->doFirst()
#6 C:\xampp\htdocs\Lab17_si_karyawan\ci4_karyawan\app\Controllers\Login.php(23): CodeIgniter\BaseModel->first()
#7 C:\xampp\htdocs\Lab17_si_karyawan\ci4_karyawan\system\CodeIgniter.php(832): App\Controllers\Login->authenticate()
#8 C:\xampp\htdocs\Lab17_si_karyawan\ci4_karyawan\system\CodeIgniter.php(419): CodeIgniter\CodeIgniter->runController(Object(App\Controllers\Login))
#9 C:\xampp\htdocs\Lab17_si_karyawan\ci4_karyawan\system\CodeIgniter.php(326): CodeIgniter\CodeIgniter->handleRequest(NULL, Object(Config\Cache), false)
#10 C:\xampp\htdocs\Lab17_si_karyawan\ci4_karyawan\public\index.php(37): CodeIgniter\CodeIgniter->run()
#11 C:\xampp\htdocs\Lab17_si_karyawan\ci4_karyawan\system\Commands\Server\rewrite.php(43): require_once('C:\\xampp\\htdocs...')
#12 {main}
CRITICAL - 2023-10-01 10:49:58 --> Undefined variable: title
#0 C:\xampp\htdocs\Lab17_si_karyawan\ci4_karyawan\app\Views\template\header.php(7): CodeIgniter\Debug\Exceptions->errorHandler(8, 'Undefined varia...', 'C:\\xampp\\htdocs...', 7, Array)
#1 C:\xampp\htdocs\Lab17_si_karyawan\ci4_karyawan\system\View\View.php(210): include('C:\\xampp\\htdocs...')
#2 C:\xampp\htdocs\Lab17_si_karyawan\ci4_karyawan\system\View\View.php(213): CodeIgniter\View\View->CodeIgniter\View\{closure}()
#3 C:\xampp\htdocs\Lab17_si_karyawan\ci4_karyawan\system\View\View.php(424): CodeIgniter\View\View->render('template/header', NULL, true)
#4 C:\xampp\htdocs\Lab17_si_karyawan\ci4_karyawan\app\Views\template\headerforcontent.php(81): CodeIgniter\View\View->include('template/header')
#5 C:\xampp\htdocs\Lab17_si_karyawan\ci4_karyawan\system\View\View.php(210): include('C:\\xampp\\htdocs...')
#6 C:\xampp\htdocs\Lab17_si_karyawan\ci4_karyawan\system\View\View.php(213): CodeIgniter\View\View->CodeIgniter\View\{closure}()
#7 C:\xampp\htdocs\Lab17_si_karyawan\ci4_karyawan\system\View\View.php(424): CodeIgniter\View\View->render('template/header...', NULL, true)
#8 C:\xampp\htdocs\Lab17_si_karyawan\ci4_karyawan\app\Views\dashboard.php(1): CodeIgniter\View\View->include('template/header...')
#9 C:\xampp\htdocs\Lab17_si_karyawan\ci4_karyawan\system\View\View.php(210): include('C:\\xampp\\htdocs...')
#10 C:\xampp\htdocs\Lab17_si_karyawan\ci4_karyawan\system\View\View.php(213): CodeIgniter\View\View->CodeIgniter\View\{closure}()
#11 C:\xampp\htdocs\Lab17_si_karyawan\ci4_karyawan\system\Common.php(1089): CodeIgniter\View\View->render('dashboard', Array, true)
#12 C:\xampp\htdocs\Lab17_si_karyawan\ci4_karyawan\app\Controllers\Dashboard.php(8): view('dashboard')
#13 C:\xampp\htdocs\Lab17_si_karyawan\ci4_karyawan\system\CodeIgniter.php(832): App\Controllers\Dashboard->index()
#14 C:\xampp\htdocs\Lab17_si_karyawan\ci4_karyawan\system\CodeIgniter.php(419): CodeIgniter\CodeIgniter->runController(Object(App\Controllers\Dashboard))
#15 C:\xampp\htdocs\Lab17_si_karyawan\ci4_karyawan\system\CodeIgniter.php(326): CodeIgniter\CodeIgniter->handleRequest(NULL, Object(Config\Cache), false)
#16 C:\xampp\htdocs\Lab17_si_karyawan\ci4_karyawan\public\index.php(37): CodeIgniter\CodeIgniter->run()
#17 C:\xampp\htdocs\Lab17_si_karyawan\ci4_karyawan\system\Commands\Server\rewrite.php(43): require_once('C:\\xampp\\htdocs...')
#18 {main}
CRITICAL - 2023-10-01 10:50:40 --> Undefined variable: title
#0 C:\xampp\htdocs\Lab17_si_karyawan\ci4_karyawan\app\Views\template\header.php(7): CodeIgniter\Debug\Exceptions->errorHandler(8, 'Undefined varia...', 'C:\\xampp\\htdocs...', 7, Array)
#1 C:\xampp\htdocs\Lab17_si_karyawan\ci4_karyawan\system\View\View.php(210): include('C:\\xampp\\htdocs...')
#2 C:\xampp\htdocs\Lab17_si_karyawan\ci4_karyawan\system\View\View.php(213): CodeIgniter\View\View->CodeIgniter\View\{closure}()
#3 C:\xampp\htdocs\Lab17_si_karyawan\ci4_karyawan\system\View\View.php(424): CodeIgniter\View\View->render('template/header', NULL, true)
#4 C:\xampp\htdocs\Lab17_si_karyawan\ci4_karyawan\app\Views\template\headerforcontent.php(81): CodeIgniter\View\View->include('template/header')
#5 C:\xampp\htdocs\Lab17_si_karyawan\ci4_karyawan\system\View\View.php(210): include('C:\\xampp\\htdocs...')
#6 C:\xampp\htdocs\Lab17_si_karyawan\ci4_karyawan\system\View\View.php(213): CodeIgniter\View\View->CodeIgniter\View\{closure}()
#7 C:\xampp\htdocs\Lab17_si_karyawan\ci4_karyawan\system\View\View.php(424): CodeIgniter\View\View->render('template/header...', NULL, true)
#8 C:\xampp\htdocs\Lab17_si_karyawan\ci4_karyawan\app\Views\dashboard.php(1): CodeIgniter\View\View->include('template/header...')
#9 C:\xampp\htdocs\Lab17_si_karyawan\ci4_karyawan\system\View\View.php(210): include('C:\\xampp\\htdocs...')
#10 C:\xampp\htdocs\Lab17_si_karyawan\ci4_karyawan\system\View\View.php(213): CodeIgniter\View\View->CodeIgniter\View\{closure}()
#11 C:\xampp\htdocs\Lab17_si_karyawan\ci4_karyawan\system\Common.php(1089): CodeIgniter\View\View->render('dashboard', Array, true)
#12 C:\xampp\htdocs\Lab17_si_karyawan\ci4_karyawan\app\Controllers\Dashboard.php(8): view('dashboard')
#13 C:\xampp\htdocs\Lab17_si_karyawan\ci4_karyawan\system\CodeIgniter.php(832): App\Controllers\Dashboard->index()
#14 C:\xampp\htdocs\Lab17_si_karyawan\ci4_karyawan\system\CodeIgniter.php(419): CodeIgniter\CodeIgniter->runController(Object(App\Controllers\Dashboard))
#15 C:\xampp\htdocs\Lab17_si_karyawan\ci4_karyawan\system\CodeIgniter.php(326): CodeIgniter\CodeIgniter->handleRequest(NULL, Object(Config\Cache), false)
#16 C:\xampp\htdocs\Lab17_si_karyawan\ci4_karyawan\public\index.php(37): CodeIgniter\CodeIgniter->run()
#17 C:\xampp\htdocs\Lab17_si_karyawan\ci4_karyawan\system\Commands\Server\rewrite.php(43): require_once('C:\\xampp\\htdocs...')
#18 {main}
CRITICAL - 2023-10-01 10:50:43 --> Undefined variable: title
#0 C:\xampp\htdocs\Lab17_si_karyawan\ci4_karyawan\app\Views\template\header.php(7): CodeIgniter\Debug\Exceptions->errorHandler(8, 'Undefined varia...', 'C:\\xampp\\htdocs...', 7, Array)
#1 C:\xampp\htdocs\Lab17_si_karyawan\ci4_karyawan\system\View\View.php(210): include('C:\\xampp\\htdocs...')
#2 C:\xampp\htdocs\Lab17_si_karyawan\ci4_karyawan\system\View\View.php(213): CodeIgniter\View\View->CodeIgniter\View\{closure}()
#3 C:\xampp\htdocs\Lab17_si_karyawan\ci4_karyawan\system\View\View.php(424): CodeIgniter\View\View->render('template/header', NULL, true)
#4 C:\xampp\htdocs\Lab17_si_karyawan\ci4_karyawan\app\Views\template\headerforcontent.php(81): CodeIgniter\View\View->include('template/header')
#5 C:\xampp\htdocs\Lab17_si_karyawan\ci4_karyawan\system\View\View.php(210): include('C:\\xampp\\htdocs...')
#6 C:\xampp\htdocs\Lab17_si_karyawan\ci4_karyawan\system\View\View.php(213): CodeIgniter\View\View->CodeIgniter\View\{closure}()
#7 C:\xampp\htdocs\Lab17_si_karyawan\ci4_karyawan\system\View\View.php(424): CodeIgniter\View\View->render('template/header...', NULL, true)
#8 C:\xampp\htdocs\Lab17_si_karyawan\ci4_karyawan\app\Views\dashboard.php(1): CodeIgniter\View\View->include('template/header...')
#9 C:\xampp\htdocs\Lab17_si_karyawan\ci4_karyawan\system\View\View.php(210): include('C:\\xampp\\htdocs...')
#10 C:\xampp\htdocs\Lab17_si_karyawan\ci4_karyawan\system\View\View.php(213): CodeIgniter\View\View->CodeIgniter\View\{closure}()
#11 C:\xampp\htdocs\Lab17_si_karyawan\ci4_karyawan\system\Common.php(1089): CodeIgniter\View\View->render('dashboard', Array, true)
#12 C:\xampp\htdocs\Lab17_si_karyawan\ci4_karyawan\app\Controllers\Dashboard.php(8): view('dashboard')
#13 C:\xampp\htdocs\Lab17_si_karyawan\ci4_karyawan\system\CodeIgniter.php(832): App\Controllers\Dashboard->index()
#14 C:\xampp\htdocs\Lab17_si_karyawan\ci4_karyawan\system\CodeIgniter.php(419): CodeIgniter\CodeIgniter->runController(Object(App\Controllers\Dashboard))
#15 C:\xampp\htdocs\Lab17_si_karyawan\ci4_karyawan\system\CodeIgniter.php(326): CodeIgniter\CodeIgniter->handleRequest(NULL, Object(Config\Cache), false)
#16 C:\xampp\htdocs\Lab17_si_karyawan\ci4_karyawan\public\index.php(37): CodeIgniter\CodeIgniter->run()
#17 C:\xampp\htdocs\Lab17_si_karyawan\ci4_karyawan\system\Commands\Server\rewrite.php(43): require_once('C:\\xampp\\htdocs...')
#18 {main}
CRITICAL - 2023-10-01 10:52:21 --> Undefined variable: title
#0 C:\xampp\htdocs\Lab17_si_karyawan\ci4_karyawan\app\Views\template\header.php(7): CodeIgniter\Debug\Exceptions->errorHandler(8, 'Undefined varia...', 'C:\\xampp\\htdocs...', 7, Array)
#1 C:\xampp\htdocs\Lab17_si_karyawan\ci4_karyawan\system\View\View.php(210): include('C:\\xampp\\htdocs...')
#2 C:\xampp\htdocs\Lab17_si_karyawan\ci4_karyawan\system\View\View.php(213): CodeIgniter\View\View->CodeIgniter\View\{closure}()
#3 C:\xampp\htdocs\Lab17_si_karyawan\ci4_karyawan\system\View\View.php(424): CodeIgniter\View\View->render('template/header', NULL, true)
#4 C:\xampp\htdocs\Lab17_si_karyawan\ci4_karyawan\app\Views\template\headerforcontent.php(81): CodeIgniter\View\View->include('template/header')
#5 C:\xampp\htdocs\Lab17_si_karyawan\ci4_karyawan\system\View\View.php(210): include('C:\\xampp\\htdocs...')
#6 C:\xampp\htdocs\Lab17_si_karyawan\ci4_karyawan\system\View\View.php(213): CodeIgniter\View\View->CodeIgniter\View\{closure}()
#7 C:\xampp\htdocs\Lab17_si_karyawan\ci4_karyawan\system\View\View.php(424): CodeIgniter\View\View->render('template/header...', NULL, true)
#8 C:\xampp\htdocs\Lab17_si_karyawan\ci4_karyawan\app\Views\dashboard.php(1): CodeIgniter\View\View->include('template/header...')
#9 C:\xampp\htdocs\Lab17_si_karyawan\ci4_karyawan\system\View\View.php(210): include('C:\\xampp\\htdocs...')
#10 C:\xampp\htdocs\Lab17_si_karyawan\ci4_karyawan\system\View\View.php(213): CodeIgniter\View\View->CodeIgniter\View\{closure}()
#11 C:\xampp\htdocs\Lab17_si_karyawan\ci4_karyawan\system\Common.php(1089): CodeIgniter\View\View->render('dashboard', Array, true)
#12 C:\xampp\htdocs\Lab17_si_karyawan\ci4_karyawan\app\Controllers\Dashboard.php(8): view('dashboard')
#13 C:\xampp\htdocs\Lab17_si_karyawan\ci4_karyawan\system\CodeIgniter.php(832): App\Controllers\Dashboard->index()
#14 C:\xampp\htdocs\Lab17_si_karyawan\ci4_karyawan\system\CodeIgniter.php(419): CodeIgniter\CodeIgniter->runController(Object(App\Controllers\Dashboard))
#15 C:\xampp\htdocs\Lab17_si_karyawan\ci4_karyawan\system\CodeIgniter.php(326): CodeIgniter\CodeIgniter->handleRequest(NULL, Object(Config\Cache), false)
#16 C:\xampp\htdocs\Lab17_si_karyawan\ci4_karyawan\public\index.php(37): CodeIgniter\CodeIgniter->run()
#17 C:\xampp\htdocs\Lab17_si_karyawan\ci4_karyawan\system\Commands\Server\rewrite.php(43): require_once('C:\\xampp\\htdocs...')
#18 {main}
CRITICAL - 2023-10-01 10:52:27 --> Undefined variable: title
#0 C:\xampp\htdocs\Lab17_si_karyawan\ci4_karyawan\app\Views\template\header.php(7): CodeIgniter\Debug\Exceptions->errorHandler(8, 'Undefined varia...', 'C:\\xampp\\htdocs...', 7, Array)
#1 C:\xampp\htdocs\Lab17_si_karyawan\ci4_karyawan\system\View\View.php(210): include('C:\\xampp\\htdocs...')
#2 C:\xampp\htdocs\Lab17_si_karyawan\ci4_karyawan\system\View\View.php(213): CodeIgniter\View\View->CodeIgniter\View\{closure}()
#3 C:\xampp\htdocs\Lab17_si_karyawan\ci4_karyawan\system\View\View.php(424): CodeIgniter\View\View->render('template/header', NULL, true)
#4 C:\xampp\htdocs\Lab17_si_karyawan\ci4_karyawan\app\Views\template\headerforcontent.php(81): CodeIgniter\View\View->include('template/header')
#5 C:\xampp\htdocs\Lab17_si_karyawan\ci4_karyawan\system\View\View.php(210): include('C:\\xampp\\htdocs...')
#6 C:\xampp\htdocs\Lab17_si_karyawan\ci4_karyawan\system\View\View.php(213): CodeIgniter\View\View->CodeIgniter\View\{closure}()
#7 C:\xampp\htdocs\Lab17_si_karyawan\ci4_karyawan\system\View\View.php(424): CodeIgniter\View\View->render('template/header...', NULL, true)
#8 C:\xampp\htdocs\Lab17_si_karyawan\ci4_karyawan\app\Views\dashboard.php(1): CodeIgniter\View\View->include('template/header...')
#9 C:\xampp\htdocs\Lab17_si_karyawan\ci4_karyawan\system\View\View.php(210): include('C:\\xampp\\htdocs...')
#10 C:\xampp\htdocs\Lab17_si_karyawan\ci4_karyawan\system\View\View.php(213): CodeIgniter\View\View->CodeIgniter\View\{closure}()
#11 C:\xampp\htdocs\Lab17_si_karyawan\ci4_karyawan\system\Common.php(1089): CodeIgniter\View\View->render('dashboard', Array, true)
#12 C:\xampp\htdocs\Lab17_si_karyawan\ci4_karyawan\app\Controllers\Dashboard.php(8): view('dashboard')
#13 C:\xampp\htdocs\Lab17_si_karyawan\ci4_karyawan\system\CodeIgniter.php(832): App\Controllers\Dashboard->index()
#14 C:\xampp\htdocs\Lab17_si_karyawan\ci4_karyawan\system\CodeIgniter.php(419): CodeIgniter\CodeIgniter->runController(Object(App\Controllers\Dashboard))
#15 C:\xampp\htdocs\Lab17_si_karyawan\ci4_karyawan\system\CodeIgniter.php(326): CodeIgniter\CodeIgniter->handleRequest(NULL, Object(Config\Cache), false)
#16 C:\xampp\htdocs\Lab17_si_karyawan\ci4_karyawan\public\index.php(37): CodeIgniter\CodeIgniter->run()
#17 C:\xampp\htdocs\Lab17_si_karyawan\ci4_karyawan\system\Commands\Server\rewrite.php(43): require_once('C:\\xampp\\htdocs...')
#18 {main}
CRITICAL - 2023-10-01 10:52:30 --> Undefined variable: title
#0 C:\xampp\htdocs\Lab17_si_karyawan\ci4_karyawan\app\Views\template\header.php(7): CodeIgniter\Debug\Exceptions->errorHandler(8, 'Undefined varia...', 'C:\\xampp\\htdocs...', 7, Array)
#1 C:\xampp\htdocs\Lab17_si_karyawan\ci4_karyawan\system\View\View.php(210): include('C:\\xampp\\htdocs...')
#2 C:\xampp\htdocs\Lab17_si_karyawan\ci4_karyawan\system\View\View.php(213): CodeIgniter\View\View->CodeIgniter\View\{closure}()
#3 C:\xampp\htdocs\Lab17_si_karyawan\ci4_karyawan\system\View\View.php(424): CodeIgniter\View\View->render('template/header', NULL, true)
#4 C:\xampp\htdocs\Lab17_si_karyawan\ci4_karyawan\app\Views\template\headerforcontent.php(81): CodeIgniter\View\View->include('template/header')
#5 C:\xampp\htdocs\Lab17_si_karyawan\ci4_karyawan\system\View\View.php(210): include('C:\\xampp\\htdocs...')
#6 C:\xampp\htdocs\Lab17_si_karyawan\ci4_karyawan\system\View\View.php(213): CodeIgniter\View\View->CodeIgniter\View\{closure}()
#7 C:\xampp\htdocs\Lab17_si_karyawan\ci4_karyawan\system\View\View.php(424): CodeIgniter\View\View->render('template/header...', NULL, true)
#8 C:\xampp\htdocs\Lab17_si_karyawan\ci4_karyawan\app\Views\dashboard.php(1): CodeIgniter\View\View->include('template/header...')
#9 C:\xampp\htdocs\Lab17_si_karyawan\ci4_karyawan\system\View\View.php(210): include('C:\\xampp\\htdocs...')
#10 C:\xampp\htdocs\Lab17_si_karyawan\ci4_karyawan\system\View\View.php(213): CodeIgniter\View\View->CodeIgniter\View\{closure}()
#11 C:\xampp\htdocs\Lab17_si_karyawan\ci4_karyawan\system\Common.php(1089): CodeIgniter\View\View->render('dashboard', Array, true)
#12 C:\xampp\htdocs\Lab17_si_karyawan\ci4_karyawan\app\Controllers\Dashboard.php(8): view('dashboard')
#13 C:\xampp\htdocs\Lab17_si_karyawan\ci4_karyawan\system\CodeIgniter.php(832): App\Controllers\Dashboard->index()
#14 C:\xampp\htdocs\Lab17_si_karyawan\ci4_karyawan\system\CodeIgniter.php(419): CodeIgniter\CodeIgniter->runController(Object(App\Controllers\Dashboard))
#15 C:\xampp\htdocs\Lab17_si_karyawan\ci4_karyawan\system\CodeIgniter.php(326): CodeIgniter\CodeIgniter->handleRequest(NULL, Object(Config\Cache), false)
#16 C:\xampp\htdocs\Lab17_si_karyawan\ci4_karyawan\public\index.php(37): CodeIgniter\CodeIgniter->run()
#17 C:\xampp\htdocs\Lab17_si_karyawan\ci4_karyawan\system\Commands\Server\rewrite.php(43): require_once('C:\\xampp\\htdocs...')
#18 {main}
CRITICAL - 2023-10-01 10:53:24 --> Undefined variable: title
#0 C:\xampp\htdocs\Lab17_si_karyawan\ci4_karyawan\app\Views\template\header.php(7): CodeIgniter\Debug\Exceptions->errorHandler(8, 'Undefined varia...', 'C:\\xampp\\htdocs...', 7, Array)
#1 C:\xampp\htdocs\Lab17_si_karyawan\ci4_karyawan\system\View\View.php(210): include('C:\\xampp\\htdocs...')
#2 C:\xampp\htdocs\Lab17_si_karyawan\ci4_karyawan\system\View\View.php(213): CodeIgniter\View\View->CodeIgniter\View\{closure}()
#3 C:\xampp\htdocs\Lab17_si_karyawan\ci4_karyawan\system\View\View.php(424): CodeIgniter\View\View->render('template/header', NULL, true)
#4 C:\xampp\htdocs\Lab17_si_karyawan\ci4_karyawan\app\Views\template\headerforcontent.php(81): CodeIgniter\View\View->include('template/header')
#5 C:\xampp\htdocs\Lab17_si_karyawan\ci4_karyawan\system\View\View.php(210): include('C:\\xampp\\htdocs...')
#6 C:\xampp\htdocs\Lab17_si_karyawan\ci4_karyawan\system\View\View.php(213): CodeIgniter\View\View->CodeIgniter\View\{closure}()
#7 C:\xampp\htdocs\Lab17_si_karyawan\ci4_karyawan\system\View\View.php(424): CodeIgniter\View\View->render('template/header...', NULL, true)
#8 C:\xampp\htdocs\Lab17_si_karyawan\ci4_karyawan\app\Views\layout.php(10): CodeIgniter\View\View->include('template/header...')
#9 C:\xampp\htdocs\Lab17_si_karyawan\ci4_karyawan\system\View\View.php(210): include('C:\\xampp\\htdocs...')
#10 C:\xampp\htdocs\Lab17_si_karyawan\ci4_karyawan\system\View\View.php(213): CodeIgniter\View\View->CodeIgniter\View\{closure}()
#11 C:\xampp\htdocs\Lab17_si_karyawan\ci4_karyawan\system\View\View.php(226): CodeIgniter\View\View->render('layout', Array, true)
#12 C:\xampp\htdocs\Lab17_si_karyawan\ci4_karyawan\system\Common.php(1089): CodeIgniter\View\View->render('login', Array, true)
#13 C:\xampp\htdocs\Lab17_si_karyawan\ci4_karyawan\app\Controllers\Login.php(12): view('login')
#14 C:\xampp\htdocs\Lab17_si_karyawan\ci4_karyawan\system\CodeIgniter.php(832): App\Controllers\Login->index()
#15 C:\xampp\htdocs\Lab17_si_karyawan\ci4_karyawan\system\CodeIgniter.php(419): CodeIgniter\CodeIgniter->runController(Object(App\Controllers\Login))
#16 C:\xampp\htdocs\Lab17_si_karyawan\ci4_karyawan\system\CodeIgniter.php(326): CodeIgniter\CodeIgniter->handleRequest(NULL, Object(Config\Cache), false)
#17 C:\xampp\htdocs\Lab17_si_karyawan\ci4_karyawan\public\index.php(37): CodeIgniter\CodeIgniter->run()
#18 C:\xampp\htdocs\Lab17_si_karyawan\ci4_karyawan\system\Commands\Server\rewrite.php(43): require_once('C:\\xampp\\htdocs...')
#19 {main}
CRITICAL - 2023-10-01 11:02:32 --> valid_name is not a valid rule.
#0 C:\xampp\htdocs\Lab17_si_karyawan\ci4_karyawan\system\Validation\Validation.php(300): CodeIgniter\Validation\Exceptions\ValidationException::forRuleNotFound('valid_name')
#1 C:\xampp\htdocs\Lab17_si_karyawan\ci4_karyawan\system\Validation\Validation.php(157): CodeIgniter\Validation\Validation->processRules('user_name', 'user_name', 'gunawan', Array, Array)
#2 C:\xampp\htdocs\Lab17_si_karyawan\ci4_karyawan\system\Controller.php(160): CodeIgniter\Validation\Validation->run()
#3 C:\xampp\htdocs\Lab17_si_karyawan\ci4_karyawan\app\Controllers\Register.php(31): CodeIgniter\Controller->validate(Array)
#4 C:\xampp\htdocs\Lab17_si_karyawan\ci4_karyawan\system\CodeIgniter.php(832): App\Controllers\Register->register()
#5 C:\xampp\htdocs\Lab17_si_karyawan\ci4_karyawan\system\CodeIgniter.php(419): CodeIgniter\CodeIgniter->runController(Object(App\Controllers\Register))
#6 C:\xampp\htdocs\Lab17_si_karyawan\ci4_karyawan\system\CodeIgniter.php(326): CodeIgniter\CodeIgniter->handleRequest(NULL, Object(Config\Cache), false)
#7 C:\xampp\htdocs\Lab17_si_karyawan\ci4_karyawan\public\index.php(37): CodeIgniter\CodeIgniter->run()
#8 C:\xampp\htdocs\Lab17_si_karyawan\ci4_karyawan\system\Commands\Server\rewrite.php(43): require_once('C:\\xampp\\htdocs...')
#9 {main}
CRITICAL - 2023-10-01 11:07:29 --> valid_name is not a valid rule.
#0 C:\xampp\htdocs\Lab17_si_karyawan\ci4_karyawan\system\Validation\Validation.php(300): CodeIgniter\Validation\Exceptions\ValidationException::forRuleNotFound('valid_name')
#1 C:\xampp\htdocs\Lab17_si_karyawan\ci4_karyawan\system\Validation\Validation.php(157): CodeIgniter\Validation\Validation->processRules('user_name', 'user_name', 'gunawan', Array, Array)
#2 C:\xampp\htdocs\Lab17_si_karyawan\ci4_karyawan\system\Controller.php(160): CodeIgniter\Validation\Validation->run()
#3 C:\xampp\htdocs\Lab17_si_karyawan\ci4_karyawan\app\Controllers\Register.php(31): CodeIgniter\Controller->validate(Array)
#4 C:\xampp\htdocs\Lab17_si_karyawan\ci4_karyawan\system\CodeIgniter.php(832): App\Controllers\Register->register()
#5 C:\xampp\htdocs\Lab17_si_karyawan\ci4_karyawan\system\CodeIgniter.php(419): CodeIgniter\CodeIgniter->runController(Object(App\Controllers\Register))
#6 C:\xampp\htdocs\Lab17_si_karyawan\ci4_karyawan\system\CodeIgniter.php(326): CodeIgniter\CodeIgniter->handleRequest(NULL, Object(Config\Cache), false)
#7 C:\xampp\htdocs\Lab17_si_karyawan\ci4_karyawan\public\index.php(37): CodeIgniter\CodeIgniter->run()
#8 C:\xampp\htdocs\Lab17_si_karyawan\ci4_karyawan\system\Commands\Server\rewrite.php(43): require_once('C:\\xampp\\htdocs...')
#9 {main}
