CRITICAL - 2023-11-01 11:15:32 --> Invalid file: /useradmin/datauser.php
#0 C:\xampp\htdocs\Lab20_si_NGProduksi\ci4_ngproduksi\system\View\View.php(198): CodeIgniter\Exceptions\FrameworkException::forInvalidFile('/useradmin/data...')
#1 C:\xampp\htdocs\Lab20_si_NGProduksi\ci4_ngproduksi\system\Common.php(1089): CodeIgniter\View\View->render('/useradmin/data...', Array, true)
#2 C:\xampp\htdocs\Lab20_si_NGProduksi\ci4_ngproduksi\app\Controllers\Users.php(17): view('/useradmin/data...', Array)
#3 C:\xampp\htdocs\Lab20_si_NGProduksi\ci4_ngproduksi\system\CodeIgniter.php(832): App\Controllers\Users->index()
#4 C:\xampp\htdocs\Lab20_si_NGProduksi\ci4_ngproduksi\system\CodeIgniter.php(419): CodeIgniter\CodeIgniter->runController(Object(App\Controllers\Users))
#5 C:\xampp\htdocs\Lab20_si_NGProduksi\ci4_ngproduksi\system\CodeIgniter.php(326): CodeIgniter\CodeIgniter->handleRequest(NULL, Object(Config\Cache), false)
#6 C:\xampp\htdocs\Lab20_si_NGProduksi\ci4_ngproduksi\public\index.php(37): CodeIgniter\CodeIgniter->run()
#7 C:\xampp\htdocs\Lab20_si_NGProduksi\ci4_ngproduksi\system\Commands\Server\rewrite.php(43): require_once('C:\\xampp\\htdocs...')
#8 {main}
CRITICAL - 2023-11-01 11:16:03 --> Invalid file: template/adminheaderforcontent.php
#0 C:\xampp\htdocs\Lab20_si_NGProduksi\ci4_ngproduksi\system\View\View.php(198): CodeIgniter\Exceptions\FrameworkException::forInvalidFile('template/adminh...')
#1 C:\xampp\htdocs\Lab20_si_NGProduksi\ci4_ngproduksi\system\View\View.php(424): CodeIgniter\View\View->render('template/adminh...', NULL, true)
#2 C:\xampp\htdocs\Lab20_si_NGProduksi\ci4_ngproduksi\app\Views\datauser.php(1): CodeIgniter\View\View->include('template/adminh...')
#3 C:\xampp\htdocs\Lab20_si_NGProduksi\ci4_ngproduksi\system\View\View.php(210): include('C:\\xampp\\htdocs...')
#4 C:\xampp\htdocs\Lab20_si_NGProduksi\ci4_ngproduksi\system\View\View.php(213): CodeIgniter\View\View->CodeIgniter\View\{closure}()
#5 C:\xampp\htdocs\Lab20_si_NGProduksi\ci4_ngproduksi\system\Common.php(1089): CodeIgniter\View\View->render('/datauser', Array, true)
#6 C:\xampp\htdocs\Lab20_si_NGProduksi\ci4_ngproduksi\app\Controllers\Users.php(17): view('/datauser', Array)
#7 C:\xampp\htdocs\Lab20_si_NGProduksi\ci4_ngproduksi\system\CodeIgniter.php(832): App\Controllers\Users->index()
#8 C:\xampp\htdocs\Lab20_si_NGProduksi\ci4_ngproduksi\system\CodeIgniter.php(419): CodeIgniter\CodeIgniter->runController(Object(App\Controllers\Users))
#9 C:\xampp\htdocs\Lab20_si_NGProduksi\ci4_ngproduksi\system\CodeIgniter.php(326): CodeIgniter\CodeIgniter->handleRequest(NULL, Object(Config\Cache), false)
#10 C:\xampp\htdocs\Lab20_si_NGProduksi\ci4_ngproduksi\public\index.php(37): CodeIgniter\CodeIgniter->run()
#11 C:\xampp\htdocs\Lab20_si_NGProduksi\ci4_ngproduksi\system\Commands\Server\rewrite.php(43): require_once('C:\\xampp\\htdocs...')
#12 {main}
ERROR - 2023-11-01 11:17:25 --> Unknown column 'users.id' in 'where clause'
CRITICAL - 2023-11-01 11:17:25 --> Unknown column 'users.id' in 'where clause'
#0 C:\xampp\htdocs\Lab20_si_NGProduksi\ci4_ngproduksi\system\Database\MySQLi\Connection.php(292): mysqli->query('SELECT *\nFROM `...', 0)
#1 C:\xampp\htdocs\Lab20_si_NGProduksi\ci4_ngproduksi\system\Database\BaseConnection.php(670): CodeIgniter\Database\MySQLi\Connection->execute('SELECT *\nFROM `...')
#2 C:\xampp\htdocs\Lab20_si_NGProduksi\ci4_ngproduksi\system\Database\BaseConnection.php(598): CodeIgniter\Database\BaseConnection->simpleQuery('SELECT *\nFROM `...')
#3 C:\xampp\htdocs\Lab20_si_NGProduksi\ci4_ngproduksi\system\Database\BaseBuilder.php(1455): CodeIgniter\Database\BaseConnection->query('SELECT *\nFROM `...', Array, false)
#4 C:\xampp\htdocs\Lab20_si_NGProduksi\ci4_ngproduksi\system\Model.php(142): CodeIgniter\Database\BaseBuilder->get()
#5 C:\xampp\htdocs\Lab20_si_NGProduksi\ci4_ngproduksi\system\BaseModel.php(523): CodeIgniter\Model->doFind(true, '2')
#6 C:\xampp\htdocs\Lab20_si_NGProduksi\ci4_ngproduksi\app\Controllers\Users.php(76): CodeIgniter\BaseModel->find('2')
#7 C:\xampp\htdocs\Lab20_si_NGProduksi\ci4_ngproduksi\system\CodeIgniter.php(832): App\Controllers\Users->edit('2')
#8 C:\xampp\htdocs\Lab20_si_NGProduksi\ci4_ngproduksi\system\CodeIgniter.php(419): CodeIgniter\CodeIgniter->runController(Object(App\Controllers\Users))
#9 C:\xampp\htdocs\Lab20_si_NGProduksi\ci4_ngproduksi\system\CodeIgniter.php(326): CodeIgniter\CodeIgniter->handleRequest(NULL, Object(Config\Cache), false)
#10 C:\xampp\htdocs\Lab20_si_NGProduksi\ci4_ngproduksi\public\index.php(37): CodeIgniter\CodeIgniter->run()
#11 C:\xampp\htdocs\Lab20_si_NGProduksi\ci4_ngproduksi\system\Commands\Server\rewrite.php(43): require_once('C:\\xampp\\htdocs...')
#12 {main}
ERROR - 2023-11-01 11:17:37 --> Unknown column 'users.id' in 'where clause'
CRITICAL - 2023-11-01 11:17:37 --> Unknown column 'users.id' in 'where clause'
#0 C:\xampp\htdocs\Lab20_si_NGProduksi\ci4_ngproduksi\system\Database\MySQLi\Connection.php(292): mysqli->query('SELECT *\nFROM `...', 0)
#1 C:\xampp\htdocs\Lab20_si_NGProduksi\ci4_ngproduksi\system\Database\BaseConnection.php(670): CodeIgniter\Database\MySQLi\Connection->execute('SELECT *\nFROM `...')
#2 C:\xampp\htdocs\Lab20_si_NGProduksi\ci4_ngproduksi\system\Database\BaseConnection.php(598): CodeIgniter\Database\BaseConnection->simpleQuery('SELECT *\nFROM `...')
#3 C:\xampp\htdocs\Lab20_si_NGProduksi\ci4_ngproduksi\system\Database\BaseBuilder.php(1455): CodeIgniter\Database\BaseConnection->query('SELECT *\nFROM `...', Array, false)
#4 C:\xampp\htdocs\Lab20_si_NGProduksi\ci4_ngproduksi\system\Model.php(142): CodeIgniter\Database\BaseBuilder->get()
#5 C:\xampp\htdocs\Lab20_si_NGProduksi\ci4_ngproduksi\system\BaseModel.php(523): CodeIgniter\Model->doFind(true, '2')
#6 C:\xampp\htdocs\Lab20_si_NGProduksi\ci4_ngproduksi\app\Controllers\Users.php(123): CodeIgniter\BaseModel->find('2')
#7 C:\xampp\htdocs\Lab20_si_NGProduksi\ci4_ngproduksi\system\CodeIgniter.php(832): App\Controllers\Users->delete('2')
#8 C:\xampp\htdocs\Lab20_si_NGProduksi\ci4_ngproduksi\system\CodeIgniter.php(419): CodeIgniter\CodeIgniter->runController(Object(App\Controllers\Users))
#9 C:\xampp\htdocs\Lab20_si_NGProduksi\ci4_ngproduksi\system\CodeIgniter.php(326): CodeIgniter\CodeIgniter->handleRequest(NULL, Object(Config\Cache), false)
#10 C:\xampp\htdocs\Lab20_si_NGProduksi\ci4_ngproduksi\public\index.php(37): CodeIgniter\CodeIgniter->run()
#11 C:\xampp\htdocs\Lab20_si_NGProduksi\ci4_ngproduksi\system\Commands\Server\rewrite.php(43): require_once('C:\\xampp\\htdocs...')
#12 {main}
CRITICAL - 2023-11-01 11:44:21 --> Trying to get property 'user_name' of non-object
#0 C:\xampp\htdocs\Lab20_si_NGProduksi\ci4_ngproduksi\app\Views\template\navbar.php(41): CodeIgniter\Debug\Exceptions->errorHandler(8, 'Trying to get p...', 'C:\\xampp\\htdocs...', 41, Array)
#1 C:\xampp\htdocs\Lab20_si_NGProduksi\ci4_ngproduksi\system\View\View.php(210): include('C:\\xampp\\htdocs...')
#2 C:\xampp\htdocs\Lab20_si_NGProduksi\ci4_ngproduksi\system\View\View.php(213): CodeIgniter\View\View->CodeIgniter\View\{closure}()
#3 C:\xampp\htdocs\Lab20_si_NGProduksi\ci4_ngproduksi\system\View\View.php(424): CodeIgniter\View\View->render('template/navbar', NULL, true)
#4 C:\xampp\htdocs\Lab20_si_NGProduksi\ci4_ngproduksi\app\Views\template\headerforcontent.php(49): CodeIgniter\View\View->include('template/navbar')
#5 C:\xampp\htdocs\Lab20_si_NGProduksi\ci4_ngproduksi\system\View\View.php(210): include('C:\\xampp\\htdocs...')
#6 C:\xampp\htdocs\Lab20_si_NGProduksi\ci4_ngproduksi\system\View\View.php(213): CodeIgniter\View\View->CodeIgniter\View\{closure}()
#7 C:\xampp\htdocs\Lab20_si_NGProduksi\ci4_ngproduksi\system\View\View.php(424): CodeIgniter\View\View->render('template/header...', NULL, true)
#8 C:\xampp\htdocs\Lab20_si_NGProduksi\ci4_ngproduksi\app\Views\datauser.php(1): CodeIgniter\View\View->include('template/header...')
#9 C:\xampp\htdocs\Lab20_si_NGProduksi\ci4_ngproduksi\system\View\View.php(210): include('C:\\xampp\\htdocs...')
#10 C:\xampp\htdocs\Lab20_si_NGProduksi\ci4_ngproduksi\system\View\View.php(213): CodeIgniter\View\View->CodeIgniter\View\{closure}()
#11 C:\xampp\htdocs\Lab20_si_NGProduksi\ci4_ngproduksi\system\Common.php(1089): CodeIgniter\View\View->render('/datauser', Array, true)
#12 C:\xampp\htdocs\Lab20_si_NGProduksi\ci4_ngproduksi\app\Controllers\Users.php(17): view('/datauser', Array)
#13 C:\xampp\htdocs\Lab20_si_NGProduksi\ci4_ngproduksi\system\CodeIgniter.php(832): App\Controllers\Users->index()
#14 C:\xampp\htdocs\Lab20_si_NGProduksi\ci4_ngproduksi\system\CodeIgniter.php(419): CodeIgniter\CodeIgniter->runController(Object(App\Controllers\Users))
#15 C:\xampp\htdocs\Lab20_si_NGProduksi\ci4_ngproduksi\system\CodeIgniter.php(326): CodeIgniter\CodeIgniter->handleRequest(NULL, Object(Config\Cache), false)
#16 C:\xampp\htdocs\Lab20_si_NGProduksi\ci4_ngproduksi\public\index.php(37): CodeIgniter\CodeIgniter->run()
#17 C:\xampp\htdocs\Lab20_si_NGProduksi\ci4_ngproduksi\system\Commands\Server\rewrite.php(43): require_once('C:\\xampp\\htdocs...')
#18 {main}
CRITICAL - 2023-11-01 11:44:23 --> Trying to get property 'user_name' of non-object
#0 C:\xampp\htdocs\Lab20_si_NGProduksi\ci4_ngproduksi\app\Views\template\navbar.php(41): CodeIgniter\Debug\Exceptions->errorHandler(8, 'Trying to get p...', 'C:\\xampp\\htdocs...', 41, Array)
#1 C:\xampp\htdocs\Lab20_si_NGProduksi\ci4_ngproduksi\system\View\View.php(210): include('C:\\xampp\\htdocs...')
#2 C:\xampp\htdocs\Lab20_si_NGProduksi\ci4_ngproduksi\system\View\View.php(213): CodeIgniter\View\View->CodeIgniter\View\{closure}()
#3 C:\xampp\htdocs\Lab20_si_NGProduksi\ci4_ngproduksi\system\View\View.php(424): CodeIgniter\View\View->render('template/navbar', NULL, true)
#4 C:\xampp\htdocs\Lab20_si_NGProduksi\ci4_ngproduksi\app\Views\template\headerforcontent.php(49): CodeIgniter\View\View->include('template/navbar')
#5 C:\xampp\htdocs\Lab20_si_NGProduksi\ci4_ngproduksi\system\View\View.php(210): include('C:\\xampp\\htdocs...')
#6 C:\xampp\htdocs\Lab20_si_NGProduksi\ci4_ngproduksi\system\View\View.php(213): CodeIgniter\View\View->CodeIgniter\View\{closure}()
#7 C:\xampp\htdocs\Lab20_si_NGProduksi\ci4_ngproduksi\system\View\View.php(424): CodeIgniter\View\View->render('template/header...', NULL, true)
#8 C:\xampp\htdocs\Lab20_si_NGProduksi\ci4_ngproduksi\app\Views\datauser.php(1): CodeIgniter\View\View->include('template/header...')
#9 C:\xampp\htdocs\Lab20_si_NGProduksi\ci4_ngproduksi\system\View\View.php(210): include('C:\\xampp\\htdocs...')
#10 C:\xampp\htdocs\Lab20_si_NGProduksi\ci4_ngproduksi\system\View\View.php(213): CodeIgniter\View\View->CodeIgniter\View\{closure}()
#11 C:\xampp\htdocs\Lab20_si_NGProduksi\ci4_ngproduksi\system\Common.php(1089): CodeIgniter\View\View->render('/datauser', Array, true)
#12 C:\xampp\htdocs\Lab20_si_NGProduksi\ci4_ngproduksi\app\Controllers\Users.php(17): view('/datauser', Array)
#13 C:\xampp\htdocs\Lab20_si_NGProduksi\ci4_ngproduksi\system\CodeIgniter.php(832): App\Controllers\Users->index()
#14 C:\xampp\htdocs\Lab20_si_NGProduksi\ci4_ngproduksi\system\CodeIgniter.php(419): CodeIgniter\CodeIgniter->runController(Object(App\Controllers\Users))
#15 C:\xampp\htdocs\Lab20_si_NGProduksi\ci4_ngproduksi\system\CodeIgniter.php(326): CodeIgniter\CodeIgniter->handleRequest(NULL, Object(Config\Cache), false)
#16 C:\xampp\htdocs\Lab20_si_NGProduksi\ci4_ngproduksi\public\index.php(37): CodeIgniter\CodeIgniter->run()
#17 C:\xampp\htdocs\Lab20_si_NGProduksi\ci4_ngproduksi\system\Commands\Server\rewrite.php(43): require_once('C:\\xampp\\htdocs...')
#18 {main}
CRITICAL - 2023-11-01 11:44:52 --> Trying to get property 'user_name' of non-object
#0 C:\xampp\htdocs\Lab20_si_NGProduksi\ci4_ngproduksi\app\Views\template\navbar.php(41): CodeIgniter\Debug\Exceptions->errorHandler(8, 'Trying to get p...', 'C:\\xampp\\htdocs...', 41, Array)
#1 C:\xampp\htdocs\Lab20_si_NGProduksi\ci4_ngproduksi\system\View\View.php(210): include('C:\\xampp\\htdocs...')
#2 C:\xampp\htdocs\Lab20_si_NGProduksi\ci4_ngproduksi\system\View\View.php(213): CodeIgniter\View\View->CodeIgniter\View\{closure}()
#3 C:\xampp\htdocs\Lab20_si_NGProduksi\ci4_ngproduksi\system\View\View.php(424): CodeIgniter\View\View->render('template/navbar', NULL, true)
#4 C:\xampp\htdocs\Lab20_si_NGProduksi\ci4_ngproduksi\app\Views\template\headerforcontent.php(49): CodeIgniter\View\View->include('template/navbar')
#5 C:\xampp\htdocs\Lab20_si_NGProduksi\ci4_ngproduksi\system\View\View.php(210): include('C:\\xampp\\htdocs...')
#6 C:\xampp\htdocs\Lab20_si_NGProduksi\ci4_ngproduksi\system\View\View.php(213): CodeIgniter\View\View->CodeIgniter\View\{closure}()
#7 C:\xampp\htdocs\Lab20_si_NGProduksi\ci4_ngproduksi\system\View\View.php(424): CodeIgniter\View\View->render('template/header...', NULL, true)
#8 C:\xampp\htdocs\Lab20_si_NGProduksi\ci4_ngproduksi\app\Views\datauser.php(1): CodeIgniter\View\View->include('template/header...')
#9 C:\xampp\htdocs\Lab20_si_NGProduksi\ci4_ngproduksi\system\View\View.php(210): include('C:\\xampp\\htdocs...')
#10 C:\xampp\htdocs\Lab20_si_NGProduksi\ci4_ngproduksi\system\View\View.php(213): CodeIgniter\View\View->CodeIgniter\View\{closure}()
#11 C:\xampp\htdocs\Lab20_si_NGProduksi\ci4_ngproduksi\system\Common.php(1089): CodeIgniter\View\View->render('/datauser', Array, true)
#12 C:\xampp\htdocs\Lab20_si_NGProduksi\ci4_ngproduksi\app\Controllers\Users.php(17): view('/datauser', Array)
#13 C:\xampp\htdocs\Lab20_si_NGProduksi\ci4_ngproduksi\system\CodeIgniter.php(832): App\Controllers\Users->index()
#14 C:\xampp\htdocs\Lab20_si_NGProduksi\ci4_ngproduksi\system\CodeIgniter.php(419): CodeIgniter\CodeIgniter->runController(Object(App\Controllers\Users))
#15 C:\xampp\htdocs\Lab20_si_NGProduksi\ci4_ngproduksi\system\CodeIgniter.php(326): CodeIgniter\CodeIgniter->handleRequest(NULL, Object(Config\Cache), false)
#16 C:\xampp\htdocs\Lab20_si_NGProduksi\ci4_ngproduksi\public\index.php(37): CodeIgniter\CodeIgniter->run()
#17 C:\xampp\htdocs\Lab20_si_NGProduksi\ci4_ngproduksi\system\Commands\Server\rewrite.php(43): require_once('C:\\xampp\\htdocs...')
#18 {main}
