ERROR - 2024-06-15 06:59:13 --> Performance calculation failed
ERROR - 2024-06-15 07:00:10 --> Performance calculation failed
ERROR - 2024-06-15 07:07:26 --> Performance calculation failed
CRITICAL - 2024-06-15 07:58:57 --> Call to undefined function userLogin()
#0 C:\xampp\htdocs\Lab28_SkripsiPrediksiHarga\ci4_SkripsiPrediksiHarga\system\View\View.php(210): include()
#1 C:\xampp\htdocs\Lab28_SkripsiPrediksiHarga\ci4_SkripsiPrediksiHarga\system\View\View.php(213): CodeIgniter\View\View->CodeIgniter\View\{closure}()
#2 C:\xampp\htdocs\Lab28_SkripsiPrediksiHarga\ci4_SkripsiPrediksiHarga\system\View\View.php(424): CodeIgniter\View\View->render('template/navbar', NULL, true)
#3 C:\xampp\htdocs\Lab28_SkripsiPrediksiHarga\ci4_SkripsiPrediksiHarga\app\Views\template\headerforcontent.php(50): CodeIgniter\View\View->include('template/navbar')
#4 C:\xampp\htdocs\Lab28_SkripsiPrediksiHarga\ci4_SkripsiPrediksiHarga\system\View\View.php(210): include('C:\\xampp\\htdocs...')
#5 C:\xampp\htdocs\Lab28_SkripsiPrediksiHarga\ci4_SkripsiPrediksiHarga\system\View\View.php(213): CodeIgniter\View\View->CodeIgniter\View\{closure}()
#6 C:\xampp\htdocs\Lab28_SkripsiPrediksiHarga\ci4_SkripsiPrediksiHarga\system\View\View.php(424): CodeIgniter\View\View->render('template/header...', NULL, true)
#7 C:\xampp\htdocs\Lab28_SkripsiPrediksiHarga\ci4_SkripsiPrediksiHarga\app\Views\results_view.php(1): CodeIgniter\View\View->include('template/header...')
#8 C:\xampp\htdocs\Lab28_SkripsiPrediksiHarga\ci4_SkripsiPrediksiHarga\system\View\View.php(210): include('C:\\xampp\\htdocs...')
#9 C:\xampp\htdocs\Lab28_SkripsiPrediksiHarga\ci4_SkripsiPrediksiHarga\system\View\View.php(213): CodeIgniter\View\View->CodeIgniter\View\{closure}()
#10 C:\xampp\htdocs\Lab28_SkripsiPrediksiHarga\ci4_SkripsiPrediksiHarga\system\Common.php(1089): CodeIgniter\View\View->render('results_view', Array, true)
#11 C:\xampp\htdocs\Lab28_SkripsiPrediksiHarga\ci4_SkripsiPrediksiHarga\app\Controllers\Results_view.php(15): view('results_view', Array)
#12 C:\xampp\htdocs\Lab28_SkripsiPrediksiHarga\ci4_SkripsiPrediksiHarga\system\CodeIgniter.php(832): App\Controllers\Results_view->index()
#13 C:\xampp\htdocs\Lab28_SkripsiPrediksiHarga\ci4_SkripsiPrediksiHarga\system\CodeIgniter.php(419): CodeIgniter\CodeIgniter->runController(Object(App\Controllers\Results_view))
#14 C:\xampp\htdocs\Lab28_SkripsiPrediksiHarga\ci4_SkripsiPrediksiHarga\system\CodeIgniter.php(326): CodeIgniter\CodeIgniter->handleRequest(NULL, Object(Config\Cache), false)
#15 C:\xampp\htdocs\Lab28_SkripsiPrediksiHarga\ci4_SkripsiPrediksiHarga\public\index.php(37): CodeIgniter\CodeIgniter->run()
#16 C:\xampp\htdocs\Lab28_SkripsiPrediksiHarga\ci4_SkripsiPrediksiHarga\system\Commands\Server\rewrite.php(43): require_once('C:\\xampp\\htdocs...')
#17 {main}
CRITICAL - 2024-06-15 07:59:23 --> Call to undefined function userLogin()
#0 C:\xampp\htdocs\Lab28_SkripsiPrediksiHarga\ci4_SkripsiPrediksiHarga\system\View\View.php(210): include()
#1 C:\xampp\htdocs\Lab28_SkripsiPrediksiHarga\ci4_SkripsiPrediksiHarga\system\View\View.php(213): CodeIgniter\View\View->CodeIgniter\View\{closure}()
#2 C:\xampp\htdocs\Lab28_SkripsiPrediksiHarga\ci4_SkripsiPrediksiHarga\system\View\View.php(424): CodeIgniter\View\View->render('template/navbar', NULL, true)
#3 C:\xampp\htdocs\Lab28_SkripsiPrediksiHarga\ci4_SkripsiPrediksiHarga\app\Views\template\headerforcontent.php(50): CodeIgniter\View\View->include('template/navbar')
#4 C:\xampp\htdocs\Lab28_SkripsiPrediksiHarga\ci4_SkripsiPrediksiHarga\system\View\View.php(210): include('C:\\xampp\\htdocs...')
#5 C:\xampp\htdocs\Lab28_SkripsiPrediksiHarga\ci4_SkripsiPrediksiHarga\system\View\View.php(213): CodeIgniter\View\View->CodeIgniter\View\{closure}()
#6 C:\xampp\htdocs\Lab28_SkripsiPrediksiHarga\ci4_SkripsiPrediksiHarga\system\View\View.php(424): CodeIgniter\View\View->render('template/header...', NULL, true)
#7 C:\xampp\htdocs\Lab28_SkripsiPrediksiHarga\ci4_SkripsiPrediksiHarga\app\Views\results_view.php(1): CodeIgniter\View\View->include('template/header...')
#8 C:\xampp\htdocs\Lab28_SkripsiPrediksiHarga\ci4_SkripsiPrediksiHarga\system\View\View.php(210): include('C:\\xampp\\htdocs...')
#9 C:\xampp\htdocs\Lab28_SkripsiPrediksiHarga\ci4_SkripsiPrediksiHarga\system\View\View.php(213): CodeIgniter\View\View->CodeIgniter\View\{closure}()
#10 C:\xampp\htdocs\Lab28_SkripsiPrediksiHarga\ci4_SkripsiPrediksiHarga\system\Common.php(1089): CodeIgniter\View\View->render('results_view', Array, true)
#11 C:\xampp\htdocs\Lab28_SkripsiPrediksiHarga\ci4_SkripsiPrediksiHarga\app\Controllers\Results_view.php(15): view('results_view', Array)
#12 C:\xampp\htdocs\Lab28_SkripsiPrediksiHarga\ci4_SkripsiPrediksiHarga\system\CodeIgniter.php(832): App\Controllers\Results_view->index()
#13 C:\xampp\htdocs\Lab28_SkripsiPrediksiHarga\ci4_SkripsiPrediksiHarga\system\CodeIgniter.php(419): CodeIgniter\CodeIgniter->runController(Object(App\Controllers\Results_view))
#14 C:\xampp\htdocs\Lab28_SkripsiPrediksiHarga\ci4_SkripsiPrediksiHarga\system\CodeIgniter.php(326): CodeIgniter\CodeIgniter->handleRequest(NULL, Object(Config\Cache), false)
#15 C:\xampp\htdocs\Lab28_SkripsiPrediksiHarga\ci4_SkripsiPrediksiHarga\public\index.php(37): CodeIgniter\CodeIgniter->run()
#16 C:\xampp\htdocs\Lab28_SkripsiPrediksiHarga\ci4_SkripsiPrediksiHarga\system\Commands\Server\rewrite.php(43): require_once('C:\\xampp\\htdocs...')
#17 {main}
ERROR - 2024-06-15 08:49:49 --> Gagal menghitung performa
ERROR - 2024-06-15 08:50:09 --> Gagal menghitung performa
ERROR - 2024-06-15 08:54:20 --> Gagal menghitung performa
ERROR - 2024-06-15 08:54:40 --> Gagal menghitung performa
ERROR - 2024-06-15 08:58:42 --> Gagal menghitung performa
ERROR - 2024-06-15 08:59:11 --> Gagal menghitung performa
CRITICAL - 2024-06-15 09:00:25 --> Call to undefined function userLogin()
#0 C:\xampp\htdocs\Lab28_SkripsiPrediksiHarga\ci4_SkripsiPrediksiHarga\system\View\View.php(210): include()
#1 C:\xampp\htdocs\Lab28_SkripsiPrediksiHarga\ci4_SkripsiPrediksiHarga\system\View\View.php(213): CodeIgniter\View\View->CodeIgniter\View\{closure}()
#2 C:\xampp\htdocs\Lab28_SkripsiPrediksiHarga\ci4_SkripsiPrediksiHarga\system\View\View.php(424): CodeIgniter\View\View->render('template/navbar', NULL, true)
#3 C:\xampp\htdocs\Lab28_SkripsiPrediksiHarga\ci4_SkripsiPrediksiHarga\app\Views\template\headerforcontent.php(50): CodeIgniter\View\View->include('template/navbar')
#4 C:\xampp\htdocs\Lab28_SkripsiPrediksiHarga\ci4_SkripsiPrediksiHarga\system\View\View.php(210): include('C:\\xampp\\htdocs...')
#5 C:\xampp\htdocs\Lab28_SkripsiPrediksiHarga\ci4_SkripsiPrediksiHarga\system\View\View.php(213): CodeIgniter\View\View->CodeIgniter\View\{closure}()
#6 C:\xampp\htdocs\Lab28_SkripsiPrediksiHarga\ci4_SkripsiPrediksiHarga\system\View\View.php(424): CodeIgniter\View\View->render('template/header...', NULL, true)
#7 C:\xampp\htdocs\Lab28_SkripsiPrediksiHarga\ci4_SkripsiPrediksiHarga\app\Views\results_view.php(1): CodeIgniter\View\View->include('template/header...')
#8 C:\xampp\htdocs\Lab28_SkripsiPrediksiHarga\ci4_SkripsiPrediksiHarga\system\View\View.php(210): include('C:\\xampp\\htdocs...')
#9 C:\xampp\htdocs\Lab28_SkripsiPrediksiHarga\ci4_SkripsiPrediksiHarga\system\View\View.php(213): CodeIgniter\View\View->CodeIgniter\View\{closure}()
#10 C:\xampp\htdocs\Lab28_SkripsiPrediksiHarga\ci4_SkripsiPrediksiHarga\system\Common.php(1089): CodeIgniter\View\View->render('results_view', Array, true)
#11 C:\xampp\htdocs\Lab28_SkripsiPrediksiHarga\ci4_SkripsiPrediksiHarga\app\Controllers\Results_view.php(15): view('results_view', Array)
#12 C:\xampp\htdocs\Lab28_SkripsiPrediksiHarga\ci4_SkripsiPrediksiHarga\system\CodeIgniter.php(832): App\Controllers\Results_view->index()
#13 C:\xampp\htdocs\Lab28_SkripsiPrediksiHarga\ci4_SkripsiPrediksiHarga\system\CodeIgniter.php(419): CodeIgniter\CodeIgniter->runController(Object(App\Controllers\Results_view))
#14 C:\xampp\htdocs\Lab28_SkripsiPrediksiHarga\ci4_SkripsiPrediksiHarga\system\CodeIgniter.php(326): CodeIgniter\CodeIgniter->handleRequest(NULL, Object(Config\Cache), false)
#15 C:\xampp\htdocs\Lab28_SkripsiPrediksiHarga\ci4_SkripsiPrediksiHarga\public\index.php(37): CodeIgniter\CodeIgniter->run()
#16 C:\xampp\htdocs\Lab28_SkripsiPrediksiHarga\ci4_SkripsiPrediksiHarga\system\Commands\Server\rewrite.php(43): require_once('C:\\xampp\\htdocs...')
#17 {main}
CRITICAL - 2024-06-15 09:01:00 --> Call to undefined function userLogin()
#0 C:\xampp\htdocs\Lab28_SkripsiPrediksiHarga\ci4_SkripsiPrediksiHarga\system\View\View.php(210): include()
#1 C:\xampp\htdocs\Lab28_SkripsiPrediksiHarga\ci4_SkripsiPrediksiHarga\system\View\View.php(213): CodeIgniter\View\View->CodeIgniter\View\{closure}()
#2 C:\xampp\htdocs\Lab28_SkripsiPrediksiHarga\ci4_SkripsiPrediksiHarga\system\View\View.php(424): CodeIgniter\View\View->render('template/navbar', NULL, true)
#3 C:\xampp\htdocs\Lab28_SkripsiPrediksiHarga\ci4_SkripsiPrediksiHarga\app\Views\template\headerforcontent.php(50): CodeIgniter\View\View->include('template/navbar')
#4 C:\xampp\htdocs\Lab28_SkripsiPrediksiHarga\ci4_SkripsiPrediksiHarga\system\View\View.php(210): include('C:\\xampp\\htdocs...')
#5 C:\xampp\htdocs\Lab28_SkripsiPrediksiHarga\ci4_SkripsiPrediksiHarga\system\View\View.php(213): CodeIgniter\View\View->CodeIgniter\View\{closure}()
#6 C:\xampp\htdocs\Lab28_SkripsiPrediksiHarga\ci4_SkripsiPrediksiHarga\system\View\View.php(424): CodeIgniter\View\View->render('template/header...', NULL, true)
#7 C:\xampp\htdocs\Lab28_SkripsiPrediksiHarga\ci4_SkripsiPrediksiHarga\app\Views\results_view.php(1): CodeIgniter\View\View->include('template/header...')
#8 C:\xampp\htdocs\Lab28_SkripsiPrediksiHarga\ci4_SkripsiPrediksiHarga\system\View\View.php(210): include('C:\\xampp\\htdocs...')
#9 C:\xampp\htdocs\Lab28_SkripsiPrediksiHarga\ci4_SkripsiPrediksiHarga\system\View\View.php(213): CodeIgniter\View\View->CodeIgniter\View\{closure}()
#10 C:\xampp\htdocs\Lab28_SkripsiPrediksiHarga\ci4_SkripsiPrediksiHarga\system\Common.php(1089): CodeIgniter\View\View->render('results_view', Array, true)
#11 C:\xampp\htdocs\Lab28_SkripsiPrediksiHarga\ci4_SkripsiPrediksiHarga\app\Controllers\Results_view.php(15): view('results_view', Array)
#12 C:\xampp\htdocs\Lab28_SkripsiPrediksiHarga\ci4_SkripsiPrediksiHarga\system\CodeIgniter.php(832): App\Controllers\Results_view->index()
#13 C:\xampp\htdocs\Lab28_SkripsiPrediksiHarga\ci4_SkripsiPrediksiHarga\system\CodeIgniter.php(419): CodeIgniter\CodeIgniter->runController(Object(App\Controllers\Results_view))
#14 C:\xampp\htdocs\Lab28_SkripsiPrediksiHarga\ci4_SkripsiPrediksiHarga\system\CodeIgniter.php(326): CodeIgniter\CodeIgniter->handleRequest(NULL, Object(Config\Cache), false)
#15 C:\xampp\htdocs\Lab28_SkripsiPrediksiHarga\ci4_SkripsiPrediksiHarga\public\index.php(37): CodeIgniter\CodeIgniter->run()
#16 C:\xampp\htdocs\Lab28_SkripsiPrediksiHarga\ci4_SkripsiPrediksiHarga\system\Commands\Server\rewrite.php(43): require_once('C:\\xampp\\htdocs...')
#17 {main}
CRITICAL - 2024-06-15 09:01:31 --> Call to undefined function userLogin()
#0 C:\xampp\htdocs\Lab28_SkripsiPrediksiHarga\ci4_SkripsiPrediksiHarga\system\View\View.php(210): include()
#1 C:\xampp\htdocs\Lab28_SkripsiPrediksiHarga\ci4_SkripsiPrediksiHarga\system\View\View.php(213): CodeIgniter\View\View->CodeIgniter\View\{closure}()
#2 C:\xampp\htdocs\Lab28_SkripsiPrediksiHarga\ci4_SkripsiPrediksiHarga\system\View\View.php(424): CodeIgniter\View\View->render('template/navbar', NULL, true)
#3 C:\xampp\htdocs\Lab28_SkripsiPrediksiHarga\ci4_SkripsiPrediksiHarga\app\Views\template\headerforcontent.php(50): CodeIgniter\View\View->include('template/navbar')
#4 C:\xampp\htdocs\Lab28_SkripsiPrediksiHarga\ci4_SkripsiPrediksiHarga\system\View\View.php(210): include('C:\\xampp\\htdocs...')
#5 C:\xampp\htdocs\Lab28_SkripsiPrediksiHarga\ci4_SkripsiPrediksiHarga\system\View\View.php(213): CodeIgniter\View\View->CodeIgniter\View\{closure}()
#6 C:\xampp\htdocs\Lab28_SkripsiPrediksiHarga\ci4_SkripsiPrediksiHarga\system\View\View.php(424): CodeIgniter\View\View->render('template/header...', NULL, true)
#7 C:\xampp\htdocs\Lab28_SkripsiPrediksiHarga\ci4_SkripsiPrediksiHarga\app\Views\results_view.php(1): CodeIgniter\View\View->include('template/header...')
#8 C:\xampp\htdocs\Lab28_SkripsiPrediksiHarga\ci4_SkripsiPrediksiHarga\system\View\View.php(210): include('C:\\xampp\\htdocs...')
#9 C:\xampp\htdocs\Lab28_SkripsiPrediksiHarga\ci4_SkripsiPrediksiHarga\system\View\View.php(213): CodeIgniter\View\View->CodeIgniter\View\{closure}()
#10 C:\xampp\htdocs\Lab28_SkripsiPrediksiHarga\ci4_SkripsiPrediksiHarga\system\Common.php(1089): CodeIgniter\View\View->render('results_view', Array, true)
#11 C:\xampp\htdocs\Lab28_SkripsiPrediksiHarga\ci4_SkripsiPrediksiHarga\app\Controllers\Results_view.php(15): view('results_view', Array)
#12 C:\xampp\htdocs\Lab28_SkripsiPrediksiHarga\ci4_SkripsiPrediksiHarga\system\CodeIgniter.php(832): App\Controllers\Results_view->index()
#13 C:\xampp\htdocs\Lab28_SkripsiPrediksiHarga\ci4_SkripsiPrediksiHarga\system\CodeIgniter.php(419): CodeIgniter\CodeIgniter->runController(Object(App\Controllers\Results_view))
#14 C:\xampp\htdocs\Lab28_SkripsiPrediksiHarga\ci4_SkripsiPrediksiHarga\system\CodeIgniter.php(326): CodeIgniter\CodeIgniter->handleRequest(NULL, Object(Config\Cache), false)
#15 C:\xampp\htdocs\Lab28_SkripsiPrediksiHarga\ci4_SkripsiPrediksiHarga\public\index.php(37): CodeIgniter\CodeIgniter->run()
#16 C:\xampp\htdocs\Lab28_SkripsiPrediksiHarga\ci4_SkripsiPrediksiHarga\system\Commands\Server\rewrite.php(43): require_once('C:\\xampp\\htdocs...')
#17 {main}
CRITICAL - 2024-06-15 09:01:53 --> Call to undefined function userLogin()
#0 C:\xampp\htdocs\Lab28_SkripsiPrediksiHarga\ci4_SkripsiPrediksiHarga\system\View\View.php(210): include()
#1 C:\xampp\htdocs\Lab28_SkripsiPrediksiHarga\ci4_SkripsiPrediksiHarga\system\View\View.php(213): CodeIgniter\View\View->CodeIgniter\View\{closure}()
#2 C:\xampp\htdocs\Lab28_SkripsiPrediksiHarga\ci4_SkripsiPrediksiHarga\system\View\View.php(424): CodeIgniter\View\View->render('template/navbar', NULL, true)
#3 C:\xampp\htdocs\Lab28_SkripsiPrediksiHarga\ci4_SkripsiPrediksiHarga\app\Views\template\headerforcontent.php(50): CodeIgniter\View\View->include('template/navbar')
#4 C:\xampp\htdocs\Lab28_SkripsiPrediksiHarga\ci4_SkripsiPrediksiHarga\system\View\View.php(210): include('C:\\xampp\\htdocs...')
#5 C:\xampp\htdocs\Lab28_SkripsiPrediksiHarga\ci4_SkripsiPrediksiHarga\system\View\View.php(213): CodeIgniter\View\View->CodeIgniter\View\{closure}()
#6 C:\xampp\htdocs\Lab28_SkripsiPrediksiHarga\ci4_SkripsiPrediksiHarga\system\View\View.php(424): CodeIgniter\View\View->render('template/header...', NULL, true)
#7 C:\xampp\htdocs\Lab28_SkripsiPrediksiHarga\ci4_SkripsiPrediksiHarga\app\Views\results_view.php(1): CodeIgniter\View\View->include('template/header...')
#8 C:\xampp\htdocs\Lab28_SkripsiPrediksiHarga\ci4_SkripsiPrediksiHarga\system\View\View.php(210): include('C:\\xampp\\htdocs...')
#9 C:\xampp\htdocs\Lab28_SkripsiPrediksiHarga\ci4_SkripsiPrediksiHarga\system\View\View.php(213): CodeIgniter\View\View->CodeIgniter\View\{closure}()
#10 C:\xampp\htdocs\Lab28_SkripsiPrediksiHarga\ci4_SkripsiPrediksiHarga\system\Common.php(1089): CodeIgniter\View\View->render('results_view', Array, true)
#11 C:\xampp\htdocs\Lab28_SkripsiPrediksiHarga\ci4_SkripsiPrediksiHarga\app\Controllers\Results_view.php(15): view('results_view', Array)
#12 C:\xampp\htdocs\Lab28_SkripsiPrediksiHarga\ci4_SkripsiPrediksiHarga\system\CodeIgniter.php(832): App\Controllers\Results_view->index()
#13 C:\xampp\htdocs\Lab28_SkripsiPrediksiHarga\ci4_SkripsiPrediksiHarga\system\CodeIgniter.php(419): CodeIgniter\CodeIgniter->runController(Object(App\Controllers\Results_view))
#14 C:\xampp\htdocs\Lab28_SkripsiPrediksiHarga\ci4_SkripsiPrediksiHarga\system\CodeIgniter.php(326): CodeIgniter\CodeIgniter->handleRequest(NULL, Object(Config\Cache), false)
#15 C:\xampp\htdocs\Lab28_SkripsiPrediksiHarga\ci4_SkripsiPrediksiHarga\public\index.php(37): CodeIgniter\CodeIgniter->run()
#16 C:\xampp\htdocs\Lab28_SkripsiPrediksiHarga\ci4_SkripsiPrediksiHarga\system\Commands\Server\rewrite.php(43): require_once('C:\\xampp\\htdocs...')
#17 {main}
CRITICAL - 2024-06-15 09:02:11 --> Call to undefined function userLogin()
#0 C:\xampp\htdocs\Lab28_SkripsiPrediksiHarga\ci4_SkripsiPrediksiHarga\system\View\View.php(210): include()
#1 C:\xampp\htdocs\Lab28_SkripsiPrediksiHarga\ci4_SkripsiPrediksiHarga\system\View\View.php(213): CodeIgniter\View\View->CodeIgniter\View\{closure}()
#2 C:\xampp\htdocs\Lab28_SkripsiPrediksiHarga\ci4_SkripsiPrediksiHarga\system\View\View.php(424): CodeIgniter\View\View->render('template/navbar', NULL, true)
#3 C:\xampp\htdocs\Lab28_SkripsiPrediksiHarga\ci4_SkripsiPrediksiHarga\app\Views\template\headerforcontent.php(50): CodeIgniter\View\View->include('template/navbar')
#4 C:\xampp\htdocs\Lab28_SkripsiPrediksiHarga\ci4_SkripsiPrediksiHarga\system\View\View.php(210): include('C:\\xampp\\htdocs...')
#5 C:\xampp\htdocs\Lab28_SkripsiPrediksiHarga\ci4_SkripsiPrediksiHarga\system\View\View.php(213): CodeIgniter\View\View->CodeIgniter\View\{closure}()
#6 C:\xampp\htdocs\Lab28_SkripsiPrediksiHarga\ci4_SkripsiPrediksiHarga\system\View\View.php(424): CodeIgniter\View\View->render('template/header...', NULL, true)
#7 C:\xampp\htdocs\Lab28_SkripsiPrediksiHarga\ci4_SkripsiPrediksiHarga\app\Views\results_view.php(1): CodeIgniter\View\View->include('template/header...')
#8 C:\xampp\htdocs\Lab28_SkripsiPrediksiHarga\ci4_SkripsiPrediksiHarga\system\View\View.php(210): include('C:\\xampp\\htdocs...')
#9 C:\xampp\htdocs\Lab28_SkripsiPrediksiHarga\ci4_SkripsiPrediksiHarga\system\View\View.php(213): CodeIgniter\View\View->CodeIgniter\View\{closure}()
#10 C:\xampp\htdocs\Lab28_SkripsiPrediksiHarga\ci4_SkripsiPrediksiHarga\system\Common.php(1089): CodeIgniter\View\View->render('results_view', Array, true)
#11 C:\xampp\htdocs\Lab28_SkripsiPrediksiHarga\ci4_SkripsiPrediksiHarga\app\Controllers\Results_view.php(15): view('results_view', Array)
#12 C:\xampp\htdocs\Lab28_SkripsiPrediksiHarga\ci4_SkripsiPrediksiHarga\system\CodeIgniter.php(832): App\Controllers\Results_view->index()
#13 C:\xampp\htdocs\Lab28_SkripsiPrediksiHarga\ci4_SkripsiPrediksiHarga\system\CodeIgniter.php(419): CodeIgniter\CodeIgniter->runController(Object(App\Controllers\Results_view))
#14 C:\xampp\htdocs\Lab28_SkripsiPrediksiHarga\ci4_SkripsiPrediksiHarga\system\CodeIgniter.php(326): CodeIgniter\CodeIgniter->handleRequest(NULL, Object(Config\Cache), false)
#15 C:\xampp\htdocs\Lab28_SkripsiPrediksiHarga\ci4_SkripsiPrediksiHarga\public\index.php(37): CodeIgniter\CodeIgniter->run()
#16 C:\xampp\htdocs\Lab28_SkripsiPrediksiHarga\ci4_SkripsiPrediksiHarga\system\Commands\Server\rewrite.php(43): require_once('C:\\xampp\\htdocs...')
#17 {main}
CRITICAL - 2024-06-15 09:02:22 --> Call to undefined function userLogin()
#0 C:\xampp\htdocs\Lab28_SkripsiPrediksiHarga\ci4_SkripsiPrediksiHarga\system\View\View.php(210): include()
#1 C:\xampp\htdocs\Lab28_SkripsiPrediksiHarga\ci4_SkripsiPrediksiHarga\system\View\View.php(213): CodeIgniter\View\View->CodeIgniter\View\{closure}()
#2 C:\xampp\htdocs\Lab28_SkripsiPrediksiHarga\ci4_SkripsiPrediksiHarga\system\View\View.php(424): CodeIgniter\View\View->render('template/navbar', NULL, true)
#3 C:\xampp\htdocs\Lab28_SkripsiPrediksiHarga\ci4_SkripsiPrediksiHarga\app\Views\template\headerforcontent.php(50): CodeIgniter\View\View->include('template/navbar')
#4 C:\xampp\htdocs\Lab28_SkripsiPrediksiHarga\ci4_SkripsiPrediksiHarga\system\View\View.php(210): include('C:\\xampp\\htdocs...')
#5 C:\xampp\htdocs\Lab28_SkripsiPrediksiHarga\ci4_SkripsiPrediksiHarga\system\View\View.php(213): CodeIgniter\View\View->CodeIgniter\View\{closure}()
#6 C:\xampp\htdocs\Lab28_SkripsiPrediksiHarga\ci4_SkripsiPrediksiHarga\system\View\View.php(424): CodeIgniter\View\View->render('template/header...', NULL, true)
#7 C:\xampp\htdocs\Lab28_SkripsiPrediksiHarga\ci4_SkripsiPrediksiHarga\app\Views\results_view.php(1): CodeIgniter\View\View->include('template/header...')
#8 C:\xampp\htdocs\Lab28_SkripsiPrediksiHarga\ci4_SkripsiPrediksiHarga\system\View\View.php(210): include('C:\\xampp\\htdocs...')
#9 C:\xampp\htdocs\Lab28_SkripsiPrediksiHarga\ci4_SkripsiPrediksiHarga\system\View\View.php(213): CodeIgniter\View\View->CodeIgniter\View\{closure}()
#10 C:\xampp\htdocs\Lab28_SkripsiPrediksiHarga\ci4_SkripsiPrediksiHarga\system\Common.php(1089): CodeIgniter\View\View->render('results_view', Array, true)
#11 C:\xampp\htdocs\Lab28_SkripsiPrediksiHarga\ci4_SkripsiPrediksiHarga\app\Controllers\Results_view.php(15): view('results_view', Array)
#12 C:\xampp\htdocs\Lab28_SkripsiPrediksiHarga\ci4_SkripsiPrediksiHarga\system\CodeIgniter.php(832): App\Controllers\Results_view->index()
#13 C:\xampp\htdocs\Lab28_SkripsiPrediksiHarga\ci4_SkripsiPrediksiHarga\system\CodeIgniter.php(419): CodeIgniter\CodeIgniter->runController(Object(App\Controllers\Results_view))
#14 C:\xampp\htdocs\Lab28_SkripsiPrediksiHarga\ci4_SkripsiPrediksiHarga\system\CodeIgniter.php(326): CodeIgniter\CodeIgniter->handleRequest(NULL, Object(Config\Cache), false)
#15 C:\xampp\htdocs\Lab28_SkripsiPrediksiHarga\ci4_SkripsiPrediksiHarga\public\index.php(37): CodeIgniter\CodeIgniter->run()
#16 C:\xampp\htdocs\Lab28_SkripsiPrediksiHarga\ci4_SkripsiPrediksiHarga\system\Commands\Server\rewrite.php(43): require_once('C:\\xampp\\htdocs...')
#17 {main}
CRITICAL - 2024-06-15 09:03:01 --> Call to undefined function userLogin()
#0 C:\xampp\htdocs\Lab28_SkripsiPrediksiHarga\ci4_SkripsiPrediksiHarga\system\View\View.php(210): include()
#1 C:\xampp\htdocs\Lab28_SkripsiPrediksiHarga\ci4_SkripsiPrediksiHarga\system\View\View.php(213): CodeIgniter\View\View->CodeIgniter\View\{closure}()
#2 C:\xampp\htdocs\Lab28_SkripsiPrediksiHarga\ci4_SkripsiPrediksiHarga\system\View\View.php(424): CodeIgniter\View\View->render('template/navbar', NULL, true)
#3 C:\xampp\htdocs\Lab28_SkripsiPrediksiHarga\ci4_SkripsiPrediksiHarga\app\Views\template\headerforcontent.php(50): CodeIgniter\View\View->include('template/navbar')
#4 C:\xampp\htdocs\Lab28_SkripsiPrediksiHarga\ci4_SkripsiPrediksiHarga\system\View\View.php(210): include('C:\\xampp\\htdocs...')
#5 C:\xampp\htdocs\Lab28_SkripsiPrediksiHarga\ci4_SkripsiPrediksiHarga\system\View\View.php(213): CodeIgniter\View\View->CodeIgniter\View\{closure}()
#6 C:\xampp\htdocs\Lab28_SkripsiPrediksiHarga\ci4_SkripsiPrediksiHarga\system\View\View.php(424): CodeIgniter\View\View->render('template/header...', NULL, true)
#7 C:\xampp\htdocs\Lab28_SkripsiPrediksiHarga\ci4_SkripsiPrediksiHarga\app\Views\results_view.php(1): CodeIgniter\View\View->include('template/header...')
#8 C:\xampp\htdocs\Lab28_SkripsiPrediksiHarga\ci4_SkripsiPrediksiHarga\system\View\View.php(210): include('C:\\xampp\\htdocs...')
#9 C:\xampp\htdocs\Lab28_SkripsiPrediksiHarga\ci4_SkripsiPrediksiHarga\system\View\View.php(213): CodeIgniter\View\View->CodeIgniter\View\{closure}()
#10 C:\xampp\htdocs\Lab28_SkripsiPrediksiHarga\ci4_SkripsiPrediksiHarga\system\Common.php(1089): CodeIgniter\View\View->render('results_view', Array, true)
#11 C:\xampp\htdocs\Lab28_SkripsiPrediksiHarga\ci4_SkripsiPrediksiHarga\app\Controllers\Results_view.php(15): view('results_view', Array)
#12 C:\xampp\htdocs\Lab28_SkripsiPrediksiHarga\ci4_SkripsiPrediksiHarga\system\CodeIgniter.php(832): App\Controllers\Results_view->index()
#13 C:\xampp\htdocs\Lab28_SkripsiPrediksiHarga\ci4_SkripsiPrediksiHarga\system\CodeIgniter.php(419): CodeIgniter\CodeIgniter->runController(Object(App\Controllers\Results_view))
#14 C:\xampp\htdocs\Lab28_SkripsiPrediksiHarga\ci4_SkripsiPrediksiHarga\system\CodeIgniter.php(326): CodeIgniter\CodeIgniter->handleRequest(NULL, Object(Config\Cache), false)
#15 C:\xampp\htdocs\Lab28_SkripsiPrediksiHarga\ci4_SkripsiPrediksiHarga\public\index.php(37): CodeIgniter\CodeIgniter->run()
#16 C:\xampp\htdocs\Lab28_SkripsiPrediksiHarga\ci4_SkripsiPrediksiHarga\system\Commands\Server\rewrite.php(43): require_once('C:\\xampp\\htdocs...')
#17 {main}
CRITICAL - 2024-06-15 09:03:19 --> Call to undefined function userLogin()
#0 C:\xampp\htdocs\Lab28_SkripsiPrediksiHarga\ci4_SkripsiPrediksiHarga\system\View\View.php(210): include()
#1 C:\xampp\htdocs\Lab28_SkripsiPrediksiHarga\ci4_SkripsiPrediksiHarga\system\View\View.php(213): CodeIgniter\View\View->CodeIgniter\View\{closure}()
#2 C:\xampp\htdocs\Lab28_SkripsiPrediksiHarga\ci4_SkripsiPrediksiHarga\system\View\View.php(424): CodeIgniter\View\View->render('template/navbar', NULL, true)
#3 C:\xampp\htdocs\Lab28_SkripsiPrediksiHarga\ci4_SkripsiPrediksiHarga\app\Views\template\headerforcontent.php(50): CodeIgniter\View\View->include('template/navbar')
#4 C:\xampp\htdocs\Lab28_SkripsiPrediksiHarga\ci4_SkripsiPrediksiHarga\system\View\View.php(210): include('C:\\xampp\\htdocs...')
#5 C:\xampp\htdocs\Lab28_SkripsiPrediksiHarga\ci4_SkripsiPrediksiHarga\system\View\View.php(213): CodeIgniter\View\View->CodeIgniter\View\{closure}()
#6 C:\xampp\htdocs\Lab28_SkripsiPrediksiHarga\ci4_SkripsiPrediksiHarga\system\View\View.php(424): CodeIgniter\View\View->render('template/header...', NULL, true)
#7 C:\xampp\htdocs\Lab28_SkripsiPrediksiHarga\ci4_SkripsiPrediksiHarga\app\Views\results_view.php(1): CodeIgniter\View\View->include('template/header...')
#8 C:\xampp\htdocs\Lab28_SkripsiPrediksiHarga\ci4_SkripsiPrediksiHarga\system\View\View.php(210): include('C:\\xampp\\htdocs...')
#9 C:\xampp\htdocs\Lab28_SkripsiPrediksiHarga\ci4_SkripsiPrediksiHarga\system\View\View.php(213): CodeIgniter\View\View->CodeIgniter\View\{closure}()
#10 C:\xampp\htdocs\Lab28_SkripsiPrediksiHarga\ci4_SkripsiPrediksiHarga\system\Common.php(1089): CodeIgniter\View\View->render('results_view', Array, true)
#11 C:\xampp\htdocs\Lab28_SkripsiPrediksiHarga\ci4_SkripsiPrediksiHarga\app\Controllers\Results_view.php(15): view('results_view', Array)
#12 C:\xampp\htdocs\Lab28_SkripsiPrediksiHarga\ci4_SkripsiPrediksiHarga\system\CodeIgniter.php(832): App\Controllers\Results_view->index()
#13 C:\xampp\htdocs\Lab28_SkripsiPrediksiHarga\ci4_SkripsiPrediksiHarga\system\CodeIgniter.php(419): CodeIgniter\CodeIgniter->runController(Object(App\Controllers\Results_view))
#14 C:\xampp\htdocs\Lab28_SkripsiPrediksiHarga\ci4_SkripsiPrediksiHarga\system\CodeIgniter.php(326): CodeIgniter\CodeIgniter->handleRequest(NULL, Object(Config\Cache), false)
#15 C:\xampp\htdocs\Lab28_SkripsiPrediksiHarga\ci4_SkripsiPrediksiHarga\public\index.php(37): CodeIgniter\CodeIgniter->run()
#16 C:\xampp\htdocs\Lab28_SkripsiPrediksiHarga\ci4_SkripsiPrediksiHarga\system\Commands\Server\rewrite.php(43): require_once('C:\\xampp\\htdocs...')
#17 {main}
CRITICAL - 2024-06-15 09:04:27 --> Call to undefined function userLogin()
#0 C:\xampp\htdocs\Lab28_SkripsiPrediksiHarga\ci4_SkripsiPrediksiHarga\system\View\View.php(210): include()
#1 C:\xampp\htdocs\Lab28_SkripsiPrediksiHarga\ci4_SkripsiPrediksiHarga\system\View\View.php(213): CodeIgniter\View\View->CodeIgniter\View\{closure}()
#2 C:\xampp\htdocs\Lab28_SkripsiPrediksiHarga\ci4_SkripsiPrediksiHarga\system\View\View.php(424): CodeIgniter\View\View->render('template/navbar', NULL, true)
#3 C:\xampp\htdocs\Lab28_SkripsiPrediksiHarga\ci4_SkripsiPrediksiHarga\app\Views\template\headerforcontent.php(50): CodeIgniter\View\View->include('template/navbar')
#4 C:\xampp\htdocs\Lab28_SkripsiPrediksiHarga\ci4_SkripsiPrediksiHarga\system\View\View.php(210): include('C:\\xampp\\htdocs...')
#5 C:\xampp\htdocs\Lab28_SkripsiPrediksiHarga\ci4_SkripsiPrediksiHarga\system\View\View.php(213): CodeIgniter\View\View->CodeIgniter\View\{closure}()
#6 C:\xampp\htdocs\Lab28_SkripsiPrediksiHarga\ci4_SkripsiPrediksiHarga\system\View\View.php(424): CodeIgniter\View\View->render('template/header...', NULL, true)
#7 C:\xampp\htdocs\Lab28_SkripsiPrediksiHarga\ci4_SkripsiPrediksiHarga\app\Views\results_view.php(1): CodeIgniter\View\View->include('template/header...')
#8 C:\xampp\htdocs\Lab28_SkripsiPrediksiHarga\ci4_SkripsiPrediksiHarga\system\View\View.php(210): include('C:\\xampp\\htdocs...')
#9 C:\xampp\htdocs\Lab28_SkripsiPrediksiHarga\ci4_SkripsiPrediksiHarga\system\View\View.php(213): CodeIgniter\View\View->CodeIgniter\View\{closure}()
#10 C:\xampp\htdocs\Lab28_SkripsiPrediksiHarga\ci4_SkripsiPrediksiHarga\system\Common.php(1089): CodeIgniter\View\View->render('results_view', Array, true)
#11 C:\xampp\htdocs\Lab28_SkripsiPrediksiHarga\ci4_SkripsiPrediksiHarga\app\Controllers\Results_view.php(15): view('results_view', Array)
#12 C:\xampp\htdocs\Lab28_SkripsiPrediksiHarga\ci4_SkripsiPrediksiHarga\system\CodeIgniter.php(832): App\Controllers\Results_view->index()
#13 C:\xampp\htdocs\Lab28_SkripsiPrediksiHarga\ci4_SkripsiPrediksiHarga\system\CodeIgniter.php(419): CodeIgniter\CodeIgniter->runController(Object(App\Controllers\Results_view))
#14 C:\xampp\htdocs\Lab28_SkripsiPrediksiHarga\ci4_SkripsiPrediksiHarga\system\CodeIgniter.php(326): CodeIgniter\CodeIgniter->handleRequest(NULL, Object(Config\Cache), false)
#15 C:\xampp\htdocs\Lab28_SkripsiPrediksiHarga\ci4_SkripsiPrediksiHarga\public\index.php(37): CodeIgniter\CodeIgniter->run()
#16 C:\xampp\htdocs\Lab28_SkripsiPrediksiHarga\ci4_SkripsiPrediksiHarga\system\Commands\Server\rewrite.php(43): require_once('C:\\xampp\\htdocs...')
#17 {main}
CRITICAL - 2024-06-15 09:05:06 --> Call to undefined function userLogin()
#0 C:\xampp\htdocs\Lab28_SkripsiPrediksiHarga\ci4_SkripsiPrediksiHarga\system\View\View.php(210): include()
#1 C:\xampp\htdocs\Lab28_SkripsiPrediksiHarga\ci4_SkripsiPrediksiHarga\system\View\View.php(213): CodeIgniter\View\View->CodeIgniter\View\{closure}()
#2 C:\xampp\htdocs\Lab28_SkripsiPrediksiHarga\ci4_SkripsiPrediksiHarga\system\View\View.php(424): CodeIgniter\View\View->render('template/navbar', NULL, true)
#3 C:\xampp\htdocs\Lab28_SkripsiPrediksiHarga\ci4_SkripsiPrediksiHarga\app\Views\template\headerforcontent.php(50): CodeIgniter\View\View->include('template/navbar')
#4 C:\xampp\htdocs\Lab28_SkripsiPrediksiHarga\ci4_SkripsiPrediksiHarga\system\View\View.php(210): include('C:\\xampp\\htdocs...')
#5 C:\xampp\htdocs\Lab28_SkripsiPrediksiHarga\ci4_SkripsiPrediksiHarga\system\View\View.php(213): CodeIgniter\View\View->CodeIgniter\View\{closure}()
#6 C:\xampp\htdocs\Lab28_SkripsiPrediksiHarga\ci4_SkripsiPrediksiHarga\system\View\View.php(424): CodeIgniter\View\View->render('template/header...', NULL, true)
#7 C:\xampp\htdocs\Lab28_SkripsiPrediksiHarga\ci4_SkripsiPrediksiHarga\app\Views\results_view.php(1): CodeIgniter\View\View->include('template/header...')
#8 C:\xampp\htdocs\Lab28_SkripsiPrediksiHarga\ci4_SkripsiPrediksiHarga\system\View\View.php(210): include('C:\\xampp\\htdocs...')
#9 C:\xampp\htdocs\Lab28_SkripsiPrediksiHarga\ci4_SkripsiPrediksiHarga\system\View\View.php(213): CodeIgniter\View\View->CodeIgniter\View\{closure}()
#10 C:\xampp\htdocs\Lab28_SkripsiPrediksiHarga\ci4_SkripsiPrediksiHarga\system\Common.php(1089): CodeIgniter\View\View->render('results_view', Array, true)
#11 C:\xampp\htdocs\Lab28_SkripsiPrediksiHarga\ci4_SkripsiPrediksiHarga\app\Controllers\Results_view.php(15): view('results_view', Array)
#12 C:\xampp\htdocs\Lab28_SkripsiPrediksiHarga\ci4_SkripsiPrediksiHarga\system\CodeIgniter.php(832): App\Controllers\Results_view->index()
#13 C:\xampp\htdocs\Lab28_SkripsiPrediksiHarga\ci4_SkripsiPrediksiHarga\system\CodeIgniter.php(419): CodeIgniter\CodeIgniter->runController(Object(App\Controllers\Results_view))
#14 C:\xampp\htdocs\Lab28_SkripsiPrediksiHarga\ci4_SkripsiPrediksiHarga\system\CodeIgniter.php(326): CodeIgniter\CodeIgniter->handleRequest(NULL, Object(Config\Cache), false)
#15 C:\xampp\htdocs\Lab28_SkripsiPrediksiHarga\ci4_SkripsiPrediksiHarga\public\index.php(37): CodeIgniter\CodeIgniter->run()
#16 C:\xampp\htdocs\Lab28_SkripsiPrediksiHarga\ci4_SkripsiPrediksiHarga\system\Commands\Server\rewrite.php(43): require_once('C:\\xampp\\htdocs...')
#17 {main}
CRITICAL - 2024-06-15 09:06:45 --> Call to undefined function userLogin()
#0 C:\xampp\htdocs\Lab28_SkripsiPrediksiHarga\ci4_SkripsiPrediksiHarga\system\View\View.php(210): include()
#1 C:\xampp\htdocs\Lab28_SkripsiPrediksiHarga\ci4_SkripsiPrediksiHarga\system\View\View.php(213): CodeIgniter\View\View->CodeIgniter\View\{closure}()
#2 C:\xampp\htdocs\Lab28_SkripsiPrediksiHarga\ci4_SkripsiPrediksiHarga\system\View\View.php(424): CodeIgniter\View\View->render('template/navbar', NULL, true)
#3 C:\xampp\htdocs\Lab28_SkripsiPrediksiHarga\ci4_SkripsiPrediksiHarga\app\Views\template\headerforcontent.php(50): CodeIgniter\View\View->include('template/navbar')
#4 C:\xampp\htdocs\Lab28_SkripsiPrediksiHarga\ci4_SkripsiPrediksiHarga\system\View\View.php(210): include('C:\\xampp\\htdocs...')
#5 C:\xampp\htdocs\Lab28_SkripsiPrediksiHarga\ci4_SkripsiPrediksiHarga\system\View\View.php(213): CodeIgniter\View\View->CodeIgniter\View\{closure}()
#6 C:\xampp\htdocs\Lab28_SkripsiPrediksiHarga\ci4_SkripsiPrediksiHarga\system\View\View.php(424): CodeIgniter\View\View->render('template/header...', NULL, true)
#7 C:\xampp\htdocs\Lab28_SkripsiPrediksiHarga\ci4_SkripsiPrediksiHarga\app\Views\results_view.php(1): CodeIgniter\View\View->include('template/header...')
#8 C:\xampp\htdocs\Lab28_SkripsiPrediksiHarga\ci4_SkripsiPrediksiHarga\system\View\View.php(210): include('C:\\xampp\\htdocs...')
#9 C:\xampp\htdocs\Lab28_SkripsiPrediksiHarga\ci4_SkripsiPrediksiHarga\system\View\View.php(213): CodeIgniter\View\View->CodeIgniter\View\{closure}()
#10 C:\xampp\htdocs\Lab28_SkripsiPrediksiHarga\ci4_SkripsiPrediksiHarga\system\Common.php(1089): CodeIgniter\View\View->render('results_view', Array, true)
#11 C:\xampp\htdocs\Lab28_SkripsiPrediksiHarga\ci4_SkripsiPrediksiHarga\app\Controllers\Results_view.php(15): view('results_view', Array)
#12 C:\xampp\htdocs\Lab28_SkripsiPrediksiHarga\ci4_SkripsiPrediksiHarga\system\CodeIgniter.php(832): App\Controllers\Results_view->index()
#13 C:\xampp\htdocs\Lab28_SkripsiPrediksiHarga\ci4_SkripsiPrediksiHarga\system\CodeIgniter.php(419): CodeIgniter\CodeIgniter->runController(Object(App\Controllers\Results_view))
#14 C:\xampp\htdocs\Lab28_SkripsiPrediksiHarga\ci4_SkripsiPrediksiHarga\system\CodeIgniter.php(326): CodeIgniter\CodeIgniter->handleRequest(NULL, Object(Config\Cache), false)
#15 C:\xampp\htdocs\Lab28_SkripsiPrediksiHarga\ci4_SkripsiPrediksiHarga\public\index.php(37): CodeIgniter\CodeIgniter->run()
#16 C:\xampp\htdocs\Lab28_SkripsiPrediksiHarga\ci4_SkripsiPrediksiHarga\system\Commands\Server\rewrite.php(43): require_once('C:\\xampp\\htdocs...')
#17 {main}
CRITICAL - 2024-06-15 09:09:04 --> Call to undefined function userLogin()
#0 C:\xampp\htdocs\Lab28_SkripsiPrediksiHarga\ci4_SkripsiPrediksiHarga\system\View\View.php(210): include()
#1 C:\xampp\htdocs\Lab28_SkripsiPrediksiHarga\ci4_SkripsiPrediksiHarga\system\View\View.php(213): CodeIgniter\View\View->CodeIgniter\View\{closure}()
#2 C:\xampp\htdocs\Lab28_SkripsiPrediksiHarga\ci4_SkripsiPrediksiHarga\system\View\View.php(424): CodeIgniter\View\View->render('template/navbar', NULL, true)
#3 C:\xampp\htdocs\Lab28_SkripsiPrediksiHarga\ci4_SkripsiPrediksiHarga\app\Views\template\headerforcontent.php(50): CodeIgniter\View\View->include('template/navbar')
#4 C:\xampp\htdocs\Lab28_SkripsiPrediksiHarga\ci4_SkripsiPrediksiHarga\system\View\View.php(210): include('C:\\xampp\\htdocs...')
#5 C:\xampp\htdocs\Lab28_SkripsiPrediksiHarga\ci4_SkripsiPrediksiHarga\system\View\View.php(213): CodeIgniter\View\View->CodeIgniter\View\{closure}()
#6 C:\xampp\htdocs\Lab28_SkripsiPrediksiHarga\ci4_SkripsiPrediksiHarga\system\View\View.php(424): CodeIgniter\View\View->render('template/header...', NULL, true)
#7 C:\xampp\htdocs\Lab28_SkripsiPrediksiHarga\ci4_SkripsiPrediksiHarga\app\Views\results_view.php(1): CodeIgniter\View\View->include('template/header...')
#8 C:\xampp\htdocs\Lab28_SkripsiPrediksiHarga\ci4_SkripsiPrediksiHarga\system\View\View.php(210): include('C:\\xampp\\htdocs...')
#9 C:\xampp\htdocs\Lab28_SkripsiPrediksiHarga\ci4_SkripsiPrediksiHarga\system\View\View.php(213): CodeIgniter\View\View->CodeIgniter\View\{closure}()
#10 C:\xampp\htdocs\Lab28_SkripsiPrediksiHarga\ci4_SkripsiPrediksiHarga\system\Common.php(1089): CodeIgniter\View\View->render('results_view', Array, true)
#11 C:\xampp\htdocs\Lab28_SkripsiPrediksiHarga\ci4_SkripsiPrediksiHarga\app\Controllers\Results_view.php(15): view('results_view', Array)
#12 C:\xampp\htdocs\Lab28_SkripsiPrediksiHarga\ci4_SkripsiPrediksiHarga\system\CodeIgniter.php(832): App\Controllers\Results_view->index()
#13 C:\xampp\htdocs\Lab28_SkripsiPrediksiHarga\ci4_SkripsiPrediksiHarga\system\CodeIgniter.php(419): CodeIgniter\CodeIgniter->runController(Object(App\Controllers\Results_view))
#14 C:\xampp\htdocs\Lab28_SkripsiPrediksiHarga\ci4_SkripsiPrediksiHarga\system\CodeIgniter.php(326): CodeIgniter\CodeIgniter->handleRequest(NULL, Object(Config\Cache), false)
#15 C:\xampp\htdocs\Lab28_SkripsiPrediksiHarga\ci4_SkripsiPrediksiHarga\public\index.php(37): CodeIgniter\CodeIgniter->run()
#16 C:\xampp\htdocs\Lab28_SkripsiPrediksiHarga\ci4_SkripsiPrediksiHarga\system\Commands\Server\rewrite.php(43): require_once('C:\\xampp\\htdocs...')
#17 {main}
CRITICAL - 2024-06-15 09:09:05 --> Call to undefined function userLogin()
#0 C:\xampp\htdocs\Lab28_SkripsiPrediksiHarga\ci4_SkripsiPrediksiHarga\system\View\View.php(210): include()
#1 C:\xampp\htdocs\Lab28_SkripsiPrediksiHarga\ci4_SkripsiPrediksiHarga\system\View\View.php(213): CodeIgniter\View\View->CodeIgniter\View\{closure}()
#2 C:\xampp\htdocs\Lab28_SkripsiPrediksiHarga\ci4_SkripsiPrediksiHarga\system\View\View.php(424): CodeIgniter\View\View->render('template/navbar', NULL, true)
#3 C:\xampp\htdocs\Lab28_SkripsiPrediksiHarga\ci4_SkripsiPrediksiHarga\app\Views\template\headerforcontent.php(50): CodeIgniter\View\View->include('template/navbar')
#4 C:\xampp\htdocs\Lab28_SkripsiPrediksiHarga\ci4_SkripsiPrediksiHarga\system\View\View.php(210): include('C:\\xampp\\htdocs...')
#5 C:\xampp\htdocs\Lab28_SkripsiPrediksiHarga\ci4_SkripsiPrediksiHarga\system\View\View.php(213): CodeIgniter\View\View->CodeIgniter\View\{closure}()
#6 C:\xampp\htdocs\Lab28_SkripsiPrediksiHarga\ci4_SkripsiPrediksiHarga\system\View\View.php(424): CodeIgniter\View\View->render('template/header...', NULL, true)
#7 C:\xampp\htdocs\Lab28_SkripsiPrediksiHarga\ci4_SkripsiPrediksiHarga\app\Views\results_view.php(1): CodeIgniter\View\View->include('template/header...')
#8 C:\xampp\htdocs\Lab28_SkripsiPrediksiHarga\ci4_SkripsiPrediksiHarga\system\View\View.php(210): include('C:\\xampp\\htdocs...')
#9 C:\xampp\htdocs\Lab28_SkripsiPrediksiHarga\ci4_SkripsiPrediksiHarga\system\View\View.php(213): CodeIgniter\View\View->CodeIgniter\View\{closure}()
#10 C:\xampp\htdocs\Lab28_SkripsiPrediksiHarga\ci4_SkripsiPrediksiHarga\system\Common.php(1089): CodeIgniter\View\View->render('results_view', Array, true)
#11 C:\xampp\htdocs\Lab28_SkripsiPrediksiHarga\ci4_SkripsiPrediksiHarga\app\Controllers\Results_view.php(15): view('results_view', Array)
#12 C:\xampp\htdocs\Lab28_SkripsiPrediksiHarga\ci4_SkripsiPrediksiHarga\system\CodeIgniter.php(832): App\Controllers\Results_view->index()
#13 C:\xampp\htdocs\Lab28_SkripsiPrediksiHarga\ci4_SkripsiPrediksiHarga\system\CodeIgniter.php(419): CodeIgniter\CodeIgniter->runController(Object(App\Controllers\Results_view))
#14 C:\xampp\htdocs\Lab28_SkripsiPrediksiHarga\ci4_SkripsiPrediksiHarga\system\CodeIgniter.php(326): CodeIgniter\CodeIgniter->handleRequest(NULL, Object(Config\Cache), false)
#15 C:\xampp\htdocs\Lab28_SkripsiPrediksiHarga\ci4_SkripsiPrediksiHarga\public\index.php(37): CodeIgniter\CodeIgniter->run()
#16 C:\xampp\htdocs\Lab28_SkripsiPrediksiHarga\ci4_SkripsiPrediksiHarga\system\Commands\Server\rewrite.php(43): require_once('C:\\xampp\\htdocs...')
#17 {main}
CRITICAL - 2024-06-15 09:09:06 --> Call to undefined function userLogin()
#0 C:\xampp\htdocs\Lab28_SkripsiPrediksiHarga\ci4_SkripsiPrediksiHarga\system\View\View.php(210): include()
#1 C:\xampp\htdocs\Lab28_SkripsiPrediksiHarga\ci4_SkripsiPrediksiHarga\system\View\View.php(213): CodeIgniter\View\View->CodeIgniter\View\{closure}()
#2 C:\xampp\htdocs\Lab28_SkripsiPrediksiHarga\ci4_SkripsiPrediksiHarga\system\View\View.php(424): CodeIgniter\View\View->render('template/navbar', NULL, true)
#3 C:\xampp\htdocs\Lab28_SkripsiPrediksiHarga\ci4_SkripsiPrediksiHarga\app\Views\template\headerforcontent.php(50): CodeIgniter\View\View->include('template/navbar')
#4 C:\xampp\htdocs\Lab28_SkripsiPrediksiHarga\ci4_SkripsiPrediksiHarga\system\View\View.php(210): include('C:\\xampp\\htdocs...')
#5 C:\xampp\htdocs\Lab28_SkripsiPrediksiHarga\ci4_SkripsiPrediksiHarga\system\View\View.php(213): CodeIgniter\View\View->CodeIgniter\View\{closure}()
#6 C:\xampp\htdocs\Lab28_SkripsiPrediksiHarga\ci4_SkripsiPrediksiHarga\system\View\View.php(424): CodeIgniter\View\View->render('template/header...', NULL, true)
#7 C:\xampp\htdocs\Lab28_SkripsiPrediksiHarga\ci4_SkripsiPrediksiHarga\app\Views\results_view.php(1): CodeIgniter\View\View->include('template/header...')
#8 C:\xampp\htdocs\Lab28_SkripsiPrediksiHarga\ci4_SkripsiPrediksiHarga\system\View\View.php(210): include('C:\\xampp\\htdocs...')
#9 C:\xampp\htdocs\Lab28_SkripsiPrediksiHarga\ci4_SkripsiPrediksiHarga\system\View\View.php(213): CodeIgniter\View\View->CodeIgniter\View\{closure}()
#10 C:\xampp\htdocs\Lab28_SkripsiPrediksiHarga\ci4_SkripsiPrediksiHarga\system\Common.php(1089): CodeIgniter\View\View->render('results_view', Array, true)
#11 C:\xampp\htdocs\Lab28_SkripsiPrediksiHarga\ci4_SkripsiPrediksiHarga\app\Controllers\Results_view.php(15): view('results_view', Array)
#12 C:\xampp\htdocs\Lab28_SkripsiPrediksiHarga\ci4_SkripsiPrediksiHarga\system\CodeIgniter.php(832): App\Controllers\Results_view->index()
#13 C:\xampp\htdocs\Lab28_SkripsiPrediksiHarga\ci4_SkripsiPrediksiHarga\system\CodeIgniter.php(419): CodeIgniter\CodeIgniter->runController(Object(App\Controllers\Results_view))
#14 C:\xampp\htdocs\Lab28_SkripsiPrediksiHarga\ci4_SkripsiPrediksiHarga\system\CodeIgniter.php(326): CodeIgniter\CodeIgniter->handleRequest(NULL, Object(Config\Cache), false)
#15 C:\xampp\htdocs\Lab28_SkripsiPrediksiHarga\ci4_SkripsiPrediksiHarga\public\index.php(37): CodeIgniter\CodeIgniter->run()
#16 C:\xampp\htdocs\Lab28_SkripsiPrediksiHarga\ci4_SkripsiPrediksiHarga\system\Commands\Server\rewrite.php(43): require_once('C:\\xampp\\htdocs...')
#17 {main}
CRITICAL - 2024-06-15 09:09:07 --> Call to undefined function userLogin()
#0 C:\xampp\htdocs\Lab28_SkripsiPrediksiHarga\ci4_SkripsiPrediksiHarga\system\View\View.php(210): include()
#1 C:\xampp\htdocs\Lab28_SkripsiPrediksiHarga\ci4_SkripsiPrediksiHarga\system\View\View.php(213): CodeIgniter\View\View->CodeIgniter\View\{closure}()
#2 C:\xampp\htdocs\Lab28_SkripsiPrediksiHarga\ci4_SkripsiPrediksiHarga\system\View\View.php(424): CodeIgniter\View\View->render('template/navbar', NULL, true)
#3 C:\xampp\htdocs\Lab28_SkripsiPrediksiHarga\ci4_SkripsiPrediksiHarga\app\Views\template\headerforcontent.php(50): CodeIgniter\View\View->include('template/navbar')
#4 C:\xampp\htdocs\Lab28_SkripsiPrediksiHarga\ci4_SkripsiPrediksiHarga\system\View\View.php(210): include('C:\\xampp\\htdocs...')
#5 C:\xampp\htdocs\Lab28_SkripsiPrediksiHarga\ci4_SkripsiPrediksiHarga\system\View\View.php(213): CodeIgniter\View\View->CodeIgniter\View\{closure}()
#6 C:\xampp\htdocs\Lab28_SkripsiPrediksiHarga\ci4_SkripsiPrediksiHarga\system\View\View.php(424): CodeIgniter\View\View->render('template/header...', NULL, true)
#7 C:\xampp\htdocs\Lab28_SkripsiPrediksiHarga\ci4_SkripsiPrediksiHarga\app\Views\results_view.php(1): CodeIgniter\View\View->include('template/header...')
#8 C:\xampp\htdocs\Lab28_SkripsiPrediksiHarga\ci4_SkripsiPrediksiHarga\system\View\View.php(210): include('C:\\xampp\\htdocs...')
#9 C:\xampp\htdocs\Lab28_SkripsiPrediksiHarga\ci4_SkripsiPrediksiHarga\system\View\View.php(213): CodeIgniter\View\View->CodeIgniter\View\{closure}()
#10 C:\xampp\htdocs\Lab28_SkripsiPrediksiHarga\ci4_SkripsiPrediksiHarga\system\Common.php(1089): CodeIgniter\View\View->render('results_view', Array, true)
#11 C:\xampp\htdocs\Lab28_SkripsiPrediksiHarga\ci4_SkripsiPrediksiHarga\app\Controllers\Results_view.php(15): view('results_view', Array)
#12 C:\xampp\htdocs\Lab28_SkripsiPrediksiHarga\ci4_SkripsiPrediksiHarga\system\CodeIgniter.php(832): App\Controllers\Results_view->index()
#13 C:\xampp\htdocs\Lab28_SkripsiPrediksiHarga\ci4_SkripsiPrediksiHarga\system\CodeIgniter.php(419): CodeIgniter\CodeIgniter->runController(Object(App\Controllers\Results_view))
#14 C:\xampp\htdocs\Lab28_SkripsiPrediksiHarga\ci4_SkripsiPrediksiHarga\system\CodeIgniter.php(326): CodeIgniter\CodeIgniter->handleRequest(NULL, Object(Config\Cache), false)
#15 C:\xampp\htdocs\Lab28_SkripsiPrediksiHarga\ci4_SkripsiPrediksiHarga\public\index.php(37): CodeIgniter\CodeIgniter->run()
#16 C:\xampp\htdocs\Lab28_SkripsiPrediksiHarga\ci4_SkripsiPrediksiHarga\system\Commands\Server\rewrite.php(43): require_once('C:\\xampp\\htdocs...')
#17 {main}
CRITICAL - 2024-06-15 09:10:54 --> Call to undefined function userLogin()
#0 C:\xampp\htdocs\Lab28_SkripsiPrediksiHarga\ci4_SkripsiPrediksiHarga\system\View\View.php(210): include()
#1 C:\xampp\htdocs\Lab28_SkripsiPrediksiHarga\ci4_SkripsiPrediksiHarga\system\View\View.php(213): CodeIgniter\View\View->CodeIgniter\View\{closure}()
#2 C:\xampp\htdocs\Lab28_SkripsiPrediksiHarga\ci4_SkripsiPrediksiHarga\system\View\View.php(424): CodeIgniter\View\View->render('template/navbar', NULL, true)
#3 C:\xampp\htdocs\Lab28_SkripsiPrediksiHarga\ci4_SkripsiPrediksiHarga\app\Views\template\headerforcontent.php(50): CodeIgniter\View\View->include('template/navbar')
#4 C:\xampp\htdocs\Lab28_SkripsiPrediksiHarga\ci4_SkripsiPrediksiHarga\system\View\View.php(210): include('C:\\xampp\\htdocs...')
#5 C:\xampp\htdocs\Lab28_SkripsiPrediksiHarga\ci4_SkripsiPrediksiHarga\system\View\View.php(213): CodeIgniter\View\View->CodeIgniter\View\{closure}()
#6 C:\xampp\htdocs\Lab28_SkripsiPrediksiHarga\ci4_SkripsiPrediksiHarga\system\View\View.php(424): CodeIgniter\View\View->render('template/header...', NULL, true)
#7 C:\xampp\htdocs\Lab28_SkripsiPrediksiHarga\ci4_SkripsiPrediksiHarga\app\Views\results_view.php(1): CodeIgniter\View\View->include('template/header...')
#8 C:\xampp\htdocs\Lab28_SkripsiPrediksiHarga\ci4_SkripsiPrediksiHarga\system\View\View.php(210): include('C:\\xampp\\htdocs...')
#9 C:\xampp\htdocs\Lab28_SkripsiPrediksiHarga\ci4_SkripsiPrediksiHarga\system\View\View.php(213): CodeIgniter\View\View->CodeIgniter\View\{closure}()
#10 C:\xampp\htdocs\Lab28_SkripsiPrediksiHarga\ci4_SkripsiPrediksiHarga\system\Common.php(1089): CodeIgniter\View\View->render('results_view', Array, true)
#11 C:\xampp\htdocs\Lab28_SkripsiPrediksiHarga\ci4_SkripsiPrediksiHarga\app\Controllers\Results_view.php(15): view('results_view', Array)
#12 C:\xampp\htdocs\Lab28_SkripsiPrediksiHarga\ci4_SkripsiPrediksiHarga\system\CodeIgniter.php(832): App\Controllers\Results_view->index()
#13 C:\xampp\htdocs\Lab28_SkripsiPrediksiHarga\ci4_SkripsiPrediksiHarga\system\CodeIgniter.php(419): CodeIgniter\CodeIgniter->runController(Object(App\Controllers\Results_view))
#14 C:\xampp\htdocs\Lab28_SkripsiPrediksiHarga\ci4_SkripsiPrediksiHarga\system\CodeIgniter.php(326): CodeIgniter\CodeIgniter->handleRequest(NULL, Object(Config\Cache), false)
#15 C:\xampp\htdocs\Lab28_SkripsiPrediksiHarga\ci4_SkripsiPrediksiHarga\public\index.php(37): CodeIgniter\CodeIgniter->run()
#16 C:\xampp\htdocs\Lab28_SkripsiPrediksiHarga\ci4_SkripsiPrediksiHarga\system\Commands\Server\rewrite.php(43): require_once('C:\\xampp\\htdocs...')
#17 {main}
CRITICAL - 2024-06-15 09:27:28 --> Array to string conversion
#0 C:\xampp\htdocs\Lab28_SkripsiPrediksiHarga\ci4_SkripsiPrediksiHarga\app\Views\results_view.php(6): CodeIgniter\Debug\Exceptions->errorHandler(8, 'Array to string...', 'C:\\xampp\\htdocs...', 6, Array)
#1 C:\xampp\htdocs\Lab28_SkripsiPrediksiHarga\ci4_SkripsiPrediksiHarga\system\View\View.php(210): include('C:\\xampp\\htdocs...')
#2 C:\xampp\htdocs\Lab28_SkripsiPrediksiHarga\ci4_SkripsiPrediksiHarga\system\View\View.php(213): CodeIgniter\View\View->CodeIgniter\View\{closure}()
#3 C:\xampp\htdocs\Lab28_SkripsiPrediksiHarga\ci4_SkripsiPrediksiHarga\system\Common.php(1089): CodeIgniter\View\View->render('results_view', Array, true)
#4 C:\xampp\htdocs\Lab28_SkripsiPrediksiHarga\ci4_SkripsiPrediksiHarga\app\Controllers\Splitdataset.php(123): view('results_view', Array)
#5 C:\xampp\htdocs\Lab28_SkripsiPrediksiHarga\ci4_SkripsiPrediksiHarga\system\CodeIgniter.php(832): App\Controllers\Splitdataset->showResults()
#6 C:\xampp\htdocs\Lab28_SkripsiPrediksiHarga\ci4_SkripsiPrediksiHarga\system\CodeIgniter.php(419): CodeIgniter\CodeIgniter->runController(Object(App\Controllers\Splitdataset))
#7 C:\xampp\htdocs\Lab28_SkripsiPrediksiHarga\ci4_SkripsiPrediksiHarga\system\CodeIgniter.php(326): CodeIgniter\CodeIgniter->handleRequest(NULL, Object(Config\Cache), false)
#8 C:\xampp\htdocs\Lab28_SkripsiPrediksiHarga\ci4_SkripsiPrediksiHarga\public\index.php(37): CodeIgniter\CodeIgniter->run()
#9 C:\xampp\htdocs\Lab28_SkripsiPrediksiHarga\ci4_SkripsiPrediksiHarga\system\Commands\Server\rewrite.php(43): require_once('C:\\xampp\\htdocs...')
#10 {main}
CRITICAL - 2024-06-15 09:30:02 --> htmlspecialchars() expects parameter 1 to be string, array given
#0 [internal function]: CodeIgniter\Debug\Exceptions->errorHandler(2, 'htmlspecialchar...', 'C:\\xampp\\htdocs...', 6, Array)
#1 C:\xampp\htdocs\Lab28_SkripsiPrediksiHarga\ci4_SkripsiPrediksiHarga\app\Views\results_view.php(6): htmlspecialchars(Array)
#2 C:\xampp\htdocs\Lab28_SkripsiPrediksiHarga\ci4_SkripsiPrediksiHarga\system\View\View.php(210): include('C:\\xampp\\htdocs...')
#3 C:\xampp\htdocs\Lab28_SkripsiPrediksiHarga\ci4_SkripsiPrediksiHarga\system\View\View.php(213): CodeIgniter\View\View->CodeIgniter\View\{closure}()
#4 C:\xampp\htdocs\Lab28_SkripsiPrediksiHarga\ci4_SkripsiPrediksiHarga\system\Common.php(1089): CodeIgniter\View\View->render('results_view', Array, true)
#5 C:\xampp\htdocs\Lab28_SkripsiPrediksiHarga\ci4_SkripsiPrediksiHarga\app\Controllers\Splitdataset.php(123): view('results_view', Array)
#6 C:\xampp\htdocs\Lab28_SkripsiPrediksiHarga\ci4_SkripsiPrediksiHarga\system\CodeIgniter.php(832): App\Controllers\Splitdataset->showResults()
#7 C:\xampp\htdocs\Lab28_SkripsiPrediksiHarga\ci4_SkripsiPrediksiHarga\system\CodeIgniter.php(419): CodeIgniter\CodeIgniter->runController(Object(App\Controllers\Splitdataset))
#8 C:\xampp\htdocs\Lab28_SkripsiPrediksiHarga\ci4_SkripsiPrediksiHarga\system\CodeIgniter.php(326): CodeIgniter\CodeIgniter->handleRequest(NULL, Object(Config\Cache), false)
#9 C:\xampp\htdocs\Lab28_SkripsiPrediksiHarga\ci4_SkripsiPrediksiHarga\public\index.php(37): CodeIgniter\CodeIgniter->run()
#10 C:\xampp\htdocs\Lab28_SkripsiPrediksiHarga\ci4_SkripsiPrediksiHarga\system\Commands\Server\rewrite.php(43): require_once('C:\\xampp\\htdocs...')
#11 {main}
CRITICAL - 2024-06-15 09:30:25 --> htmlspecialchars() expects parameter 1 to be string, array given
#0 [internal function]: CodeIgniter\Debug\Exceptions->errorHandler(2, 'htmlspecialchar...', 'C:\\xampp\\htdocs...', 6, Array)
#1 C:\xampp\htdocs\Lab28_SkripsiPrediksiHarga\ci4_SkripsiPrediksiHarga\app\Views\results_view.php(6): htmlspecialchars(Array)
#2 C:\xampp\htdocs\Lab28_SkripsiPrediksiHarga\ci4_SkripsiPrediksiHarga\system\View\View.php(210): include('C:\\xampp\\htdocs...')
#3 C:\xampp\htdocs\Lab28_SkripsiPrediksiHarga\ci4_SkripsiPrediksiHarga\system\View\View.php(213): CodeIgniter\View\View->CodeIgniter\View\{closure}()
#4 C:\xampp\htdocs\Lab28_SkripsiPrediksiHarga\ci4_SkripsiPrediksiHarga\system\Common.php(1089): CodeIgniter\View\View->render('results_view', Array, true)
#5 C:\xampp\htdocs\Lab28_SkripsiPrediksiHarga\ci4_SkripsiPrediksiHarga\app\Controllers\Splitdataset.php(123): view('results_view', Array)
#6 C:\xampp\htdocs\Lab28_SkripsiPrediksiHarga\ci4_SkripsiPrediksiHarga\system\CodeIgniter.php(832): App\Controllers\Splitdataset->showResults()
#7 C:\xampp\htdocs\Lab28_SkripsiPrediksiHarga\ci4_SkripsiPrediksiHarga\system\CodeIgniter.php(419): CodeIgniter\CodeIgniter->runController(Object(App\Controllers\Splitdataset))
#8 C:\xampp\htdocs\Lab28_SkripsiPrediksiHarga\ci4_SkripsiPrediksiHarga\system\CodeIgniter.php(326): CodeIgniter\CodeIgniter->handleRequest(NULL, Object(Config\Cache), false)
#9 C:\xampp\htdocs\Lab28_SkripsiPrediksiHarga\ci4_SkripsiPrediksiHarga\public\index.php(37): CodeIgniter\CodeIgniter->run()
#10 C:\xampp\htdocs\Lab28_SkripsiPrediksiHarga\ci4_SkripsiPrediksiHarga\system\Commands\Server\rewrite.php(43): require_once('C:\\xampp\\htdocs...')
#11 {main}
CRITICAL - 2024-06-15 10:20:27 --> Undefined variable: percentageInput
#0 C:\xampp\htdocs\Lab28_SkripsiPrediksiHarga\ci4_SkripsiPrediksiHarga\app\Views\splitdataset.php(33): CodeIgniter\Debug\Exceptions->errorHandler(8, 'Undefined varia...', 'C:\\xampp\\htdocs...', 33, Array)
#1 C:\xampp\htdocs\Lab28_SkripsiPrediksiHarga\ci4_SkripsiPrediksiHarga\system\View\View.php(210): include('C:\\xampp\\htdocs...')
#2 C:\xampp\htdocs\Lab28_SkripsiPrediksiHarga\ci4_SkripsiPrediksiHarga\system\View\View.php(213): CodeIgniter\View\View->CodeIgniter\View\{closure}()
#3 C:\xampp\htdocs\Lab28_SkripsiPrediksiHarga\ci4_SkripsiPrediksiHarga\system\Common.php(1089): CodeIgniter\View\View->render('splitdataset', Array, true)
#4 C:\xampp\htdocs\Lab28_SkripsiPrediksiHarga\ci4_SkripsiPrediksiHarga\app\Controllers\Splitdataset.php(31): view('splitdataset', Array)
#5 C:\xampp\htdocs\Lab28_SkripsiPrediksiHarga\ci4_SkripsiPrediksiHarga\system\CodeIgniter.php(832): App\Controllers\Splitdataset->index()
#6 C:\xampp\htdocs\Lab28_SkripsiPrediksiHarga\ci4_SkripsiPrediksiHarga\system\CodeIgniter.php(419): CodeIgniter\CodeIgniter->runController(Object(App\Controllers\Splitdataset))
#7 C:\xampp\htdocs\Lab28_SkripsiPrediksiHarga\ci4_SkripsiPrediksiHarga\system\CodeIgniter.php(326): CodeIgniter\CodeIgniter->handleRequest(NULL, Object(Config\Cache), false)
#8 C:\xampp\htdocs\Lab28_SkripsiPrediksiHarga\ci4_SkripsiPrediksiHarga\public\index.php(37): CodeIgniter\CodeIgniter->run()
#9 C:\xampp\htdocs\Lab28_SkripsiPrediksiHarga\ci4_SkripsiPrediksiHarga\system\Commands\Server\rewrite.php(43): require_once('C:\\xampp\\htdocs...')
#10 {main}
CRITICAL - 2024-06-15 10:44:19 --> Undefined variable: row
#0 C:\xampp\htdocs\Lab28_SkripsiPrediksiHarga\ci4_SkripsiPrediksiHarga\app\Views\splitdataset.php(77): CodeIgniter\Debug\Exceptions->errorHandler(8, 'Undefined varia...', 'C:\\xampp\\htdocs...', 77, Array)
#1 C:\xampp\htdocs\Lab28_SkripsiPrediksiHarga\ci4_SkripsiPrediksiHarga\system\View\View.php(210): include('C:\\xampp\\htdocs...')
#2 C:\xampp\htdocs\Lab28_SkripsiPrediksiHarga\ci4_SkripsiPrediksiHarga\system\View\View.php(213): CodeIgniter\View\View->CodeIgniter\View\{closure}()
#3 C:\xampp\htdocs\Lab28_SkripsiPrediksiHarga\ci4_SkripsiPrediksiHarga\system\Common.php(1089): CodeIgniter\View\View->render('splitdataset', Array, true)
#4 C:\xampp\htdocs\Lab28_SkripsiPrediksiHarga\ci4_SkripsiPrediksiHarga\app\Controllers\Splitdataset.php(31): view('splitdataset', Array)
#5 C:\xampp\htdocs\Lab28_SkripsiPrediksiHarga\ci4_SkripsiPrediksiHarga\system\CodeIgniter.php(832): App\Controllers\Splitdataset->index()
#6 C:\xampp\htdocs\Lab28_SkripsiPrediksiHarga\ci4_SkripsiPrediksiHarga\system\CodeIgniter.php(419): CodeIgniter\CodeIgniter->runController(Object(App\Controllers\Splitdataset))
#7 C:\xampp\htdocs\Lab28_SkripsiPrediksiHarga\ci4_SkripsiPrediksiHarga\system\CodeIgniter.php(326): CodeIgniter\CodeIgniter->handleRequest(NULL, Object(Config\Cache), false)
#8 C:\xampp\htdocs\Lab28_SkripsiPrediksiHarga\ci4_SkripsiPrediksiHarga\public\index.php(37): CodeIgniter\CodeIgniter->run()
#9 C:\xampp\htdocs\Lab28_SkripsiPrediksiHarga\ci4_SkripsiPrediksiHarga\system\Commands\Server\rewrite.php(43): require_once('C:\\xampp\\htdocs...')
#10 {main}
CRITICAL - 2024-06-15 10:45:44 --> Undefined index:  
#0 C:\xampp\htdocs\Lab28_SkripsiPrediksiHarga\ci4_SkripsiPrediksiHarga\app\Views\splitdataset.php(76): CodeIgniter\Debug\Exceptions->errorHandler(8, 'Undefined index...', 'C:\\xampp\\htdocs...', 76, Array)
#1 C:\xampp\htdocs\Lab28_SkripsiPrediksiHarga\ci4_SkripsiPrediksiHarga\system\View\View.php(210): include('C:\\xampp\\htdocs...')
#2 C:\xampp\htdocs\Lab28_SkripsiPrediksiHarga\ci4_SkripsiPrediksiHarga\system\View\View.php(213): CodeIgniter\View\View->CodeIgniter\View\{closure}()
#3 C:\xampp\htdocs\Lab28_SkripsiPrediksiHarga\ci4_SkripsiPrediksiHarga\system\Common.php(1089): CodeIgniter\View\View->render('splitdataset', Array, true)
#4 C:\xampp\htdocs\Lab28_SkripsiPrediksiHarga\ci4_SkripsiPrediksiHarga\app\Controllers\Splitdataset.php(31): view('splitdataset', Array)
#5 C:\xampp\htdocs\Lab28_SkripsiPrediksiHarga\ci4_SkripsiPrediksiHarga\system\CodeIgniter.php(832): App\Controllers\Splitdataset->index()
#6 C:\xampp\htdocs\Lab28_SkripsiPrediksiHarga\ci4_SkripsiPrediksiHarga\system\CodeIgniter.php(419): CodeIgniter\CodeIgniter->runController(Object(App\Controllers\Splitdataset))
#7 C:\xampp\htdocs\Lab28_SkripsiPrediksiHarga\ci4_SkripsiPrediksiHarga\system\CodeIgniter.php(326): CodeIgniter\CodeIgniter->handleRequest(NULL, Object(Config\Cache), false)
#8 C:\xampp\htdocs\Lab28_SkripsiPrediksiHarga\ci4_SkripsiPrediksiHarga\public\index.php(37): CodeIgniter\CodeIgniter->run()
#9 C:\xampp\htdocs\Lab28_SkripsiPrediksiHarga\ci4_SkripsiPrediksiHarga\system\Commands\Server\rewrite.php(43): require_once('C:\\xampp\\htdocs...')
#10 {main}
CRITICAL - 2024-06-15 11:12:15 --> App\Controllers\PrediksiPrice::exportToExcel(): Failed opening required 'C:\xampp\htdocs\Lab28_SkripsiPrediksiHarga\ci4_SkripsiPrediksiHarga\app\Classes/PHPExcel.php' (include_path='C:\xampp\php\PEAR')
#0 [internal function]: CodeIgniter\Debug\Exceptions->shutdownHandler()
#1 {main}
CRITICAL - 2024-06-15 11:12:18 --> App\Controllers\PrediksiPrice::exportToExcel(): Failed opening required 'C:\xampp\htdocs\Lab28_SkripsiPrediksiHarga\ci4_SkripsiPrediksiHarga\app\Classes/PHPExcel.php' (include_path='C:\xampp\php\PEAR')
#0 [internal function]: CodeIgniter\Debug\Exceptions->shutdownHandler()
#1 {main}
CRITICAL - 2024-06-15 12:06:39 --> A non-numeric value encountered
#0 C:\xampp\htdocs\Lab28_SkripsiPrediksiHarga\ci4_SkripsiPrediksiHarga\app\Views\prediksi_result.php(84): CodeIgniter\Debug\Exceptions->errorHandler(2, 'A non-numeric v...', 'C:\\xampp\\htdocs...', 84, Array)
#1 C:\xampp\htdocs\Lab28_SkripsiPrediksiHarga\ci4_SkripsiPrediksiHarga\system\View\View.php(210): include('C:\\xampp\\htdocs...')
#2 C:\xampp\htdocs\Lab28_SkripsiPrediksiHarga\ci4_SkripsiPrediksiHarga\system\View\View.php(213): CodeIgniter\View\View->CodeIgniter\View\{closure}()
#3 C:\xampp\htdocs\Lab28_SkripsiPrediksiHarga\ci4_SkripsiPrediksiHarga\system\Common.php(1089): CodeIgniter\View\View->render('prediksi_result', Array, true)
#4 C:\xampp\htdocs\Lab28_SkripsiPrediksiHarga\ci4_SkripsiPrediksiHarga\app\Controllers\PrediksiPrice.php(74): view('prediksi_result', Array)
#5 C:\xampp\htdocs\Lab28_SkripsiPrediksiHarga\ci4_SkripsiPrediksiHarga\system\CodeIgniter.php(832): App\Controllers\PrediksiPrice->proses_prediksiharga()
#6 C:\xampp\htdocs\Lab28_SkripsiPrediksiHarga\ci4_SkripsiPrediksiHarga\system\CodeIgniter.php(419): CodeIgniter\CodeIgniter->runController(Object(App\Controllers\PrediksiPrice))
#7 C:\xampp\htdocs\Lab28_SkripsiPrediksiHarga\ci4_SkripsiPrediksiHarga\system\CodeIgniter.php(326): CodeIgniter\CodeIgniter->handleRequest(NULL, Object(Config\Cache), false)
#8 C:\xampp\htdocs\Lab28_SkripsiPrediksiHarga\ci4_SkripsiPrediksiHarga\public\index.php(37): CodeIgniter\CodeIgniter->run()
#9 C:\xampp\htdocs\Lab28_SkripsiPrediksiHarga\ci4_SkripsiPrediksiHarga\system\Commands\Server\rewrite.php(43): require_once('C:\\xampp\\htdocs...')
#10 {main}
CRITICAL - 2024-06-15 12:08:18 --> Undefined variable: classificationReport
#0 C:\xampp\htdocs\Lab28_SkripsiPrediksiHarga\ci4_SkripsiPrediksiHarga\app\Views\prediksi_result.php(110): CodeIgniter\Debug\Exceptions->errorHandler(8, 'Undefined varia...', 'C:\\xampp\\htdocs...', 110, Array)
#1 C:\xampp\htdocs\Lab28_SkripsiPrediksiHarga\ci4_SkripsiPrediksiHarga\system\View\View.php(210): include('C:\\xampp\\htdocs...')
#2 C:\xampp\htdocs\Lab28_SkripsiPrediksiHarga\ci4_SkripsiPrediksiHarga\system\View\View.php(213): CodeIgniter\View\View->CodeIgniter\View\{closure}()
#3 C:\xampp\htdocs\Lab28_SkripsiPrediksiHarga\ci4_SkripsiPrediksiHarga\system\Common.php(1089): CodeIgniter\View\View->render('prediksi_result', Array, true)
#4 C:\xampp\htdocs\Lab28_SkripsiPrediksiHarga\ci4_SkripsiPrediksiHarga\app\Controllers\PrediksiPrice.php(74): view('prediksi_result', Array)
#5 C:\xampp\htdocs\Lab28_SkripsiPrediksiHarga\ci4_SkripsiPrediksiHarga\system\CodeIgniter.php(832): App\Controllers\PrediksiPrice->proses_prediksiharga()
#6 C:\xampp\htdocs\Lab28_SkripsiPrediksiHarga\ci4_SkripsiPrediksiHarga\system\CodeIgniter.php(419): CodeIgniter\CodeIgniter->runController(Object(App\Controllers\PrediksiPrice))
#7 C:\xampp\htdocs\Lab28_SkripsiPrediksiHarga\ci4_SkripsiPrediksiHarga\system\CodeIgniter.php(326): CodeIgniter\CodeIgniter->handleRequest(NULL, Object(Config\Cache), false)
#8 C:\xampp\htdocs\Lab28_SkripsiPrediksiHarga\ci4_SkripsiPrediksiHarga\public\index.php(37): CodeIgniter\CodeIgniter->run()
#9 C:\xampp\htdocs\Lab28_SkripsiPrediksiHarga\ci4_SkripsiPrediksiHarga\system\Commands\Server\rewrite.php(43): require_once('C:\\xampp\\htdocs...')
#10 {main}
CRITICAL - 2024-06-15 12:10:44 --> Illegal string offset 'precision'
#0 C:\xampp\htdocs\Lab28_SkripsiPrediksiHarga\ci4_SkripsiPrediksiHarga\app\Views\prediksi_result.php(113): CodeIgniter\Debug\Exceptions->errorHandler(2, 'Illegal string ...', 'C:\\xampp\\htdocs...', 113, Array)
#1 C:\xampp\htdocs\Lab28_SkripsiPrediksiHarga\ci4_SkripsiPrediksiHarga\system\View\View.php(210): include('C:\\xampp\\htdocs...')
#2 C:\xampp\htdocs\Lab28_SkripsiPrediksiHarga\ci4_SkripsiPrediksiHarga\system\View\View.php(213): CodeIgniter\View\View->CodeIgniter\View\{closure}()
#3 C:\xampp\htdocs\Lab28_SkripsiPrediksiHarga\ci4_SkripsiPrediksiHarga\system\Common.php(1089): CodeIgniter\View\View->render('prediksi_result', Array, true)
#4 C:\xampp\htdocs\Lab28_SkripsiPrediksiHarga\ci4_SkripsiPrediksiHarga\app\Controllers\PrediksiPrice.php(74): view('prediksi_result', Array)
#5 C:\xampp\htdocs\Lab28_SkripsiPrediksiHarga\ci4_SkripsiPrediksiHarga\system\CodeIgniter.php(832): App\Controllers\PrediksiPrice->proses_prediksiharga()
#6 C:\xampp\htdocs\Lab28_SkripsiPrediksiHarga\ci4_SkripsiPrediksiHarga\system\CodeIgniter.php(419): CodeIgniter\CodeIgniter->runController(Object(App\Controllers\PrediksiPrice))
#7 C:\xampp\htdocs\Lab28_SkripsiPrediksiHarga\ci4_SkripsiPrediksiHarga\system\CodeIgniter.php(326): CodeIgniter\CodeIgniter->handleRequest(NULL, Object(Config\Cache), false)
#8 C:\xampp\htdocs\Lab28_SkripsiPrediksiHarga\ci4_SkripsiPrediksiHarga\public\index.php(37): CodeIgniter\CodeIgniter->run()
#9 C:\xampp\htdocs\Lab28_SkripsiPrediksiHarga\ci4_SkripsiPrediksiHarga\system\Commands\Server\rewrite.php(43): require_once('C:\\xampp\\htdocs...')
#10 {main}
CRITICAL - 2024-06-15 12:14:55 --> Illegal string offset 'precision'
#0 C:\xampp\htdocs\Lab28_SkripsiPrediksiHarga\ci4_SkripsiPrediksiHarga\app\Views\prediksi_result.php(113): CodeIgniter\Debug\Exceptions->errorHandler(2, 'Illegal string ...', 'C:\\xampp\\htdocs...', 113, Array)
#1 C:\xampp\htdocs\Lab28_SkripsiPrediksiHarga\ci4_SkripsiPrediksiHarga\system\View\View.php(210): include('C:\\xampp\\htdocs...')
#2 C:\xampp\htdocs\Lab28_SkripsiPrediksiHarga\ci4_SkripsiPrediksiHarga\system\View\View.php(213): CodeIgniter\View\View->CodeIgniter\View\{closure}()
#3 C:\xampp\htdocs\Lab28_SkripsiPrediksiHarga\ci4_SkripsiPrediksiHarga\system\Common.php(1089): CodeIgniter\View\View->render('prediksi_result', Array, true)
#4 C:\xampp\htdocs\Lab28_SkripsiPrediksiHarga\ci4_SkripsiPrediksiHarga\app\Controllers\PrediksiPrice.php(74): view('prediksi_result', Array)
#5 C:\xampp\htdocs\Lab28_SkripsiPrediksiHarga\ci4_SkripsiPrediksiHarga\system\CodeIgniter.php(832): App\Controllers\PrediksiPrice->proses_prediksiharga()
#6 C:\xampp\htdocs\Lab28_SkripsiPrediksiHarga\ci4_SkripsiPrediksiHarga\system\CodeIgniter.php(419): CodeIgniter\CodeIgniter->runController(Object(App\Controllers\PrediksiPrice))
#7 C:\xampp\htdocs\Lab28_SkripsiPrediksiHarga\ci4_SkripsiPrediksiHarga\system\CodeIgniter.php(326): CodeIgniter\CodeIgniter->handleRequest(NULL, Object(Config\Cache), false)
#8 C:\xampp\htdocs\Lab28_SkripsiPrediksiHarga\ci4_SkripsiPrediksiHarga\public\index.php(37): CodeIgniter\CodeIgniter->run()
#9 C:\xampp\htdocs\Lab28_SkripsiPrediksiHarga\ci4_SkripsiPrediksiHarga\system\Commands\Server\rewrite.php(43): require_once('C:\\xampp\\htdocs...')
#10 {main}
CRITICAL - 2024-06-15 12:20:50 --> Undefined variable: classificationReport
#0 C:\xampp\htdocs\Lab28_SkripsiPrediksiHarga\ci4_SkripsiPrediksiHarga\app\Views\prediksi_result.php(110): CodeIgniter\Debug\Exceptions->errorHandler(8, 'Undefined varia...', 'C:\\xampp\\htdocs...', 110, Array)
#1 C:\xampp\htdocs\Lab28_SkripsiPrediksiHarga\ci4_SkripsiPrediksiHarga\system\View\View.php(210): include('C:\\xampp\\htdocs...')
#2 C:\xampp\htdocs\Lab28_SkripsiPrediksiHarga\ci4_SkripsiPrediksiHarga\system\View\View.php(213): CodeIgniter\View\View->CodeIgniter\View\{closure}()
#3 C:\xampp\htdocs\Lab28_SkripsiPrediksiHarga\ci4_SkripsiPrediksiHarga\system\Common.php(1089): CodeIgniter\View\View->render('prediksi_result', Array, true)
#4 C:\xampp\htdocs\Lab28_SkripsiPrediksiHarga\ci4_SkripsiPrediksiHarga\app\Controllers\PrediksiPrice.php(74): view('prediksi_result', Array)
#5 C:\xampp\htdocs\Lab28_SkripsiPrediksiHarga\ci4_SkripsiPrediksiHarga\system\CodeIgniter.php(832): App\Controllers\PrediksiPrice->proses_prediksiharga()
#6 C:\xampp\htdocs\Lab28_SkripsiPrediksiHarga\ci4_SkripsiPrediksiHarga\system\CodeIgniter.php(419): CodeIgniter\CodeIgniter->runController(Object(App\Controllers\PrediksiPrice))
#7 C:\xampp\htdocs\Lab28_SkripsiPrediksiHarga\ci4_SkripsiPrediksiHarga\system\CodeIgniter.php(326): CodeIgniter\CodeIgniter->handleRequest(NULL, Object(Config\Cache), false)
#8 C:\xampp\htdocs\Lab28_SkripsiPrediksiHarga\ci4_SkripsiPrediksiHarga\public\index.php(37): CodeIgniter\CodeIgniter->run()
#9 C:\xampp\htdocs\Lab28_SkripsiPrediksiHarga\ci4_SkripsiPrediksiHarga\system\Commands\Server\rewrite.php(43): require_once('C:\\xampp\\htdocs...')
#10 {main}
CRITICAL - 2024-06-15 12:25:55 --> Undefined variable: classificationReport
#0 C:\xampp\htdocs\Lab28_SkripsiPrediksiHarga\ci4_SkripsiPrediksiHarga\app\Views\prediksi_result.php(110): CodeIgniter\Debug\Exceptions->errorHandler(8, 'Undefined varia...', 'C:\\xampp\\htdocs...', 110, Array)
#1 C:\xampp\htdocs\Lab28_SkripsiPrediksiHarga\ci4_SkripsiPrediksiHarga\system\View\View.php(210): include('C:\\xampp\\htdocs...')
#2 C:\xampp\htdocs\Lab28_SkripsiPrediksiHarga\ci4_SkripsiPrediksiHarga\system\View\View.php(213): CodeIgniter\View\View->CodeIgniter\View\{closure}()
#3 C:\xampp\htdocs\Lab28_SkripsiPrediksiHarga\ci4_SkripsiPrediksiHarga\system\Common.php(1089): CodeIgniter\View\View->render('prediksi_result', Array, true)
#4 C:\xampp\htdocs\Lab28_SkripsiPrediksiHarga\ci4_SkripsiPrediksiHarga\app\Controllers\PrediksiPrice.php(74): view('prediksi_result', Array)
#5 C:\xampp\htdocs\Lab28_SkripsiPrediksiHarga\ci4_SkripsiPrediksiHarga\system\CodeIgniter.php(832): App\Controllers\PrediksiPrice->proses_prediksiharga()
#6 C:\xampp\htdocs\Lab28_SkripsiPrediksiHarga\ci4_SkripsiPrediksiHarga\system\CodeIgniter.php(419): CodeIgniter\CodeIgniter->runController(Object(App\Controllers\PrediksiPrice))
#7 C:\xampp\htdocs\Lab28_SkripsiPrediksiHarga\ci4_SkripsiPrediksiHarga\system\CodeIgniter.php(326): CodeIgniter\CodeIgniter->handleRequest(NULL, Object(Config\Cache), false)
#8 C:\xampp\htdocs\Lab28_SkripsiPrediksiHarga\ci4_SkripsiPrediksiHarga\public\index.php(37): CodeIgniter\CodeIgniter->run()
#9 C:\xampp\htdocs\Lab28_SkripsiPrediksiHarga\ci4_SkripsiPrediksiHarga\system\Commands\Server\rewrite.php(43): require_once('C:\\xampp\\htdocs...')
#10 {main}
CRITICAL - 2024-06-15 12:41:55 --> Undefined variable: metrics
#0 C:\xampp\htdocs\Lab28_SkripsiPrediksiHarga\ci4_SkripsiPrediksiHarga\app\Views\prediksi_result.php(107): CodeIgniter\Debug\Exceptions->errorHandler(8, 'Undefined varia...', 'C:\\xampp\\htdocs...', 107, Array)
#1 C:\xampp\htdocs\Lab28_SkripsiPrediksiHarga\ci4_SkripsiPrediksiHarga\system\View\View.php(210): include('C:\\xampp\\htdocs...')
#2 C:\xampp\htdocs\Lab28_SkripsiPrediksiHarga\ci4_SkripsiPrediksiHarga\system\View\View.php(213): CodeIgniter\View\View->CodeIgniter\View\{closure}()
#3 C:\xampp\htdocs\Lab28_SkripsiPrediksiHarga\ci4_SkripsiPrediksiHarga\system\Common.php(1089): CodeIgniter\View\View->render('prediksi_result', Array, true)
#4 C:\xampp\htdocs\Lab28_SkripsiPrediksiHarga\ci4_SkripsiPrediksiHarga\app\Controllers\PrediksiPrice.php(74): view('prediksi_result', Array)
#5 C:\xampp\htdocs\Lab28_SkripsiPrediksiHarga\ci4_SkripsiPrediksiHarga\system\CodeIgniter.php(832): App\Controllers\PrediksiPrice->proses_prediksiharga()
#6 C:\xampp\htdocs\Lab28_SkripsiPrediksiHarga\ci4_SkripsiPrediksiHarga\system\CodeIgniter.php(419): CodeIgniter\CodeIgniter->runController(Object(App\Controllers\PrediksiPrice))
#7 C:\xampp\htdocs\Lab28_SkripsiPrediksiHarga\ci4_SkripsiPrediksiHarga\system\CodeIgniter.php(326): CodeIgniter\CodeIgniter->handleRequest(NULL, Object(Config\Cache), false)
#8 C:\xampp\htdocs\Lab28_SkripsiPrediksiHarga\ci4_SkripsiPrediksiHarga\public\index.php(37): CodeIgniter\CodeIgniter->run()
#9 C:\xampp\htdocs\Lab28_SkripsiPrediksiHarga\ci4_SkripsiPrediksiHarga\system\Commands\Server\rewrite.php(43): require_once('C:\\xampp\\htdocs...')
#10 {main}
CRITICAL - 2024-06-15 12:42:42 --> Illegal string offset 'precision'
#0 C:\xampp\htdocs\Lab28_SkripsiPrediksiHarga\ci4_SkripsiPrediksiHarga\app\Views\prediksi_result.php(107): CodeIgniter\Debug\Exceptions->errorHandler(2, 'Illegal string ...', 'C:\\xampp\\htdocs...', 107, Array)
#1 C:\xampp\htdocs\Lab28_SkripsiPrediksiHarga\ci4_SkripsiPrediksiHarga\system\View\View.php(210): include('C:\\xampp\\htdocs...')
#2 C:\xampp\htdocs\Lab28_SkripsiPrediksiHarga\ci4_SkripsiPrediksiHarga\system\View\View.php(213): CodeIgniter\View\View->CodeIgniter\View\{closure}()
#3 C:\xampp\htdocs\Lab28_SkripsiPrediksiHarga\ci4_SkripsiPrediksiHarga\system\Common.php(1089): CodeIgniter\View\View->render('prediksi_result', Array, true)
#4 C:\xampp\htdocs\Lab28_SkripsiPrediksiHarga\ci4_SkripsiPrediksiHarga\app\Controllers\PrediksiPrice.php(74): view('prediksi_result', Array)
#5 C:\xampp\htdocs\Lab28_SkripsiPrediksiHarga\ci4_SkripsiPrediksiHarga\system\CodeIgniter.php(832): App\Controllers\PrediksiPrice->proses_prediksiharga()
#6 C:\xampp\htdocs\Lab28_SkripsiPrediksiHarga\ci4_SkripsiPrediksiHarga\system\CodeIgniter.php(419): CodeIgniter\CodeIgniter->runController(Object(App\Controllers\PrediksiPrice))
#7 C:\xampp\htdocs\Lab28_SkripsiPrediksiHarga\ci4_SkripsiPrediksiHarga\system\CodeIgniter.php(326): CodeIgniter\CodeIgniter->handleRequest(NULL, Object(Config\Cache), false)
#8 C:\xampp\htdocs\Lab28_SkripsiPrediksiHarga\ci4_SkripsiPrediksiHarga\public\index.php(37): CodeIgniter\CodeIgniter->run()
#9 C:\xampp\htdocs\Lab28_SkripsiPrediksiHarga\ci4_SkripsiPrediksiHarga\system\Commands\Server\rewrite.php(43): require_once('C:\\xampp\\htdocs...')
#10 {main}
CRITICAL - 2024-06-15 12:43:28 --> Illegal string offset 'accuracy'
#0 C:\xampp\htdocs\Lab28_SkripsiPrediksiHarga\ci4_SkripsiPrediksiHarga\app\Views\prediksi_result.php(107): CodeIgniter\Debug\Exceptions->errorHandler(2, 'Illegal string ...', 'C:\\xampp\\htdocs...', 107, Array)
#1 C:\xampp\htdocs\Lab28_SkripsiPrediksiHarga\ci4_SkripsiPrediksiHarga\system\View\View.php(210): include('C:\\xampp\\htdocs...')
#2 C:\xampp\htdocs\Lab28_SkripsiPrediksiHarga\ci4_SkripsiPrediksiHarga\system\View\View.php(213): CodeIgniter\View\View->CodeIgniter\View\{closure}()
#3 C:\xampp\htdocs\Lab28_SkripsiPrediksiHarga\ci4_SkripsiPrediksiHarga\system\Common.php(1089): CodeIgniter\View\View->render('prediksi_result', Array, true)
#4 C:\xampp\htdocs\Lab28_SkripsiPrediksiHarga\ci4_SkripsiPrediksiHarga\app\Controllers\PrediksiPrice.php(74): view('prediksi_result', Array)
#5 C:\xampp\htdocs\Lab28_SkripsiPrediksiHarga\ci4_SkripsiPrediksiHarga\system\CodeIgniter.php(832): App\Controllers\PrediksiPrice->proses_prediksiharga()
#6 C:\xampp\htdocs\Lab28_SkripsiPrediksiHarga\ci4_SkripsiPrediksiHarga\system\CodeIgniter.php(419): CodeIgniter\CodeIgniter->runController(Object(App\Controllers\PrediksiPrice))
#7 C:\xampp\htdocs\Lab28_SkripsiPrediksiHarga\ci4_SkripsiPrediksiHarga\system\CodeIgniter.php(326): CodeIgniter\CodeIgniter->handleRequest(NULL, Object(Config\Cache), false)
#8 C:\xampp\htdocs\Lab28_SkripsiPrediksiHarga\ci4_SkripsiPrediksiHarga\public\index.php(37): CodeIgniter\CodeIgniter->run()
#9 C:\xampp\htdocs\Lab28_SkripsiPrediksiHarga\ci4_SkripsiPrediksiHarga\system\Commands\Server\rewrite.php(43): require_once('C:\\xampp\\htdocs...')
#10 {main}
CRITICAL - 2024-06-15 12:43:50 --> Illegal string offset 'recall'
#0 C:\xampp\htdocs\Lab28_SkripsiPrediksiHarga\ci4_SkripsiPrediksiHarga\app\Views\prediksi_result.php(107): CodeIgniter\Debug\Exceptions->errorHandler(2, 'Illegal string ...', 'C:\\xampp\\htdocs...', 107, Array)
#1 C:\xampp\htdocs\Lab28_SkripsiPrediksiHarga\ci4_SkripsiPrediksiHarga\system\View\View.php(210): include('C:\\xampp\\htdocs...')
#2 C:\xampp\htdocs\Lab28_SkripsiPrediksiHarga\ci4_SkripsiPrediksiHarga\system\View\View.php(213): CodeIgniter\View\View->CodeIgniter\View\{closure}()
#3 C:\xampp\htdocs\Lab28_SkripsiPrediksiHarga\ci4_SkripsiPrediksiHarga\system\Common.php(1089): CodeIgniter\View\View->render('prediksi_result', Array, true)
#4 C:\xampp\htdocs\Lab28_SkripsiPrediksiHarga\ci4_SkripsiPrediksiHarga\app\Controllers\PrediksiPrice.php(74): view('prediksi_result', Array)
#5 C:\xampp\htdocs\Lab28_SkripsiPrediksiHarga\ci4_SkripsiPrediksiHarga\system\CodeIgniter.php(832): App\Controllers\PrediksiPrice->proses_prediksiharga()
#6 C:\xampp\htdocs\Lab28_SkripsiPrediksiHarga\ci4_SkripsiPrediksiHarga\system\CodeIgniter.php(419): CodeIgniter\CodeIgniter->runController(Object(App\Controllers\PrediksiPrice))
#7 C:\xampp\htdocs\Lab28_SkripsiPrediksiHarga\ci4_SkripsiPrediksiHarga\system\CodeIgniter.php(326): CodeIgniter\CodeIgniter->handleRequest(NULL, Object(Config\Cache), false)
#8 C:\xampp\htdocs\Lab28_SkripsiPrediksiHarga\ci4_SkripsiPrediksiHarga\public\index.php(37): CodeIgniter\CodeIgniter->run()
#9 C:\xampp\htdocs\Lab28_SkripsiPrediksiHarga\ci4_SkripsiPrediksiHarga\system\Commands\Server\rewrite.php(43): require_once('C:\\xampp\\htdocs...')
#10 {main}
CRITICAL - 2024-06-15 12:54:57 --> Illegal string offset 'precision'
#0 C:\xampp\htdocs\Lab28_SkripsiPrediksiHarga\ci4_SkripsiPrediksiHarga\app\Views\prediksi_result.php(113): CodeIgniter\Debug\Exceptions->errorHandler(2, 'Illegal string ...', 'C:\\xampp\\htdocs...', 113, Array)
#1 C:\xampp\htdocs\Lab28_SkripsiPrediksiHarga\ci4_SkripsiPrediksiHarga\system\View\View.php(210): include('C:\\xampp\\htdocs...')
#2 C:\xampp\htdocs\Lab28_SkripsiPrediksiHarga\ci4_SkripsiPrediksiHarga\system\View\View.php(213): CodeIgniter\View\View->CodeIgniter\View\{closure}()
#3 C:\xampp\htdocs\Lab28_SkripsiPrediksiHarga\ci4_SkripsiPrediksiHarga\system\Common.php(1089): CodeIgniter\View\View->render('prediksi_result', Array, true)
#4 C:\xampp\htdocs\Lab28_SkripsiPrediksiHarga\ci4_SkripsiPrediksiHarga\app\Controllers\PrediksiPrice.php(74): view('prediksi_result', Array)
#5 C:\xampp\htdocs\Lab28_SkripsiPrediksiHarga\ci4_SkripsiPrediksiHarga\system\CodeIgniter.php(832): App\Controllers\PrediksiPrice->proses_prediksiharga()
#6 C:\xampp\htdocs\Lab28_SkripsiPrediksiHarga\ci4_SkripsiPrediksiHarga\system\CodeIgniter.php(419): CodeIgniter\CodeIgniter->runController(Object(App\Controllers\PrediksiPrice))
#7 C:\xampp\htdocs\Lab28_SkripsiPrediksiHarga\ci4_SkripsiPrediksiHarga\system\CodeIgniter.php(326): CodeIgniter\CodeIgniter->handleRequest(NULL, Object(Config\Cache), false)
#8 C:\xampp\htdocs\Lab28_SkripsiPrediksiHarga\ci4_SkripsiPrediksiHarga\public\index.php(37): CodeIgniter\CodeIgniter->run()
#9 C:\xampp\htdocs\Lab28_SkripsiPrediksiHarga\ci4_SkripsiPrediksiHarga\system\Commands\Server\rewrite.php(43): require_once('C:\\xampp\\htdocs...')
#10 {main}
CRITICAL - 2024-06-15 13:00:27 --> App\Controllers\PrediksiPrice::exportToExcel(): Failed opening required 'C:\xampp\htdocs\Lab28_SkripsiPrediksiHarga\ci4_SkripsiPrediksiHarga\app\Classes/PHPExcel.php' (include_path='C:\xampp\php\PEAR')
#0 [internal function]: CodeIgniter\Debug\Exceptions->shutdownHandler()
#1 {main}
CRITICAL - 2024-06-15 13:00:32 --> App\Controllers\PrediksiPrice::exportToExcel(): Failed opening required 'C:\xampp\htdocs\Lab28_SkripsiPrediksiHarga\ci4_SkripsiPrediksiHarga\app\Classes/PHPExcel.php' (include_path='C:\xampp\php\PEAR')
#0 [internal function]: CodeIgniter\Debug\Exceptions->shutdownHandler()
#1 {main}
CRITICAL - 2024-06-15 13:05:53 --> Call to undefined method App\Controllers\PrediksiPrice::getPredictions()
#0 C:\xampp\htdocs\Lab28_SkripsiPrediksiHarga\ci4_SkripsiPrediksiHarga\system\CodeIgniter.php(832): App\Controllers\PrediksiPrice->exportToExcel()
#1 C:\xampp\htdocs\Lab28_SkripsiPrediksiHarga\ci4_SkripsiPrediksiHarga\system\CodeIgniter.php(419): CodeIgniter\CodeIgniter->runController(Object(App\Controllers\PrediksiPrice))
#2 C:\xampp\htdocs\Lab28_SkripsiPrediksiHarga\ci4_SkripsiPrediksiHarga\system\CodeIgniter.php(326): CodeIgniter\CodeIgniter->handleRequest(NULL, Object(Config\Cache), false)
#3 C:\xampp\htdocs\Lab28_SkripsiPrediksiHarga\ci4_SkripsiPrediksiHarga\public\index.php(37): CodeIgniter\CodeIgniter->run()
#4 C:\xampp\htdocs\Lab28_SkripsiPrediksiHarga\ci4_SkripsiPrediksiHarga\system\Commands\Server\rewrite.php(43): require_once('C:\\xampp\\htdocs...')
#5 {main}
CRITICAL - 2024-06-15 13:05:59 --> Call to undefined method App\Controllers\PrediksiPrice::getPredictions()
#0 C:\xampp\htdocs\Lab28_SkripsiPrediksiHarga\ci4_SkripsiPrediksiHarga\system\CodeIgniter.php(832): App\Controllers\PrediksiPrice->exportToExcel()
#1 C:\xampp\htdocs\Lab28_SkripsiPrediksiHarga\ci4_SkripsiPrediksiHarga\system\CodeIgniter.php(419): CodeIgniter\CodeIgniter->runController(Object(App\Controllers\PrediksiPrice))
#2 C:\xampp\htdocs\Lab28_SkripsiPrediksiHarga\ci4_SkripsiPrediksiHarga\system\CodeIgniter.php(326): CodeIgniter\CodeIgniter->handleRequest(NULL, Object(Config\Cache), false)
#3 C:\xampp\htdocs\Lab28_SkripsiPrediksiHarga\ci4_SkripsiPrediksiHarga\public\index.php(37): CodeIgniter\CodeIgniter->run()
#4 C:\xampp\htdocs\Lab28_SkripsiPrediksiHarga\ci4_SkripsiPrediksiHarga\system\Commands\Server\rewrite.php(43): require_once('C:\\xampp\\htdocs...')
#5 {main}
CRITICAL - 2024-06-15 13:05:59 --> Call to undefined method App\Controllers\PrediksiPrice::getPredictions()
#0 C:\xampp\htdocs\Lab28_SkripsiPrediksiHarga\ci4_SkripsiPrediksiHarga\system\CodeIgniter.php(832): App\Controllers\PrediksiPrice->exportToExcel()
#1 C:\xampp\htdocs\Lab28_SkripsiPrediksiHarga\ci4_SkripsiPrediksiHarga\system\CodeIgniter.php(419): CodeIgniter\CodeIgniter->runController(Object(App\Controllers\PrediksiPrice))
#2 C:\xampp\htdocs\Lab28_SkripsiPrediksiHarga\ci4_SkripsiPrediksiHarga\system\CodeIgniter.php(326): CodeIgniter\CodeIgniter->handleRequest(NULL, Object(Config\Cache), false)
#3 C:\xampp\htdocs\Lab28_SkripsiPrediksiHarga\ci4_SkripsiPrediksiHarga\public\index.php(37): CodeIgniter\CodeIgniter->run()
#4 C:\xampp\htdocs\Lab28_SkripsiPrediksiHarga\ci4_SkripsiPrediksiHarga\system\Commands\Server\rewrite.php(43): require_once('C:\\xampp\\htdocs...')
#5 {main}
CRITICAL - 2024-06-15 13:06:00 --> Call to undefined method App\Controllers\PrediksiPrice::getPredictions()
#0 C:\xampp\htdocs\Lab28_SkripsiPrediksiHarga\ci4_SkripsiPrediksiHarga\system\CodeIgniter.php(832): App\Controllers\PrediksiPrice->exportToExcel()
#1 C:\xampp\htdocs\Lab28_SkripsiPrediksiHarga\ci4_SkripsiPrediksiHarga\system\CodeIgniter.php(419): CodeIgniter\CodeIgniter->runController(Object(App\Controllers\PrediksiPrice))
#2 C:\xampp\htdocs\Lab28_SkripsiPrediksiHarga\ci4_SkripsiPrediksiHarga\system\CodeIgniter.php(326): CodeIgniter\CodeIgniter->handleRequest(NULL, Object(Config\Cache), false)
#3 C:\xampp\htdocs\Lab28_SkripsiPrediksiHarga\ci4_SkripsiPrediksiHarga\public\index.php(37): CodeIgniter\CodeIgniter->run()
#4 C:\xampp\htdocs\Lab28_SkripsiPrediksiHarga\ci4_SkripsiPrediksiHarga\system\Commands\Server\rewrite.php(43): require_once('C:\\xampp\\htdocs...')
#5 {main}
CRITICAL - 2024-06-15 13:06:00 --> Call to undefined method App\Controllers\PrediksiPrice::getPredictions()
#0 C:\xampp\htdocs\Lab28_SkripsiPrediksiHarga\ci4_SkripsiPrediksiHarga\system\CodeIgniter.php(832): App\Controllers\PrediksiPrice->exportToExcel()
#1 C:\xampp\htdocs\Lab28_SkripsiPrediksiHarga\ci4_SkripsiPrediksiHarga\system\CodeIgniter.php(419): CodeIgniter\CodeIgniter->runController(Object(App\Controllers\PrediksiPrice))
#2 C:\xampp\htdocs\Lab28_SkripsiPrediksiHarga\ci4_SkripsiPrediksiHarga\system\CodeIgniter.php(326): CodeIgniter\CodeIgniter->handleRequest(NULL, Object(Config\Cache), false)
#3 C:\xampp\htdocs\Lab28_SkripsiPrediksiHarga\ci4_SkripsiPrediksiHarga\public\index.php(37): CodeIgniter\CodeIgniter->run()
#4 C:\xampp\htdocs\Lab28_SkripsiPrediksiHarga\ci4_SkripsiPrediksiHarga\system\Commands\Server\rewrite.php(43): require_once('C:\\xampp\\htdocs...')
#5 {main}
CRITICAL - 2024-06-15 13:06:02 --> Call to undefined method App\Controllers\PrediksiPrice::getPredictions()
#0 C:\xampp\htdocs\Lab28_SkripsiPrediksiHarga\ci4_SkripsiPrediksiHarga\system\CodeIgniter.php(832): App\Controllers\PrediksiPrice->exportToExcel()
#1 C:\xampp\htdocs\Lab28_SkripsiPrediksiHarga\ci4_SkripsiPrediksiHarga\system\CodeIgniter.php(419): CodeIgniter\CodeIgniter->runController(Object(App\Controllers\PrediksiPrice))
#2 C:\xampp\htdocs\Lab28_SkripsiPrediksiHarga\ci4_SkripsiPrediksiHarga\system\CodeIgniter.php(326): CodeIgniter\CodeIgniter->handleRequest(NULL, Object(Config\Cache), false)
#3 C:\xampp\htdocs\Lab28_SkripsiPrediksiHarga\ci4_SkripsiPrediksiHarga\public\index.php(37): CodeIgniter\CodeIgniter->run()
#4 C:\xampp\htdocs\Lab28_SkripsiPrediksiHarga\ci4_SkripsiPrediksiHarga\system\Commands\Server\rewrite.php(43): require_once('C:\\xampp\\htdocs...')
#5 {main}
CRITICAL - 2024-06-15 13:10:35 --> Call to undefined method App\Controllers\PrediksiPrice::getPredictions()
#0 C:\xampp\htdocs\Lab28_SkripsiPrediksiHarga\ci4_SkripsiPrediksiHarga\system\CodeIgniter.php(832): App\Controllers\PrediksiPrice->exportToExcel()
#1 C:\xampp\htdocs\Lab28_SkripsiPrediksiHarga\ci4_SkripsiPrediksiHarga\system\CodeIgniter.php(419): CodeIgniter\CodeIgniter->runController(Object(App\Controllers\PrediksiPrice))
#2 C:\xampp\htdocs\Lab28_SkripsiPrediksiHarga\ci4_SkripsiPrediksiHarga\system\CodeIgniter.php(326): CodeIgniter\CodeIgniter->handleRequest(NULL, Object(Config\Cache), false)
#3 C:\xampp\htdocs\Lab28_SkripsiPrediksiHarga\ci4_SkripsiPrediksiHarga\public\index.php(37): CodeIgniter\CodeIgniter->run()
#4 C:\xampp\htdocs\Lab28_SkripsiPrediksiHarga\ci4_SkripsiPrediksiHarga\system\Commands\Server\rewrite.php(43): require_once('C:\\xampp\\htdocs...')
#5 {main}
CRITICAL - 2024-06-15 13:10:37 --> Call to undefined method App\Controllers\PrediksiPrice::getPredictions()
#0 C:\xampp\htdocs\Lab28_SkripsiPrediksiHarga\ci4_SkripsiPrediksiHarga\system\CodeIgniter.php(832): App\Controllers\PrediksiPrice->exportToExcel()
#1 C:\xampp\htdocs\Lab28_SkripsiPrediksiHarga\ci4_SkripsiPrediksiHarga\system\CodeIgniter.php(419): CodeIgniter\CodeIgniter->runController(Object(App\Controllers\PrediksiPrice))
#2 C:\xampp\htdocs\Lab28_SkripsiPrediksiHarga\ci4_SkripsiPrediksiHarga\system\CodeIgniter.php(326): CodeIgniter\CodeIgniter->handleRequest(NULL, Object(Config\Cache), false)
#3 C:\xampp\htdocs\Lab28_SkripsiPrediksiHarga\ci4_SkripsiPrediksiHarga\public\index.php(37): CodeIgniter\CodeIgniter->run()
#4 C:\xampp\htdocs\Lab28_SkripsiPrediksiHarga\ci4_SkripsiPrediksiHarga\system\Commands\Server\rewrite.php(43): require_once('C:\\xampp\\htdocs...')
#5 {main}
CRITICAL - 2024-06-15 13:10:38 --> Call to undefined method App\Controllers\PrediksiPrice::getPredictions()
#0 C:\xampp\htdocs\Lab28_SkripsiPrediksiHarga\ci4_SkripsiPrediksiHarga\system\CodeIgniter.php(832): App\Controllers\PrediksiPrice->exportToExcel()
#1 C:\xampp\htdocs\Lab28_SkripsiPrediksiHarga\ci4_SkripsiPrediksiHarga\system\CodeIgniter.php(419): CodeIgniter\CodeIgniter->runController(Object(App\Controllers\PrediksiPrice))
#2 C:\xampp\htdocs\Lab28_SkripsiPrediksiHarga\ci4_SkripsiPrediksiHarga\system\CodeIgniter.php(326): CodeIgniter\CodeIgniter->handleRequest(NULL, Object(Config\Cache), false)
#3 C:\xampp\htdocs\Lab28_SkripsiPrediksiHarga\ci4_SkripsiPrediksiHarga\public\index.php(37): CodeIgniter\CodeIgniter->run()
#4 C:\xampp\htdocs\Lab28_SkripsiPrediksiHarga\ci4_SkripsiPrediksiHarga\system\Commands\Server\rewrite.php(43): require_once('C:\\xampp\\htdocs...')
#5 {main}
CRITICAL - 2024-06-15 13:10:38 --> Call to undefined method App\Controllers\PrediksiPrice::getPredictions()
#0 C:\xampp\htdocs\Lab28_SkripsiPrediksiHarga\ci4_SkripsiPrediksiHarga\system\CodeIgniter.php(832): App\Controllers\PrediksiPrice->exportToExcel()
#1 C:\xampp\htdocs\Lab28_SkripsiPrediksiHarga\ci4_SkripsiPrediksiHarga\system\CodeIgniter.php(419): CodeIgniter\CodeIgniter->runController(Object(App\Controllers\PrediksiPrice))
#2 C:\xampp\htdocs\Lab28_SkripsiPrediksiHarga\ci4_SkripsiPrediksiHarga\system\CodeIgniter.php(326): CodeIgniter\CodeIgniter->handleRequest(NULL, Object(Config\Cache), false)
#3 C:\xampp\htdocs\Lab28_SkripsiPrediksiHarga\ci4_SkripsiPrediksiHarga\public\index.php(37): CodeIgniter\CodeIgniter->run()
#4 C:\xampp\htdocs\Lab28_SkripsiPrediksiHarga\ci4_SkripsiPrediksiHarga\system\Commands\Server\rewrite.php(43): require_once('C:\\xampp\\htdocs...')
#5 {main}
CRITICAL - 2024-06-15 13:10:39 --> Call to undefined method App\Controllers\PrediksiPrice::getPredictions()
#0 C:\xampp\htdocs\Lab28_SkripsiPrediksiHarga\ci4_SkripsiPrediksiHarga\system\CodeIgniter.php(832): App\Controllers\PrediksiPrice->exportToExcel()
#1 C:\xampp\htdocs\Lab28_SkripsiPrediksiHarga\ci4_SkripsiPrediksiHarga\system\CodeIgniter.php(419): CodeIgniter\CodeIgniter->runController(Object(App\Controllers\PrediksiPrice))
#2 C:\xampp\htdocs\Lab28_SkripsiPrediksiHarga\ci4_SkripsiPrediksiHarga\system\CodeIgniter.php(326): CodeIgniter\CodeIgniter->handleRequest(NULL, Object(Config\Cache), false)
#3 C:\xampp\htdocs\Lab28_SkripsiPrediksiHarga\ci4_SkripsiPrediksiHarga\public\index.php(37): CodeIgniter\CodeIgniter->run()
#4 C:\xampp\htdocs\Lab28_SkripsiPrediksiHarga\ci4_SkripsiPrediksiHarga\system\Commands\Server\rewrite.php(43): require_once('C:\\xampp\\htdocs...')
#5 {main}
CRITICAL - 2024-06-15 13:10:39 --> Call to undefined method App\Controllers\PrediksiPrice::getPredictions()
#0 C:\xampp\htdocs\Lab28_SkripsiPrediksiHarga\ci4_SkripsiPrediksiHarga\system\CodeIgniter.php(832): App\Controllers\PrediksiPrice->exportToExcel()
#1 C:\xampp\htdocs\Lab28_SkripsiPrediksiHarga\ci4_SkripsiPrediksiHarga\system\CodeIgniter.php(419): CodeIgniter\CodeIgniter->runController(Object(App\Controllers\PrediksiPrice))
#2 C:\xampp\htdocs\Lab28_SkripsiPrediksiHarga\ci4_SkripsiPrediksiHarga\system\CodeIgniter.php(326): CodeIgniter\CodeIgniter->handleRequest(NULL, Object(Config\Cache), false)
#3 C:\xampp\htdocs\Lab28_SkripsiPrediksiHarga\ci4_SkripsiPrediksiHarga\public\index.php(37): CodeIgniter\CodeIgniter->run()
#4 C:\xampp\htdocs\Lab28_SkripsiPrediksiHarga\ci4_SkripsiPrediksiHarga\system\Commands\Server\rewrite.php(43): require_once('C:\\xampp\\htdocs...')
#5 {main}
CRITICAL - 2024-06-15 13:10:40 --> Call to undefined method App\Controllers\PrediksiPrice::getPredictions()
#0 C:\xampp\htdocs\Lab28_SkripsiPrediksiHarga\ci4_SkripsiPrediksiHarga\system\CodeIgniter.php(832): App\Controllers\PrediksiPrice->exportToExcel()
#1 C:\xampp\htdocs\Lab28_SkripsiPrediksiHarga\ci4_SkripsiPrediksiHarga\system\CodeIgniter.php(419): CodeIgniter\CodeIgniter->runController(Object(App\Controllers\PrediksiPrice))
#2 C:\xampp\htdocs\Lab28_SkripsiPrediksiHarga\ci4_SkripsiPrediksiHarga\system\CodeIgniter.php(326): CodeIgniter\CodeIgniter->handleRequest(NULL, Object(Config\Cache), false)
#3 C:\xampp\htdocs\Lab28_SkripsiPrediksiHarga\ci4_SkripsiPrediksiHarga\public\index.php(37): CodeIgniter\CodeIgniter->run()
#4 C:\xampp\htdocs\Lab28_SkripsiPrediksiHarga\ci4_SkripsiPrediksiHarga\system\Commands\Server\rewrite.php(43): require_once('C:\\xampp\\htdocs...')
#5 {main}
CRITICAL - 2024-06-15 13:10:41 --> Call to undefined method App\Controllers\PrediksiPrice::getPredictions()
#0 C:\xampp\htdocs\Lab28_SkripsiPrediksiHarga\ci4_SkripsiPrediksiHarga\system\CodeIgniter.php(832): App\Controllers\PrediksiPrice->exportToExcel()
#1 C:\xampp\htdocs\Lab28_SkripsiPrediksiHarga\ci4_SkripsiPrediksiHarga\system\CodeIgniter.php(419): CodeIgniter\CodeIgniter->runController(Object(App\Controllers\PrediksiPrice))
#2 C:\xampp\htdocs\Lab28_SkripsiPrediksiHarga\ci4_SkripsiPrediksiHarga\system\CodeIgniter.php(326): CodeIgniter\CodeIgniter->handleRequest(NULL, Object(Config\Cache), false)
#3 C:\xampp\htdocs\Lab28_SkripsiPrediksiHarga\ci4_SkripsiPrediksiHarga\public\index.php(37): CodeIgniter\CodeIgniter->run()
#4 C:\xampp\htdocs\Lab28_SkripsiPrediksiHarga\ci4_SkripsiPrediksiHarga\system\Commands\Server\rewrite.php(43): require_once('C:\\xampp\\htdocs...')
#5 {main}
CRITICAL - 2024-06-15 13:10:42 --> Call to undefined method App\Controllers\PrediksiPrice::getPredictions()
#0 C:\xampp\htdocs\Lab28_SkripsiPrediksiHarga\ci4_SkripsiPrediksiHarga\system\CodeIgniter.php(832): App\Controllers\PrediksiPrice->exportToExcel()
#1 C:\xampp\htdocs\Lab28_SkripsiPrediksiHarga\ci4_SkripsiPrediksiHarga\system\CodeIgniter.php(419): CodeIgniter\CodeIgniter->runController(Object(App\Controllers\PrediksiPrice))
#2 C:\xampp\htdocs\Lab28_SkripsiPrediksiHarga\ci4_SkripsiPrediksiHarga\system\CodeIgniter.php(326): CodeIgniter\CodeIgniter->handleRequest(NULL, Object(Config\Cache), false)
#3 C:\xampp\htdocs\Lab28_SkripsiPrediksiHarga\ci4_SkripsiPrediksiHarga\public\index.php(37): CodeIgniter\CodeIgniter->run()
#4 C:\xampp\htdocs\Lab28_SkripsiPrediksiHarga\ci4_SkripsiPrediksiHarga\system\Commands\Server\rewrite.php(43): require_once('C:\\xampp\\htdocs...')
#5 {main}
CRITICAL - 2024-06-15 13:10:42 --> Call to undefined method App\Controllers\PrediksiPrice::getPredictions()
#0 C:\xampp\htdocs\Lab28_SkripsiPrediksiHarga\ci4_SkripsiPrediksiHarga\system\CodeIgniter.php(832): App\Controllers\PrediksiPrice->exportToExcel()
#1 C:\xampp\htdocs\Lab28_SkripsiPrediksiHarga\ci4_SkripsiPrediksiHarga\system\CodeIgniter.php(419): CodeIgniter\CodeIgniter->runController(Object(App\Controllers\PrediksiPrice))
#2 C:\xampp\htdocs\Lab28_SkripsiPrediksiHarga\ci4_SkripsiPrediksiHarga\system\CodeIgniter.php(326): CodeIgniter\CodeIgniter->handleRequest(NULL, Object(Config\Cache), false)
#3 C:\xampp\htdocs\Lab28_SkripsiPrediksiHarga\ci4_SkripsiPrediksiHarga\public\index.php(37): CodeIgniter\CodeIgniter->run()
#4 C:\xampp\htdocs\Lab28_SkripsiPrediksiHarga\ci4_SkripsiPrediksiHarga\system\Commands\Server\rewrite.php(43): require_once('C:\\xampp\\htdocs...')
#5 {main}
CRITICAL - 2024-06-15 13:10:43 --> Call to undefined method App\Controllers\PrediksiPrice::getPredictions()
#0 C:\xampp\htdocs\Lab28_SkripsiPrediksiHarga\ci4_SkripsiPrediksiHarga\system\CodeIgniter.php(832): App\Controllers\PrediksiPrice->exportToExcel()
#1 C:\xampp\htdocs\Lab28_SkripsiPrediksiHarga\ci4_SkripsiPrediksiHarga\system\CodeIgniter.php(419): CodeIgniter\CodeIgniter->runController(Object(App\Controllers\PrediksiPrice))
#2 C:\xampp\htdocs\Lab28_SkripsiPrediksiHarga\ci4_SkripsiPrediksiHarga\system\CodeIgniter.php(326): CodeIgniter\CodeIgniter->handleRequest(NULL, Object(Config\Cache), false)
#3 C:\xampp\htdocs\Lab28_SkripsiPrediksiHarga\ci4_SkripsiPrediksiHarga\public\index.php(37): CodeIgniter\CodeIgniter->run()
#4 C:\xampp\htdocs\Lab28_SkripsiPrediksiHarga\ci4_SkripsiPrediksiHarga\system\Commands\Server\rewrite.php(43): require_once('C:\\xampp\\htdocs...')
#5 {main}
CRITICAL - 2024-06-15 13:10:43 --> Call to undefined method App\Controllers\PrediksiPrice::getPredictions()
#0 C:\xampp\htdocs\Lab28_SkripsiPrediksiHarga\ci4_SkripsiPrediksiHarga\system\CodeIgniter.php(832): App\Controllers\PrediksiPrice->exportToExcel()
#1 C:\xampp\htdocs\Lab28_SkripsiPrediksiHarga\ci4_SkripsiPrediksiHarga\system\CodeIgniter.php(419): CodeIgniter\CodeIgniter->runController(Object(App\Controllers\PrediksiPrice))
#2 C:\xampp\htdocs\Lab28_SkripsiPrediksiHarga\ci4_SkripsiPrediksiHarga\system\CodeIgniter.php(326): CodeIgniter\CodeIgniter->handleRequest(NULL, Object(Config\Cache), false)
#3 C:\xampp\htdocs\Lab28_SkripsiPrediksiHarga\ci4_SkripsiPrediksiHarga\public\index.php(37): CodeIgniter\CodeIgniter->run()
#4 C:\xampp\htdocs\Lab28_SkripsiPrediksiHarga\ci4_SkripsiPrediksiHarga\system\Commands\Server\rewrite.php(43): require_once('C:\\xampp\\htdocs...')
#5 {main}
CRITICAL - 2024-06-15 13:10:44 --> Call to undefined method App\Controllers\PrediksiPrice::getPredictions()
#0 C:\xampp\htdocs\Lab28_SkripsiPrediksiHarga\ci4_SkripsiPrediksiHarga\system\CodeIgniter.php(832): App\Controllers\PrediksiPrice->exportToExcel()
#1 C:\xampp\htdocs\Lab28_SkripsiPrediksiHarga\ci4_SkripsiPrediksiHarga\system\CodeIgniter.php(419): CodeIgniter\CodeIgniter->runController(Object(App\Controllers\PrediksiPrice))
#2 C:\xampp\htdocs\Lab28_SkripsiPrediksiHarga\ci4_SkripsiPrediksiHarga\system\CodeIgniter.php(326): CodeIgniter\CodeIgniter->handleRequest(NULL, Object(Config\Cache), false)
#3 C:\xampp\htdocs\Lab28_SkripsiPrediksiHarga\ci4_SkripsiPrediksiHarga\public\index.php(37): CodeIgniter\CodeIgniter->run()
#4 C:\xampp\htdocs\Lab28_SkripsiPrediksiHarga\ci4_SkripsiPrediksiHarga\system\Commands\Server\rewrite.php(43): require_once('C:\\xampp\\htdocs...')
#5 {main}
CRITICAL - 2024-06-15 13:10:44 --> Call to undefined method App\Controllers\PrediksiPrice::getPredictions()
#0 C:\xampp\htdocs\Lab28_SkripsiPrediksiHarga\ci4_SkripsiPrediksiHarga\system\CodeIgniter.php(832): App\Controllers\PrediksiPrice->exportToExcel()
#1 C:\xampp\htdocs\Lab28_SkripsiPrediksiHarga\ci4_SkripsiPrediksiHarga\system\CodeIgniter.php(419): CodeIgniter\CodeIgniter->runController(Object(App\Controllers\PrediksiPrice))
#2 C:\xampp\htdocs\Lab28_SkripsiPrediksiHarga\ci4_SkripsiPrediksiHarga\system\CodeIgniter.php(326): CodeIgniter\CodeIgniter->handleRequest(NULL, Object(Config\Cache), false)
#3 C:\xampp\htdocs\Lab28_SkripsiPrediksiHarga\ci4_SkripsiPrediksiHarga\public\index.php(37): CodeIgniter\CodeIgniter->run()
#4 C:\xampp\htdocs\Lab28_SkripsiPrediksiHarga\ci4_SkripsiPrediksiHarga\system\Commands\Server\rewrite.php(43): require_once('C:\\xampp\\htdocs...')
#5 {main}
CRITICAL - 2024-06-15 13:10:49 --> Call to undefined method App\Controllers\PrediksiPrice::getPredictions()
#0 C:\xampp\htdocs\Lab28_SkripsiPrediksiHarga\ci4_SkripsiPrediksiHarga\system\CodeIgniter.php(832): App\Controllers\PrediksiPrice->exportToExcel()
#1 C:\xampp\htdocs\Lab28_SkripsiPrediksiHarga\ci4_SkripsiPrediksiHarga\system\CodeIgniter.php(419): CodeIgniter\CodeIgniter->runController(Object(App\Controllers\PrediksiPrice))
#2 C:\xampp\htdocs\Lab28_SkripsiPrediksiHarga\ci4_SkripsiPrediksiHarga\system\CodeIgniter.php(326): CodeIgniter\CodeIgniter->handleRequest(NULL, Object(Config\Cache), false)
#3 C:\xampp\htdocs\Lab28_SkripsiPrediksiHarga\ci4_SkripsiPrediksiHarga\public\index.php(37): CodeIgniter\CodeIgniter->run()
#4 C:\xampp\htdocs\Lab28_SkripsiPrediksiHarga\ci4_SkripsiPrediksiHarga\system\Commands\Server\rewrite.php(43): require_once('C:\\xampp\\htdocs...')
#5 {main}
CRITICAL - 2024-06-15 13:10:50 --> Call to undefined method App\Controllers\PrediksiPrice::getPredictions()
#0 C:\xampp\htdocs\Lab28_SkripsiPrediksiHarga\ci4_SkripsiPrediksiHarga\system\CodeIgniter.php(832): App\Controllers\PrediksiPrice->exportToExcel()
#1 C:\xampp\htdocs\Lab28_SkripsiPrediksiHarga\ci4_SkripsiPrediksiHarga\system\CodeIgniter.php(419): CodeIgniter\CodeIgniter->runController(Object(App\Controllers\PrediksiPrice))
#2 C:\xampp\htdocs\Lab28_SkripsiPrediksiHarga\ci4_SkripsiPrediksiHarga\system\CodeIgniter.php(326): CodeIgniter\CodeIgniter->handleRequest(NULL, Object(Config\Cache), false)
#3 C:\xampp\htdocs\Lab28_SkripsiPrediksiHarga\ci4_SkripsiPrediksiHarga\public\index.php(37): CodeIgniter\CodeIgniter->run()
#4 C:\xampp\htdocs\Lab28_SkripsiPrediksiHarga\ci4_SkripsiPrediksiHarga\system\Commands\Server\rewrite.php(43): require_once('C:\\xampp\\htdocs...')
#5 {main}
CRITICAL - 2024-06-15 13:12:51 --> Class 'App\Controllers\Spreadsheet' not found
#0 C:\xampp\htdocs\Lab28_SkripsiPrediksiHarga\ci4_SkripsiPrediksiHarga\system\CodeIgniter.php(832): App\Controllers\PrediksiPrice->exportToExcel()
#1 C:\xampp\htdocs\Lab28_SkripsiPrediksiHarga\ci4_SkripsiPrediksiHarga\system\CodeIgniter.php(419): CodeIgniter\CodeIgniter->runController(Object(App\Controllers\PrediksiPrice))
#2 C:\xampp\htdocs\Lab28_SkripsiPrediksiHarga\ci4_SkripsiPrediksiHarga\system\CodeIgniter.php(326): CodeIgniter\CodeIgniter->handleRequest(NULL, Object(Config\Cache), false)
#3 C:\xampp\htdocs\Lab28_SkripsiPrediksiHarga\ci4_SkripsiPrediksiHarga\public\index.php(37): CodeIgniter\CodeIgniter->run()
#4 C:\xampp\htdocs\Lab28_SkripsiPrediksiHarga\ci4_SkripsiPrediksiHarga\system\Commands\Server\rewrite.php(43): require_once('C:\\xampp\\htdocs...')
#5 {main}
CRITICAL - 2024-06-15 13:12:57 --> Class 'App\Controllers\Spreadsheet' not found
#0 C:\xampp\htdocs\Lab28_SkripsiPrediksiHarga\ci4_SkripsiPrediksiHarga\system\CodeIgniter.php(832): App\Controllers\PrediksiPrice->exportToExcel()
#1 C:\xampp\htdocs\Lab28_SkripsiPrediksiHarga\ci4_SkripsiPrediksiHarga\system\CodeIgniter.php(419): CodeIgniter\CodeIgniter->runController(Object(App\Controllers\PrediksiPrice))
#2 C:\xampp\htdocs\Lab28_SkripsiPrediksiHarga\ci4_SkripsiPrediksiHarga\system\CodeIgniter.php(326): CodeIgniter\CodeIgniter->handleRequest(NULL, Object(Config\Cache), false)
#3 C:\xampp\htdocs\Lab28_SkripsiPrediksiHarga\ci4_SkripsiPrediksiHarga\public\index.php(37): CodeIgniter\CodeIgniter->run()
#4 C:\xampp\htdocs\Lab28_SkripsiPrediksiHarga\ci4_SkripsiPrediksiHarga\system\Commands\Server\rewrite.php(43): require_once('C:\\xampp\\htdocs...')
#5 {main}
CRITICAL - 2024-06-15 13:12:58 --> Class 'App\Controllers\Spreadsheet' not found
#0 C:\xampp\htdocs\Lab28_SkripsiPrediksiHarga\ci4_SkripsiPrediksiHarga\system\CodeIgniter.php(832): App\Controllers\PrediksiPrice->exportToExcel()
#1 C:\xampp\htdocs\Lab28_SkripsiPrediksiHarga\ci4_SkripsiPrediksiHarga\system\CodeIgniter.php(419): CodeIgniter\CodeIgniter->runController(Object(App\Controllers\PrediksiPrice))
#2 C:\xampp\htdocs\Lab28_SkripsiPrediksiHarga\ci4_SkripsiPrediksiHarga\system\CodeIgniter.php(326): CodeIgniter\CodeIgniter->handleRequest(NULL, Object(Config\Cache), false)
#3 C:\xampp\htdocs\Lab28_SkripsiPrediksiHarga\ci4_SkripsiPrediksiHarga\public\index.php(37): CodeIgniter\CodeIgniter->run()
#4 C:\xampp\htdocs\Lab28_SkripsiPrediksiHarga\ci4_SkripsiPrediksiHarga\system\Commands\Server\rewrite.php(43): require_once('C:\\xampp\\htdocs...')
#5 {main}
