ERROR - 2023-09-14 08:31:37 --> Error connecting to the database: Access denied for user '****'@'localhost' (using password: NO)
CRITICAL - 2023-09-14 08:31:37 --> Unable to connect to the database.
Main connection [MySQLi]: Access denied for user '****'@'localhost' (using password: NO)
#0 C:\xampp\htdocs\Lab14_si_pjm\ci4\system\Database\BaseConnection.php(577): CodeIgniter\Database\BaseConnection->initialize()
#1 C:\xampp\htdocs\Lab14_si_pjm\ci4\system\Database\BaseBuilder.php(1455): CodeIgniter\Database\BaseConnection->query('SELECT *\nFROM `...', Array, false)
#2 C:\xampp\htdocs\Lab14_si_pjm\ci4\system\Model.php(183): CodeIgniter\Database\BaseBuilder->get()
#3 C:\xampp\htdocs\Lab14_si_pjm\ci4\system\BaseModel.php(584): CodeIgniter\Model->doFindAll(0, 0)
#4 C:\xampp\htdocs\Lab14_si_pjm\ci4\app\Controllers\Warga.php(15): CodeIgniter\BaseModel->findAll()
#5 C:\xampp\htdocs\Lab14_si_pjm\ci4\system\CodeIgniter.php(832): App\Controllers\Warga->index()
#6 C:\xampp\htdocs\Lab14_si_pjm\ci4\system\CodeIgniter.php(419): CodeIgniter\CodeIgniter->runController(Object(App\Controllers\Warga))
#7 C:\xampp\htdocs\Lab14_si_pjm\ci4\system\CodeIgniter.php(326): CodeIgniter\CodeIgniter->handleRequest(NULL, Object(Config\Cache), false)
#8 C:\xampp\htdocs\Lab14_si_pjm\ci4\public\index.php(37): CodeIgniter\CodeIgniter->run()
#9 C:\xampp\htdocs\Lab14_si_pjm\ci4\system\Commands\Server\rewrite.php(43): require_once('C:\\xampp\\htdocs...')
#10 {main}
ERROR - 2023-09-14 08:32:44 --> Error connecting to the database: Access denied for user '****'@'localhost' (using password: NO)
CRITICAL - 2023-09-14 08:32:44 --> Unable to connect to the database.
Main connection [MySQLi]: Access denied for user '****'@'localhost' (using password: NO)
#0 C:\xampp\htdocs\Lab14_si_pjm\ci4\system\Database\BaseConnection.php(577): CodeIgniter\Database\BaseConnection->initialize()
#1 C:\xampp\htdocs\Lab14_si_pjm\ci4\system\Database\BaseBuilder.php(1455): CodeIgniter\Database\BaseConnection->query('SELECT *\nFROM `...', Array, false)
#2 C:\xampp\htdocs\Lab14_si_pjm\ci4\system\Model.php(183): CodeIgniter\Database\BaseBuilder->get()
#3 C:\xampp\htdocs\Lab14_si_pjm\ci4\system\BaseModel.php(584): CodeIgniter\Model->doFindAll(0, 0)
#4 C:\xampp\htdocs\Lab14_si_pjm\ci4\app\Controllers\Warga.php(15): CodeIgniter\BaseModel->findAll()
#5 C:\xampp\htdocs\Lab14_si_pjm\ci4\system\CodeIgniter.php(832): App\Controllers\Warga->index()
#6 C:\xampp\htdocs\Lab14_si_pjm\ci4\system\CodeIgniter.php(419): CodeIgniter\CodeIgniter->runController(Object(App\Controllers\Warga))
#7 C:\xampp\htdocs\Lab14_si_pjm\ci4\system\CodeIgniter.php(326): CodeIgniter\CodeIgniter->handleRequest(NULL, Object(Config\Cache), false)
#8 C:\xampp\htdocs\Lab14_si_pjm\ci4\public\index.php(37): CodeIgniter\CodeIgniter->run()
#9 C:\xampp\htdocs\Lab14_si_pjm\ci4\system\Commands\Server\rewrite.php(43): require_once('C:\\xampp\\htdocs...')
#10 {main}
ERROR - 2023-09-14 08:33:01 --> Error connecting to the database: Access denied for user '****'@'localhost' (using password: NO)
CRITICAL - 2023-09-14 08:33:01 --> Unable to connect to the database.
Main connection [MySQLi]: Access denied for user '****'@'localhost' (using password: NO)
#0 C:\xampp\htdocs\Lab14_si_pjm\ci4\system\Database\BaseConnection.php(577): CodeIgniter\Database\BaseConnection->initialize()
#1 C:\xampp\htdocs\Lab14_si_pjm\ci4\app\Views\content.php(21): CodeIgniter\Database\BaseConnection->query('select sum(juml...')
#2 C:\xampp\htdocs\Lab14_si_pjm\ci4\system\View\View.php(210): include('C:\\xampp\\htdocs...')
#3 C:\xampp\htdocs\Lab14_si_pjm\ci4\system\View\View.php(213): CodeIgniter\View\View->CodeIgniter\View\{closure}()
#4 C:\xampp\htdocs\Lab14_si_pjm\ci4\system\View\View.php(424): CodeIgniter\View\View->render('content', NULL, true)
#5 C:\xampp\htdocs\Lab14_si_pjm\ci4\app\Views\dashboard.php(8): CodeIgniter\View\View->include('content')
#6 C:\xampp\htdocs\Lab14_si_pjm\ci4\system\View\View.php(210): include('C:\\xampp\\htdocs...')
#7 C:\xampp\htdocs\Lab14_si_pjm\ci4\system\View\View.php(213): CodeIgniter\View\View->CodeIgniter\View\{closure}()
#8 C:\xampp\htdocs\Lab14_si_pjm\ci4\system\Common.php(1089): CodeIgniter\View\View->render('dashboard', Array, true)
#9 C:\xampp\htdocs\Lab14_si_pjm\ci4\app\Controllers\Page.php(11): view('dashboard', Array)
#10 C:\xampp\htdocs\Lab14_si_pjm\ci4\system\CodeIgniter.php(832): App\Controllers\Page->dashboard()
#11 C:\xampp\htdocs\Lab14_si_pjm\ci4\system\CodeIgniter.php(419): CodeIgniter\CodeIgniter->runController(Object(App\Controllers\Page))
#12 C:\xampp\htdocs\Lab14_si_pjm\ci4\system\CodeIgniter.php(326): CodeIgniter\CodeIgniter->handleRequest(NULL, Object(Config\Cache), false)
#13 C:\xampp\htdocs\Lab14_si_pjm\ci4\public\index.php(37): CodeIgniter\CodeIgniter->run()
#14 {main}
ERROR - 2023-09-14 08:34:14 --> Error connecting to the database: Access denied for user '****'@'localhost' (using password: NO)
CRITICAL - 2023-09-14 08:34:14 --> Unable to connect to the database.
Main connection [MySQLi]: Access denied for user '****'@'localhost' (using password: NO)
#0 C:\xampp\htdocs\Lab14_si_pjm\ci4\system\Database\BaseConnection.php(577): CodeIgniter\Database\BaseConnection->initialize()
#1 C:\xampp\htdocs\Lab14_si_pjm\ci4\system\Database\BaseBuilder.php(1455): CodeIgniter\Database\BaseConnection->query('SELECT *\nFROM `...', Array, false)
#2 C:\xampp\htdocs\Lab14_si_pjm\ci4\system\Model.php(183): CodeIgniter\Database\BaseBuilder->get()
#3 C:\xampp\htdocs\Lab14_si_pjm\ci4\system\BaseModel.php(584): CodeIgniter\Model->doFindAll(0, 0)
#4 C:\xampp\htdocs\Lab14_si_pjm\ci4\app\Controllers\Warga.php(15): CodeIgniter\BaseModel->findAll()
#5 C:\xampp\htdocs\Lab14_si_pjm\ci4\system\CodeIgniter.php(832): App\Controllers\Warga->index()
#6 C:\xampp\htdocs\Lab14_si_pjm\ci4\system\CodeIgniter.php(419): CodeIgniter\CodeIgniter->runController(Object(App\Controllers\Warga))
#7 C:\xampp\htdocs\Lab14_si_pjm\ci4\system\CodeIgniter.php(326): CodeIgniter\CodeIgniter->handleRequest(NULL, Object(Config\Cache), false)
#8 C:\xampp\htdocs\Lab14_si_pjm\ci4\public\index.php(37): CodeIgniter\CodeIgniter->run()
#9 C:\xampp\htdocs\Lab14_si_pjm\ci4\system\Commands\Server\rewrite.php(43): require_once('C:\\xampp\\htdocs...')
#10 {main}
ERROR - 2023-09-14 08:34:19 --> Error connecting to the database: Access denied for user '****'@'localhost' (using password: NO)
CRITICAL - 2023-09-14 08:34:19 --> Unable to connect to the database.
Main connection [MySQLi]: Access denied for user '****'@'localhost' (using password: NO)
#0 C:\xampp\htdocs\Lab14_si_pjm\ci4\system\Database\BaseConnection.php(577): CodeIgniter\Database\BaseConnection->initialize()
#1 C:\xampp\htdocs\Lab14_si_pjm\ci4\app\Views\content.php(21): CodeIgniter\Database\BaseConnection->query('select sum(juml...')
#2 C:\xampp\htdocs\Lab14_si_pjm\ci4\system\View\View.php(210): include('C:\\xampp\\htdocs...')
#3 C:\xampp\htdocs\Lab14_si_pjm\ci4\system\View\View.php(213): CodeIgniter\View\View->CodeIgniter\View\{closure}()
#4 C:\xampp\htdocs\Lab14_si_pjm\ci4\system\View\View.php(424): CodeIgniter\View\View->render('content', NULL, true)
#5 C:\xampp\htdocs\Lab14_si_pjm\ci4\app\Views\dashboard.php(8): CodeIgniter\View\View->include('content')
#6 C:\xampp\htdocs\Lab14_si_pjm\ci4\system\View\View.php(210): include('C:\\xampp\\htdocs...')
#7 C:\xampp\htdocs\Lab14_si_pjm\ci4\system\View\View.php(213): CodeIgniter\View\View->CodeIgniter\View\{closure}()
#8 C:\xampp\htdocs\Lab14_si_pjm\ci4\system\Common.php(1089): CodeIgniter\View\View->render('dashboard', Array, true)
#9 C:\xampp\htdocs\Lab14_si_pjm\ci4\app\Controllers\Page.php(11): view('dashboard', Array)
#10 C:\xampp\htdocs\Lab14_si_pjm\ci4\system\CodeIgniter.php(832): App\Controllers\Page->dashboard()
#11 C:\xampp\htdocs\Lab14_si_pjm\ci4\system\CodeIgniter.php(419): CodeIgniter\CodeIgniter->runController(Object(App\Controllers\Page))
#12 C:\xampp\htdocs\Lab14_si_pjm\ci4\system\CodeIgniter.php(326): CodeIgniter\CodeIgniter->handleRequest(NULL, Object(Config\Cache), false)
#13 C:\xampp\htdocs\Lab14_si_pjm\ci4\public\index.php(37): CodeIgniter\CodeIgniter->run()
#14 C:\xampp\htdocs\Lab14_si_pjm\ci4\system\Commands\Server\rewrite.php(43): require_once('C:\\xampp\\htdocs...')
#15 {main}
ERROR - 2023-09-14 08:44:08 --> Error connecting to the database: Access denied for user '****'@'localhost' (using password: NO)
CRITICAL - 2023-09-14 08:44:08 --> Unable to connect to the database.
Main connection [MySQLi]: Access denied for user '****'@'localhost' (using password: NO)
#0 C:\xampp\htdocs\Lab14_si_pjm\ci4\system\Database\Database.php(67): CodeIgniter\Database\BaseConnection->initialize()
#1 C:\xampp\htdocs\Lab14_si_pjm\ci4\system\Database\Config.php(105): CodeIgniter\Database\Database->loadForge(Object(CodeIgniter\Database\MySQLi\Connection))
#2 C:\xampp\htdocs\Lab14_si_pjm\ci4\system\Database\Seeder.php(98): CodeIgniter\Database\Config::forge(NULL)
#3 C:\xampp\htdocs\Lab14_si_pjm\ci4\system\Commands\Database\Seed.php(69): CodeIgniter\Database\Seeder->__construct(Object(Config\Database))
#4 C:\xampp\htdocs\Lab14_si_pjm\ci4\system\CLI\Commands.php(63): CodeIgniter\Commands\Database\Seed->run(Array)
#5 C:\xampp\htdocs\Lab14_si_pjm\ci4\system\CLI\CommandRunner.php(70): CodeIgniter\CLI\Commands->run('db:seed', Array)
#6 C:\xampp\htdocs\Lab14_si_pjm\ci4\system\CLI\CommandRunner.php(56): CodeIgniter\CLI\CommandRunner->index(Array)
#7 C:\xampp\htdocs\Lab14_si_pjm\ci4\system\CodeIgniter.php(830): CodeIgniter\CLI\CommandRunner->_remap('index', 'db:seed', 'UserSeeder')
#8 C:\xampp\htdocs\Lab14_si_pjm\ci4\system\CodeIgniter.php(419): CodeIgniter\CodeIgniter->runController(Object(CodeIgniter\CLI\CommandRunner))
#9 C:\xampp\htdocs\Lab14_si_pjm\ci4\system\CodeIgniter.php(326): CodeIgniter\CodeIgniter->handleRequest(NULL, Object(Config\Cache), false)
#10 C:\xampp\htdocs\Lab14_si_pjm\ci4\system\CLI\Console.php(48): CodeIgniter\CodeIgniter->run()
#11 C:\xampp\htdocs\Lab14_si_pjm\ci4\spark(63): CodeIgniter\CLI\Console->run()
#12 {main}
ERROR - 2023-09-14 08:50:13 --> Error connecting to the database: Access denied for user '****'@'localhost' (using password: NO)
CRITICAL - 2023-09-14 08:50:13 --> Unable to connect to the database.
Main connection [MySQLi]: Access denied for user '****'@'localhost' (using password: NO)
#0 C:\xampp\htdocs\Lab14_si_pjm\ci4\system\Database\BaseConnection.php(577): CodeIgniter\Database\BaseConnection->initialize()
#1 C:\xampp\htdocs\Lab14_si_pjm\ci4\app\Views\content.php(21): CodeIgniter\Database\BaseConnection->query('select sum(juml...')
#2 C:\xampp\htdocs\Lab14_si_pjm\ci4\system\View\View.php(210): include('C:\\xampp\\htdocs...')
#3 C:\xampp\htdocs\Lab14_si_pjm\ci4\system\View\View.php(213): CodeIgniter\View\View->CodeIgniter\View\{closure}()
#4 C:\xampp\htdocs\Lab14_si_pjm\ci4\system\View\View.php(424): CodeIgniter\View\View->render('content', NULL, true)
#5 C:\xampp\htdocs\Lab14_si_pjm\ci4\app\Views\dashboard.php(8): CodeIgniter\View\View->include('content')
#6 C:\xampp\htdocs\Lab14_si_pjm\ci4\system\View\View.php(210): include('C:\\xampp\\htdocs...')
#7 C:\xampp\htdocs\Lab14_si_pjm\ci4\system\View\View.php(213): CodeIgniter\View\View->CodeIgniter\View\{closure}()
#8 C:\xampp\htdocs\Lab14_si_pjm\ci4\system\Common.php(1089): CodeIgniter\View\View->render('dashboard', Array, true)
#9 C:\xampp\htdocs\Lab14_si_pjm\ci4\app\Controllers\Page.php(11): view('dashboard', Array)
#10 C:\xampp\htdocs\Lab14_si_pjm\ci4\system\CodeIgniter.php(832): App\Controllers\Page->dashboard()
#11 C:\xampp\htdocs\Lab14_si_pjm\ci4\system\CodeIgniter.php(419): CodeIgniter\CodeIgniter->runController(Object(App\Controllers\Page))
#12 C:\xampp\htdocs\Lab14_si_pjm\ci4\system\CodeIgniter.php(326): CodeIgniter\CodeIgniter->handleRequest(NULL, Object(Config\Cache), false)
#13 C:\xampp\htdocs\Lab14_si_pjm\ci4\public\index.php(37): CodeIgniter\CodeIgniter->run()
#14 C:\xampp\htdocs\Lab14_si_pjm\ci4\system\Commands\Server\rewrite.php(43): require_once('C:\\xampp\\htdocs...')
#15 {main}
ERROR - 2023-09-14 08:50:28 --> Error connecting to the database: Access denied for user '****'@'localhost' (using password: NO)
CRITICAL - 2023-09-14 08:50:28 --> Unable to connect to the database.
Main connection [MySQLi]: Access denied for user '****'@'localhost' (using password: NO)
#0 C:\xampp\htdocs\Lab14_si_pjm\ci4\system\Database\BaseConnection.php(577): CodeIgniter\Database\BaseConnection->initialize()
#1 C:\xampp\htdocs\Lab14_si_pjm\ci4\system\Database\BaseBuilder.php(1455): CodeIgniter\Database\BaseConnection->query('SELECT *\nFROM `...', Array, false)
#2 C:\xampp\htdocs\Lab14_si_pjm\ci4\system\Model.php(183): CodeIgniter\Database\BaseBuilder->get()
#3 C:\xampp\htdocs\Lab14_si_pjm\ci4\system\BaseModel.php(584): CodeIgniter\Model->doFindAll(0, 0)
#4 C:\xampp\htdocs\Lab14_si_pjm\ci4\app\Controllers\Warga.php(15): CodeIgniter\BaseModel->findAll()
#5 C:\xampp\htdocs\Lab14_si_pjm\ci4\system\CodeIgniter.php(832): App\Controllers\Warga->index()
#6 C:\xampp\htdocs\Lab14_si_pjm\ci4\system\CodeIgniter.php(419): CodeIgniter\CodeIgniter->runController(Object(App\Controllers\Warga))
#7 C:\xampp\htdocs\Lab14_si_pjm\ci4\system\CodeIgniter.php(326): CodeIgniter\CodeIgniter->handleRequest(NULL, Object(Config\Cache), false)
#8 C:\xampp\htdocs\Lab14_si_pjm\ci4\public\index.php(37): CodeIgniter\CodeIgniter->run()
#9 C:\xampp\htdocs\Lab14_si_pjm\ci4\system\Commands\Server\rewrite.php(43): require_once('C:\\xampp\\htdocs...')
#10 {main}
ERROR - 2023-09-14 08:50:50 --> Error connecting to the database: Access denied for user '****'@'localhost' (using password: NO)
CRITICAL - 2023-09-14 08:50:50 --> Unable to connect to the database.
Main connection [MySQLi]: Access denied for user '****'@'localhost' (using password: NO)
#0 C:\xampp\htdocs\Lab14_si_pjm\ci4\system\Database\Database.php(67): CodeIgniter\Database\BaseConnection->initialize()
#1 C:\xampp\htdocs\Lab14_si_pjm\ci4\system\Database\Config.php(105): CodeIgniter\Database\Database->loadForge(Object(CodeIgniter\Database\MySQLi\Connection))
#2 C:\xampp\htdocs\Lab14_si_pjm\ci4\system\Database\Seeder.php(98): CodeIgniter\Database\Config::forge(NULL)
#3 C:\xampp\htdocs\Lab14_si_pjm\ci4\system\Commands\Database\Seed.php(69): CodeIgniter\Database\Seeder->__construct(Object(Config\Database))
#4 C:\xampp\htdocs\Lab14_si_pjm\ci4\system\CLI\Commands.php(63): CodeIgniter\Commands\Database\Seed->run(Array)
#5 C:\xampp\htdocs\Lab14_si_pjm\ci4\system\CLI\CommandRunner.php(70): CodeIgniter\CLI\Commands->run('db:seed', Array)
#6 C:\xampp\htdocs\Lab14_si_pjm\ci4\system\CLI\CommandRunner.php(56): CodeIgniter\CLI\CommandRunner->index(Array)
#7 C:\xampp\htdocs\Lab14_si_pjm\ci4\system\CodeIgniter.php(830): CodeIgniter\CLI\CommandRunner->_remap('index', 'db:seed', 'UserSeeder')
#8 C:\xampp\htdocs\Lab14_si_pjm\ci4\system\CodeIgniter.php(419): CodeIgniter\CodeIgniter->runController(Object(CodeIgniter\CLI\CommandRunner))
#9 C:\xampp\htdocs\Lab14_si_pjm\ci4\system\CodeIgniter.php(326): CodeIgniter\CodeIgniter->handleRequest(NULL, Object(Config\Cache), false)
#10 C:\xampp\htdocs\Lab14_si_pjm\ci4\system\CLI\Console.php(48): CodeIgniter\CodeIgniter->run()
#11 C:\xampp\htdocs\Lab14_si_pjm\ci4\spark(63): CodeIgniter\CLI\Console->run()
#12 {main}
