CRITICAL - 2023-09-20 09:08:15 --> Call to undefined function set_value()
#0 C:\xampp\htdocs\Lab16_si_pjm-V1.0\ci4\system\View\View.php(210): include()
#1 C:\xampp\htdocs\Lab16_si_pjm-V1.0\ci4\system\View\View.php(213): CodeIgniter\View\View->CodeIgniter\View\{closure}()
#2 C:\xampp\htdocs\Lab16_si_pjm-V1.0\ci4\system\Common.php(1089): CodeIgniter\View\View->render('register', Array, true)
#3 C:\xampp\htdocs\Lab16_si_pjm-V1.0\ci4\app\Controllers\Page.php(23): view('register')
#4 C:\xampp\htdocs\Lab16_si_pjm-V1.0\ci4\system\CodeIgniter.php(832): App\Controllers\Page->register()
#5 C:\xampp\htdocs\Lab16_si_pjm-V1.0\ci4\system\CodeIgniter.php(419): CodeIgniter\CodeIgniter->runController(Object(App\Controllers\Page))
#6 C:\xampp\htdocs\Lab16_si_pjm-V1.0\ci4\system\CodeIgniter.php(326): CodeIgniter\CodeIgniter->handleRequest(NULL, Object(Config\Cache), false)
#7 C:\xampp\htdocs\Lab16_si_pjm-V1.0\ci4\public\index.php(37): CodeIgniter\CodeIgniter->run()
#8 C:\xampp\htdocs\Lab16_si_pjm-V1.0\ci4\system\Commands\Server\rewrite.php(43): require_once('C:\\xampp\\htdocs...')
#9 {main}
CRITICAL - 2023-09-20 09:11:49 --> Call to undefined function set_value()
#0 C:\xampp\htdocs\Lab16_si_pjm-V1.0\ci4\system\View\View.php(210): include()
#1 C:\xampp\htdocs\Lab16_si_pjm-V1.0\ci4\system\View\View.php(213): CodeIgniter\View\View->CodeIgniter\View\{closure}()
#2 C:\xampp\htdocs\Lab16_si_pjm-V1.0\ci4\system\Common.php(1089): CodeIgniter\View\View->render('register', Array, true)
#3 C:\xampp\htdocs\Lab16_si_pjm-V1.0\ci4\app\Controllers\Page.php(23): view('register')
#4 C:\xampp\htdocs\Lab16_si_pjm-V1.0\ci4\system\CodeIgniter.php(832): App\Controllers\Page->register()
#5 C:\xampp\htdocs\Lab16_si_pjm-V1.0\ci4\system\CodeIgniter.php(419): CodeIgniter\CodeIgniter->runController(Object(App\Controllers\Page))
#6 C:\xampp\htdocs\Lab16_si_pjm-V1.0\ci4\system\CodeIgniter.php(326): CodeIgniter\CodeIgniter->handleRequest(NULL, Object(Config\Cache), false)
#7 C:\xampp\htdocs\Lab16_si_pjm-V1.0\ci4\public\index.php(37): CodeIgniter\CodeIgniter->run()
#8 C:\xampp\htdocs\Lab16_si_pjm-V1.0\ci4\system\Commands\Server\rewrite.php(43): require_once('C:\\xampp\\htdocs...')
#9 {main}
