ERROR - 2024-01-27 08:03:56 --> Cannot add or update a child row: a foreign key constraint fails (`si_defectcamai`.`ngproduk`, CONSTRAINT `ngproduk_ibfk_2` FOREIGN KEY (`noproduk`) REFERENCES `produk` (`noproduk`))
CRITICAL - 2024-01-27 08:03:56 --> Cannot add or update a child row: a foreign key constraint fails (`si_defectcamai`.`ngproduk`, CONSTRAINT `ngproduk_ibfk_2` FOREIGN KEY (`noproduk`) REFERENCES `produk` (`noproduk`))
#0 C:\xampp\htdocs\Lab21_si_AI_Kamera\ci4_AICAM\system\Database\MySQLi\Connection.php(292): mysqli->query('INSERT INTO `ng...', 0)
#1 C:\xampp\htdocs\Lab21_si_AI_Kamera\ci4_AICAM\system\Database\BaseConnection.php(670): CodeIgniter\Database\MySQLi\Connection->execute('INSERT INTO `ng...')
#2 C:\xampp\htdocs\Lab21_si_AI_Kamera\ci4_AICAM\system\Database\BaseConnection.php(598): CodeIgniter\Database\BaseConnection->simpleQuery('INSERT INTO `ng...')
#3 C:\xampp\htdocs\Lab21_si_AI_Kamera\ci4_AICAM\system\Database\BaseBuilder.php(1771): CodeIgniter\Database\BaseConnection->query('INSERT INTO `ng...', Array, false)
#4 C:\xampp\htdocs\Lab21_si_AI_Kamera\ci4_AICAM\app\Models\NGModel.php(19): CodeIgniter\Database\BaseBuilder->insert(Array)
#5 C:\xampp\htdocs\Lab21_si_AI_Kamera\ci4_AICAM\app\Controllers\NGProduk.php(80): App\Models\NGModel->add(Array)
#6 C:\xampp\htdocs\Lab21_si_AI_Kamera\ci4_AICAM\system\CodeIgniter.php(832): App\Controllers\NGProduk->save()
#7 C:\xampp\htdocs\Lab21_si_AI_Kamera\ci4_AICAM\system\CodeIgniter.php(419): CodeIgniter\CodeIgniter->runController(Object(App\Controllers\NGProduk))
#8 C:\xampp\htdocs\Lab21_si_AI_Kamera\ci4_AICAM\system\CodeIgniter.php(326): CodeIgniter\CodeIgniter->handleRequest(NULL, Object(Config\Cache), false)
#9 C:\xampp\htdocs\Lab21_si_AI_Kamera\ci4_AICAM\public\index.php(37): CodeIgniter\CodeIgniter->run()
#10 C:\xampp\htdocs\Lab21_si_AI_Kamera\ci4_AICAM\system\Commands\Server\rewrite.php(43): require_once('C:\\xampp\\htdocs...')
#11 {main}
CRITICAL - 2024-01-27 08:07:14 --> Invalid file: dataprodukng.php
#0 C:\xampp\htdocs\Lab21_si_AI_Kamera\ci4_AICAM\system\View\View.php(198): CodeIgniter\Exceptions\FrameworkException::forInvalidFile('dataprodukng.ph...')
#1 C:\xampp\htdocs\Lab21_si_AI_Kamera\ci4_AICAM\system\Common.php(1089): CodeIgniter\View\View->render('dataprodukng', Array, true)
#2 C:\xampp\htdocs\Lab21_si_AI_Kamera\ci4_AICAM\app\Controllers\NGProduk.php(37): view('dataprodukng', Array)
#3 C:\xampp\htdocs\Lab21_si_AI_Kamera\ci4_AICAM\system\CodeIgniter.php(832): App\Controllers\NGProduk->index()
#4 C:\xampp\htdocs\Lab21_si_AI_Kamera\ci4_AICAM\system\CodeIgniter.php(419): CodeIgniter\CodeIgniter->runController(Object(App\Controllers\NGProduk))
#5 C:\xampp\htdocs\Lab21_si_AI_Kamera\ci4_AICAM\system\CodeIgniter.php(326): CodeIgniter\CodeIgniter->handleRequest(NULL, Object(Config\Cache), false)
#6 C:\xampp\htdocs\Lab21_si_AI_Kamera\ci4_AICAM\public\index.php(37): CodeIgniter\CodeIgniter->run()
#7 C:\xampp\htdocs\Lab21_si_AI_Kamera\ci4_AICAM\system\Commands\Server\rewrite.php(43): require_once('C:\\xampp\\htdocs...')
#8 {main}
CRITICAL - 2024-01-27 08:07:26 --> Invalid file: dataprodukng.php
#0 C:\xampp\htdocs\Lab21_si_AI_Kamera\ci4_AICAM\system\View\View.php(198): CodeIgniter\Exceptions\FrameworkException::forInvalidFile('dataprodukng.ph...')
#1 C:\xampp\htdocs\Lab21_si_AI_Kamera\ci4_AICAM\system\Common.php(1089): CodeIgniter\View\View->render('dataprodukng', Array, true)
#2 C:\xampp\htdocs\Lab21_si_AI_Kamera\ci4_AICAM\app\Controllers\NGProduk.php(37): view('dataprodukng', Array)
#3 C:\xampp\htdocs\Lab21_si_AI_Kamera\ci4_AICAM\system\CodeIgniter.php(832): App\Controllers\NGProduk->index()
#4 C:\xampp\htdocs\Lab21_si_AI_Kamera\ci4_AICAM\system\CodeIgniter.php(419): CodeIgniter\CodeIgniter->runController(Object(App\Controllers\NGProduk))
#5 C:\xampp\htdocs\Lab21_si_AI_Kamera\ci4_AICAM\system\CodeIgniter.php(326): CodeIgniter\CodeIgniter->handleRequest(NULL, Object(Config\Cache), false)
#6 C:\xampp\htdocs\Lab21_si_AI_Kamera\ci4_AICAM\public\index.php(37): CodeIgniter\CodeIgniter->run()
#7 C:\xampp\htdocs\Lab21_si_AI_Kamera\ci4_AICAM\system\Commands\Server\rewrite.php(43): require_once('C:\\xampp\\htdocs...')
#8 {main}
CRITICAL - 2024-01-27 08:08:41 --> Invalid file: dataprodukng.php
#0 C:\xampp\htdocs\Lab21_si_AI_Kamera\ci4_AICAM\system\View\View.php(198): CodeIgniter\Exceptions\FrameworkException::forInvalidFile('dataprodukng.ph...')
#1 C:\xampp\htdocs\Lab21_si_AI_Kamera\ci4_AICAM\system\Common.php(1089): CodeIgniter\View\View->render('dataprodukng', Array, true)
#2 C:\xampp\htdocs\Lab21_si_AI_Kamera\ci4_AICAM\app\Controllers\NGProduk.php(37): view('dataprodukng', Array)
#3 C:\xampp\htdocs\Lab21_si_AI_Kamera\ci4_AICAM\system\CodeIgniter.php(832): App\Controllers\NGProduk->index()
#4 C:\xampp\htdocs\Lab21_si_AI_Kamera\ci4_AICAM\system\CodeIgniter.php(419): CodeIgniter\CodeIgniter->runController(Object(App\Controllers\NGProduk))
#5 C:\xampp\htdocs\Lab21_si_AI_Kamera\ci4_AICAM\system\CodeIgniter.php(326): CodeIgniter\CodeIgniter->handleRequest(NULL, Object(Config\Cache), false)
#6 C:\xampp\htdocs\Lab21_si_AI_Kamera\ci4_AICAM\public\index.php(37): CodeIgniter\CodeIgniter->run()
#7 C:\xampp\htdocs\Lab21_si_AI_Kamera\ci4_AICAM\system\Commands\Server\rewrite.php(43): require_once('C:\\xampp\\htdocs...')
#8 {main}
CRITICAL - 2024-01-27 08:10:00 --> Invalid file: dataprodukng.php
#0 C:\xampp\htdocs\Lab21_si_AI_Kamera\ci4_AICAM\system\View\View.php(198): CodeIgniter\Exceptions\FrameworkException::forInvalidFile('dataprodukng.ph...')
#1 C:\xampp\htdocs\Lab21_si_AI_Kamera\ci4_AICAM\system\Common.php(1089): CodeIgniter\View\View->render('dataprodukng', Array, true)
#2 C:\xampp\htdocs\Lab21_si_AI_Kamera\ci4_AICAM\app\Controllers\NGProduk.php(37): view('dataprodukng', Array)
#3 C:\xampp\htdocs\Lab21_si_AI_Kamera\ci4_AICAM\system\CodeIgniter.php(832): App\Controllers\NGProduk->index()
#4 C:\xampp\htdocs\Lab21_si_AI_Kamera\ci4_AICAM\system\CodeIgniter.php(419): CodeIgniter\CodeIgniter->runController(Object(App\Controllers\NGProduk))
#5 C:\xampp\htdocs\Lab21_si_AI_Kamera\ci4_AICAM\system\CodeIgniter.php(326): CodeIgniter\CodeIgniter->handleRequest(NULL, Object(Config\Cache), false)
#6 C:\xampp\htdocs\Lab21_si_AI_Kamera\ci4_AICAM\public\index.php(37): CodeIgniter\CodeIgniter->run()
#7 C:\xampp\htdocs\Lab21_si_AI_Kamera\ci4_AICAM\system\Commands\Server\rewrite.php(43): require_once('C:\\xampp\\htdocs...')
#8 {main}
CRITICAL - 2024-01-27 08:11:21 --> Invalid file: dataprodukng.php
#0 C:\xampp\htdocs\Lab21_si_AI_Kamera\ci4_AICAM\system\View\View.php(198): CodeIgniter\Exceptions\FrameworkException::forInvalidFile('dataprodukng.ph...')
#1 C:\xampp\htdocs\Lab21_si_AI_Kamera\ci4_AICAM\system\Common.php(1089): CodeIgniter\View\View->render('dataprodukng', Array, true)
#2 C:\xampp\htdocs\Lab21_si_AI_Kamera\ci4_AICAM\app\Controllers\NGProduk.php(37): view('dataprodukng', Array)
#3 C:\xampp\htdocs\Lab21_si_AI_Kamera\ci4_AICAM\system\CodeIgniter.php(832): App\Controllers\NGProduk->index()
#4 C:\xampp\htdocs\Lab21_si_AI_Kamera\ci4_AICAM\system\CodeIgniter.php(419): CodeIgniter\CodeIgniter->runController(Object(App\Controllers\NGProduk))
#5 C:\xampp\htdocs\Lab21_si_AI_Kamera\ci4_AICAM\system\CodeIgniter.php(326): CodeIgniter\CodeIgniter->handleRequest(NULL, Object(Config\Cache), false)
#6 C:\xampp\htdocs\Lab21_si_AI_Kamera\ci4_AICAM\public\index.php(37): CodeIgniter\CodeIgniter->run()
#7 C:\xampp\htdocs\Lab21_si_AI_Kamera\ci4_AICAM\system\Commands\Server\rewrite.php(43): require_once('C:\\xampp\\htdocs...')
#8 {main}
CRITICAL - 2024-01-27 08:11:25 --> Invalid file: dataprodukng.php
#0 C:\xampp\htdocs\Lab21_si_AI_Kamera\ci4_AICAM\system\View\View.php(198): CodeIgniter\Exceptions\FrameworkException::forInvalidFile('dataprodukng.ph...')
#1 C:\xampp\htdocs\Lab21_si_AI_Kamera\ci4_AICAM\system\Common.php(1089): CodeIgniter\View\View->render('dataprodukng', Array, true)
#2 C:\xampp\htdocs\Lab21_si_AI_Kamera\ci4_AICAM\app\Controllers\NGProduk.php(37): view('dataprodukng', Array)
#3 C:\xampp\htdocs\Lab21_si_AI_Kamera\ci4_AICAM\system\CodeIgniter.php(832): App\Controllers\NGProduk->index()
#4 C:\xampp\htdocs\Lab21_si_AI_Kamera\ci4_AICAM\system\CodeIgniter.php(419): CodeIgniter\CodeIgniter->runController(Object(App\Controllers\NGProduk))
#5 C:\xampp\htdocs\Lab21_si_AI_Kamera\ci4_AICAM\system\CodeIgniter.php(326): CodeIgniter\CodeIgniter->handleRequest(NULL, Object(Config\Cache), false)
#6 C:\xampp\htdocs\Lab21_si_AI_Kamera\ci4_AICAM\public\index.php(37): CodeIgniter\CodeIgniter->run()
#7 C:\xampp\htdocs\Lab21_si_AI_Kamera\ci4_AICAM\system\Commands\Server\rewrite.php(43): require_once('C:\\xampp\\htdocs...')
#8 {main}
CRITICAL - 2024-01-27 08:12:10 --> Invalid file: dataprodukng.php
#0 C:\xampp\htdocs\Lab21_si_AI_Kamera\ci4_AICAM\system\View\View.php(198): CodeIgniter\Exceptions\FrameworkException::forInvalidFile('dataprodukng.ph...')
#1 C:\xampp\htdocs\Lab21_si_AI_Kamera\ci4_AICAM\system\Common.php(1089): CodeIgniter\View\View->render('dataprodukng', Array, true)
#2 C:\xampp\htdocs\Lab21_si_AI_Kamera\ci4_AICAM\app\Controllers\NGProduk.php(37): view('dataprodukng', Array)
#3 C:\xampp\htdocs\Lab21_si_AI_Kamera\ci4_AICAM\system\CodeIgniter.php(832): App\Controllers\NGProduk->index()
#4 C:\xampp\htdocs\Lab21_si_AI_Kamera\ci4_AICAM\system\CodeIgniter.php(419): CodeIgniter\CodeIgniter->runController(Object(App\Controllers\NGProduk))
#5 C:\xampp\htdocs\Lab21_si_AI_Kamera\ci4_AICAM\system\CodeIgniter.php(326): CodeIgniter\CodeIgniter->handleRequest(NULL, Object(Config\Cache), false)
#6 C:\xampp\htdocs\Lab21_si_AI_Kamera\ci4_AICAM\public\index.php(37): CodeIgniter\CodeIgniter->run()
#7 C:\xampp\htdocs\Lab21_si_AI_Kamera\ci4_AICAM\system\Commands\Server\rewrite.php(43): require_once('C:\\xampp\\htdocs...')
#8 {main}
CRITICAL - 2024-01-27 08:12:15 --> Invalid file: dataprodukng.php
#0 C:\xampp\htdocs\Lab21_si_AI_Kamera\ci4_AICAM\system\View\View.php(198): CodeIgniter\Exceptions\FrameworkException::forInvalidFile('dataprodukng.ph...')
#1 C:\xampp\htdocs\Lab21_si_AI_Kamera\ci4_AICAM\system\Common.php(1089): CodeIgniter\View\View->render('dataprodukng', Array, true)
#2 C:\xampp\htdocs\Lab21_si_AI_Kamera\ci4_AICAM\app\Controllers\NGProduk.php(37): view('dataprodukng', Array)
#3 C:\xampp\htdocs\Lab21_si_AI_Kamera\ci4_AICAM\system\CodeIgniter.php(832): App\Controllers\NGProduk->index()
#4 C:\xampp\htdocs\Lab21_si_AI_Kamera\ci4_AICAM\system\CodeIgniter.php(419): CodeIgniter\CodeIgniter->runController(Object(App\Controllers\NGProduk))
#5 C:\xampp\htdocs\Lab21_si_AI_Kamera\ci4_AICAM\system\CodeIgniter.php(326): CodeIgniter\CodeIgniter->handleRequest(NULL, Object(Config\Cache), false)
#6 C:\xampp\htdocs\Lab21_si_AI_Kamera\ci4_AICAM\public\index.php(37): CodeIgniter\CodeIgniter->run()
#7 C:\xampp\htdocs\Lab21_si_AI_Kamera\ci4_AICAM\system\Commands\Server\rewrite.php(43): require_once('C:\\xampp\\htdocs...')
#8 {main}
CRITICAL - 2024-01-27 08:12:40 --> Invalid file: dataprodukng.php
#0 C:\xampp\htdocs\Lab21_si_AI_Kamera\ci4_AICAM\system\View\View.php(198): CodeIgniter\Exceptions\FrameworkException::forInvalidFile('dataprodukng.ph...')
#1 C:\xampp\htdocs\Lab21_si_AI_Kamera\ci4_AICAM\system\Common.php(1089): CodeIgniter\View\View->render('dataprodukng', Array, true)
#2 C:\xampp\htdocs\Lab21_si_AI_Kamera\ci4_AICAM\app\Controllers\NGProduk.php(37): view('dataprodukng', Array)
#3 C:\xampp\htdocs\Lab21_si_AI_Kamera\ci4_AICAM\system\CodeIgniter.php(832): App\Controllers\NGProduk->index()
#4 C:\xampp\htdocs\Lab21_si_AI_Kamera\ci4_AICAM\system\CodeIgniter.php(419): CodeIgniter\CodeIgniter->runController(Object(App\Controllers\NGProduk))
#5 C:\xampp\htdocs\Lab21_si_AI_Kamera\ci4_AICAM\system\CodeIgniter.php(326): CodeIgniter\CodeIgniter->handleRequest(NULL, Object(Config\Cache), false)
#6 C:\xampp\htdocs\Lab21_si_AI_Kamera\ci4_AICAM\public\index.php(37): CodeIgniter\CodeIgniter->run()
#7 C:\xampp\htdocs\Lab21_si_AI_Kamera\ci4_AICAM\system\Commands\Server\rewrite.php(43): require_once('C:\\xampp\\htdocs...')
#8 {main}
CRITICAL - 2024-01-27 08:12:54 --> Invalid file: dataprodukng.php
#0 C:\xampp\htdocs\Lab21_si_AI_Kamera\ci4_AICAM\system\View\View.php(198): CodeIgniter\Exceptions\FrameworkException::forInvalidFile('dataprodukng.ph...')
#1 C:\xampp\htdocs\Lab21_si_AI_Kamera\ci4_AICAM\system\Common.php(1089): CodeIgniter\View\View->render('dataprodukng', Array, true)
#2 C:\xampp\htdocs\Lab21_si_AI_Kamera\ci4_AICAM\app\Controllers\NGProduk.php(37): view('dataprodukng', Array)
#3 C:\xampp\htdocs\Lab21_si_AI_Kamera\ci4_AICAM\system\CodeIgniter.php(832): App\Controllers\NGProduk->index()
#4 C:\xampp\htdocs\Lab21_si_AI_Kamera\ci4_AICAM\system\CodeIgniter.php(419): CodeIgniter\CodeIgniter->runController(Object(App\Controllers\NGProduk))
#5 C:\xampp\htdocs\Lab21_si_AI_Kamera\ci4_AICAM\system\CodeIgniter.php(326): CodeIgniter\CodeIgniter->handleRequest(NULL, Object(Config\Cache), false)
#6 C:\xampp\htdocs\Lab21_si_AI_Kamera\ci4_AICAM\public\index.php(37): CodeIgniter\CodeIgniter->run()
#7 C:\xampp\htdocs\Lab21_si_AI_Kamera\ci4_AICAM\system\Commands\Server\rewrite.php(43): require_once('C:\\xampp\\htdocs...')
#8 {main}
CRITICAL - 2024-01-27 08:12:55 --> Invalid file: dataprodukng.php
#0 C:\xampp\htdocs\Lab21_si_AI_Kamera\ci4_AICAM\system\View\View.php(198): CodeIgniter\Exceptions\FrameworkException::forInvalidFile('dataprodukng.ph...')
#1 C:\xampp\htdocs\Lab21_si_AI_Kamera\ci4_AICAM\system\Common.php(1089): CodeIgniter\View\View->render('dataprodukng', Array, true)
#2 C:\xampp\htdocs\Lab21_si_AI_Kamera\ci4_AICAM\app\Controllers\NGProduk.php(37): view('dataprodukng', Array)
#3 C:\xampp\htdocs\Lab21_si_AI_Kamera\ci4_AICAM\system\CodeIgniter.php(832): App\Controllers\NGProduk->index()
#4 C:\xampp\htdocs\Lab21_si_AI_Kamera\ci4_AICAM\system\CodeIgniter.php(419): CodeIgniter\CodeIgniter->runController(Object(App\Controllers\NGProduk))
#5 C:\xampp\htdocs\Lab21_si_AI_Kamera\ci4_AICAM\system\CodeIgniter.php(326): CodeIgniter\CodeIgniter->handleRequest(NULL, Object(Config\Cache), false)
#6 C:\xampp\htdocs\Lab21_si_AI_Kamera\ci4_AICAM\public\index.php(37): CodeIgniter\CodeIgniter->run()
#7 C:\xampp\htdocs\Lab21_si_AI_Kamera\ci4_AICAM\system\Commands\Server\rewrite.php(43): require_once('C:\\xampp\\htdocs...')
#8 {main}
CRITICAL - 2024-01-27 08:12:56 --> Invalid file: dataprodukng.php
#0 C:\xampp\htdocs\Lab21_si_AI_Kamera\ci4_AICAM\system\View\View.php(198): CodeIgniter\Exceptions\FrameworkException::forInvalidFile('dataprodukng.ph...')
#1 C:\xampp\htdocs\Lab21_si_AI_Kamera\ci4_AICAM\system\Common.php(1089): CodeIgniter\View\View->render('dataprodukng', Array, true)
#2 C:\xampp\htdocs\Lab21_si_AI_Kamera\ci4_AICAM\app\Controllers\NGProduk.php(37): view('dataprodukng', Array)
#3 C:\xampp\htdocs\Lab21_si_AI_Kamera\ci4_AICAM\system\CodeIgniter.php(832): App\Controllers\NGProduk->index()
#4 C:\xampp\htdocs\Lab21_si_AI_Kamera\ci4_AICAM\system\CodeIgniter.php(419): CodeIgniter\CodeIgniter->runController(Object(App\Controllers\NGProduk))
#5 C:\xampp\htdocs\Lab21_si_AI_Kamera\ci4_AICAM\system\CodeIgniter.php(326): CodeIgniter\CodeIgniter->handleRequest(NULL, Object(Config\Cache), false)
#6 C:\xampp\htdocs\Lab21_si_AI_Kamera\ci4_AICAM\public\index.php(37): CodeIgniter\CodeIgniter->run()
#7 C:\xampp\htdocs\Lab21_si_AI_Kamera\ci4_AICAM\system\Commands\Server\rewrite.php(43): require_once('C:\\xampp\\htdocs...')
#8 {main}
CRITICAL - 2024-01-27 08:12:59 --> Invalid file: dataprodukng.php
#0 C:\xampp\htdocs\Lab21_si_AI_Kamera\ci4_AICAM\system\View\View.php(198): CodeIgniter\Exceptions\FrameworkException::forInvalidFile('dataprodukng.ph...')
#1 C:\xampp\htdocs\Lab21_si_AI_Kamera\ci4_AICAM\system\Common.php(1089): CodeIgniter\View\View->render('dataprodukng', Array, true)
#2 C:\xampp\htdocs\Lab21_si_AI_Kamera\ci4_AICAM\app\Controllers\NGProduk.php(37): view('dataprodukng', Array)
#3 C:\xampp\htdocs\Lab21_si_AI_Kamera\ci4_AICAM\system\CodeIgniter.php(832): App\Controllers\NGProduk->index()
#4 C:\xampp\htdocs\Lab21_si_AI_Kamera\ci4_AICAM\system\CodeIgniter.php(419): CodeIgniter\CodeIgniter->runController(Object(App\Controllers\NGProduk))
#5 C:\xampp\htdocs\Lab21_si_AI_Kamera\ci4_AICAM\system\CodeIgniter.php(326): CodeIgniter\CodeIgniter->handleRequest(NULL, Object(Config\Cache), false)
#6 C:\xampp\htdocs\Lab21_si_AI_Kamera\ci4_AICAM\public\index.php(37): CodeIgniter\CodeIgniter->run()
#7 C:\xampp\htdocs\Lab21_si_AI_Kamera\ci4_AICAM\system\Commands\Server\rewrite.php(43): require_once('C:\\xampp\\htdocs...')
#8 {main}
CRITICAL - 2024-01-27 08:13:41 --> Invalid file: dataprodukng.php
#0 C:\xampp\htdocs\Lab21_si_AI_Kamera\ci4_AICAM\system\View\View.php(198): CodeIgniter\Exceptions\FrameworkException::forInvalidFile('dataprodukng.ph...')
#1 C:\xampp\htdocs\Lab21_si_AI_Kamera\ci4_AICAM\system\Common.php(1089): CodeIgniter\View\View->render('dataprodukng', Array, true)
#2 C:\xampp\htdocs\Lab21_si_AI_Kamera\ci4_AICAM\app\Controllers\NGProduk.php(37): view('dataprodukng', Array)
#3 C:\xampp\htdocs\Lab21_si_AI_Kamera\ci4_AICAM\system\CodeIgniter.php(832): App\Controllers\NGProduk->index()
#4 C:\xampp\htdocs\Lab21_si_AI_Kamera\ci4_AICAM\system\CodeIgniter.php(419): CodeIgniter\CodeIgniter->runController(Object(App\Controllers\NGProduk))
#5 C:\xampp\htdocs\Lab21_si_AI_Kamera\ci4_AICAM\system\CodeIgniter.php(326): CodeIgniter\CodeIgniter->handleRequest(NULL, Object(Config\Cache), false)
#6 C:\xampp\htdocs\Lab21_si_AI_Kamera\ci4_AICAM\public\index.php(37): CodeIgniter\CodeIgniter->run()
#7 C:\xampp\htdocs\Lab21_si_AI_Kamera\ci4_AICAM\system\Commands\Server\rewrite.php(43): require_once('C:\\xampp\\htdocs...')
#8 {main}
CRITICAL - 2024-01-27 08:13:44 --> Invalid file: dataprodukng.php
#0 C:\xampp\htdocs\Lab21_si_AI_Kamera\ci4_AICAM\system\View\View.php(198): CodeIgniter\Exceptions\FrameworkException::forInvalidFile('dataprodukng.ph...')
#1 C:\xampp\htdocs\Lab21_si_AI_Kamera\ci4_AICAM\system\Common.php(1089): CodeIgniter\View\View->render('dataprodukng', Array, true)
#2 C:\xampp\htdocs\Lab21_si_AI_Kamera\ci4_AICAM\app\Controllers\NGProduk.php(37): view('dataprodukng', Array)
#3 C:\xampp\htdocs\Lab21_si_AI_Kamera\ci4_AICAM\system\CodeIgniter.php(832): App\Controllers\NGProduk->index()
#4 C:\xampp\htdocs\Lab21_si_AI_Kamera\ci4_AICAM\system\CodeIgniter.php(419): CodeIgniter\CodeIgniter->runController(Object(App\Controllers\NGProduk))
#5 C:\xampp\htdocs\Lab21_si_AI_Kamera\ci4_AICAM\system\CodeIgniter.php(326): CodeIgniter\CodeIgniter->handleRequest(NULL, Object(Config\Cache), false)
#6 C:\xampp\htdocs\Lab21_si_AI_Kamera\ci4_AICAM\public\index.php(37): CodeIgniter\CodeIgniter->run()
#7 C:\xampp\htdocs\Lab21_si_AI_Kamera\ci4_AICAM\system\Commands\Server\rewrite.php(43): require_once('C:\\xampp\\htdocs...')
#8 {main}
CRITICAL - 2024-01-27 08:14:19 --> Invalid file: dataprodukng.php
#0 C:\xampp\htdocs\Lab21_si_AI_Kamera\ci4_AICAM\system\View\View.php(198): CodeIgniter\Exceptions\FrameworkException::forInvalidFile('dataprodukng.ph...')
#1 C:\xampp\htdocs\Lab21_si_AI_Kamera\ci4_AICAM\system\Common.php(1089): CodeIgniter\View\View->render('dataprodukng', Array, true)
#2 C:\xampp\htdocs\Lab21_si_AI_Kamera\ci4_AICAM\app\Controllers\NGProduk.php(37): view('dataprodukng', Array)
#3 C:\xampp\htdocs\Lab21_si_AI_Kamera\ci4_AICAM\system\CodeIgniter.php(832): App\Controllers\NGProduk->index()
#4 C:\xampp\htdocs\Lab21_si_AI_Kamera\ci4_AICAM\system\CodeIgniter.php(419): CodeIgniter\CodeIgniter->runController(Object(App\Controllers\NGProduk))
#5 C:\xampp\htdocs\Lab21_si_AI_Kamera\ci4_AICAM\system\CodeIgniter.php(326): CodeIgniter\CodeIgniter->handleRequest(NULL, Object(Config\Cache), false)
#6 C:\xampp\htdocs\Lab21_si_AI_Kamera\ci4_AICAM\public\index.php(37): CodeIgniter\CodeIgniter->run()
#7 C:\xampp\htdocs\Lab21_si_AI_Kamera\ci4_AICAM\system\Commands\Server\rewrite.php(43): require_once('C:\\xampp\\htdocs...')
#8 {main}
CRITICAL - 2024-01-27 08:14:43 --> Invalid file: dataprodukng.php
#0 C:\xampp\htdocs\Lab21_si_AI_Kamera\ci4_AICAM\system\View\View.php(198): CodeIgniter\Exceptions\FrameworkException::forInvalidFile('dataprodukng.ph...')
#1 C:\xampp\htdocs\Lab21_si_AI_Kamera\ci4_AICAM\system\Common.php(1089): CodeIgniter\View\View->render('dataprodukng', Array, true)
#2 C:\xampp\htdocs\Lab21_si_AI_Kamera\ci4_AICAM\app\Controllers\NGProduk.php(37): view('dataprodukng', Array)
#3 C:\xampp\htdocs\Lab21_si_AI_Kamera\ci4_AICAM\system\CodeIgniter.php(832): App\Controllers\NGProduk->index()
#4 C:\xampp\htdocs\Lab21_si_AI_Kamera\ci4_AICAM\system\CodeIgniter.php(419): CodeIgniter\CodeIgniter->runController(Object(App\Controllers\NGProduk))
#5 C:\xampp\htdocs\Lab21_si_AI_Kamera\ci4_AICAM\system\CodeIgniter.php(326): CodeIgniter\CodeIgniter->handleRequest(NULL, Object(Config\Cache), false)
#6 C:\xampp\htdocs\Lab21_si_AI_Kamera\ci4_AICAM\public\index.php(37): CodeIgniter\CodeIgniter->run()
#7 C:\xampp\htdocs\Lab21_si_AI_Kamera\ci4_AICAM\system\Commands\Server\rewrite.php(43): require_once('C:\\xampp\\htdocs...')
#8 {main}
CRITICAL - 2024-01-27 08:18:24 --> Invalid file: dataprodukng.php
#0 C:\xampp\htdocs\Lab21_si_AI_Kamera\ci4_AICAM\system\View\View.php(198): CodeIgniter\Exceptions\FrameworkException::forInvalidFile('dataprodukng.ph...')
#1 C:\xampp\htdocs\Lab21_si_AI_Kamera\ci4_AICAM\system\Common.php(1089): CodeIgniter\View\View->render('dataprodukng', Array, true)
#2 C:\xampp\htdocs\Lab21_si_AI_Kamera\ci4_AICAM\app\Controllers\NGProduk.php(37): view('dataprodukng', Array)
#3 C:\xampp\htdocs\Lab21_si_AI_Kamera\ci4_AICAM\system\CodeIgniter.php(832): App\Controllers\NGProduk->index()
#4 C:\xampp\htdocs\Lab21_si_AI_Kamera\ci4_AICAM\system\CodeIgniter.php(419): CodeIgniter\CodeIgniter->runController(Object(App\Controllers\NGProduk))
#5 C:\xampp\htdocs\Lab21_si_AI_Kamera\ci4_AICAM\system\CodeIgniter.php(326): CodeIgniter\CodeIgniter->handleRequest(NULL, Object(Config\Cache), false)
#6 C:\xampp\htdocs\Lab21_si_AI_Kamera\ci4_AICAM\public\index.php(37): CodeIgniter\CodeIgniter->run()
#7 C:\xampp\htdocs\Lab21_si_AI_Kamera\ci4_AICAM\system\Commands\Server\rewrite.php(43): require_once('C:\\xampp\\htdocs...')
#8 {main}
CRITICAL - 2024-01-27 08:18:29 --> Invalid file: dataprodukng.php
#0 C:\xampp\htdocs\Lab21_si_AI_Kamera\ci4_AICAM\system\View\View.php(198): CodeIgniter\Exceptions\FrameworkException::forInvalidFile('dataprodukng.ph...')
#1 C:\xampp\htdocs\Lab21_si_AI_Kamera\ci4_AICAM\system\Common.php(1089): CodeIgniter\View\View->render('dataprodukng', Array, true)
#2 C:\xampp\htdocs\Lab21_si_AI_Kamera\ci4_AICAM\app\Controllers\NGProduk.php(37): view('dataprodukng', Array)
#3 C:\xampp\htdocs\Lab21_si_AI_Kamera\ci4_AICAM\system\CodeIgniter.php(832): App\Controllers\NGProduk->index()
#4 C:\xampp\htdocs\Lab21_si_AI_Kamera\ci4_AICAM\system\CodeIgniter.php(419): CodeIgniter\CodeIgniter->runController(Object(App\Controllers\NGProduk))
#5 C:\xampp\htdocs\Lab21_si_AI_Kamera\ci4_AICAM\system\CodeIgniter.php(326): CodeIgniter\CodeIgniter->handleRequest(NULL, Object(Config\Cache), false)
#6 C:\xampp\htdocs\Lab21_si_AI_Kamera\ci4_AICAM\public\index.php(37): CodeIgniter\CodeIgniter->run()
#7 C:\xampp\htdocs\Lab21_si_AI_Kamera\ci4_AICAM\system\Commands\Server\rewrite.php(43): require_once('C:\\xampp\\htdocs...')
#8 {main}
CRITICAL - 2024-01-27 08:18:54 --> Invalid file: dataprodukng.php
#0 C:\xampp\htdocs\Lab21_si_AI_Kamera\ci4_AICAM\system\View\View.php(198): CodeIgniter\Exceptions\FrameworkException::forInvalidFile('dataprodukng.ph...')
#1 C:\xampp\htdocs\Lab21_si_AI_Kamera\ci4_AICAM\system\Common.php(1089): CodeIgniter\View\View->render('dataprodukng', Array, true)
#2 C:\xampp\htdocs\Lab21_si_AI_Kamera\ci4_AICAM\app\Controllers\NGProduk.php(37): view('dataprodukng', Array)
#3 C:\xampp\htdocs\Lab21_si_AI_Kamera\ci4_AICAM\system\CodeIgniter.php(832): App\Controllers\NGProduk->index()
#4 C:\xampp\htdocs\Lab21_si_AI_Kamera\ci4_AICAM\system\CodeIgniter.php(419): CodeIgniter\CodeIgniter->runController(Object(App\Controllers\NGProduk))
#5 C:\xampp\htdocs\Lab21_si_AI_Kamera\ci4_AICAM\system\CodeIgniter.php(326): CodeIgniter\CodeIgniter->handleRequest(NULL, Object(Config\Cache), false)
#6 C:\xampp\htdocs\Lab21_si_AI_Kamera\ci4_AICAM\public\index.php(37): CodeIgniter\CodeIgniter->run()
#7 C:\xampp\htdocs\Lab21_si_AI_Kamera\ci4_AICAM\system\Commands\Server\rewrite.php(43): require_once('C:\\xampp\\htdocs...')
#8 {main}
CRITICAL - 2024-01-27 08:21:34 --> Invalid file: dataprodukng.php
#0 C:\xampp\htdocs\Lab21_si_AI_Kamera\ci4_AICAM\system\View\View.php(198): CodeIgniter\Exceptions\FrameworkException::forInvalidFile('dataprodukng.ph...')
#1 C:\xampp\htdocs\Lab21_si_AI_Kamera\ci4_AICAM\system\Common.php(1089): CodeIgniter\View\View->render('dataprodukng', Array, true)
#2 C:\xampp\htdocs\Lab21_si_AI_Kamera\ci4_AICAM\app\Controllers\NGProduk.php(37): view('dataprodukng', Array)
#3 C:\xampp\htdocs\Lab21_si_AI_Kamera\ci4_AICAM\system\CodeIgniter.php(832): App\Controllers\NGProduk->index()
#4 C:\xampp\htdocs\Lab21_si_AI_Kamera\ci4_AICAM\system\CodeIgniter.php(419): CodeIgniter\CodeIgniter->runController(Object(App\Controllers\NGProduk))
#5 C:\xampp\htdocs\Lab21_si_AI_Kamera\ci4_AICAM\system\CodeIgniter.php(326): CodeIgniter\CodeIgniter->handleRequest(NULL, Object(Config\Cache), false)
#6 C:\xampp\htdocs\Lab21_si_AI_Kamera\ci4_AICAM\public\index.php(37): CodeIgniter\CodeIgniter->run()
#7 C:\xampp\htdocs\Lab21_si_AI_Kamera\ci4_AICAM\system\Commands\Server\rewrite.php(43): require_once('C:\\xampp\\htdocs...')
#8 {main}
CRITICAL - 2024-01-27 08:22:43 --> Invalid file: dataprodukng.php
#0 C:\xampp\htdocs\Lab21_si_AI_Kamera\ci4_AICAM\system\View\View.php(198): CodeIgniter\Exceptions\FrameworkException::forInvalidFile('dataprodukng.ph...')
#1 C:\xampp\htdocs\Lab21_si_AI_Kamera\ci4_AICAM\system\Common.php(1089): CodeIgniter\View\View->render('dataprodukng', Array, true)
#2 C:\xampp\htdocs\Lab21_si_AI_Kamera\ci4_AICAM\app\Controllers\NGProduk.php(37): view('dataprodukng', Array)
#3 C:\xampp\htdocs\Lab21_si_AI_Kamera\ci4_AICAM\system\CodeIgniter.php(832): App\Controllers\NGProduk->index()
#4 C:\xampp\htdocs\Lab21_si_AI_Kamera\ci4_AICAM\system\CodeIgniter.php(419): CodeIgniter\CodeIgniter->runController(Object(App\Controllers\NGProduk))
#5 C:\xampp\htdocs\Lab21_si_AI_Kamera\ci4_AICAM\system\CodeIgniter.php(326): CodeIgniter\CodeIgniter->handleRequest(NULL, Object(Config\Cache), false)
#6 C:\xampp\htdocs\Lab21_si_AI_Kamera\ci4_AICAM\public\index.php(37): CodeIgniter\CodeIgniter->run()
#7 C:\xampp\htdocs\Lab21_si_AI_Kamera\ci4_AICAM\system\Commands\Server\rewrite.php(43): require_once('C:\\xampp\\htdocs...')
#8 {main}
CRITICAL - 2024-01-27 08:23:43 --> Invalid file: dataprodukng.php
#0 C:\xampp\htdocs\Lab21_si_AI_Kamera\ci4_AICAM\system\View\View.php(198): CodeIgniter\Exceptions\FrameworkException::forInvalidFile('dataprodukng.ph...')
#1 C:\xampp\htdocs\Lab21_si_AI_Kamera\ci4_AICAM\system\Common.php(1089): CodeIgniter\View\View->render('dataprodukng', Array, true)
#2 C:\xampp\htdocs\Lab21_si_AI_Kamera\ci4_AICAM\app\Controllers\NGProduk.php(37): view('dataprodukng', Array)
#3 C:\xampp\htdocs\Lab21_si_AI_Kamera\ci4_AICAM\system\CodeIgniter.php(832): App\Controllers\NGProduk->index()
#4 C:\xampp\htdocs\Lab21_si_AI_Kamera\ci4_AICAM\system\CodeIgniter.php(419): CodeIgniter\CodeIgniter->runController(Object(App\Controllers\NGProduk))
#5 C:\xampp\htdocs\Lab21_si_AI_Kamera\ci4_AICAM\system\CodeIgniter.php(326): CodeIgniter\CodeIgniter->handleRequest(NULL, Object(Config\Cache), false)
#6 C:\xampp\htdocs\Lab21_si_AI_Kamera\ci4_AICAM\public\index.php(37): CodeIgniter\CodeIgniter->run()
#7 C:\xampp\htdocs\Lab21_si_AI_Kamera\ci4_AICAM\system\Commands\Server\rewrite.php(43): require_once('C:\\xampp\\htdocs...')
#8 {main}
CRITICAL - 2024-01-27 08:23:47 --> Invalid file: dataprodukng.php
#0 C:\xampp\htdocs\Lab21_si_AI_Kamera\ci4_AICAM\system\View\View.php(198): CodeIgniter\Exceptions\FrameworkException::forInvalidFile('dataprodukng.ph...')
#1 C:\xampp\htdocs\Lab21_si_AI_Kamera\ci4_AICAM\system\Common.php(1089): CodeIgniter\View\View->render('dataprodukng', Array, true)
#2 C:\xampp\htdocs\Lab21_si_AI_Kamera\ci4_AICAM\app\Controllers\NGProduk.php(37): view('dataprodukng', Array)
#3 C:\xampp\htdocs\Lab21_si_AI_Kamera\ci4_AICAM\system\CodeIgniter.php(832): App\Controllers\NGProduk->index()
#4 C:\xampp\htdocs\Lab21_si_AI_Kamera\ci4_AICAM\system\CodeIgniter.php(419): CodeIgniter\CodeIgniter->runController(Object(App\Controllers\NGProduk))
#5 C:\xampp\htdocs\Lab21_si_AI_Kamera\ci4_AICAM\system\CodeIgniter.php(326): CodeIgniter\CodeIgniter->handleRequest(NULL, Object(Config\Cache), false)
#6 C:\xampp\htdocs\Lab21_si_AI_Kamera\ci4_AICAM\public\index.php(37): CodeIgniter\CodeIgniter->run()
#7 C:\xampp\htdocs\Lab21_si_AI_Kamera\ci4_AICAM\system\Commands\Server\rewrite.php(43): require_once('C:\\xampp\\htdocs...')
#8 {main}
CRITICAL - 2024-01-27 08:24:11 --> Invalid file: dataprodukng.php
#0 C:\xampp\htdocs\Lab21_si_AI_Kamera\ci4_AICAM\system\View\View.php(198): CodeIgniter\Exceptions\FrameworkException::forInvalidFile('dataprodukng.ph...')
#1 C:\xampp\htdocs\Lab21_si_AI_Kamera\ci4_AICAM\system\Common.php(1089): CodeIgniter\View\View->render('dataprodukng', Array, true)
#2 C:\xampp\htdocs\Lab21_si_AI_Kamera\ci4_AICAM\app\Controllers\NGProduk.php(37): view('dataprodukng', Array)
#3 C:\xampp\htdocs\Lab21_si_AI_Kamera\ci4_AICAM\system\CodeIgniter.php(832): App\Controllers\NGProduk->index()
#4 C:\xampp\htdocs\Lab21_si_AI_Kamera\ci4_AICAM\system\CodeIgniter.php(419): CodeIgniter\CodeIgniter->runController(Object(App\Controllers\NGProduk))
#5 C:\xampp\htdocs\Lab21_si_AI_Kamera\ci4_AICAM\system\CodeIgniter.php(326): CodeIgniter\CodeIgniter->handleRequest(NULL, Object(Config\Cache), false)
#6 C:\xampp\htdocs\Lab21_si_AI_Kamera\ci4_AICAM\public\index.php(37): CodeIgniter\CodeIgniter->run()
#7 C:\xampp\htdocs\Lab21_si_AI_Kamera\ci4_AICAM\system\Commands\Server\rewrite.php(43): require_once('C:\\xampp\\htdocs...')
#8 {main}
CRITICAL - 2024-01-27 08:24:13 --> Invalid file: user/editngproduk.php
#0 C:\xampp\htdocs\Lab21_si_AI_Kamera\ci4_AICAM\system\View\View.php(198): CodeIgniter\Exceptions\FrameworkException::forInvalidFile('user/editngprod...')
#1 C:\xampp\htdocs\Lab21_si_AI_Kamera\ci4_AICAM\system\Common.php(1089): CodeIgniter\View\View->render('user/editngprod...', Array, true)
#2 C:\xampp\htdocs\Lab21_si_AI_Kamera\ci4_AICAM\app\Controllers\User\NGProduk.php(107): view('user/editngprod...', Array)
#3 C:\xampp\htdocs\Lab21_si_AI_Kamera\ci4_AICAM\system\CodeIgniter.php(832): App\Controllers\User\NGProduk->edit('20')
#4 C:\xampp\htdocs\Lab21_si_AI_Kamera\ci4_AICAM\system\CodeIgniter.php(419): CodeIgniter\CodeIgniter->runController(Object(App\Controllers\User\NGProduk))
#5 C:\xampp\htdocs\Lab21_si_AI_Kamera\ci4_AICAM\system\CodeIgniter.php(326): CodeIgniter\CodeIgniter->handleRequest(NULL, Object(Config\Cache), false)
#6 C:\xampp\htdocs\Lab21_si_AI_Kamera\ci4_AICAM\public\index.php(37): CodeIgniter\CodeIgniter->run()
#7 C:\xampp\htdocs\Lab21_si_AI_Kamera\ci4_AICAM\system\Commands\Server\rewrite.php(43): require_once('C:\\xampp\\htdocs...')
#8 {main}
CRITICAL - 2024-01-27 08:24:32 --> Invalid file: dataprodukng.php
#0 C:\xampp\htdocs\Lab21_si_AI_Kamera\ci4_AICAM\system\View\View.php(198): CodeIgniter\Exceptions\FrameworkException::forInvalidFile('dataprodukng.ph...')
#1 C:\xampp\htdocs\Lab21_si_AI_Kamera\ci4_AICAM\system\Common.php(1089): CodeIgniter\View\View->render('dataprodukng', Array, true)
#2 C:\xampp\htdocs\Lab21_si_AI_Kamera\ci4_AICAM\app\Controllers\NGProduk.php(37): view('dataprodukng', Array)
#3 C:\xampp\htdocs\Lab21_si_AI_Kamera\ci4_AICAM\system\CodeIgniter.php(832): App\Controllers\NGProduk->index()
#4 C:\xampp\htdocs\Lab21_si_AI_Kamera\ci4_AICAM\system\CodeIgniter.php(419): CodeIgniter\CodeIgniter->runController(Object(App\Controllers\NGProduk))
#5 C:\xampp\htdocs\Lab21_si_AI_Kamera\ci4_AICAM\system\CodeIgniter.php(326): CodeIgniter\CodeIgniter->handleRequest(NULL, Object(Config\Cache), false)
#6 C:\xampp\htdocs\Lab21_si_AI_Kamera\ci4_AICAM\public\index.php(37): CodeIgniter\CodeIgniter->run()
#7 C:\xampp\htdocs\Lab21_si_AI_Kamera\ci4_AICAM\system\Commands\Server\rewrite.php(43): require_once('C:\\xampp\\htdocs...')
#8 {main}
CRITICAL - 2024-01-27 08:30:50 --> Invalid file: dataprodukng.php
#0 C:\xampp\htdocs\Lab21_si_AI_Kamera\ci4_AICAM\system\View\View.php(198): CodeIgniter\Exceptions\FrameworkException::forInvalidFile('dataprodukng.ph...')
#1 C:\xampp\htdocs\Lab21_si_AI_Kamera\ci4_AICAM\system\Common.php(1089): CodeIgniter\View\View->render('dataprodukng', Array, true)
#2 C:\xampp\htdocs\Lab21_si_AI_Kamera\ci4_AICAM\app\Controllers\NGProduk.php(37): view('dataprodukng', Array)
#3 C:\xampp\htdocs\Lab21_si_AI_Kamera\ci4_AICAM\system\CodeIgniter.php(832): App\Controllers\NGProduk->index()
#4 C:\xampp\htdocs\Lab21_si_AI_Kamera\ci4_AICAM\system\CodeIgniter.php(419): CodeIgniter\CodeIgniter->runController(Object(App\Controllers\NGProduk))
#5 C:\xampp\htdocs\Lab21_si_AI_Kamera\ci4_AICAM\system\CodeIgniter.php(326): CodeIgniter\CodeIgniter->handleRequest(NULL, Object(Config\Cache), false)
#6 C:\xampp\htdocs\Lab21_si_AI_Kamera\ci4_AICAM\public\index.php(37): CodeIgniter\CodeIgniter->run()
#7 C:\xampp\htdocs\Lab21_si_AI_Kamera\ci4_AICAM\system\Commands\Server\rewrite.php(43): require_once('C:\\xampp\\htdocs...')
#8 {main}
CRITICAL - 2024-01-27 08:31:17 --> Invalid file: dataprodukng.php
#0 C:\xampp\htdocs\Lab21_si_AI_Kamera\ci4_AICAM\system\View\View.php(198): CodeIgniter\Exceptions\FrameworkException::forInvalidFile('dataprodukng.ph...')
#1 C:\xampp\htdocs\Lab21_si_AI_Kamera\ci4_AICAM\system\Common.php(1089): CodeIgniter\View\View->render('dataprodukng', Array, true)
#2 C:\xampp\htdocs\Lab21_si_AI_Kamera\ci4_AICAM\app\Controllers\NGProduk.php(37): view('dataprodukng', Array)
#3 C:\xampp\htdocs\Lab21_si_AI_Kamera\ci4_AICAM\system\CodeIgniter.php(832): App\Controllers\NGProduk->index()
#4 C:\xampp\htdocs\Lab21_si_AI_Kamera\ci4_AICAM\system\CodeIgniter.php(419): CodeIgniter\CodeIgniter->runController(Object(App\Controllers\NGProduk))
#5 C:\xampp\htdocs\Lab21_si_AI_Kamera\ci4_AICAM\system\CodeIgniter.php(326): CodeIgniter\CodeIgniter->handleRequest(NULL, Object(Config\Cache), false)
#6 C:\xampp\htdocs\Lab21_si_AI_Kamera\ci4_AICAM\public\index.php(37): CodeIgniter\CodeIgniter->run()
#7 C:\xampp\htdocs\Lab21_si_AI_Kamera\ci4_AICAM\system\Commands\Server\rewrite.php(43): require_once('C:\\xampp\\htdocs...')
#8 {main}
CRITICAL - 2024-01-27 11:01:36 --> Trying to get property 'user_name' of non-object
#0 C:\xampp\htdocs\Lab21_si_AI_Kamera\ci4_AICAM\app\Views\template\navbar.php(41): CodeIgniter\Debug\Exceptions->errorHandler(8, 'Trying to get p...', 'C:\\xampp\\htdocs...', 41, Array)
#1 C:\xampp\htdocs\Lab21_si_AI_Kamera\ci4_AICAM\system\View\View.php(210): include('C:\\xampp\\htdocs...')
#2 C:\xampp\htdocs\Lab21_si_AI_Kamera\ci4_AICAM\system\View\View.php(213): CodeIgniter\View\View->CodeIgniter\View\{closure}()
#3 C:\xampp\htdocs\Lab21_si_AI_Kamera\ci4_AICAM\system\View\View.php(424): CodeIgniter\View\View->render('template/navbar', NULL, true)
#4 C:\xampp\htdocs\Lab21_si_AI_Kamera\ci4_AICAM\app\Views\template\headerforcontentuser.php(50): CodeIgniter\View\View->include('template/navbar')
#5 C:\xampp\htdocs\Lab21_si_AI_Kamera\ci4_AICAM\system\View\View.php(210): include('C:\\xampp\\htdocs...')
#6 C:\xampp\htdocs\Lab21_si_AI_Kamera\ci4_AICAM\system\View\View.php(213): CodeIgniter\View\View->CodeIgniter\View\{closure}()
#7 C:\xampp\htdocs\Lab21_si_AI_Kamera\ci4_AICAM\system\View\View.php(424): CodeIgniter\View\View->render('template/header...', NULL, true)
#8 C:\xampp\htdocs\Lab21_si_AI_Kamera\ci4_AICAM\app\Views\user\dataprodukng.php(1): CodeIgniter\View\View->include('template/header...')
#9 C:\xampp\htdocs\Lab21_si_AI_Kamera\ci4_AICAM\system\View\View.php(210): include('C:\\xampp\\htdocs...')
#10 C:\xampp\htdocs\Lab21_si_AI_Kamera\ci4_AICAM\system\View\View.php(213): CodeIgniter\View\View->CodeIgniter\View\{closure}()
#11 C:\xampp\htdocs\Lab21_si_AI_Kamera\ci4_AICAM\system\Common.php(1089): CodeIgniter\View\View->render('user/dataproduk...', Array, true)
#12 C:\xampp\htdocs\Lab21_si_AI_Kamera\ci4_AICAM\app\Controllers\User\NGProduk.php(37): view('user/dataproduk...', Array)
#13 C:\xampp\htdocs\Lab21_si_AI_Kamera\ci4_AICAM\system\CodeIgniter.php(832): App\Controllers\User\NGProduk->index()
#14 C:\xampp\htdocs\Lab21_si_AI_Kamera\ci4_AICAM\system\CodeIgniter.php(419): CodeIgniter\CodeIgniter->runController(Object(App\Controllers\User\NGProduk))
#15 C:\xampp\htdocs\Lab21_si_AI_Kamera\ci4_AICAM\system\CodeIgniter.php(326): CodeIgniter\CodeIgniter->handleRequest(NULL, Object(Config\Cache), false)
#16 C:\xampp\htdocs\Lab21_si_AI_Kamera\ci4_AICAM\public\index.php(37): CodeIgniter\CodeIgniter->run()
#17 C:\xampp\htdocs\Lab21_si_AI_Kamera\ci4_AICAM\system\Commands\Server\rewrite.php(43): require_once('C:\\xampp\\htdocs...')
#18 {main}
CRITICAL - 2024-01-27 11:04:45 --> Trying to get property 'user_name' of non-object
#0 C:\xampp\htdocs\Lab21_si_AI_Kamera\ci4_AICAM\app\Views\template\navbar.php(41): CodeIgniter\Debug\Exceptions->errorHandler(8, 'Trying to get p...', 'C:\\xampp\\htdocs...', 41, Array)
#1 C:\xampp\htdocs\Lab21_si_AI_Kamera\ci4_AICAM\system\View\View.php(210): include('C:\\xampp\\htdocs...')
#2 C:\xampp\htdocs\Lab21_si_AI_Kamera\ci4_AICAM\system\View\View.php(213): CodeIgniter\View\View->CodeIgniter\View\{closure}()
#3 C:\xampp\htdocs\Lab21_si_AI_Kamera\ci4_AICAM\system\View\View.php(424): CodeIgniter\View\View->render('template/navbar', NULL, true)
#4 C:\xampp\htdocs\Lab21_si_AI_Kamera\ci4_AICAM\app\Views\template\headerforcontent.php(50): CodeIgniter\View\View->include('template/navbar')
#5 C:\xampp\htdocs\Lab21_si_AI_Kamera\ci4_AICAM\system\View\View.php(210): include('C:\\xampp\\htdocs...')
#6 C:\xampp\htdocs\Lab21_si_AI_Kamera\ci4_AICAM\system\View\View.php(213): CodeIgniter\View\View->CodeIgniter\View\{closure}()
#7 C:\xampp\htdocs\Lab21_si_AI_Kamera\ci4_AICAM\system\View\View.php(424): CodeIgniter\View\View->render('template/header...', NULL, true)
#8 C:\xampp\htdocs\Lab21_si_AI_Kamera\ci4_AICAM\app\Views\tabelNG.php(1): CodeIgniter\View\View->include('template/header...')
#9 C:\xampp\htdocs\Lab21_si_AI_Kamera\ci4_AICAM\system\View\View.php(210): include('C:\\xampp\\htdocs...')
#10 C:\xampp\htdocs\Lab21_si_AI_Kamera\ci4_AICAM\system\View\View.php(213): CodeIgniter\View\View->CodeIgniter\View\{closure}()
#11 C:\xampp\htdocs\Lab21_si_AI_Kamera\ci4_AICAM\system\Common.php(1089): CodeIgniter\View\View->render('tabelNG', Array, true)
#12 C:\xampp\htdocs\Lab21_si_AI_Kamera\ci4_AICAM\app\Controllers\Laporan.php(42): view('tabelNG', Array)
#13 C:\xampp\htdocs\Lab21_si_AI_Kamera\ci4_AICAM\system\CodeIgniter.php(832): App\Controllers\Laporan->TabelNG()
#14 C:\xampp\htdocs\Lab21_si_AI_Kamera\ci4_AICAM\system\CodeIgniter.php(419): CodeIgniter\CodeIgniter->runController(Object(App\Controllers\Laporan))
#15 C:\xampp\htdocs\Lab21_si_AI_Kamera\ci4_AICAM\system\CodeIgniter.php(326): CodeIgniter\CodeIgniter->handleRequest(NULL, Object(Config\Cache), false)
#16 C:\xampp\htdocs\Lab21_si_AI_Kamera\ci4_AICAM\public\index.php(37): CodeIgniter\CodeIgniter->run()
#17 C:\xampp\htdocs\Lab21_si_AI_Kamera\ci4_AICAM\system\Commands\Server\rewrite.php(43): require_once('C:\\xampp\\htdocs...')
#18 {main}
CRITICAL - 2024-01-27 11:26:44 --> Invalid file: tabelNG.php
#0 C:\xampp\htdocs\Lab21_si_AI_Kamera\ci4_AICAM\system\View\View.php(198): CodeIgniter\Exceptions\FrameworkException::forInvalidFile('tabelNG.php')
#1 C:\xampp\htdocs\Lab21_si_AI_Kamera\ci4_AICAM\system\Common.php(1089): CodeIgniter\View\View->render('tabelNG', Array, true)
#2 C:\xampp\htdocs\Lab21_si_AI_Kamera\ci4_AICAM\app\Controllers\Laporan.php(42): view('tabelNG', Array)
#3 C:\xampp\htdocs\Lab21_si_AI_Kamera\ci4_AICAM\system\CodeIgniter.php(832): App\Controllers\Laporan->TabelNG()
#4 C:\xampp\htdocs\Lab21_si_AI_Kamera\ci4_AICAM\system\CodeIgniter.php(419): CodeIgniter\CodeIgniter->runController(Object(App\Controllers\Laporan))
#5 C:\xampp\htdocs\Lab21_si_AI_Kamera\ci4_AICAM\system\CodeIgniter.php(326): CodeIgniter\CodeIgniter->handleRequest(NULL, Object(Config\Cache), false)
#6 C:\xampp\htdocs\Lab21_si_AI_Kamera\ci4_AICAM\public\index.php(37): CodeIgniter\CodeIgniter->run()
#7 C:\xampp\htdocs\Lab21_si_AI_Kamera\ci4_AICAM\system\Commands\Server\rewrite.php(43): require_once('C:\\xampp\\htdocs...')
#8 {main}
