CRITICAL - 2024-04-23 09:05:10 --> Call to undefined method App\Controllers\Splitdataset::split()
#0 C:\xampp\htdocs\Lab28_SkripsiPrediksiHarga\ci4_SkripsiPrediksiHarga\system\CodeIgniter.php(832): App\Controllers\Splitdataset->splitPersen()
#1 C:\xampp\htdocs\Lab28_SkripsiPrediksiHarga\ci4_SkripsiPrediksiHarga\system\CodeIgniter.php(419): CodeIgniter\CodeIgniter->runController(Object(App\Controllers\Splitdataset))
#2 C:\xampp\htdocs\Lab28_SkripsiPrediksiHarga\ci4_SkripsiPrediksiHarga\system\CodeIgniter.php(326): CodeIgniter\CodeIgniter->handleRequest(NULL, Object(Config\Cache), false)
#3 C:\xampp\htdocs\Lab28_SkripsiPrediksiHarga\ci4_SkripsiPrediksiHarga\public\index.php(37): CodeIgniter\CodeIgniter->run()
#4 C:\xampp\htdocs\Lab28_SkripsiPrediksiHarga\ci4_SkripsiPrediksiHarga\system\Commands\Server\rewrite.php(43): require_once('C:\\xampp\\htdocs...')
#5 {main}
CRITICAL - 2024-04-23 09:05:13 --> Call to undefined method App\Controllers\Splitdataset::split()
#0 C:\xampp\htdocs\Lab28_SkripsiPrediksiHarga\ci4_SkripsiPrediksiHarga\system\CodeIgniter.php(832): App\Controllers\Splitdataset->splitPersen()
#1 C:\xampp\htdocs\Lab28_SkripsiPrediksiHarga\ci4_SkripsiPrediksiHarga\system\CodeIgniter.php(419): CodeIgniter\CodeIgniter->runController(Object(App\Controllers\Splitdataset))
#2 C:\xampp\htdocs\Lab28_SkripsiPrediksiHarga\ci4_SkripsiPrediksiHarga\system\CodeIgniter.php(326): CodeIgniter\CodeIgniter->handleRequest(NULL, Object(Config\Cache), false)
#3 C:\xampp\htdocs\Lab28_SkripsiPrediksiHarga\ci4_SkripsiPrediksiHarga\public\index.php(37): CodeIgniter\CodeIgniter->run()
#4 C:\xampp\htdocs\Lab28_SkripsiPrediksiHarga\ci4_SkripsiPrediksiHarga\system\Commands\Server\rewrite.php(43): require_once('C:\\xampp\\htdocs...')
#5 {main}
CRITICAL - 2024-04-23 09:05:35 --> Call to undefined method App\Controllers\Splitdataset::split()
#0 C:\xampp\htdocs\Lab28_SkripsiPrediksiHarga\ci4_SkripsiPrediksiHarga\system\CodeIgniter.php(832): App\Controllers\Splitdataset->splitPersen()
#1 C:\xampp\htdocs\Lab28_SkripsiPrediksiHarga\ci4_SkripsiPrediksiHarga\system\CodeIgniter.php(419): CodeIgniter\CodeIgniter->runController(Object(App\Controllers\Splitdataset))
#2 C:\xampp\htdocs\Lab28_SkripsiPrediksiHarga\ci4_SkripsiPrediksiHarga\system\CodeIgniter.php(326): CodeIgniter\CodeIgniter->handleRequest(NULL, Object(Config\Cache), false)
#3 C:\xampp\htdocs\Lab28_SkripsiPrediksiHarga\ci4_SkripsiPrediksiHarga\public\index.php(37): CodeIgniter\CodeIgniter->run()
#4 C:\xampp\htdocs\Lab28_SkripsiPrediksiHarga\ci4_SkripsiPrediksiHarga\system\Commands\Server\rewrite.php(43): require_once('C:\\xampp\\htdocs...')
#5 {main}
ERROR - 2024-04-23 09:20:55 --> Unknown column 'grade-mold' in 'field list'
CRITICAL - 2024-04-23 09:20:55 --> Unknown column 'grade-mold' in 'field list'
#0 C:\xampp\htdocs\Lab28_SkripsiPrediksiHarga\ci4_SkripsiPrediksiHarga\system\Database\MySQLi\Connection.php(292): mysqli->query('UPDATE `trainin...', 0)
#1 C:\xampp\htdocs\Lab28_SkripsiPrediksiHarga\ci4_SkripsiPrediksiHarga\system\Database\BaseConnection.php(670): CodeIgniter\Database\MySQLi\Connection->execute('UPDATE `trainin...')
#2 C:\xampp\htdocs\Lab28_SkripsiPrediksiHarga\ci4_SkripsiPrediksiHarga\system\Database\BaseConnection.php(598): CodeIgniter\Database\BaseConnection->simpleQuery('UPDATE `trainin...')
#3 C:\xampp\htdocs\Lab28_SkripsiPrediksiHarga\ci4_SkripsiPrediksiHarga\system\Database\BaseBuilder.php(1913): CodeIgniter\Database\BaseConnection->query('UPDATE `trainin...', Array, false)
#4 C:\xampp\htdocs\Lab28_SkripsiPrediksiHarga\ci4_SkripsiPrediksiHarga\system\Model.php(298): CodeIgniter\Database\BaseBuilder->update()
#5 C:\xampp\htdocs\Lab28_SkripsiPrediksiHarga\ci4_SkripsiPrediksiHarga\system\BaseModel.php(865): CodeIgniter\Model->doUpdate(Array, Array)
#6 C:\xampp\htdocs\Lab28_SkripsiPrediksiHarga\ci4_SkripsiPrediksiHarga\system\Model.php(651): CodeIgniter\BaseModel->update(Array, Array)
#7 C:\xampp\htdocs\Lab28_SkripsiPrediksiHarga\ci4_SkripsiPrediksiHarga\system\BaseModel.php(656): CodeIgniter\Model->update('53', Array)
#8 C:\xampp\htdocs\Lab28_SkripsiPrediksiHarga\ci4_SkripsiPrediksiHarga\app\Controllers\Splitdataset.php(67): CodeIgniter\BaseModel->save(Array)
#9 C:\xampp\htdocs\Lab28_SkripsiPrediksiHarga\ci4_SkripsiPrediksiHarga\app\Controllers\Splitdataset.php(40): App\Controllers\Splitdataset->split('90')
#10 C:\xampp\htdocs\Lab28_SkripsiPrediksiHarga\ci4_SkripsiPrediksiHarga\system\CodeIgniter.php(832): App\Controllers\Splitdataset->splitPersen()
#11 C:\xampp\htdocs\Lab28_SkripsiPrediksiHarga\ci4_SkripsiPrediksiHarga\system\CodeIgniter.php(419): CodeIgniter\CodeIgniter->runController(Object(App\Controllers\Splitdataset))
#12 C:\xampp\htdocs\Lab28_SkripsiPrediksiHarga\ci4_SkripsiPrediksiHarga\system\CodeIgniter.php(326): CodeIgniter\CodeIgniter->handleRequest(NULL, Object(Config\Cache), false)
#13 C:\xampp\htdocs\Lab28_SkripsiPrediksiHarga\ci4_SkripsiPrediksiHarga\public\index.php(37): CodeIgniter\CodeIgniter->run()
#14 C:\xampp\htdocs\Lab28_SkripsiPrediksiHarga\ci4_SkripsiPrediksiHarga\system\Commands\Server\rewrite.php(43): require_once('C:\\xampp\\htdocs...')
#15 {main}
ERROR - 2024-04-23 09:21:09 --> Unknown column 'grade-mold' in 'field list'
CRITICAL - 2024-04-23 09:21:09 --> Unknown column 'grade-mold' in 'field list'
#0 C:\xampp\htdocs\Lab28_SkripsiPrediksiHarga\ci4_SkripsiPrediksiHarga\system\Database\MySQLi\Connection.php(292): mysqli->query('UPDATE `trainin...', 0)
#1 C:\xampp\htdocs\Lab28_SkripsiPrediksiHarga\ci4_SkripsiPrediksiHarga\system\Database\BaseConnection.php(670): CodeIgniter\Database\MySQLi\Connection->execute('UPDATE `trainin...')
#2 C:\xampp\htdocs\Lab28_SkripsiPrediksiHarga\ci4_SkripsiPrediksiHarga\system\Database\BaseConnection.php(598): CodeIgniter\Database\BaseConnection->simpleQuery('UPDATE `trainin...')
#3 C:\xampp\htdocs\Lab28_SkripsiPrediksiHarga\ci4_SkripsiPrediksiHarga\system\Database\BaseBuilder.php(1913): CodeIgniter\Database\BaseConnection->query('UPDATE `trainin...', Array, false)
#4 C:\xampp\htdocs\Lab28_SkripsiPrediksiHarga\ci4_SkripsiPrediksiHarga\system\Model.php(298): CodeIgniter\Database\BaseBuilder->update()
#5 C:\xampp\htdocs\Lab28_SkripsiPrediksiHarga\ci4_SkripsiPrediksiHarga\system\BaseModel.php(865): CodeIgniter\Model->doUpdate(Array, Array)
#6 C:\xampp\htdocs\Lab28_SkripsiPrediksiHarga\ci4_SkripsiPrediksiHarga\system\Model.php(651): CodeIgniter\BaseModel->update(Array, Array)
#7 C:\xampp\htdocs\Lab28_SkripsiPrediksiHarga\ci4_SkripsiPrediksiHarga\system\BaseModel.php(656): CodeIgniter\Model->update('80', Array)
#8 C:\xampp\htdocs\Lab28_SkripsiPrediksiHarga\ci4_SkripsiPrediksiHarga\app\Controllers\Splitdataset.php(67): CodeIgniter\BaseModel->save(Array)
#9 C:\xampp\htdocs\Lab28_SkripsiPrediksiHarga\ci4_SkripsiPrediksiHarga\app\Controllers\Splitdataset.php(40): App\Controllers\Splitdataset->split('90')
#10 C:\xampp\htdocs\Lab28_SkripsiPrediksiHarga\ci4_SkripsiPrediksiHarga\system\CodeIgniter.php(832): App\Controllers\Splitdataset->splitPersen()
#11 C:\xampp\htdocs\Lab28_SkripsiPrediksiHarga\ci4_SkripsiPrediksiHarga\system\CodeIgniter.php(419): CodeIgniter\CodeIgniter->runController(Object(App\Controllers\Splitdataset))
#12 C:\xampp\htdocs\Lab28_SkripsiPrediksiHarga\ci4_SkripsiPrediksiHarga\system\CodeIgniter.php(326): CodeIgniter\CodeIgniter->handleRequest(NULL, Object(Config\Cache), false)
#13 C:\xampp\htdocs\Lab28_SkripsiPrediksiHarga\ci4_SkripsiPrediksiHarga\public\index.php(37): CodeIgniter\CodeIgniter->run()
#14 C:\xampp\htdocs\Lab28_SkripsiPrediksiHarga\ci4_SkripsiPrediksiHarga\system\Commands\Server\rewrite.php(43): require_once('C:\\xampp\\htdocs...')
#15 {main}
ERROR - 2024-04-23 09:21:55 --> Unknown column 'grade-mold' in 'field list'
CRITICAL - 2024-04-23 09:21:55 --> Unknown column 'grade-mold' in 'field list'
#0 C:\xampp\htdocs\Lab28_SkripsiPrediksiHarga\ci4_SkripsiPrediksiHarga\system\Database\MySQLi\Connection.php(292): mysqli->query('UPDATE `trainin...', 0)
#1 C:\xampp\htdocs\Lab28_SkripsiPrediksiHarga\ci4_SkripsiPrediksiHarga\system\Database\BaseConnection.php(670): CodeIgniter\Database\MySQLi\Connection->execute('UPDATE `trainin...')
#2 C:\xampp\htdocs\Lab28_SkripsiPrediksiHarga\ci4_SkripsiPrediksiHarga\system\Database\BaseConnection.php(598): CodeIgniter\Database\BaseConnection->simpleQuery('UPDATE `trainin...')
#3 C:\xampp\htdocs\Lab28_SkripsiPrediksiHarga\ci4_SkripsiPrediksiHarga\system\Database\BaseBuilder.php(1913): CodeIgniter\Database\BaseConnection->query('UPDATE `trainin...', Array, false)
#4 C:\xampp\htdocs\Lab28_SkripsiPrediksiHarga\ci4_SkripsiPrediksiHarga\system\Model.php(298): CodeIgniter\Database\BaseBuilder->update()
#5 C:\xampp\htdocs\Lab28_SkripsiPrediksiHarga\ci4_SkripsiPrediksiHarga\system\BaseModel.php(865): CodeIgniter\Model->doUpdate(Array, Array)
#6 C:\xampp\htdocs\Lab28_SkripsiPrediksiHarga\ci4_SkripsiPrediksiHarga\system\Model.php(651): CodeIgniter\BaseModel->update(Array, Array)
#7 C:\xampp\htdocs\Lab28_SkripsiPrediksiHarga\ci4_SkripsiPrediksiHarga\system\BaseModel.php(656): CodeIgniter\Model->update('100', Array)
#8 C:\xampp\htdocs\Lab28_SkripsiPrediksiHarga\ci4_SkripsiPrediksiHarga\app\Controllers\Splitdataset.php(67): CodeIgniter\BaseModel->save(Array)
#9 C:\xampp\htdocs\Lab28_SkripsiPrediksiHarga\ci4_SkripsiPrediksiHarga\app\Controllers\Splitdataset.php(40): App\Controllers\Splitdataset->split('80')
#10 C:\xampp\htdocs\Lab28_SkripsiPrediksiHarga\ci4_SkripsiPrediksiHarga\system\CodeIgniter.php(832): App\Controllers\Splitdataset->splitPersen()
#11 C:\xampp\htdocs\Lab28_SkripsiPrediksiHarga\ci4_SkripsiPrediksiHarga\system\CodeIgniter.php(419): CodeIgniter\CodeIgniter->runController(Object(App\Controllers\Splitdataset))
#12 C:\xampp\htdocs\Lab28_SkripsiPrediksiHarga\ci4_SkripsiPrediksiHarga\system\CodeIgniter.php(326): CodeIgniter\CodeIgniter->handleRequest(NULL, Object(Config\Cache), false)
#13 C:\xampp\htdocs\Lab28_SkripsiPrediksiHarga\ci4_SkripsiPrediksiHarga\public\index.php(37): CodeIgniter\CodeIgniter->run()
#14 C:\xampp\htdocs\Lab28_SkripsiPrediksiHarga\ci4_SkripsiPrediksiHarga\system\Commands\Server\rewrite.php(43): require_once('C:\\xampp\\htdocs...')
#15 {main}
ERROR - 2024-04-23 09:22:25 --> Unknown column 'grade-mold' in 'field list'
CRITICAL - 2024-04-23 09:22:25 --> Unknown column 'grade-mold' in 'field list'
#0 C:\xampp\htdocs\Lab28_SkripsiPrediksiHarga\ci4_SkripsiPrediksiHarga\system\Database\MySQLi\Connection.php(292): mysqli->query('UPDATE `trainin...', 0)
#1 C:\xampp\htdocs\Lab28_SkripsiPrediksiHarga\ci4_SkripsiPrediksiHarga\system\Database\BaseConnection.php(670): CodeIgniter\Database\MySQLi\Connection->execute('UPDATE `trainin...')
#2 C:\xampp\htdocs\Lab28_SkripsiPrediksiHarga\ci4_SkripsiPrediksiHarga\system\Database\BaseConnection.php(598): CodeIgniter\Database\BaseConnection->simpleQuery('UPDATE `trainin...')
#3 C:\xampp\htdocs\Lab28_SkripsiPrediksiHarga\ci4_SkripsiPrediksiHarga\system\Database\BaseBuilder.php(1913): CodeIgniter\Database\BaseConnection->query('UPDATE `trainin...', Array, false)
#4 C:\xampp\htdocs\Lab28_SkripsiPrediksiHarga\ci4_SkripsiPrediksiHarga\system\Model.php(298): CodeIgniter\Database\BaseBuilder->update()
#5 C:\xampp\htdocs\Lab28_SkripsiPrediksiHarga\ci4_SkripsiPrediksiHarga\system\BaseModel.php(865): CodeIgniter\Model->doUpdate(Array, Array)
#6 C:\xampp\htdocs\Lab28_SkripsiPrediksiHarga\ci4_SkripsiPrediksiHarga\system\Model.php(651): CodeIgniter\BaseModel->update(Array, Array)
#7 C:\xampp\htdocs\Lab28_SkripsiPrediksiHarga\ci4_SkripsiPrediksiHarga\system\BaseModel.php(656): CodeIgniter\Model->update('80', Array)
#8 C:\xampp\htdocs\Lab28_SkripsiPrediksiHarga\ci4_SkripsiPrediksiHarga\app\Controllers\Splitdataset.php(67): CodeIgniter\BaseModel->save(Array)
#9 C:\xampp\htdocs\Lab28_SkripsiPrediksiHarga\ci4_SkripsiPrediksiHarga\app\Controllers\Splitdataset.php(40): App\Controllers\Splitdataset->split('80')
#10 C:\xampp\htdocs\Lab28_SkripsiPrediksiHarga\ci4_SkripsiPrediksiHarga\system\CodeIgniter.php(832): App\Controllers\Splitdataset->splitPersen()
#11 C:\xampp\htdocs\Lab28_SkripsiPrediksiHarga\ci4_SkripsiPrediksiHarga\system\CodeIgniter.php(419): CodeIgniter\CodeIgniter->runController(Object(App\Controllers\Splitdataset))
#12 C:\xampp\htdocs\Lab28_SkripsiPrediksiHarga\ci4_SkripsiPrediksiHarga\system\CodeIgniter.php(326): CodeIgniter\CodeIgniter->handleRequest(NULL, Object(Config\Cache), false)
#13 C:\xampp\htdocs\Lab28_SkripsiPrediksiHarga\ci4_SkripsiPrediksiHarga\public\index.php(37): CodeIgniter\CodeIgniter->run()
#14 C:\xampp\htdocs\Lab28_SkripsiPrediksiHarga\ci4_SkripsiPrediksiHarga\system\Commands\Server\rewrite.php(43): require_once('C:\\xampp\\htdocs...')
#15 {main}
ERROR - 2024-04-23 09:23:01 --> Unknown column 'grade-mold' in 'field list'
CRITICAL - 2024-04-23 09:23:01 --> Unknown column 'grade-mold' in 'field list'
#0 C:\xampp\htdocs\Lab28_SkripsiPrediksiHarga\ci4_SkripsiPrediksiHarga\system\Database\MySQLi\Connection.php(292): mysqli->query('UPDATE `trainin...', 0)
#1 C:\xampp\htdocs\Lab28_SkripsiPrediksiHarga\ci4_SkripsiPrediksiHarga\system\Database\BaseConnection.php(670): CodeIgniter\Database\MySQLi\Connection->execute('UPDATE `trainin...')
#2 C:\xampp\htdocs\Lab28_SkripsiPrediksiHarga\ci4_SkripsiPrediksiHarga\system\Database\BaseConnection.php(598): CodeIgniter\Database\BaseConnection->simpleQuery('UPDATE `trainin...')
#3 C:\xampp\htdocs\Lab28_SkripsiPrediksiHarga\ci4_SkripsiPrediksiHarga\system\Database\BaseBuilder.php(1913): CodeIgniter\Database\BaseConnection->query('UPDATE `trainin...', Array, false)
#4 C:\xampp\htdocs\Lab28_SkripsiPrediksiHarga\ci4_SkripsiPrediksiHarga\system\Model.php(298): CodeIgniter\Database\BaseBuilder->update()
#5 C:\xampp\htdocs\Lab28_SkripsiPrediksiHarga\ci4_SkripsiPrediksiHarga\system\BaseModel.php(865): CodeIgniter\Model->doUpdate(Array, Array)
#6 C:\xampp\htdocs\Lab28_SkripsiPrediksiHarga\ci4_SkripsiPrediksiHarga\system\Model.php(651): CodeIgniter\BaseModel->update(Array, Array)
#7 C:\xampp\htdocs\Lab28_SkripsiPrediksiHarga\ci4_SkripsiPrediksiHarga\system\BaseModel.php(656): CodeIgniter\Model->update('89', Array)
#8 C:\xampp\htdocs\Lab28_SkripsiPrediksiHarga\ci4_SkripsiPrediksiHarga\app\Controllers\Splitdataset.php(67): CodeIgniter\BaseModel->save(Array)
#9 C:\xampp\htdocs\Lab28_SkripsiPrediksiHarga\ci4_SkripsiPrediksiHarga\app\Controllers\Splitdataset.php(40): App\Controllers\Splitdataset->split('80')
#10 C:\xampp\htdocs\Lab28_SkripsiPrediksiHarga\ci4_SkripsiPrediksiHarga\system\CodeIgniter.php(832): App\Controllers\Splitdataset->splitPersen()
#11 C:\xampp\htdocs\Lab28_SkripsiPrediksiHarga\ci4_SkripsiPrediksiHarga\system\CodeIgniter.php(419): CodeIgniter\CodeIgniter->runController(Object(App\Controllers\Splitdataset))
#12 C:\xampp\htdocs\Lab28_SkripsiPrediksiHarga\ci4_SkripsiPrediksiHarga\system\CodeIgniter.php(326): CodeIgniter\CodeIgniter->handleRequest(NULL, Object(Config\Cache), false)
#13 C:\xampp\htdocs\Lab28_SkripsiPrediksiHarga\ci4_SkripsiPrediksiHarga\public\index.php(37): CodeIgniter\CodeIgniter->run()
#14 C:\xampp\htdocs\Lab28_SkripsiPrediksiHarga\ci4_SkripsiPrediksiHarga\system\Commands\Server\rewrite.php(43): require_once('C:\\xampp\\htdocs...')
#15 {main}
ERROR - 2024-04-23 09:26:00 --> Unknown column 'grade-mold' in 'field list'
CRITICAL - 2024-04-23 09:26:00 --> Unknown column 'grade-mold' in 'field list'
#0 C:\xampp\htdocs\Lab28_SkripsiPrediksiHarga\ci4_SkripsiPrediksiHarga\system\Database\MySQLi\Connection.php(292): mysqli->query('UPDATE `trainin...', 0)
#1 C:\xampp\htdocs\Lab28_SkripsiPrediksiHarga\ci4_SkripsiPrediksiHarga\system\Database\BaseConnection.php(670): CodeIgniter\Database\MySQLi\Connection->execute('UPDATE `trainin...')
#2 C:\xampp\htdocs\Lab28_SkripsiPrediksiHarga\ci4_SkripsiPrediksiHarga\system\Database\BaseConnection.php(598): CodeIgniter\Database\BaseConnection->simpleQuery('UPDATE `trainin...')
#3 C:\xampp\htdocs\Lab28_SkripsiPrediksiHarga\ci4_SkripsiPrediksiHarga\system\Database\BaseBuilder.php(1913): CodeIgniter\Database\BaseConnection->query('UPDATE `trainin...', Array, false)
#4 C:\xampp\htdocs\Lab28_SkripsiPrediksiHarga\ci4_SkripsiPrediksiHarga\system\Model.php(298): CodeIgniter\Database\BaseBuilder->update()
#5 C:\xampp\htdocs\Lab28_SkripsiPrediksiHarga\ci4_SkripsiPrediksiHarga\system\BaseModel.php(865): CodeIgniter\Model->doUpdate(Array, Array)
#6 C:\xampp\htdocs\Lab28_SkripsiPrediksiHarga\ci4_SkripsiPrediksiHarga\system\Model.php(651): CodeIgniter\BaseModel->update(Array, Array)
#7 C:\xampp\htdocs\Lab28_SkripsiPrediksiHarga\ci4_SkripsiPrediksiHarga\system\BaseModel.php(656): CodeIgniter\Model->update('65', Array)
#8 C:\xampp\htdocs\Lab28_SkripsiPrediksiHarga\ci4_SkripsiPrediksiHarga\app\Controllers\Splitdataset.php(67): CodeIgniter\BaseModel->save(Array)
#9 C:\xampp\htdocs\Lab28_SkripsiPrediksiHarga\ci4_SkripsiPrediksiHarga\app\Controllers\Splitdataset.php(40): App\Controllers\Splitdataset->split('50')
#10 C:\xampp\htdocs\Lab28_SkripsiPrediksiHarga\ci4_SkripsiPrediksiHarga\system\CodeIgniter.php(832): App\Controllers\Splitdataset->splitPersen()
#11 C:\xampp\htdocs\Lab28_SkripsiPrediksiHarga\ci4_SkripsiPrediksiHarga\system\CodeIgniter.php(419): CodeIgniter\CodeIgniter->runController(Object(App\Controllers\Splitdataset))
#12 C:\xampp\htdocs\Lab28_SkripsiPrediksiHarga\ci4_SkripsiPrediksiHarga\system\CodeIgniter.php(326): CodeIgniter\CodeIgniter->handleRequest(NULL, Object(Config\Cache), false)
#13 C:\xampp\htdocs\Lab28_SkripsiPrediksiHarga\ci4_SkripsiPrediksiHarga\public\index.php(37): CodeIgniter\CodeIgniter->run()
#14 C:\xampp\htdocs\Lab28_SkripsiPrediksiHarga\ci4_SkripsiPrediksiHarga\system\Commands\Server\rewrite.php(43): require_once('C:\\xampp\\htdocs...')
#15 {main}
ERROR - 2024-04-23 09:26:11 --> Unknown column 'grade-mold' in 'field list'
CRITICAL - 2024-04-23 09:26:11 --> Unknown column 'grade-mold' in 'field list'
#0 C:\xampp\htdocs\Lab28_SkripsiPrediksiHarga\ci4_SkripsiPrediksiHarga\system\Database\MySQLi\Connection.php(292): mysqli->query('UPDATE `trainin...', 0)
#1 C:\xampp\htdocs\Lab28_SkripsiPrediksiHarga\ci4_SkripsiPrediksiHarga\system\Database\BaseConnection.php(670): CodeIgniter\Database\MySQLi\Connection->execute('UPDATE `trainin...')
#2 C:\xampp\htdocs\Lab28_SkripsiPrediksiHarga\ci4_SkripsiPrediksiHarga\system\Database\BaseConnection.php(598): CodeIgniter\Database\BaseConnection->simpleQuery('UPDATE `trainin...')
#3 C:\xampp\htdocs\Lab28_SkripsiPrediksiHarga\ci4_SkripsiPrediksiHarga\system\Database\BaseBuilder.php(1913): CodeIgniter\Database\BaseConnection->query('UPDATE `trainin...', Array, false)
#4 C:\xampp\htdocs\Lab28_SkripsiPrediksiHarga\ci4_SkripsiPrediksiHarga\system\Model.php(298): CodeIgniter\Database\BaseBuilder->update()
#5 C:\xampp\htdocs\Lab28_SkripsiPrediksiHarga\ci4_SkripsiPrediksiHarga\system\BaseModel.php(865): CodeIgniter\Model->doUpdate(Array, Array)
#6 C:\xampp\htdocs\Lab28_SkripsiPrediksiHarga\ci4_SkripsiPrediksiHarga\system\Model.php(651): CodeIgniter\BaseModel->update(Array, Array)
#7 C:\xampp\htdocs\Lab28_SkripsiPrediksiHarga\ci4_SkripsiPrediksiHarga\system\BaseModel.php(656): CodeIgniter\Model->update('61', Array)
#8 C:\xampp\htdocs\Lab28_SkripsiPrediksiHarga\ci4_SkripsiPrediksiHarga\app\Controllers\Splitdataset.php(67): CodeIgniter\BaseModel->save(Array)
#9 C:\xampp\htdocs\Lab28_SkripsiPrediksiHarga\ci4_SkripsiPrediksiHarga\app\Controllers\Splitdataset.php(40): App\Controllers\Splitdataset->split('90')
#10 C:\xampp\htdocs\Lab28_SkripsiPrediksiHarga\ci4_SkripsiPrediksiHarga\system\CodeIgniter.php(832): App\Controllers\Splitdataset->splitPersen()
#11 C:\xampp\htdocs\Lab28_SkripsiPrediksiHarga\ci4_SkripsiPrediksiHarga\system\CodeIgniter.php(419): CodeIgniter\CodeIgniter->runController(Object(App\Controllers\Splitdataset))
#12 C:\xampp\htdocs\Lab28_SkripsiPrediksiHarga\ci4_SkripsiPrediksiHarga\system\CodeIgniter.php(326): CodeIgniter\CodeIgniter->handleRequest(NULL, Object(Config\Cache), false)
#13 C:\xampp\htdocs\Lab28_SkripsiPrediksiHarga\ci4_SkripsiPrediksiHarga\public\index.php(37): CodeIgniter\CodeIgniter->run()
#14 C:\xampp\htdocs\Lab28_SkripsiPrediksiHarga\ci4_SkripsiPrediksiHarga\system\Commands\Server\rewrite.php(43): require_once('C:\\xampp\\htdocs...')
#15 {main}
ERROR - 2024-04-23 09:29:00 --> Unknown column 'grade-mold' in 'field list'
CRITICAL - 2024-04-23 09:29:00 --> Unknown column 'grade-mold' in 'field list'
#0 C:\xampp\htdocs\Lab28_SkripsiPrediksiHarga\ci4_SkripsiPrediksiHarga\system\Database\MySQLi\Connection.php(292): mysqli->query('UPDATE `trainin...', 0)
#1 C:\xampp\htdocs\Lab28_SkripsiPrediksiHarga\ci4_SkripsiPrediksiHarga\system\Database\BaseConnection.php(670): CodeIgniter\Database\MySQLi\Connection->execute('UPDATE `trainin...')
#2 C:\xampp\htdocs\Lab28_SkripsiPrediksiHarga\ci4_SkripsiPrediksiHarga\system\Database\BaseConnection.php(598): CodeIgniter\Database\BaseConnection->simpleQuery('UPDATE `trainin...')
#3 C:\xampp\htdocs\Lab28_SkripsiPrediksiHarga\ci4_SkripsiPrediksiHarga\system\Database\BaseBuilder.php(1913): CodeIgniter\Database\BaseConnection->query('UPDATE `trainin...', Array, false)
#4 C:\xampp\htdocs\Lab28_SkripsiPrediksiHarga\ci4_SkripsiPrediksiHarga\system\Model.php(298): CodeIgniter\Database\BaseBuilder->update()
#5 C:\xampp\htdocs\Lab28_SkripsiPrediksiHarga\ci4_SkripsiPrediksiHarga\system\BaseModel.php(865): CodeIgniter\Model->doUpdate(Array, Array)
#6 C:\xampp\htdocs\Lab28_SkripsiPrediksiHarga\ci4_SkripsiPrediksiHarga\system\Model.php(651): CodeIgniter\BaseModel->update(Array, Array)
#7 C:\xampp\htdocs\Lab28_SkripsiPrediksiHarga\ci4_SkripsiPrediksiHarga\system\BaseModel.php(656): CodeIgniter\Model->update('41', Array)
#8 C:\xampp\htdocs\Lab28_SkripsiPrediksiHarga\ci4_SkripsiPrediksiHarga\app\Controllers\Splitdataset.php(67): CodeIgniter\BaseModel->save(Array)
#9 C:\xampp\htdocs\Lab28_SkripsiPrediksiHarga\ci4_SkripsiPrediksiHarga\app\Controllers\Splitdataset.php(40): App\Controllers\Splitdataset->split('90')
#10 C:\xampp\htdocs\Lab28_SkripsiPrediksiHarga\ci4_SkripsiPrediksiHarga\system\CodeIgniter.php(832): App\Controllers\Splitdataset->splitPersen()
#11 C:\xampp\htdocs\Lab28_SkripsiPrediksiHarga\ci4_SkripsiPrediksiHarga\system\CodeIgniter.php(419): CodeIgniter\CodeIgniter->runController(Object(App\Controllers\Splitdataset))
#12 C:\xampp\htdocs\Lab28_SkripsiPrediksiHarga\ci4_SkripsiPrediksiHarga\system\CodeIgniter.php(326): CodeIgniter\CodeIgniter->handleRequest(NULL, Object(Config\Cache), false)
#13 C:\xampp\htdocs\Lab28_SkripsiPrediksiHarga\ci4_SkripsiPrediksiHarga\public\index.php(37): CodeIgniter\CodeIgniter->run()
#14 C:\xampp\htdocs\Lab28_SkripsiPrediksiHarga\ci4_SkripsiPrediksiHarga\system\Commands\Server\rewrite.php(43): require_once('C:\\xampp\\htdocs...')
#15 {main}
ERROR - 2024-04-23 09:29:39 --> Unknown column 'grade-mold' in 'field list'
CRITICAL - 2024-04-23 09:29:39 --> Unknown column 'grade-mold' in 'field list'
#0 C:\xampp\htdocs\Lab28_SkripsiPrediksiHarga\ci4_SkripsiPrediksiHarga\system\Database\MySQLi\Connection.php(292): mysqli->query('UPDATE `trainin...', 0)
#1 C:\xampp\htdocs\Lab28_SkripsiPrediksiHarga\ci4_SkripsiPrediksiHarga\system\Database\BaseConnection.php(670): CodeIgniter\Database\MySQLi\Connection->execute('UPDATE `trainin...')
#2 C:\xampp\htdocs\Lab28_SkripsiPrediksiHarga\ci4_SkripsiPrediksiHarga\system\Database\BaseConnection.php(598): CodeIgniter\Database\BaseConnection->simpleQuery('UPDATE `trainin...')
#3 C:\xampp\htdocs\Lab28_SkripsiPrediksiHarga\ci4_SkripsiPrediksiHarga\system\Database\BaseBuilder.php(1913): CodeIgniter\Database\BaseConnection->query('UPDATE `trainin...', Array, false)
#4 C:\xampp\htdocs\Lab28_SkripsiPrediksiHarga\ci4_SkripsiPrediksiHarga\system\Model.php(298): CodeIgniter\Database\BaseBuilder->update()
#5 C:\xampp\htdocs\Lab28_SkripsiPrediksiHarga\ci4_SkripsiPrediksiHarga\system\BaseModel.php(865): CodeIgniter\Model->doUpdate(Array, Array)
#6 C:\xampp\htdocs\Lab28_SkripsiPrediksiHarga\ci4_SkripsiPrediksiHarga\system\Model.php(651): CodeIgniter\BaseModel->update(Array, Array)
#7 C:\xampp\htdocs\Lab28_SkripsiPrediksiHarga\ci4_SkripsiPrediksiHarga\system\BaseModel.php(656): CodeIgniter\Model->update('106', Array)
#8 C:\xampp\htdocs\Lab28_SkripsiPrediksiHarga\ci4_SkripsiPrediksiHarga\app\Controllers\Splitdataset.php(67): CodeIgniter\BaseModel->save(Array)
#9 C:\xampp\htdocs\Lab28_SkripsiPrediksiHarga\ci4_SkripsiPrediksiHarga\app\Controllers\Splitdataset.php(40): App\Controllers\Splitdataset->split('90')
#10 C:\xampp\htdocs\Lab28_SkripsiPrediksiHarga\ci4_SkripsiPrediksiHarga\system\CodeIgniter.php(832): App\Controllers\Splitdataset->splitPersen()
#11 C:\xampp\htdocs\Lab28_SkripsiPrediksiHarga\ci4_SkripsiPrediksiHarga\system\CodeIgniter.php(419): CodeIgniter\CodeIgniter->runController(Object(App\Controllers\Splitdataset))
#12 C:\xampp\htdocs\Lab28_SkripsiPrediksiHarga\ci4_SkripsiPrediksiHarga\system\CodeIgniter.php(326): CodeIgniter\CodeIgniter->handleRequest(NULL, Object(Config\Cache), false)
#13 C:\xampp\htdocs\Lab28_SkripsiPrediksiHarga\ci4_SkripsiPrediksiHarga\public\index.php(37): CodeIgniter\CodeIgniter->run()
#14 C:\xampp\htdocs\Lab28_SkripsiPrediksiHarga\ci4_SkripsiPrediksiHarga\system\Commands\Server\rewrite.php(43): require_once('C:\\xampp\\htdocs...')
#15 {main}
ERROR - 2024-04-23 09:29:40 --> Unknown column 'grade-mold' in 'field list'
CRITICAL - 2024-04-23 09:29:40 --> Unknown column 'grade-mold' in 'field list'
#0 C:\xampp\htdocs\Lab28_SkripsiPrediksiHarga\ci4_SkripsiPrediksiHarga\system\Database\MySQLi\Connection.php(292): mysqli->query('UPDATE `trainin...', 0)
#1 C:\xampp\htdocs\Lab28_SkripsiPrediksiHarga\ci4_SkripsiPrediksiHarga\system\Database\BaseConnection.php(670): CodeIgniter\Database\MySQLi\Connection->execute('UPDATE `trainin...')
#2 C:\xampp\htdocs\Lab28_SkripsiPrediksiHarga\ci4_SkripsiPrediksiHarga\system\Database\BaseConnection.php(598): CodeIgniter\Database\BaseConnection->simpleQuery('UPDATE `trainin...')
#3 C:\xampp\htdocs\Lab28_SkripsiPrediksiHarga\ci4_SkripsiPrediksiHarga\system\Database\BaseBuilder.php(1913): CodeIgniter\Database\BaseConnection->query('UPDATE `trainin...', Array, false)
#4 C:\xampp\htdocs\Lab28_SkripsiPrediksiHarga\ci4_SkripsiPrediksiHarga\system\Model.php(298): CodeIgniter\Database\BaseBuilder->update()
#5 C:\xampp\htdocs\Lab28_SkripsiPrediksiHarga\ci4_SkripsiPrediksiHarga\system\BaseModel.php(865): CodeIgniter\Model->doUpdate(Array, Array)
#6 C:\xampp\htdocs\Lab28_SkripsiPrediksiHarga\ci4_SkripsiPrediksiHarga\system\Model.php(651): CodeIgniter\BaseModel->update(Array, Array)
#7 C:\xampp\htdocs\Lab28_SkripsiPrediksiHarga\ci4_SkripsiPrediksiHarga\system\BaseModel.php(656): CodeIgniter\Model->update('74', Array)
#8 C:\xampp\htdocs\Lab28_SkripsiPrediksiHarga\ci4_SkripsiPrediksiHarga\app\Controllers\Splitdataset.php(67): CodeIgniter\BaseModel->save(Array)
#9 C:\xampp\htdocs\Lab28_SkripsiPrediksiHarga\ci4_SkripsiPrediksiHarga\app\Controllers\Splitdataset.php(40): App\Controllers\Splitdataset->split('90')
#10 C:\xampp\htdocs\Lab28_SkripsiPrediksiHarga\ci4_SkripsiPrediksiHarga\system\CodeIgniter.php(832): App\Controllers\Splitdataset->splitPersen()
#11 C:\xampp\htdocs\Lab28_SkripsiPrediksiHarga\ci4_SkripsiPrediksiHarga\system\CodeIgniter.php(419): CodeIgniter\CodeIgniter->runController(Object(App\Controllers\Splitdataset))
#12 C:\xampp\htdocs\Lab28_SkripsiPrediksiHarga\ci4_SkripsiPrediksiHarga\system\CodeIgniter.php(326): CodeIgniter\CodeIgniter->handleRequest(NULL, Object(Config\Cache), false)
#13 C:\xampp\htdocs\Lab28_SkripsiPrediksiHarga\ci4_SkripsiPrediksiHarga\public\index.php(37): CodeIgniter\CodeIgniter->run()
#14 C:\xampp\htdocs\Lab28_SkripsiPrediksiHarga\ci4_SkripsiPrediksiHarga\system\Commands\Server\rewrite.php(43): require_once('C:\\xampp\\htdocs...')
#15 {main}
ERROR - 2024-04-23 09:29:40 --> Unknown column 'grade-mold' in 'field list'
CRITICAL - 2024-04-23 09:29:40 --> Unknown column 'grade-mold' in 'field list'
#0 C:\xampp\htdocs\Lab28_SkripsiPrediksiHarga\ci4_SkripsiPrediksiHarga\system\Database\MySQLi\Connection.php(292): mysqli->query('UPDATE `trainin...', 0)
#1 C:\xampp\htdocs\Lab28_SkripsiPrediksiHarga\ci4_SkripsiPrediksiHarga\system\Database\BaseConnection.php(670): CodeIgniter\Database\MySQLi\Connection->execute('UPDATE `trainin...')
#2 C:\xampp\htdocs\Lab28_SkripsiPrediksiHarga\ci4_SkripsiPrediksiHarga\system\Database\BaseConnection.php(598): CodeIgniter\Database\BaseConnection->simpleQuery('UPDATE `trainin...')
#3 C:\xampp\htdocs\Lab28_SkripsiPrediksiHarga\ci4_SkripsiPrediksiHarga\system\Database\BaseBuilder.php(1913): CodeIgniter\Database\BaseConnection->query('UPDATE `trainin...', Array, false)
#4 C:\xampp\htdocs\Lab28_SkripsiPrediksiHarga\ci4_SkripsiPrediksiHarga\system\Model.php(298): CodeIgniter\Database\BaseBuilder->update()
#5 C:\xampp\htdocs\Lab28_SkripsiPrediksiHarga\ci4_SkripsiPrediksiHarga\system\BaseModel.php(865): CodeIgniter\Model->doUpdate(Array, Array)
#6 C:\xampp\htdocs\Lab28_SkripsiPrediksiHarga\ci4_SkripsiPrediksiHarga\system\Model.php(651): CodeIgniter\BaseModel->update(Array, Array)
#7 C:\xampp\htdocs\Lab28_SkripsiPrediksiHarga\ci4_SkripsiPrediksiHarga\system\BaseModel.php(656): CodeIgniter\Model->update('21', Array)
#8 C:\xampp\htdocs\Lab28_SkripsiPrediksiHarga\ci4_SkripsiPrediksiHarga\app\Controllers\Splitdataset.php(67): CodeIgniter\BaseModel->save(Array)
#9 C:\xampp\htdocs\Lab28_SkripsiPrediksiHarga\ci4_SkripsiPrediksiHarga\app\Controllers\Splitdataset.php(40): App\Controllers\Splitdataset->split('90')
#10 C:\xampp\htdocs\Lab28_SkripsiPrediksiHarga\ci4_SkripsiPrediksiHarga\system\CodeIgniter.php(832): App\Controllers\Splitdataset->splitPersen()
#11 C:\xampp\htdocs\Lab28_SkripsiPrediksiHarga\ci4_SkripsiPrediksiHarga\system\CodeIgniter.php(419): CodeIgniter\CodeIgniter->runController(Object(App\Controllers\Splitdataset))
#12 C:\xampp\htdocs\Lab28_SkripsiPrediksiHarga\ci4_SkripsiPrediksiHarga\system\CodeIgniter.php(326): CodeIgniter\CodeIgniter->handleRequest(NULL, Object(Config\Cache), false)
#13 C:\xampp\htdocs\Lab28_SkripsiPrediksiHarga\ci4_SkripsiPrediksiHarga\public\index.php(37): CodeIgniter\CodeIgniter->run()
#14 C:\xampp\htdocs\Lab28_SkripsiPrediksiHarga\ci4_SkripsiPrediksiHarga\system\Commands\Server\rewrite.php(43): require_once('C:\\xampp\\htdocs...')
#15 {main}
ERROR - 2024-04-23 09:50:11 --> Unknown column 'grade-mold' in 'field list'
CRITICAL - 2024-04-23 09:50:11 --> Unknown column 'grade-mold' in 'field list'
#0 C:\xampp\htdocs\Lab28_SkripsiPrediksiHarga\ci4_SkripsiPrediksiHarga\system\Database\MySQLi\Connection.php(292): mysqli->query('INSERT INTO `tr...', 0)
#1 C:\xampp\htdocs\Lab28_SkripsiPrediksiHarga\ci4_SkripsiPrediksiHarga\system\Database\BaseConnection.php(670): CodeIgniter\Database\MySQLi\Connection->execute('INSERT INTO `tr...')
#2 C:\xampp\htdocs\Lab28_SkripsiPrediksiHarga\ci4_SkripsiPrediksiHarga\system\Database\BaseConnection.php(598): CodeIgniter\Database\BaseConnection->simpleQuery('INSERT INTO `tr...')
#3 C:\xampp\htdocs\Lab28_SkripsiPrediksiHarga\ci4_SkripsiPrediksiHarga\system\Database\BaseBuilder.php(1771): CodeIgniter\Database\BaseConnection->query('INSERT INTO `tr...', Array, false)
#4 C:\xampp\htdocs\Lab28_SkripsiPrediksiHarga\ci4_SkripsiPrediksiHarga\system\Model.php(239): CodeIgniter\Database\BaseBuilder->insert()
#5 C:\xampp\htdocs\Lab28_SkripsiPrediksiHarga\ci4_SkripsiPrediksiHarga\system\BaseModel.php(738): CodeIgniter\Model->doInsert(Array)
#6 C:\xampp\htdocs\Lab28_SkripsiPrediksiHarga\ci4_SkripsiPrediksiHarga\system\Model.php(625): CodeIgniter\BaseModel->insert(Array, true)
#7 C:\xampp\htdocs\Lab28_SkripsiPrediksiHarga\ci4_SkripsiPrediksiHarga\app\Controllers\Splitdataset.php(69): CodeIgniter\Model->insert(Array)
#8 C:\xampp\htdocs\Lab28_SkripsiPrediksiHarga\ci4_SkripsiPrediksiHarga\app\Controllers\Splitdataset.php(40): App\Controllers\Splitdataset->split('90')
#9 C:\xampp\htdocs\Lab28_SkripsiPrediksiHarga\ci4_SkripsiPrediksiHarga\system\CodeIgniter.php(832): App\Controllers\Splitdataset->splitPersen()
#10 C:\xampp\htdocs\Lab28_SkripsiPrediksiHarga\ci4_SkripsiPrediksiHarga\system\CodeIgniter.php(419): CodeIgniter\CodeIgniter->runController(Object(App\Controllers\Splitdataset))
#11 C:\xampp\htdocs\Lab28_SkripsiPrediksiHarga\ci4_SkripsiPrediksiHarga\system\CodeIgniter.php(326): CodeIgniter\CodeIgniter->handleRequest(NULL, Object(Config\Cache), false)
#12 C:\xampp\htdocs\Lab28_SkripsiPrediksiHarga\ci4_SkripsiPrediksiHarga\public\index.php(37): CodeIgniter\CodeIgniter->run()
#13 C:\xampp\htdocs\Lab28_SkripsiPrediksiHarga\ci4_SkripsiPrediksiHarga\system\Commands\Server\rewrite.php(43): require_once('C:\\xampp\\htdocs...')
#14 {main}
ERROR - 2024-04-23 09:50:15 --> Unknown column 'grade-mold' in 'field list'
CRITICAL - 2024-04-23 09:50:15 --> Unknown column 'grade-mold' in 'field list'
#0 C:\xampp\htdocs\Lab28_SkripsiPrediksiHarga\ci4_SkripsiPrediksiHarga\system\Database\MySQLi\Connection.php(292): mysqli->query('INSERT INTO `tr...', 0)
#1 C:\xampp\htdocs\Lab28_SkripsiPrediksiHarga\ci4_SkripsiPrediksiHarga\system\Database\BaseConnection.php(670): CodeIgniter\Database\MySQLi\Connection->execute('INSERT INTO `tr...')
#2 C:\xampp\htdocs\Lab28_SkripsiPrediksiHarga\ci4_SkripsiPrediksiHarga\system\Database\BaseConnection.php(598): CodeIgniter\Database\BaseConnection->simpleQuery('INSERT INTO `tr...')
#3 C:\xampp\htdocs\Lab28_SkripsiPrediksiHarga\ci4_SkripsiPrediksiHarga\system\Database\BaseBuilder.php(1771): CodeIgniter\Database\BaseConnection->query('INSERT INTO `tr...', Array, false)
#4 C:\xampp\htdocs\Lab28_SkripsiPrediksiHarga\ci4_SkripsiPrediksiHarga\system\Model.php(239): CodeIgniter\Database\BaseBuilder->insert()
#5 C:\xampp\htdocs\Lab28_SkripsiPrediksiHarga\ci4_SkripsiPrediksiHarga\system\BaseModel.php(738): CodeIgniter\Model->doInsert(Array)
#6 C:\xampp\htdocs\Lab28_SkripsiPrediksiHarga\ci4_SkripsiPrediksiHarga\system\Model.php(625): CodeIgniter\BaseModel->insert(Array, true)
#7 C:\xampp\htdocs\Lab28_SkripsiPrediksiHarga\ci4_SkripsiPrediksiHarga\app\Controllers\Splitdataset.php(69): CodeIgniter\Model->insert(Array)
#8 C:\xampp\htdocs\Lab28_SkripsiPrediksiHarga\ci4_SkripsiPrediksiHarga\app\Controllers\Splitdataset.php(40): App\Controllers\Splitdataset->split('90')
#9 C:\xampp\htdocs\Lab28_SkripsiPrediksiHarga\ci4_SkripsiPrediksiHarga\system\CodeIgniter.php(832): App\Controllers\Splitdataset->splitPersen()
#10 C:\xampp\htdocs\Lab28_SkripsiPrediksiHarga\ci4_SkripsiPrediksiHarga\system\CodeIgniter.php(419): CodeIgniter\CodeIgniter->runController(Object(App\Controllers\Splitdataset))
#11 C:\xampp\htdocs\Lab28_SkripsiPrediksiHarga\ci4_SkripsiPrediksiHarga\system\CodeIgniter.php(326): CodeIgniter\CodeIgniter->handleRequest(NULL, Object(Config\Cache), false)
#12 C:\xampp\htdocs\Lab28_SkripsiPrediksiHarga\ci4_SkripsiPrediksiHarga\public\index.php(37): CodeIgniter\CodeIgniter->run()
#13 C:\xampp\htdocs\Lab28_SkripsiPrediksiHarga\ci4_SkripsiPrediksiHarga\system\Commands\Server\rewrite.php(43): require_once('C:\\xampp\\htdocs...')
#14 {main}
ERROR - 2024-04-23 09:50:25 --> Unknown column 'grade-mold' in 'field list'
CRITICAL - 2024-04-23 09:50:25 --> Unknown column 'grade-mold' in 'field list'
#0 C:\xampp\htdocs\Lab28_SkripsiPrediksiHarga\ci4_SkripsiPrediksiHarga\system\Database\MySQLi\Connection.php(292): mysqli->query('INSERT INTO `tr...', 0)
#1 C:\xampp\htdocs\Lab28_SkripsiPrediksiHarga\ci4_SkripsiPrediksiHarga\system\Database\BaseConnection.php(670): CodeIgniter\Database\MySQLi\Connection->execute('INSERT INTO `tr...')
#2 C:\xampp\htdocs\Lab28_SkripsiPrediksiHarga\ci4_SkripsiPrediksiHarga\system\Database\BaseConnection.php(598): CodeIgniter\Database\BaseConnection->simpleQuery('INSERT INTO `tr...')
#3 C:\xampp\htdocs\Lab28_SkripsiPrediksiHarga\ci4_SkripsiPrediksiHarga\system\Database\BaseBuilder.php(1771): CodeIgniter\Database\BaseConnection->query('INSERT INTO `tr...', Array, false)
#4 C:\xampp\htdocs\Lab28_SkripsiPrediksiHarga\ci4_SkripsiPrediksiHarga\system\Model.php(239): CodeIgniter\Database\BaseBuilder->insert()
#5 C:\xampp\htdocs\Lab28_SkripsiPrediksiHarga\ci4_SkripsiPrediksiHarga\system\BaseModel.php(738): CodeIgniter\Model->doInsert(Array)
#6 C:\xampp\htdocs\Lab28_SkripsiPrediksiHarga\ci4_SkripsiPrediksiHarga\system\Model.php(625): CodeIgniter\BaseModel->insert(Array, true)
#7 C:\xampp\htdocs\Lab28_SkripsiPrediksiHarga\ci4_SkripsiPrediksiHarga\app\Controllers\Splitdataset.php(69): CodeIgniter\Model->insert(Array)
#8 C:\xampp\htdocs\Lab28_SkripsiPrediksiHarga\ci4_SkripsiPrediksiHarga\app\Controllers\Splitdataset.php(40): App\Controllers\Splitdataset->split('80')
#9 C:\xampp\htdocs\Lab28_SkripsiPrediksiHarga\ci4_SkripsiPrediksiHarga\system\CodeIgniter.php(832): App\Controllers\Splitdataset->splitPersen()
#10 C:\xampp\htdocs\Lab28_SkripsiPrediksiHarga\ci4_SkripsiPrediksiHarga\system\CodeIgniter.php(419): CodeIgniter\CodeIgniter->runController(Object(App\Controllers\Splitdataset))
#11 C:\xampp\htdocs\Lab28_SkripsiPrediksiHarga\ci4_SkripsiPrediksiHarga\system\CodeIgniter.php(326): CodeIgniter\CodeIgniter->handleRequest(NULL, Object(Config\Cache), false)
#12 C:\xampp\htdocs\Lab28_SkripsiPrediksiHarga\ci4_SkripsiPrediksiHarga\public\index.php(37): CodeIgniter\CodeIgniter->run()
#13 C:\xampp\htdocs\Lab28_SkripsiPrediksiHarga\ci4_SkripsiPrediksiHarga\system\Commands\Server\rewrite.php(43): require_once('C:\\xampp\\htdocs...')
#14 {main}
ERROR - 2024-04-23 09:50:36 --> Unknown column 'grade-mold' in 'field list'
CRITICAL - 2024-04-23 09:50:36 --> Unknown column 'grade-mold' in 'field list'
#0 C:\xampp\htdocs\Lab28_SkripsiPrediksiHarga\ci4_SkripsiPrediksiHarga\system\Database\MySQLi\Connection.php(292): mysqli->query('INSERT INTO `tr...', 0)
#1 C:\xampp\htdocs\Lab28_SkripsiPrediksiHarga\ci4_SkripsiPrediksiHarga\system\Database\BaseConnection.php(670): CodeIgniter\Database\MySQLi\Connection->execute('INSERT INTO `tr...')
#2 C:\xampp\htdocs\Lab28_SkripsiPrediksiHarga\ci4_SkripsiPrediksiHarga\system\Database\BaseConnection.php(598): CodeIgniter\Database\BaseConnection->simpleQuery('INSERT INTO `tr...')
#3 C:\xampp\htdocs\Lab28_SkripsiPrediksiHarga\ci4_SkripsiPrediksiHarga\system\Database\BaseBuilder.php(1771): CodeIgniter\Database\BaseConnection->query('INSERT INTO `tr...', Array, false)
#4 C:\xampp\htdocs\Lab28_SkripsiPrediksiHarga\ci4_SkripsiPrediksiHarga\system\Model.php(239): CodeIgniter\Database\BaseBuilder->insert()
#5 C:\xampp\htdocs\Lab28_SkripsiPrediksiHarga\ci4_SkripsiPrediksiHarga\system\BaseModel.php(738): CodeIgniter\Model->doInsert(Array)
#6 C:\xampp\htdocs\Lab28_SkripsiPrediksiHarga\ci4_SkripsiPrediksiHarga\system\Model.php(625): CodeIgniter\BaseModel->insert(Array, true)
#7 C:\xampp\htdocs\Lab28_SkripsiPrediksiHarga\ci4_SkripsiPrediksiHarga\app\Controllers\Splitdataset.php(69): CodeIgniter\Model->insert(Array)
#8 C:\xampp\htdocs\Lab28_SkripsiPrediksiHarga\ci4_SkripsiPrediksiHarga\app\Controllers\Splitdataset.php(40): App\Controllers\Splitdataset->split('80')
#9 C:\xampp\htdocs\Lab28_SkripsiPrediksiHarga\ci4_SkripsiPrediksiHarga\system\CodeIgniter.php(832): App\Controllers\Splitdataset->splitPersen()
#10 C:\xampp\htdocs\Lab28_SkripsiPrediksiHarga\ci4_SkripsiPrediksiHarga\system\CodeIgniter.php(419): CodeIgniter\CodeIgniter->runController(Object(App\Controllers\Splitdataset))
#11 C:\xampp\htdocs\Lab28_SkripsiPrediksiHarga\ci4_SkripsiPrediksiHarga\system\CodeIgniter.php(326): CodeIgniter\CodeIgniter->handleRequest(NULL, Object(Config\Cache), false)
#12 C:\xampp\htdocs\Lab28_SkripsiPrediksiHarga\ci4_SkripsiPrediksiHarga\public\index.php(37): CodeIgniter\CodeIgniter->run()
#13 C:\xampp\htdocs\Lab28_SkripsiPrediksiHarga\ci4_SkripsiPrediksiHarga\system\Commands\Server\rewrite.php(43): require_once('C:\\xampp\\htdocs...')
#14 {main}
ERROR - 2024-04-23 09:51:01 --> Unknown column 'grade-mold' in 'field list'
CRITICAL - 2024-04-23 09:51:01 --> Unknown column 'grade-mold' in 'field list'
#0 C:\xampp\htdocs\Lab28_SkripsiPrediksiHarga\ci4_SkripsiPrediksiHarga\system\Database\MySQLi\Connection.php(292): mysqli->query('INSERT INTO `tr...', 0)
#1 C:\xampp\htdocs\Lab28_SkripsiPrediksiHarga\ci4_SkripsiPrediksiHarga\system\Database\BaseConnection.php(670): CodeIgniter\Database\MySQLi\Connection->execute('INSERT INTO `tr...')
#2 C:\xampp\htdocs\Lab28_SkripsiPrediksiHarga\ci4_SkripsiPrediksiHarga\system\Database\BaseConnection.php(598): CodeIgniter\Database\BaseConnection->simpleQuery('INSERT INTO `tr...')
#3 C:\xampp\htdocs\Lab28_SkripsiPrediksiHarga\ci4_SkripsiPrediksiHarga\system\Database\BaseBuilder.php(1771): CodeIgniter\Database\BaseConnection->query('INSERT INTO `tr...', Array, false)
#4 C:\xampp\htdocs\Lab28_SkripsiPrediksiHarga\ci4_SkripsiPrediksiHarga\system\Model.php(239): CodeIgniter\Database\BaseBuilder->insert()
#5 C:\xampp\htdocs\Lab28_SkripsiPrediksiHarga\ci4_SkripsiPrediksiHarga\system\BaseModel.php(738): CodeIgniter\Model->doInsert(Array)
#6 C:\xampp\htdocs\Lab28_SkripsiPrediksiHarga\ci4_SkripsiPrediksiHarga\system\Model.php(625): CodeIgniter\BaseModel->insert(Array, true)
#7 C:\xampp\htdocs\Lab28_SkripsiPrediksiHarga\ci4_SkripsiPrediksiHarga\app\Controllers\Splitdataset.php(69): CodeIgniter\Model->insert(Array)
#8 C:\xampp\htdocs\Lab28_SkripsiPrediksiHarga\ci4_SkripsiPrediksiHarga\app\Controllers\Splitdataset.php(40): App\Controllers\Splitdataset->split('90')
#9 C:\xampp\htdocs\Lab28_SkripsiPrediksiHarga\ci4_SkripsiPrediksiHarga\system\CodeIgniter.php(832): App\Controllers\Splitdataset->splitPersen()
#10 C:\xampp\htdocs\Lab28_SkripsiPrediksiHarga\ci4_SkripsiPrediksiHarga\system\CodeIgniter.php(419): CodeIgniter\CodeIgniter->runController(Object(App\Controllers\Splitdataset))
#11 C:\xampp\htdocs\Lab28_SkripsiPrediksiHarga\ci4_SkripsiPrediksiHarga\system\CodeIgniter.php(326): CodeIgniter\CodeIgniter->handleRequest(NULL, Object(Config\Cache), false)
#12 C:\xampp\htdocs\Lab28_SkripsiPrediksiHarga\ci4_SkripsiPrediksiHarga\public\index.php(37): CodeIgniter\CodeIgniter->run()
#13 C:\xampp\htdocs\Lab28_SkripsiPrediksiHarga\ci4_SkripsiPrediksiHarga\system\Commands\Server\rewrite.php(43): require_once('C:\\xampp\\htdocs...')
#14 {main}
ERROR - 2024-04-23 09:51:41 --> Unknown column 'grade-mold' in 'field list'
CRITICAL - 2024-04-23 09:51:41 --> Unknown column 'grade-mold' in 'field list'
#0 C:\xampp\htdocs\Lab28_SkripsiPrediksiHarga\ci4_SkripsiPrediksiHarga\system\Database\MySQLi\Connection.php(292): mysqli->query('INSERT INTO `tr...', 0)
#1 C:\xampp\htdocs\Lab28_SkripsiPrediksiHarga\ci4_SkripsiPrediksiHarga\system\Database\BaseConnection.php(670): CodeIgniter\Database\MySQLi\Connection->execute('INSERT INTO `tr...')
#2 C:\xampp\htdocs\Lab28_SkripsiPrediksiHarga\ci4_SkripsiPrediksiHarga\system\Database\BaseConnection.php(598): CodeIgniter\Database\BaseConnection->simpleQuery('INSERT INTO `tr...')
#3 C:\xampp\htdocs\Lab28_SkripsiPrediksiHarga\ci4_SkripsiPrediksiHarga\system\Database\BaseBuilder.php(1771): CodeIgniter\Database\BaseConnection->query('INSERT INTO `tr...', Array, false)
#4 C:\xampp\htdocs\Lab28_SkripsiPrediksiHarga\ci4_SkripsiPrediksiHarga\system\Model.php(239): CodeIgniter\Database\BaseBuilder->insert()
#5 C:\xampp\htdocs\Lab28_SkripsiPrediksiHarga\ci4_SkripsiPrediksiHarga\system\BaseModel.php(738): CodeIgniter\Model->doInsert(Array)
#6 C:\xampp\htdocs\Lab28_SkripsiPrediksiHarga\ci4_SkripsiPrediksiHarga\system\Model.php(625): CodeIgniter\BaseModel->insert(Array, true)
#7 C:\xampp\htdocs\Lab28_SkripsiPrediksiHarga\ci4_SkripsiPrediksiHarga\app\Controllers\Splitdataset.php(69): CodeIgniter\Model->insert(Array)
#8 C:\xampp\htdocs\Lab28_SkripsiPrediksiHarga\ci4_SkripsiPrediksiHarga\app\Controllers\Splitdataset.php(40): App\Controllers\Splitdataset->split('90')
#9 C:\xampp\htdocs\Lab28_SkripsiPrediksiHarga\ci4_SkripsiPrediksiHarga\system\CodeIgniter.php(832): App\Controllers\Splitdataset->splitPersen()
#10 C:\xampp\htdocs\Lab28_SkripsiPrediksiHarga\ci4_SkripsiPrediksiHarga\system\CodeIgniter.php(419): CodeIgniter\CodeIgniter->runController(Object(App\Controllers\Splitdataset))
#11 C:\xampp\htdocs\Lab28_SkripsiPrediksiHarga\ci4_SkripsiPrediksiHarga\system\CodeIgniter.php(326): CodeIgniter\CodeIgniter->handleRequest(NULL, Object(Config\Cache), false)
#12 C:\xampp\htdocs\Lab28_SkripsiPrediksiHarga\ci4_SkripsiPrediksiHarga\public\index.php(37): CodeIgniter\CodeIgniter->run()
#13 C:\xampp\htdocs\Lab28_SkripsiPrediksiHarga\ci4_SkripsiPrediksiHarga\system\Commands\Server\rewrite.php(43): require_once('C:\\xampp\\htdocs...')
#14 {main}
ERROR - 2024-04-23 09:58:04 --> Unknown column 'grade-mold' in 'field list'
CRITICAL - 2024-04-23 09:58:04 --> Unknown column 'grade-mold' in 'field list'
#0 C:\xampp\htdocs\Lab28_SkripsiPrediksiHarga\ci4_SkripsiPrediksiHarga\system\Database\MySQLi\Connection.php(292): mysqli->query('INSERT INTO `tr...', 0)
#1 C:\xampp\htdocs\Lab28_SkripsiPrediksiHarga\ci4_SkripsiPrediksiHarga\system\Database\BaseConnection.php(670): CodeIgniter\Database\MySQLi\Connection->execute('INSERT INTO `tr...')
#2 C:\xampp\htdocs\Lab28_SkripsiPrediksiHarga\ci4_SkripsiPrediksiHarga\system\Database\BaseConnection.php(598): CodeIgniter\Database\BaseConnection->simpleQuery('INSERT INTO `tr...')
#3 C:\xampp\htdocs\Lab28_SkripsiPrediksiHarga\ci4_SkripsiPrediksiHarga\system\Database\BaseBuilder.php(1771): CodeIgniter\Database\BaseConnection->query('INSERT INTO `tr...', Array, false)
#4 C:\xampp\htdocs\Lab28_SkripsiPrediksiHarga\ci4_SkripsiPrediksiHarga\system\Model.php(239): CodeIgniter\Database\BaseBuilder->insert()
#5 C:\xampp\htdocs\Lab28_SkripsiPrediksiHarga\ci4_SkripsiPrediksiHarga\system\BaseModel.php(738): CodeIgniter\Model->doInsert(Array)
#6 C:\xampp\htdocs\Lab28_SkripsiPrediksiHarga\ci4_SkripsiPrediksiHarga\system\Model.php(625): CodeIgniter\BaseModel->insert(Array, true)
#7 C:\xampp\htdocs\Lab28_SkripsiPrediksiHarga\ci4_SkripsiPrediksiHarga\app\Controllers\Splitdataset.php(69): CodeIgniter\Model->insert(Array)
#8 C:\xampp\htdocs\Lab28_SkripsiPrediksiHarga\ci4_SkripsiPrediksiHarga\app\Controllers\Splitdataset.php(40): App\Controllers\Splitdataset->split('90')
#9 C:\xampp\htdocs\Lab28_SkripsiPrediksiHarga\ci4_SkripsiPrediksiHarga\system\CodeIgniter.php(832): App\Controllers\Splitdataset->splitPersen()
#10 C:\xampp\htdocs\Lab28_SkripsiPrediksiHarga\ci4_SkripsiPrediksiHarga\system\CodeIgniter.php(419): CodeIgniter\CodeIgniter->runController(Object(App\Controllers\Splitdataset))
#11 C:\xampp\htdocs\Lab28_SkripsiPrediksiHarga\ci4_SkripsiPrediksiHarga\system\CodeIgniter.php(326): CodeIgniter\CodeIgniter->handleRequest(NULL, Object(Config\Cache), false)
#12 C:\xampp\htdocs\Lab28_SkripsiPrediksiHarga\ci4_SkripsiPrediksiHarga\public\index.php(37): CodeIgniter\CodeIgniter->run()
#13 C:\xampp\htdocs\Lab28_SkripsiPrediksiHarga\ci4_SkripsiPrediksiHarga\system\Commands\Server\rewrite.php(43): require_once('C:\\xampp\\htdocs...')
#14 {main}
ERROR - 2024-04-23 09:58:07 --> Unknown column 'grade-mold' in 'field list'
CRITICAL - 2024-04-23 09:58:07 --> Unknown column 'grade-mold' in 'field list'
#0 C:\xampp\htdocs\Lab28_SkripsiPrediksiHarga\ci4_SkripsiPrediksiHarga\system\Database\MySQLi\Connection.php(292): mysqli->query('INSERT INTO `tr...', 0)
#1 C:\xampp\htdocs\Lab28_SkripsiPrediksiHarga\ci4_SkripsiPrediksiHarga\system\Database\BaseConnection.php(670): CodeIgniter\Database\MySQLi\Connection->execute('INSERT INTO `tr...')
#2 C:\xampp\htdocs\Lab28_SkripsiPrediksiHarga\ci4_SkripsiPrediksiHarga\system\Database\BaseConnection.php(598): CodeIgniter\Database\BaseConnection->simpleQuery('INSERT INTO `tr...')
#3 C:\xampp\htdocs\Lab28_SkripsiPrediksiHarga\ci4_SkripsiPrediksiHarga\system\Database\BaseBuilder.php(1771): CodeIgniter\Database\BaseConnection->query('INSERT INTO `tr...', Array, false)
#4 C:\xampp\htdocs\Lab28_SkripsiPrediksiHarga\ci4_SkripsiPrediksiHarga\system\Model.php(239): CodeIgniter\Database\BaseBuilder->insert()
#5 C:\xampp\htdocs\Lab28_SkripsiPrediksiHarga\ci4_SkripsiPrediksiHarga\system\BaseModel.php(738): CodeIgniter\Model->doInsert(Array)
#6 C:\xampp\htdocs\Lab28_SkripsiPrediksiHarga\ci4_SkripsiPrediksiHarga\system\Model.php(625): CodeIgniter\BaseModel->insert(Array, true)
#7 C:\xampp\htdocs\Lab28_SkripsiPrediksiHarga\ci4_SkripsiPrediksiHarga\app\Controllers\Splitdataset.php(69): CodeIgniter\Model->insert(Array)
#8 C:\xampp\htdocs\Lab28_SkripsiPrediksiHarga\ci4_SkripsiPrediksiHarga\app\Controllers\Splitdataset.php(40): App\Controllers\Splitdataset->split('90')
#9 C:\xampp\htdocs\Lab28_SkripsiPrediksiHarga\ci4_SkripsiPrediksiHarga\system\CodeIgniter.php(832): App\Controllers\Splitdataset->splitPersen()
#10 C:\xampp\htdocs\Lab28_SkripsiPrediksiHarga\ci4_SkripsiPrediksiHarga\system\CodeIgniter.php(419): CodeIgniter\CodeIgniter->runController(Object(App\Controllers\Splitdataset))
#11 C:\xampp\htdocs\Lab28_SkripsiPrediksiHarga\ci4_SkripsiPrediksiHarga\system\CodeIgniter.php(326): CodeIgniter\CodeIgniter->handleRequest(NULL, Object(Config\Cache), false)
#12 C:\xampp\htdocs\Lab28_SkripsiPrediksiHarga\ci4_SkripsiPrediksiHarga\public\index.php(37): CodeIgniter\CodeIgniter->run()
#13 C:\xampp\htdocs\Lab28_SkripsiPrediksiHarga\ci4_SkripsiPrediksiHarga\system\Commands\Server\rewrite.php(43): require_once('C:\\xampp\\htdocs...')
#14 {main}
ERROR - 2024-04-23 09:58:36 --> Unknown column 'grade-mold' in 'field list'
CRITICAL - 2024-04-23 09:58:36 --> Unknown column 'grade-mold' in 'field list'
#0 C:\xampp\htdocs\Lab28_SkripsiPrediksiHarga\ci4_SkripsiPrediksiHarga\system\Database\MySQLi\Connection.php(292): mysqli->query('INSERT INTO `tr...', 0)
#1 C:\xampp\htdocs\Lab28_SkripsiPrediksiHarga\ci4_SkripsiPrediksiHarga\system\Database\BaseConnection.php(670): CodeIgniter\Database\MySQLi\Connection->execute('INSERT INTO `tr...')
#2 C:\xampp\htdocs\Lab28_SkripsiPrediksiHarga\ci4_SkripsiPrediksiHarga\system\Database\BaseConnection.php(598): CodeIgniter\Database\BaseConnection->simpleQuery('INSERT INTO `tr...')
#3 C:\xampp\htdocs\Lab28_SkripsiPrediksiHarga\ci4_SkripsiPrediksiHarga\system\Database\BaseBuilder.php(1771): CodeIgniter\Database\BaseConnection->query('INSERT INTO `tr...', Array, false)
#4 C:\xampp\htdocs\Lab28_SkripsiPrediksiHarga\ci4_SkripsiPrediksiHarga\system\Model.php(239): CodeIgniter\Database\BaseBuilder->insert()
#5 C:\xampp\htdocs\Lab28_SkripsiPrediksiHarga\ci4_SkripsiPrediksiHarga\system\BaseModel.php(738): CodeIgniter\Model->doInsert(Array)
#6 C:\xampp\htdocs\Lab28_SkripsiPrediksiHarga\ci4_SkripsiPrediksiHarga\system\Model.php(625): CodeIgniter\BaseModel->insert(Array, true)
#7 C:\xampp\htdocs\Lab28_SkripsiPrediksiHarga\ci4_SkripsiPrediksiHarga\app\Controllers\Splitdataset.php(69): CodeIgniter\Model->insert(Array)
#8 C:\xampp\htdocs\Lab28_SkripsiPrediksiHarga\ci4_SkripsiPrediksiHarga\app\Controllers\Splitdataset.php(40): App\Controllers\Splitdataset->split('90')
#9 C:\xampp\htdocs\Lab28_SkripsiPrediksiHarga\ci4_SkripsiPrediksiHarga\system\CodeIgniter.php(832): App\Controllers\Splitdataset->splitPersen()
#10 C:\xampp\htdocs\Lab28_SkripsiPrediksiHarga\ci4_SkripsiPrediksiHarga\system\CodeIgniter.php(419): CodeIgniter\CodeIgniter->runController(Object(App\Controllers\Splitdataset))
#11 C:\xampp\htdocs\Lab28_SkripsiPrediksiHarga\ci4_SkripsiPrediksiHarga\system\CodeIgniter.php(326): CodeIgniter\CodeIgniter->handleRequest(NULL, Object(Config\Cache), false)
#12 C:\xampp\htdocs\Lab28_SkripsiPrediksiHarga\ci4_SkripsiPrediksiHarga\public\index.php(37): CodeIgniter\CodeIgniter->run()
#13 C:\xampp\htdocs\Lab28_SkripsiPrediksiHarga\ci4_SkripsiPrediksiHarga\system\Commands\Server\rewrite.php(43): require_once('C:\\xampp\\htdocs...')
#14 {main}
ERROR - 2024-04-23 09:58:56 --> Unknown column 'grade-mold' in 'field list'
CRITICAL - 2024-04-23 09:58:56 --> Unknown column 'grade-mold' in 'field list'
#0 C:\xampp\htdocs\Lab28_SkripsiPrediksiHarga\ci4_SkripsiPrediksiHarga\system\Database\MySQLi\Connection.php(292): mysqli->query('INSERT INTO `tr...', 0)
#1 C:\xampp\htdocs\Lab28_SkripsiPrediksiHarga\ci4_SkripsiPrediksiHarga\system\Database\BaseConnection.php(670): CodeIgniter\Database\MySQLi\Connection->execute('INSERT INTO `tr...')
#2 C:\xampp\htdocs\Lab28_SkripsiPrediksiHarga\ci4_SkripsiPrediksiHarga\system\Database\BaseConnection.php(598): CodeIgniter\Database\BaseConnection->simpleQuery('INSERT INTO `tr...')
#3 C:\xampp\htdocs\Lab28_SkripsiPrediksiHarga\ci4_SkripsiPrediksiHarga\system\Database\BaseBuilder.php(1771): CodeIgniter\Database\BaseConnection->query('INSERT INTO `tr...', Array, false)
#4 C:\xampp\htdocs\Lab28_SkripsiPrediksiHarga\ci4_SkripsiPrediksiHarga\system\Model.php(239): CodeIgniter\Database\BaseBuilder->insert()
#5 C:\xampp\htdocs\Lab28_SkripsiPrediksiHarga\ci4_SkripsiPrediksiHarga\system\BaseModel.php(738): CodeIgniter\Model->doInsert(Array)
#6 C:\xampp\htdocs\Lab28_SkripsiPrediksiHarga\ci4_SkripsiPrediksiHarga\system\Model.php(625): CodeIgniter\BaseModel->insert(Array, false)
#7 C:\xampp\htdocs\Lab28_SkripsiPrediksiHarga\ci4_SkripsiPrediksiHarga\system\BaseModel.php(658): CodeIgniter\Model->insert(Array, false)
#8 C:\xampp\htdocs\Lab28_SkripsiPrediksiHarga\ci4_SkripsiPrediksiHarga\app\Controllers\Splitdataset.php(68): CodeIgniter\BaseModel->save(Array)
#9 C:\xampp\htdocs\Lab28_SkripsiPrediksiHarga\ci4_SkripsiPrediksiHarga\app\Controllers\Splitdataset.php(40): App\Controllers\Splitdataset->split('90')
#10 C:\xampp\htdocs\Lab28_SkripsiPrediksiHarga\ci4_SkripsiPrediksiHarga\system\CodeIgniter.php(832): App\Controllers\Splitdataset->splitPersen()
#11 C:\xampp\htdocs\Lab28_SkripsiPrediksiHarga\ci4_SkripsiPrediksiHarga\system\CodeIgniter.php(419): CodeIgniter\CodeIgniter->runController(Object(App\Controllers\Splitdataset))
#12 C:\xampp\htdocs\Lab28_SkripsiPrediksiHarga\ci4_SkripsiPrediksiHarga\system\CodeIgniter.php(326): CodeIgniter\CodeIgniter->handleRequest(NULL, Object(Config\Cache), false)
#13 C:\xampp\htdocs\Lab28_SkripsiPrediksiHarga\ci4_SkripsiPrediksiHarga\public\index.php(37): CodeIgniter\CodeIgniter->run()
#14 C:\xampp\htdocs\Lab28_SkripsiPrediksiHarga\ci4_SkripsiPrediksiHarga\system\Commands\Server\rewrite.php(43): require_once('C:\\xampp\\htdocs...')
#15 {main}
ERROR - 2024-04-23 09:59:02 --> Unknown column 'grade-mold' in 'field list'
CRITICAL - 2024-04-23 09:59:02 --> Unknown column 'grade-mold' in 'field list'
#0 C:\xampp\htdocs\Lab28_SkripsiPrediksiHarga\ci4_SkripsiPrediksiHarga\system\Database\MySQLi\Connection.php(292): mysqli->query('INSERT INTO `tr...', 0)
#1 C:\xampp\htdocs\Lab28_SkripsiPrediksiHarga\ci4_SkripsiPrediksiHarga\system\Database\BaseConnection.php(670): CodeIgniter\Database\MySQLi\Connection->execute('INSERT INTO `tr...')
#2 C:\xampp\htdocs\Lab28_SkripsiPrediksiHarga\ci4_SkripsiPrediksiHarga\system\Database\BaseConnection.php(598): CodeIgniter\Database\BaseConnection->simpleQuery('INSERT INTO `tr...')
#3 C:\xampp\htdocs\Lab28_SkripsiPrediksiHarga\ci4_SkripsiPrediksiHarga\system\Database\BaseBuilder.php(1771): CodeIgniter\Database\BaseConnection->query('INSERT INTO `tr...', Array, false)
#4 C:\xampp\htdocs\Lab28_SkripsiPrediksiHarga\ci4_SkripsiPrediksiHarga\system\Model.php(239): CodeIgniter\Database\BaseBuilder->insert()
#5 C:\xampp\htdocs\Lab28_SkripsiPrediksiHarga\ci4_SkripsiPrediksiHarga\system\BaseModel.php(738): CodeIgniter\Model->doInsert(Array)
#6 C:\xampp\htdocs\Lab28_SkripsiPrediksiHarga\ci4_SkripsiPrediksiHarga\system\Model.php(625): CodeIgniter\BaseModel->insert(Array, false)
#7 C:\xampp\htdocs\Lab28_SkripsiPrediksiHarga\ci4_SkripsiPrediksiHarga\system\BaseModel.php(658): CodeIgniter\Model->insert(Array, false)
#8 C:\xampp\htdocs\Lab28_SkripsiPrediksiHarga\ci4_SkripsiPrediksiHarga\app\Controllers\Splitdataset.php(68): CodeIgniter\BaseModel->save(Array)
#9 C:\xampp\htdocs\Lab28_SkripsiPrediksiHarga\ci4_SkripsiPrediksiHarga\app\Controllers\Splitdataset.php(40): App\Controllers\Splitdataset->split('90')
#10 C:\xampp\htdocs\Lab28_SkripsiPrediksiHarga\ci4_SkripsiPrediksiHarga\system\CodeIgniter.php(832): App\Controllers\Splitdataset->splitPersen()
#11 C:\xampp\htdocs\Lab28_SkripsiPrediksiHarga\ci4_SkripsiPrediksiHarga\system\CodeIgniter.php(419): CodeIgniter\CodeIgniter->runController(Object(App\Controllers\Splitdataset))
#12 C:\xampp\htdocs\Lab28_SkripsiPrediksiHarga\ci4_SkripsiPrediksiHarga\system\CodeIgniter.php(326): CodeIgniter\CodeIgniter->handleRequest(NULL, Object(Config\Cache), false)
#13 C:\xampp\htdocs\Lab28_SkripsiPrediksiHarga\ci4_SkripsiPrediksiHarga\public\index.php(37): CodeIgniter\CodeIgniter->run()
#14 C:\xampp\htdocs\Lab28_SkripsiPrediksiHarga\ci4_SkripsiPrediksiHarga\system\Commands\Server\rewrite.php(43): require_once('C:\\xampp\\htdocs...')
#15 {main}
ERROR - 2024-04-23 10:02:06 --> Unknown column 'grade-mold' in 'field list'
CRITICAL - 2024-04-23 10:02:06 --> Unknown column 'grade-mold' in 'field list'
#0 C:\xampp\htdocs\Lab28_SkripsiPrediksiHarga\ci4_SkripsiPrediksiHarga\system\Database\MySQLi\Connection.php(292): mysqli->query('INSERT INTO `tr...', 0)
#1 C:\xampp\htdocs\Lab28_SkripsiPrediksiHarga\ci4_SkripsiPrediksiHarga\system\Database\BaseConnection.php(670): CodeIgniter\Database\MySQLi\Connection->execute('INSERT INTO `tr...')
#2 C:\xampp\htdocs\Lab28_SkripsiPrediksiHarga\ci4_SkripsiPrediksiHarga\system\Database\BaseConnection.php(598): CodeIgniter\Database\BaseConnection->simpleQuery('INSERT INTO `tr...')
#3 C:\xampp\htdocs\Lab28_SkripsiPrediksiHarga\ci4_SkripsiPrediksiHarga\system\Database\BaseBuilder.php(1771): CodeIgniter\Database\BaseConnection->query('INSERT INTO `tr...', Array, false)
#4 C:\xampp\htdocs\Lab28_SkripsiPrediksiHarga\ci4_SkripsiPrediksiHarga\system\Model.php(239): CodeIgniter\Database\BaseBuilder->insert()
#5 C:\xampp\htdocs\Lab28_SkripsiPrediksiHarga\ci4_SkripsiPrediksiHarga\system\BaseModel.php(738): CodeIgniter\Model->doInsert(Array)
#6 C:\xampp\htdocs\Lab28_SkripsiPrediksiHarga\ci4_SkripsiPrediksiHarga\system\Model.php(625): CodeIgniter\BaseModel->insert(Array, false)
#7 C:\xampp\htdocs\Lab28_SkripsiPrediksiHarga\ci4_SkripsiPrediksiHarga\system\BaseModel.php(658): CodeIgniter\Model->insert(Array, false)
#8 C:\xampp\htdocs\Lab28_SkripsiPrediksiHarga\ci4_SkripsiPrediksiHarga\app\Controllers\Splitdataset.php(68): CodeIgniter\BaseModel->save(Array)
#9 C:\xampp\htdocs\Lab28_SkripsiPrediksiHarga\ci4_SkripsiPrediksiHarga\app\Controllers\Splitdataset.php(40): App\Controllers\Splitdataset->split('80')
#10 C:\xampp\htdocs\Lab28_SkripsiPrediksiHarga\ci4_SkripsiPrediksiHarga\system\CodeIgniter.php(832): App\Controllers\Splitdataset->splitPersen()
#11 C:\xampp\htdocs\Lab28_SkripsiPrediksiHarga\ci4_SkripsiPrediksiHarga\system\CodeIgniter.php(419): CodeIgniter\CodeIgniter->runController(Object(App\Controllers\Splitdataset))
#12 C:\xampp\htdocs\Lab28_SkripsiPrediksiHarga\ci4_SkripsiPrediksiHarga\system\CodeIgniter.php(326): CodeIgniter\CodeIgniter->handleRequest(NULL, Object(Config\Cache), false)
#13 C:\xampp\htdocs\Lab28_SkripsiPrediksiHarga\ci4_SkripsiPrediksiHarga\public\index.php(37): CodeIgniter\CodeIgniter->run()
#14 C:\xampp\htdocs\Lab28_SkripsiPrediksiHarga\ci4_SkripsiPrediksiHarga\system\Commands\Server\rewrite.php(43): require_once('C:\\xampp\\htdocs...')
#15 {main}
CRITICAL - 2024-04-23 10:49:05 --> Call to a member function deleteAllData() on null
#0 C:\xampp\htdocs\Lab28_SkripsiPrediksiHarga\ci4_SkripsiPrediksiHarga\system\CodeIgniter.php(832): App\Controllers\Splitdataset->resetStatus()
#1 C:\xampp\htdocs\Lab28_SkripsiPrediksiHarga\ci4_SkripsiPrediksiHarga\system\CodeIgniter.php(419): CodeIgniter\CodeIgniter->runController(Object(App\Controllers\Splitdataset))
#2 C:\xampp\htdocs\Lab28_SkripsiPrediksiHarga\ci4_SkripsiPrediksiHarga\system\CodeIgniter.php(326): CodeIgniter\CodeIgniter->handleRequest(NULL, Object(Config\Cache), false)
#3 C:\xampp\htdocs\Lab28_SkripsiPrediksiHarga\ci4_SkripsiPrediksiHarga\public\index.php(37): CodeIgniter\CodeIgniter->run()
#4 C:\xampp\htdocs\Lab28_SkripsiPrediksiHarga\ci4_SkripsiPrediksiHarga\system\Commands\Server\rewrite.php(43): require_once('C:\\xampp\\htdocs...')
#5 {main}
CRITICAL - 2024-04-23 10:49:28 --> Call to a member function deleteAllData() on null
#0 C:\xampp\htdocs\Lab28_SkripsiPrediksiHarga\ci4_SkripsiPrediksiHarga\system\CodeIgniter.php(832): App\Controllers\Splitdataset->resetStatus()
#1 C:\xampp\htdocs\Lab28_SkripsiPrediksiHarga\ci4_SkripsiPrediksiHarga\system\CodeIgniter.php(419): CodeIgniter\CodeIgniter->runController(Object(App\Controllers\Splitdataset))
#2 C:\xampp\htdocs\Lab28_SkripsiPrediksiHarga\ci4_SkripsiPrediksiHarga\system\CodeIgniter.php(326): CodeIgniter\CodeIgniter->handleRequest(NULL, Object(Config\Cache), false)
#3 C:\xampp\htdocs\Lab28_SkripsiPrediksiHarga\ci4_SkripsiPrediksiHarga\public\index.php(37): CodeIgniter\CodeIgniter->run()
#4 C:\xampp\htdocs\Lab28_SkripsiPrediksiHarga\ci4_SkripsiPrediksiHarga\system\Commands\Server\rewrite.php(43): require_once('C:\\xampp\\htdocs...')
#5 {main}
