CRITICAL - 2022-07-24 10:26:42 --> Undefined index: idWarga
#0 C:\xampp\htdocs\Lab14_iuran_kas\ci4\app\Views\datawarga.php(54): CodeIgniter\Debug\Exceptions->errorHandler(8, 'Undefined index...', 'C:\\xampp\\htdocs...', 54, Array)
#1 C:\xampp\htdocs\Lab14_iuran_kas\ci4\system\View\View.php(210): include('C:\\xampp\\htdocs...')
#2 C:\xampp\htdocs\Lab14_iuran_kas\ci4\system\View\View.php(213): CodeIgniter\View\View->CodeIgniter\View\{closure}()
#3 C:\xampp\htdocs\Lab14_iuran_kas\ci4\system\Common.php(1089): CodeIgniter\View\View->render('datawarga', Array, true)
#4 C:\xampp\htdocs\Lab14_iuran_kas\ci4\app\Controllers\Warga.php(17): view('datawarga', Array)
#5 C:\xampp\htdocs\Lab14_iuran_kas\ci4\system\CodeIgniter.php(832): App\Controllers\Warga->index()
#6 C:\xampp\htdocs\Lab14_iuran_kas\ci4\system\CodeIgniter.php(419): CodeIgniter\CodeIgniter->runController(Object(App\Controllers\Warga))
#7 C:\xampp\htdocs\Lab14_iuran_kas\ci4\system\CodeIgniter.php(326): CodeIgniter\CodeIgniter->handleRequest(NULL, Object(Config\Cache), false)
#8 C:\xampp\htdocs\Lab14_iuran_kas\ci4\public\index.php(37): CodeIgniter\CodeIgniter->run()
#9 C:\xampp\htdocs\Lab14_iuran_kas\ci4\system\Commands\Server\rewrite.php(43): require_once('C:\\xampp\\htdocs...')
#10 {main}
CRITICAL - 2022-07-24 10:30:34 --> Undefined index: idWarga
#0 C:\xampp\htdocs\Lab14_iuran_kas\ci4\app\Views\datawarga.php(54): CodeIgniter\Debug\Exceptions->errorHandler(8, 'Undefined index...', 'C:\\xampp\\htdocs...', 54, Array)
#1 C:\xampp\htdocs\Lab14_iuran_kas\ci4\system\View\View.php(210): include('C:\\xampp\\htdocs...')
#2 C:\xampp\htdocs\Lab14_iuran_kas\ci4\system\View\View.php(213): CodeIgniter\View\View->CodeIgniter\View\{closure}()
#3 C:\xampp\htdocs\Lab14_iuran_kas\ci4\system\Common.php(1089): CodeIgniter\View\View->render('datawarga', Array, true)
#4 C:\xampp\htdocs\Lab14_iuran_kas\ci4\app\Controllers\Warga.php(17): view('datawarga', Array)
#5 C:\xampp\htdocs\Lab14_iuran_kas\ci4\system\CodeIgniter.php(832): App\Controllers\Warga->index()
#6 C:\xampp\htdocs\Lab14_iuran_kas\ci4\system\CodeIgniter.php(419): CodeIgniter\CodeIgniter->runController(Object(App\Controllers\Warga))
#7 C:\xampp\htdocs\Lab14_iuran_kas\ci4\system\CodeIgniter.php(326): CodeIgniter\CodeIgniter->handleRequest(NULL, Object(Config\Cache), false)
#8 C:\xampp\htdocs\Lab14_iuran_kas\ci4\public\index.php(37): CodeIgniter\CodeIgniter->run()
#9 C:\xampp\htdocs\Lab14_iuran_kas\ci4\system\Commands\Server\rewrite.php(43): require_once('C:\\xampp\\htdocs...')
#10 {main}
CRITICAL - 2022-07-24 10:30:38 --> Undefined index: idWarga
#0 C:\xampp\htdocs\Lab14_iuran_kas\ci4\app\Views\datawarga.php(54): CodeIgniter\Debug\Exceptions->errorHandler(8, 'Undefined index...', 'C:\\xampp\\htdocs...', 54, Array)
#1 C:\xampp\htdocs\Lab14_iuran_kas\ci4\system\View\View.php(210): include('C:\\xampp\\htdocs...')
#2 C:\xampp\htdocs\Lab14_iuran_kas\ci4\system\View\View.php(213): CodeIgniter\View\View->CodeIgniter\View\{closure}()
#3 C:\xampp\htdocs\Lab14_iuran_kas\ci4\system\Common.php(1089): CodeIgniter\View\View->render('datawarga', Array, true)
#4 C:\xampp\htdocs\Lab14_iuran_kas\ci4\app\Controllers\Warga.php(17): view('datawarga', Array)
#5 C:\xampp\htdocs\Lab14_iuran_kas\ci4\system\CodeIgniter.php(832): App\Controllers\Warga->index()
#6 C:\xampp\htdocs\Lab14_iuran_kas\ci4\system\CodeIgniter.php(419): CodeIgniter\CodeIgniter->runController(Object(App\Controllers\Warga))
#7 C:\xampp\htdocs\Lab14_iuran_kas\ci4\system\CodeIgniter.php(326): CodeIgniter\CodeIgniter->handleRequest(NULL, Object(Config\Cache), false)
#8 C:\xampp\htdocs\Lab14_iuran_kas\ci4\public\index.php(37): CodeIgniter\CodeIgniter->run()
#9 C:\xampp\htdocs\Lab14_iuran_kas\ci4\system\Commands\Server\rewrite.php(43): require_once('C:\\xampp\\htdocs...')
#10 {main}
CRITICAL - 2022-07-24 10:30:59 --> Undefined index: idWarga
#0 C:\xampp\htdocs\Lab14_iuran_kas\ci4\app\Views\dataiuran.php(60): CodeIgniter\Debug\Exceptions->errorHandler(8, 'Undefined index...', 'C:\\xampp\\htdocs...', 60, Array)
#1 C:\xampp\htdocs\Lab14_iuran_kas\ci4\system\View\View.php(210): include('C:\\xampp\\htdocs...')
#2 C:\xampp\htdocs\Lab14_iuran_kas\ci4\system\View\View.php(213): CodeIgniter\View\View->CodeIgniter\View\{closure}()
#3 C:\xampp\htdocs\Lab14_iuran_kas\ci4\system\Common.php(1089): CodeIgniter\View\View->render('dataiuran', Array, true)
#4 C:\xampp\htdocs\Lab14_iuran_kas\ci4\app\Controllers\Iuran.php(19): view('dataiuran', Array)
#5 C:\xampp\htdocs\Lab14_iuran_kas\ci4\system\CodeIgniter.php(832): App\Controllers\Iuran->index()
#6 C:\xampp\htdocs\Lab14_iuran_kas\ci4\system\CodeIgniter.php(419): CodeIgniter\CodeIgniter->runController(Object(App\Controllers\Iuran))
#7 C:\xampp\htdocs\Lab14_iuran_kas\ci4\system\CodeIgniter.php(326): CodeIgniter\CodeIgniter->handleRequest(NULL, Object(Config\Cache), false)
#8 C:\xampp\htdocs\Lab14_iuran_kas\ci4\public\index.php(37): CodeIgniter\CodeIgniter->run()
#9 C:\xampp\htdocs\Lab14_iuran_kas\ci4\system\Commands\Server\rewrite.php(43): require_once('C:\\xampp\\htdocs...')
#10 {main}
CRITICAL - 2022-07-24 10:39:51 --> Undefined index: idWarga
#0 C:\xampp\htdocs\Lab14_iuran_kas\ci4\app\Views\datawarga.php(54): CodeIgniter\Debug\Exceptions->errorHandler(8, 'Undefined index...', 'C:\\xampp\\htdocs...', 54, Array)
#1 C:\xampp\htdocs\Lab14_iuran_kas\ci4\system\View\View.php(210): include('C:\\xampp\\htdocs...')
#2 C:\xampp\htdocs\Lab14_iuran_kas\ci4\system\View\View.php(213): CodeIgniter\View\View->CodeIgniter\View\{closure}()
#3 C:\xampp\htdocs\Lab14_iuran_kas\ci4\system\Common.php(1089): CodeIgniter\View\View->render('datawarga', Array, true)
#4 C:\xampp\htdocs\Lab14_iuran_kas\ci4\app\Controllers\Warga.php(17): view('datawarga', Array)
#5 C:\xampp\htdocs\Lab14_iuran_kas\ci4\system\CodeIgniter.php(832): App\Controllers\Warga->index()
#6 C:\xampp\htdocs\Lab14_iuran_kas\ci4\system\CodeIgniter.php(419): CodeIgniter\CodeIgniter->runController(Object(App\Controllers\Warga))
#7 C:\xampp\htdocs\Lab14_iuran_kas\ci4\system\CodeIgniter.php(326): CodeIgniter\CodeIgniter->handleRequest(NULL, Object(Config\Cache), false)
#8 C:\xampp\htdocs\Lab14_iuran_kas\ci4\public\index.php(37): CodeIgniter\CodeIgniter->run()
#9 C:\xampp\htdocs\Lab14_iuran_kas\ci4\system\Commands\Server\rewrite.php(43): require_once('C:\\xampp\\htdocs...')
#10 {main}
CRITICAL - 2022-07-24 10:39:59 --> Undefined index: idWarga
#0 C:\xampp\htdocs\Lab14_iuran_kas\ci4\app\Views\datawarga.php(54): CodeIgniter\Debug\Exceptions->errorHandler(8, 'Undefined index...', 'C:\\xampp\\htdocs...', 54, Array)
#1 C:\xampp\htdocs\Lab14_iuran_kas\ci4\system\View\View.php(210): include('C:\\xampp\\htdocs...')
#2 C:\xampp\htdocs\Lab14_iuran_kas\ci4\system\View\View.php(213): CodeIgniter\View\View->CodeIgniter\View\{closure}()
#3 C:\xampp\htdocs\Lab14_iuran_kas\ci4\system\Common.php(1089): CodeIgniter\View\View->render('datawarga', Array, true)
#4 C:\xampp\htdocs\Lab14_iuran_kas\ci4\app\Controllers\Warga.php(17): view('datawarga', Array)
#5 C:\xampp\htdocs\Lab14_iuran_kas\ci4\system\CodeIgniter.php(832): App\Controllers\Warga->index()
#6 C:\xampp\htdocs\Lab14_iuran_kas\ci4\system\CodeIgniter.php(419): CodeIgniter\CodeIgniter->runController(Object(App\Controllers\Warga))
#7 C:\xampp\htdocs\Lab14_iuran_kas\ci4\system\CodeIgniter.php(326): CodeIgniter\CodeIgniter->handleRequest(NULL, Object(Config\Cache), false)
#8 C:\xampp\htdocs\Lab14_iuran_kas\ci4\public\index.php(37): CodeIgniter\CodeIgniter->run()
#9 C:\xampp\htdocs\Lab14_iuran_kas\ci4\system\Commands\Server\rewrite.php(43): require_once('C:\\xampp\\htdocs...')
#10 {main}
CRITICAL - 2022-07-24 10:47:03 --> Undefined index: idWarga
#0 C:\xampp\htdocs\Lab14_iuran_kas\ci4\app\Views\datawarga.php(54): CodeIgniter\Debug\Exceptions->errorHandler(8, 'Undefined index...', 'C:\\xampp\\htdocs...', 54, Array)
#1 C:\xampp\htdocs\Lab14_iuran_kas\ci4\system\View\View.php(210): include('C:\\xampp\\htdocs...')
#2 C:\xampp\htdocs\Lab14_iuran_kas\ci4\system\View\View.php(213): CodeIgniter\View\View->CodeIgniter\View\{closure}()
#3 C:\xampp\htdocs\Lab14_iuran_kas\ci4\system\Common.php(1089): CodeIgniter\View\View->render('datawarga', Array, true)
#4 C:\xampp\htdocs\Lab14_iuran_kas\ci4\app\Controllers\Warga.php(17): view('datawarga', Array)
#5 C:\xampp\htdocs\Lab14_iuran_kas\ci4\system\CodeIgniter.php(832): App\Controllers\Warga->index()
#6 C:\xampp\htdocs\Lab14_iuran_kas\ci4\system\CodeIgniter.php(419): CodeIgniter\CodeIgniter->runController(Object(App\Controllers\Warga))
#7 C:\xampp\htdocs\Lab14_iuran_kas\ci4\system\CodeIgniter.php(326): CodeIgniter\CodeIgniter->handleRequest(NULL, Object(Config\Cache), false)
#8 C:\xampp\htdocs\Lab14_iuran_kas\ci4\public\index.php(37): CodeIgniter\CodeIgniter->run()
#9 C:\xampp\htdocs\Lab14_iuran_kas\ci4\system\Commands\Server\rewrite.php(43): require_once('C:\\xampp\\htdocs...')
#10 {main}
CRITICAL - 2022-07-24 10:47:04 --> Undefined index: idWarga
#0 C:\xampp\htdocs\Lab14_iuran_kas\ci4\app\Views\datawarga.php(54): CodeIgniter\Debug\Exceptions->errorHandler(8, 'Undefined index...', 'C:\\xampp\\htdocs...', 54, Array)
#1 C:\xampp\htdocs\Lab14_iuran_kas\ci4\system\View\View.php(210): include('C:\\xampp\\htdocs...')
#2 C:\xampp\htdocs\Lab14_iuran_kas\ci4\system\View\View.php(213): CodeIgniter\View\View->CodeIgniter\View\{closure}()
#3 C:\xampp\htdocs\Lab14_iuran_kas\ci4\system\Common.php(1089): CodeIgniter\View\View->render('datawarga', Array, true)
#4 C:\xampp\htdocs\Lab14_iuran_kas\ci4\app\Controllers\Warga.php(17): view('datawarga', Array)
#5 C:\xampp\htdocs\Lab14_iuran_kas\ci4\system\CodeIgniter.php(832): App\Controllers\Warga->index()
#6 C:\xampp\htdocs\Lab14_iuran_kas\ci4\system\CodeIgniter.php(419): CodeIgniter\CodeIgniter->runController(Object(App\Controllers\Warga))
#7 C:\xampp\htdocs\Lab14_iuran_kas\ci4\system\CodeIgniter.php(326): CodeIgniter\CodeIgniter->handleRequest(NULL, Object(Config\Cache), false)
#8 C:\xampp\htdocs\Lab14_iuran_kas\ci4\public\index.php(37): CodeIgniter\CodeIgniter->run()
#9 C:\xampp\htdocs\Lab14_iuran_kas\ci4\system\Commands\Server\rewrite.php(43): require_once('C:\\xampp\\htdocs...')
#10 {main}
CRITICAL - 2022-07-24 10:47:12 --> Undefined index: idWarga
#0 C:\xampp\htdocs\Lab14_iuran_kas\ci4\app\Views\dataiuran.php(60): CodeIgniter\Debug\Exceptions->errorHandler(8, 'Undefined index...', 'C:\\xampp\\htdocs...', 60, Array)
#1 C:\xampp\htdocs\Lab14_iuran_kas\ci4\system\View\View.php(210): include('C:\\xampp\\htdocs...')
#2 C:\xampp\htdocs\Lab14_iuran_kas\ci4\system\View\View.php(213): CodeIgniter\View\View->CodeIgniter\View\{closure}()
#3 C:\xampp\htdocs\Lab14_iuran_kas\ci4\system\Common.php(1089): CodeIgniter\View\View->render('dataiuran', Array, true)
#4 C:\xampp\htdocs\Lab14_iuran_kas\ci4\app\Controllers\Iuran.php(19): view('dataiuran', Array)
#5 C:\xampp\htdocs\Lab14_iuran_kas\ci4\system\CodeIgniter.php(832): App\Controllers\Iuran->index()
#6 C:\xampp\htdocs\Lab14_iuran_kas\ci4\system\CodeIgniter.php(419): CodeIgniter\CodeIgniter->runController(Object(App\Controllers\Iuran))
#7 C:\xampp\htdocs\Lab14_iuran_kas\ci4\system\CodeIgniter.php(326): CodeIgniter\CodeIgniter->handleRequest(NULL, Object(Config\Cache), false)
#8 C:\xampp\htdocs\Lab14_iuran_kas\ci4\public\index.php(37): CodeIgniter\CodeIgniter->run()
#9 C:\xampp\htdocs\Lab14_iuran_kas\ci4\system\Commands\Server\rewrite.php(43): require_once('C:\\xampp\\htdocs...')
#10 {main}
CRITICAL - 2022-07-24 10:47:45 --> Undefined index: idWarga
#0 C:\xampp\htdocs\Lab14_iuran_kas\ci4\app\Views\datawarga.php(54): CodeIgniter\Debug\Exceptions->errorHandler(8, 'Undefined index...', 'C:\\xampp\\htdocs...', 54, Array)
#1 C:\xampp\htdocs\Lab14_iuran_kas\ci4\system\View\View.php(210): include('C:\\xampp\\htdocs...')
#2 C:\xampp\htdocs\Lab14_iuran_kas\ci4\system\View\View.php(213): CodeIgniter\View\View->CodeIgniter\View\{closure}()
#3 C:\xampp\htdocs\Lab14_iuran_kas\ci4\system\Common.php(1089): CodeIgniter\View\View->render('datawarga', Array, true)
#4 C:\xampp\htdocs\Lab14_iuran_kas\ci4\app\Controllers\Warga.php(17): view('datawarga', Array)
#5 C:\xampp\htdocs\Lab14_iuran_kas\ci4\system\CodeIgniter.php(832): App\Controllers\Warga->index()
#6 C:\xampp\htdocs\Lab14_iuran_kas\ci4\system\CodeIgniter.php(419): CodeIgniter\CodeIgniter->runController(Object(App\Controllers\Warga))
#7 C:\xampp\htdocs\Lab14_iuran_kas\ci4\system\CodeIgniter.php(326): CodeIgniter\CodeIgniter->handleRequest(NULL, Object(Config\Cache), false)
#8 C:\xampp\htdocs\Lab14_iuran_kas\ci4\public\index.php(37): CodeIgniter\CodeIgniter->run()
#9 C:\xampp\htdocs\Lab14_iuran_kas\ci4\system\Commands\Server\rewrite.php(43): require_once('C:\\xampp\\htdocs...')
#10 {main}
CRITICAL - 2022-07-24 10:48:03 --> Undefined index: idWarga
#0 C:\xampp\htdocs\Lab14_iuran_kas\ci4\app\Views\datawarga.php(54): CodeIgniter\Debug\Exceptions->errorHandler(8, 'Undefined index...', 'C:\\xampp\\htdocs...', 54, Array)
#1 C:\xampp\htdocs\Lab14_iuran_kas\ci4\system\View\View.php(210): include('C:\\xampp\\htdocs...')
#2 C:\xampp\htdocs\Lab14_iuran_kas\ci4\system\View\View.php(213): CodeIgniter\View\View->CodeIgniter\View\{closure}()
#3 C:\xampp\htdocs\Lab14_iuran_kas\ci4\system\Common.php(1089): CodeIgniter\View\View->render('datawarga', Array, true)
#4 C:\xampp\htdocs\Lab14_iuran_kas\ci4\app\Controllers\Warga.php(17): view('datawarga', Array)
#5 C:\xampp\htdocs\Lab14_iuran_kas\ci4\system\CodeIgniter.php(832): App\Controllers\Warga->index()
#6 C:\xampp\htdocs\Lab14_iuran_kas\ci4\system\CodeIgniter.php(419): CodeIgniter\CodeIgniter->runController(Object(App\Controllers\Warga))
#7 C:\xampp\htdocs\Lab14_iuran_kas\ci4\system\CodeIgniter.php(326): CodeIgniter\CodeIgniter->handleRequest(NULL, Object(Config\Cache), false)
#8 C:\xampp\htdocs\Lab14_iuran_kas\ci4\public\index.php(37): CodeIgniter\CodeIgniter->run()
#9 C:\xampp\htdocs\Lab14_iuran_kas\ci4\system\Commands\Server\rewrite.php(43): require_once('C:\\xampp\\htdocs...')
#10 {main}
CRITICAL - 2022-07-24 10:55:12 --> Undefined index: idWarga
#0 C:\xampp\htdocs\Lab14_iuran_kas\ci4\app\Views\datawarga.php(54): CodeIgniter\Debug\Exceptions->errorHandler(8, 'Undefined index...', 'C:\\xampp\\htdocs...', 54, Array)
#1 C:\xampp\htdocs\Lab14_iuran_kas\ci4\system\View\View.php(210): include('C:\\xampp\\htdocs...')
#2 C:\xampp\htdocs\Lab14_iuran_kas\ci4\system\View\View.php(213): CodeIgniter\View\View->CodeIgniter\View\{closure}()
#3 C:\xampp\htdocs\Lab14_iuran_kas\ci4\system\Common.php(1089): CodeIgniter\View\View->render('datawarga', Array, true)
#4 C:\xampp\htdocs\Lab14_iuran_kas\ci4\app\Controllers\Warga.php(17): view('datawarga', Array)
#5 C:\xampp\htdocs\Lab14_iuran_kas\ci4\system\CodeIgniter.php(832): App\Controllers\Warga->index()
#6 C:\xampp\htdocs\Lab14_iuran_kas\ci4\system\CodeIgniter.php(419): CodeIgniter\CodeIgniter->runController(Object(App\Controllers\Warga))
#7 C:\xampp\htdocs\Lab14_iuran_kas\ci4\system\CodeIgniter.php(326): CodeIgniter\CodeIgniter->handleRequest(NULL, Object(Config\Cache), false)
#8 C:\xampp\htdocs\Lab14_iuran_kas\ci4\public\index.php(37): CodeIgniter\CodeIgniter->run()
#9 C:\xampp\htdocs\Lab14_iuran_kas\ci4\system\Commands\Server\rewrite.php(43): require_once('C:\\xampp\\htdocs...')
#10 {main}
CRITICAL - 2022-07-24 10:55:15 --> Undefined index: idWarga
#0 C:\xampp\htdocs\Lab14_iuran_kas\ci4\app\Views\datawarga.php(54): CodeIgniter\Debug\Exceptions->errorHandler(8, 'Undefined index...', 'C:\\xampp\\htdocs...', 54, Array)
#1 C:\xampp\htdocs\Lab14_iuran_kas\ci4\system\View\View.php(210): include('C:\\xampp\\htdocs...')
#2 C:\xampp\htdocs\Lab14_iuran_kas\ci4\system\View\View.php(213): CodeIgniter\View\View->CodeIgniter\View\{closure}()
#3 C:\xampp\htdocs\Lab14_iuran_kas\ci4\system\Common.php(1089): CodeIgniter\View\View->render('datawarga', Array, true)
#4 C:\xampp\htdocs\Lab14_iuran_kas\ci4\app\Controllers\Warga.php(17): view('datawarga', Array)
#5 C:\xampp\htdocs\Lab14_iuran_kas\ci4\system\CodeIgniter.php(832): App\Controllers\Warga->index()
#6 C:\xampp\htdocs\Lab14_iuran_kas\ci4\system\CodeIgniter.php(419): CodeIgniter\CodeIgniter->runController(Object(App\Controllers\Warga))
#7 C:\xampp\htdocs\Lab14_iuran_kas\ci4\system\CodeIgniter.php(326): CodeIgniter\CodeIgniter->handleRequest(NULL, Object(Config\Cache), false)
#8 C:\xampp\htdocs\Lab14_iuran_kas\ci4\public\index.php(37): CodeIgniter\CodeIgniter->run()
#9 C:\xampp\htdocs\Lab14_iuran_kas\ci4\system\Commands\Server\rewrite.php(43): require_once('C:\\xampp\\htdocs...')
#10 {main}
CRITICAL - 2022-07-24 10:57:21 --> Undefined index: idWarga
#0 C:\xampp\htdocs\Lab14_iuran_kas\ci4\app\Views\datawarga.php(54): CodeIgniter\Debug\Exceptions->errorHandler(8, 'Undefined index...', 'C:\\xampp\\htdocs...', 54, Array)
#1 C:\xampp\htdocs\Lab14_iuran_kas\ci4\system\View\View.php(210): include('C:\\xampp\\htdocs...')
#2 C:\xampp\htdocs\Lab14_iuran_kas\ci4\system\View\View.php(213): CodeIgniter\View\View->CodeIgniter\View\{closure}()
#3 C:\xampp\htdocs\Lab14_iuran_kas\ci4\system\Common.php(1089): CodeIgniter\View\View->render('datawarga', Array, true)
#4 C:\xampp\htdocs\Lab14_iuran_kas\ci4\app\Controllers\Warga.php(17): view('datawarga', Array)
#5 C:\xampp\htdocs\Lab14_iuran_kas\ci4\system\CodeIgniter.php(832): App\Controllers\Warga->index()
#6 C:\xampp\htdocs\Lab14_iuran_kas\ci4\system\CodeIgniter.php(419): CodeIgniter\CodeIgniter->runController(Object(App\Controllers\Warga))
#7 C:\xampp\htdocs\Lab14_iuran_kas\ci4\system\CodeIgniter.php(326): CodeIgniter\CodeIgniter->handleRequest(NULL, Object(Config\Cache), false)
#8 C:\xampp\htdocs\Lab14_iuran_kas\ci4\public\index.php(37): CodeIgniter\CodeIgniter->run()
#9 C:\xampp\htdocs\Lab14_iuran_kas\ci4\system\Commands\Server\rewrite.php(43): require_once('C:\\xampp\\htdocs...')
#10 {main}
CRITICAL - 2022-07-24 10:58:41 --> Undefined index: idWarga
#0 C:\xampp\htdocs\Lab14_iuran_kas\ci4\app\Views\dataiuran.php(60): CodeIgniter\Debug\Exceptions->errorHandler(8, 'Undefined index...', 'C:\\xampp\\htdocs...', 60, Array)
#1 C:\xampp\htdocs\Lab14_iuran_kas\ci4\system\View\View.php(210): include('C:\\xampp\\htdocs...')
#2 C:\xampp\htdocs\Lab14_iuran_kas\ci4\system\View\View.php(213): CodeIgniter\View\View->CodeIgniter\View\{closure}()
#3 C:\xampp\htdocs\Lab14_iuran_kas\ci4\system\Common.php(1089): CodeIgniter\View\View->render('dataiuran', Array, true)
#4 C:\xampp\htdocs\Lab14_iuran_kas\ci4\app\Controllers\Iuran.php(19): view('dataiuran', Array)
#5 C:\xampp\htdocs\Lab14_iuran_kas\ci4\system\CodeIgniter.php(832): App\Controllers\Iuran->index()
#6 C:\xampp\htdocs\Lab14_iuran_kas\ci4\system\CodeIgniter.php(419): CodeIgniter\CodeIgniter->runController(Object(App\Controllers\Iuran))
#7 C:\xampp\htdocs\Lab14_iuran_kas\ci4\system\CodeIgniter.php(326): CodeIgniter\CodeIgniter->handleRequest(NULL, Object(Config\Cache), false)
#8 C:\xampp\htdocs\Lab14_iuran_kas\ci4\public\index.php(37): CodeIgniter\CodeIgniter->run()
#9 C:\xampp\htdocs\Lab14_iuran_kas\ci4\system\Commands\Server\rewrite.php(43): require_once('C:\\xampp\\htdocs...')
#10 {main}
CRITICAL - 2022-07-24 10:59:33 --> Undefined index: idWarga
#0 C:\xampp\htdocs\Lab14_iuran_kas\ci4\app\Views\datawarga.php(54): CodeIgniter\Debug\Exceptions->errorHandler(8, 'Undefined index...', 'C:\\xampp\\htdocs...', 54, Array)
#1 C:\xampp\htdocs\Lab14_iuran_kas\ci4\system\View\View.php(210): include('C:\\xampp\\htdocs...')
#2 C:\xampp\htdocs\Lab14_iuran_kas\ci4\system\View\View.php(213): CodeIgniter\View\View->CodeIgniter\View\{closure}()
#3 C:\xampp\htdocs\Lab14_iuran_kas\ci4\system\Common.php(1089): CodeIgniter\View\View->render('datawarga', Array, true)
#4 C:\xampp\htdocs\Lab14_iuran_kas\ci4\app\Controllers\Warga.php(17): view('datawarga', Array)
#5 C:\xampp\htdocs\Lab14_iuran_kas\ci4\system\CodeIgniter.php(832): App\Controllers\Warga->index()
#6 C:\xampp\htdocs\Lab14_iuran_kas\ci4\system\CodeIgniter.php(419): CodeIgniter\CodeIgniter->runController(Object(App\Controllers\Warga))
#7 C:\xampp\htdocs\Lab14_iuran_kas\ci4\system\CodeIgniter.php(326): CodeIgniter\CodeIgniter->handleRequest(NULL, Object(Config\Cache), false)
#8 C:\xampp\htdocs\Lab14_iuran_kas\ci4\public\index.php(37): CodeIgniter\CodeIgniter->run()
#9 C:\xampp\htdocs\Lab14_iuran_kas\ci4\system\Commands\Server\rewrite.php(43): require_once('C:\\xampp\\htdocs...')
#10 {main}
