CRITICAL - 2024-05-13 08:22:36 --> Trying to get property 'user_name' of non-object
#0 C:\xampp\htdocs\Lab28_SkripsiPrediksiHarga\ci4_SkripsiPrediksiHarga\app\Views\template\navbar.php(41): CodeIgniter\Debug\Exceptions->errorHandler(8, 'Trying to get p...', 'C:\\xampp\\htdocs...', 41, Array)
#1 C:\xampp\htdocs\Lab28_SkripsiPrediksiHarga\ci4_SkripsiPrediksiHarga\system\View\View.php(210): include('C:\\xampp\\htdocs...')
#2 C:\xampp\htdocs\Lab28_SkripsiPrediksiHarga\ci4_SkripsiPrediksiHarga\system\View\View.php(213): CodeIgniter\View\View->CodeIgniter\View\{closure}()
#3 C:\xampp\htdocs\Lab28_SkripsiPrediksiHarga\ci4_SkripsiPrediksiHarga\system\View\View.php(424): CodeIgniter\View\View->render('template/navbar', NULL, true)
#4 C:\xampp\htdocs\Lab28_SkripsiPrediksiHarga\ci4_SkripsiPrediksiHarga\app\Views\template\headerforcontent.php(50): CodeIgniter\View\View->include('template/navbar')
#5 C:\xampp\htdocs\Lab28_SkripsiPrediksiHarga\ci4_SkripsiPrediksiHarga\system\View\View.php(210): include('C:\\xampp\\htdocs...')
#6 C:\xampp\htdocs\Lab28_SkripsiPrediksiHarga\ci4_SkripsiPrediksiHarga\system\View\View.php(213): CodeIgniter\View\View->CodeIgniter\View\{closure}()
#7 C:\xampp\htdocs\Lab28_SkripsiPrediksiHarga\ci4_SkripsiPrediksiHarga\system\View\View.php(424): CodeIgniter\View\View->render('template/header...', NULL, true)
#8 C:\xampp\htdocs\Lab28_SkripsiPrediksiHarga\ci4_SkripsiPrediksiHarga\app\Views\prediksi_result.php(1): CodeIgniter\View\View->include('template/header...')
#9 C:\xampp\htdocs\Lab28_SkripsiPrediksiHarga\ci4_SkripsiPrediksiHarga\system\View\View.php(210): include('C:\\xampp\\htdocs...')
#10 C:\xampp\htdocs\Lab28_SkripsiPrediksiHarga\ci4_SkripsiPrediksiHarga\system\View\View.php(213): CodeIgniter\View\View->CodeIgniter\View\{closure}()
#11 C:\xampp\htdocs\Lab28_SkripsiPrediksiHarga\ci4_SkripsiPrediksiHarga\system\Common.php(1089): CodeIgniter\View\View->render('prediksi_result', Array, true)
#12 C:\xampp\htdocs\Lab28_SkripsiPrediksiHarga\ci4_SkripsiPrediksiHarga\app\Controllers\PrediksiPrice.php(74): view('prediksi_result', Array)
#13 C:\xampp\htdocs\Lab28_SkripsiPrediksiHarga\ci4_SkripsiPrediksiHarga\system\CodeIgniter.php(832): App\Controllers\PrediksiPrice->proses_prediksiharga()
#14 C:\xampp\htdocs\Lab28_SkripsiPrediksiHarga\ci4_SkripsiPrediksiHarga\system\CodeIgniter.php(419): CodeIgniter\CodeIgniter->runController(Object(App\Controllers\PrediksiPrice))
#15 C:\xampp\htdocs\Lab28_SkripsiPrediksiHarga\ci4_SkripsiPrediksiHarga\system\CodeIgniter.php(326): CodeIgniter\CodeIgniter->handleRequest(NULL, Object(Config\Cache), false)
#16 C:\xampp\htdocs\Lab28_SkripsiPrediksiHarga\ci4_SkripsiPrediksiHarga\public\index.php(37): CodeIgniter\CodeIgniter->run()
#17 C:\xampp\htdocs\Lab28_SkripsiPrediksiHarga\ci4_SkripsiPrediksiHarga\system\Commands\Server\rewrite.php(43): require_once('C:\\xampp\\htdocs...')
#18 {main}
CRITICAL - 2024-05-13 08:28:16 --> syntax error, unexpected '->' (T_OBJECT_OPERATOR)
#0 C:\xampp\htdocs\Lab28_SkripsiPrediksiHarga\ci4_SkripsiPrediksiHarga\system\Router\Router.php(175): CodeIgniter\Router\Router->autoRoute('PrediksiPrice/p...')
#1 C:\xampp\htdocs\Lab28_SkripsiPrediksiHarga\ci4_SkripsiPrediksiHarga\system\CodeIgniter.php(726): CodeIgniter\Router\Router->handle('PrediksiPrice/p...')
#2 C:\xampp\htdocs\Lab28_SkripsiPrediksiHarga\ci4_SkripsiPrediksiHarga\system\CodeIgniter.php(368): CodeIgniter\CodeIgniter->tryToRouteIt(Object(CodeIgniter\Router\RouteCollection))
#3 C:\xampp\htdocs\Lab28_SkripsiPrediksiHarga\ci4_SkripsiPrediksiHarga\system\CodeIgniter.php(326): CodeIgniter\CodeIgniter->handleRequest(NULL, Object(Config\Cache), false)
#4 C:\xampp\htdocs\Lab28_SkripsiPrediksiHarga\ci4_SkripsiPrediksiHarga\public\index.php(37): CodeIgniter\CodeIgniter->run()
#5 C:\xampp\htdocs\Lab28_SkripsiPrediksiHarga\ci4_SkripsiPrediksiHarga\system\Commands\Server\rewrite.php(43): require_once('C:\\xampp\\htdocs...')
#6 {main}
CRITICAL - 2024-05-13 08:28:18 --> syntax error, unexpected '->' (T_OBJECT_OPERATOR)
#0 C:\xampp\htdocs\Lab28_SkripsiPrediksiHarga\ci4_SkripsiPrediksiHarga\system\Router\Router.php(175): CodeIgniter\Router\Router->autoRoute('PrediksiPrice/p...')
#1 C:\xampp\htdocs\Lab28_SkripsiPrediksiHarga\ci4_SkripsiPrediksiHarga\system\CodeIgniter.php(726): CodeIgniter\Router\Router->handle('PrediksiPrice/p...')
#2 C:\xampp\htdocs\Lab28_SkripsiPrediksiHarga\ci4_SkripsiPrediksiHarga\system\CodeIgniter.php(368): CodeIgniter\CodeIgniter->tryToRouteIt(Object(CodeIgniter\Router\RouteCollection))
#3 C:\xampp\htdocs\Lab28_SkripsiPrediksiHarga\ci4_SkripsiPrediksiHarga\system\CodeIgniter.php(326): CodeIgniter\CodeIgniter->handleRequest(NULL, Object(Config\Cache), false)
#4 C:\xampp\htdocs\Lab28_SkripsiPrediksiHarga\ci4_SkripsiPrediksiHarga\public\index.php(37): CodeIgniter\CodeIgniter->run()
#5 C:\xampp\htdocs\Lab28_SkripsiPrediksiHarga\ci4_SkripsiPrediksiHarga\system\Commands\Server\rewrite.php(43): require_once('C:\\xampp\\htdocs...')
#6 {main}
CRITICAL - 2024-05-13 08:28:21 --> syntax error, unexpected '->' (T_OBJECT_OPERATOR)
#0 C:\xampp\htdocs\Lab28_SkripsiPrediksiHarga\ci4_SkripsiPrediksiHarga\system\Router\Router.php(175): CodeIgniter\Router\Router->autoRoute('PrediksiPrice/p...')
#1 C:\xampp\htdocs\Lab28_SkripsiPrediksiHarga\ci4_SkripsiPrediksiHarga\system\CodeIgniter.php(726): CodeIgniter\Router\Router->handle('PrediksiPrice/p...')
#2 C:\xampp\htdocs\Lab28_SkripsiPrediksiHarga\ci4_SkripsiPrediksiHarga\system\CodeIgniter.php(368): CodeIgniter\CodeIgniter->tryToRouteIt(Object(CodeIgniter\Router\RouteCollection))
#3 C:\xampp\htdocs\Lab28_SkripsiPrediksiHarga\ci4_SkripsiPrediksiHarga\system\CodeIgniter.php(326): CodeIgniter\CodeIgniter->handleRequest(NULL, Object(Config\Cache), false)
#4 C:\xampp\htdocs\Lab28_SkripsiPrediksiHarga\ci4_SkripsiPrediksiHarga\public\index.php(37): CodeIgniter\CodeIgniter->run()
#5 C:\xampp\htdocs\Lab28_SkripsiPrediksiHarga\ci4_SkripsiPrediksiHarga\system\Commands\Server\rewrite.php(43): require_once('C:\\xampp\\htdocs...')
#6 {main}
CRITICAL - 2024-05-13 08:31:27 --> Class 'matplotlib\pyplot' not found
#0 C:\xampp\htdocs\Lab28_SkripsiPrediksiHarga\ci4_SkripsiPrediksiHarga\app\Controllers\PrediksiPrice.php(106): App\Controllers\PrediksiPrice->generateConfusionMatrixPlot('public/confusio...')
#1 C:\xampp\htdocs\Lab28_SkripsiPrediksiHarga\ci4_SkripsiPrediksiHarga\system\CodeIgniter.php(832): App\Controllers\PrediksiPrice->plotConfusionMatrix()
#2 C:\xampp\htdocs\Lab28_SkripsiPrediksiHarga\ci4_SkripsiPrediksiHarga\system\CodeIgniter.php(419): CodeIgniter\CodeIgniter->runController(Object(App\Controllers\PrediksiPrice))
#3 C:\xampp\htdocs\Lab28_SkripsiPrediksiHarga\ci4_SkripsiPrediksiHarga\system\CodeIgniter.php(326): CodeIgniter\CodeIgniter->handleRequest(NULL, Object(Config\Cache), false)
#4 C:\xampp\htdocs\Lab28_SkripsiPrediksiHarga\ci4_SkripsiPrediksiHarga\public\index.php(37): CodeIgniter\CodeIgniter->run()
#5 C:\xampp\htdocs\Lab28_SkripsiPrediksiHarga\ci4_SkripsiPrediksiHarga\system\Commands\Server\rewrite.php(43): require_once('C:\\xampp\\htdocs...')
#6 {main}
CRITICAL - 2024-05-13 08:31:37 --> Class 'matplotlib\pyplot' not found
#0 C:\xampp\htdocs\Lab28_SkripsiPrediksiHarga\ci4_SkripsiPrediksiHarga\app\Controllers\PrediksiPrice.php(106): App\Controllers\PrediksiPrice->generateConfusionMatrixPlot('public/confusio...')
#1 C:\xampp\htdocs\Lab28_SkripsiPrediksiHarga\ci4_SkripsiPrediksiHarga\system\CodeIgniter.php(832): App\Controllers\PrediksiPrice->plotConfusionMatrix()
#2 C:\xampp\htdocs\Lab28_SkripsiPrediksiHarga\ci4_SkripsiPrediksiHarga\system\CodeIgniter.php(419): CodeIgniter\CodeIgniter->runController(Object(App\Controllers\PrediksiPrice))
#3 C:\xampp\htdocs\Lab28_SkripsiPrediksiHarga\ci4_SkripsiPrediksiHarga\system\CodeIgniter.php(326): CodeIgniter\CodeIgniter->handleRequest(NULL, Object(Config\Cache), false)
#4 C:\xampp\htdocs\Lab28_SkripsiPrediksiHarga\ci4_SkripsiPrediksiHarga\public\index.php(37): CodeIgniter\CodeIgniter->run()
#5 C:\xampp\htdocs\Lab28_SkripsiPrediksiHarga\ci4_SkripsiPrediksiHarga\system\Commands\Server\rewrite.php(43): require_once('C:\\xampp\\htdocs...')
#6 {main}
CRITICAL - 2024-05-13 08:31:39 --> Class 'matplotlib\pyplot' not found
#0 C:\xampp\htdocs\Lab28_SkripsiPrediksiHarga\ci4_SkripsiPrediksiHarga\app\Controllers\PrediksiPrice.php(106): App\Controllers\PrediksiPrice->generateConfusionMatrixPlot('public/confusio...')
#1 C:\xampp\htdocs\Lab28_SkripsiPrediksiHarga\ci4_SkripsiPrediksiHarga\system\CodeIgniter.php(832): App\Controllers\PrediksiPrice->plotConfusionMatrix()
#2 C:\xampp\htdocs\Lab28_SkripsiPrediksiHarga\ci4_SkripsiPrediksiHarga\system\CodeIgniter.php(419): CodeIgniter\CodeIgniter->runController(Object(App\Controllers\PrediksiPrice))
#3 C:\xampp\htdocs\Lab28_SkripsiPrediksiHarga\ci4_SkripsiPrediksiHarga\system\CodeIgniter.php(326): CodeIgniter\CodeIgniter->handleRequest(NULL, Object(Config\Cache), false)
#4 C:\xampp\htdocs\Lab28_SkripsiPrediksiHarga\ci4_SkripsiPrediksiHarga\public\index.php(37): CodeIgniter\CodeIgniter->run()
#5 C:\xampp\htdocs\Lab28_SkripsiPrediksiHarga\ci4_SkripsiPrediksiHarga\system\Commands\Server\rewrite.php(43): require_once('C:\\xampp\\htdocs...')
#6 {main}
CRITICAL - 2024-05-13 08:31:54 --> Class 'matplotlib\pyplot' not found
#0 C:\xampp\htdocs\Lab28_SkripsiPrediksiHarga\ci4_SkripsiPrediksiHarga\app\Controllers\PrediksiPrice.php(106): App\Controllers\PrediksiPrice->generateConfusionMatrixPlot('public/confusio...')
#1 C:\xampp\htdocs\Lab28_SkripsiPrediksiHarga\ci4_SkripsiPrediksiHarga\system\CodeIgniter.php(832): App\Controllers\PrediksiPrice->plotConfusionMatrix()
#2 C:\xampp\htdocs\Lab28_SkripsiPrediksiHarga\ci4_SkripsiPrediksiHarga\system\CodeIgniter.php(419): CodeIgniter\CodeIgniter->runController(Object(App\Controllers\PrediksiPrice))
#3 C:\xampp\htdocs\Lab28_SkripsiPrediksiHarga\ci4_SkripsiPrediksiHarga\system\CodeIgniter.php(326): CodeIgniter\CodeIgniter->handleRequest(NULL, Object(Config\Cache), false)
#4 C:\xampp\htdocs\Lab28_SkripsiPrediksiHarga\ci4_SkripsiPrediksiHarga\public\index.php(37): CodeIgniter\CodeIgniter->run()
#5 C:\xampp\htdocs\Lab28_SkripsiPrediksiHarga\ci4_SkripsiPrediksiHarga\system\Commands\Server\rewrite.php(43): require_once('C:\\xampp\\htdocs...')
#6 {main}
CRITICAL - 2024-05-13 08:37:45 --> Class 'matplotlib\pyplot' not found
#0 C:\xampp\htdocs\Lab28_SkripsiPrediksiHarga\ci4_SkripsiPrediksiHarga\app\Controllers\PrediksiPrice.php(106): App\Controllers\PrediksiPrice->generateConfusionMatrixPlot('public/confusio...')
#1 C:\xampp\htdocs\Lab28_SkripsiPrediksiHarga\ci4_SkripsiPrediksiHarga\system\CodeIgniter.php(832): App\Controllers\PrediksiPrice->plotConfusionMatrix()
#2 C:\xampp\htdocs\Lab28_SkripsiPrediksiHarga\ci4_SkripsiPrediksiHarga\system\CodeIgniter.php(419): CodeIgniter\CodeIgniter->runController(Object(App\Controllers\PrediksiPrice))
#3 C:\xampp\htdocs\Lab28_SkripsiPrediksiHarga\ci4_SkripsiPrediksiHarga\system\CodeIgniter.php(326): CodeIgniter\CodeIgniter->handleRequest(NULL, Object(Config\Cache), false)
#4 C:\xampp\htdocs\Lab28_SkripsiPrediksiHarga\ci4_SkripsiPrediksiHarga\public\index.php(37): CodeIgniter\CodeIgniter->run()
#5 C:\xampp\htdocs\Lab28_SkripsiPrediksiHarga\ci4_SkripsiPrediksiHarga\system\Commands\Server\rewrite.php(43): require_once('C:\\xampp\\htdocs...')
#6 {main}
