CRITICAL - 2023-10-31 11:16:53 --> Call to undefined function userLogin()
#0 C:\xampp\htdocs\Lab20_si_NGProduksi\ci4_ngproduksi\system\View\View.php(210): include()
#1 C:\xampp\htdocs\Lab20_si_NGProduksi\ci4_ngproduksi\system\View\View.php(213): CodeIgniter\View\View->CodeIgniter\View\{closure}()
#2 C:\xampp\htdocs\Lab20_si_NGProduksi\ci4_ngproduksi\system\View\View.php(424): CodeIgniter\View\View->render('template/navbar', NULL, true)
#3 C:\xampp\htdocs\Lab20_si_NGProduksi\ci4_ngproduksi\app\Views\template\headerforcontent.php(49): CodeIgniter\View\View->include('template/navbar')
#4 C:\xampp\htdocs\Lab20_si_NGProduksi\ci4_ngproduksi\system\View\View.php(210): include('C:\\xampp\\htdocs...')
#5 C:\xampp\htdocs\Lab20_si_NGProduksi\ci4_ngproduksi\system\View\View.php(213): CodeIgniter\View\View->CodeIgniter\View\{closure}()
#6 C:\xampp\htdocs\Lab20_si_NGProduksi\ci4_ngproduksi\system\View\View.php(424): CodeIgniter\View\View->render('template/header...', NULL, true)
#7 C:\xampp\htdocs\Lab20_si_NGProduksi\ci4_ngproduksi\app\Views\dashboard.php(1): CodeIgniter\View\View->include('template/header...')
#8 C:\xampp\htdocs\Lab20_si_NGProduksi\ci4_ngproduksi\system\View\View.php(210): include('C:\\xampp\\htdocs...')
#9 C:\xampp\htdocs\Lab20_si_NGProduksi\ci4_ngproduksi\system\View\View.php(213): CodeIgniter\View\View->CodeIgniter\View\{closure}()
#10 C:\xampp\htdocs\Lab20_si_NGProduksi\ci4_ngproduksi\system\Common.php(1089): CodeIgniter\View\View->render('dashboard', Array, true)
#11 C:\xampp\htdocs\Lab20_si_NGProduksi\ci4_ngproduksi\app\Controllers\Dashboard.php(8): view('dashboard')
#12 C:\xampp\htdocs\Lab20_si_NGProduksi\ci4_ngproduksi\system\CodeIgniter.php(832): App\Controllers\Dashboard->index()
#13 C:\xampp\htdocs\Lab20_si_NGProduksi\ci4_ngproduksi\system\CodeIgniter.php(419): CodeIgniter\CodeIgniter->runController(Object(App\Controllers\Dashboard))
#14 C:\xampp\htdocs\Lab20_si_NGProduksi\ci4_ngproduksi\system\CodeIgniter.php(326): CodeIgniter\CodeIgniter->handleRequest(NULL, Object(Config\Cache), false)
#15 C:\xampp\htdocs\Lab20_si_NGProduksi\ci4_ngproduksi\public\index.php(37): CodeIgniter\CodeIgniter->run()
#16 C:\xampp\htdocs\Lab20_si_NGProduksi\ci4_ngproduksi\system\Commands\Server\rewrite.php(43): require_once('C:\\xampp\\htdocs...')
#17 {main}
CRITICAL - 2023-10-31 11:20:35 --> Call to undefined function userLogin()
#0 C:\xampp\htdocs\Lab20_si_NGProduksi\ci4_ngproduksi\system\View\View.php(210): include()
#1 C:\xampp\htdocs\Lab20_si_NGProduksi\ci4_ngproduksi\system\View\View.php(213): CodeIgniter\View\View->CodeIgniter\View\{closure}()
#2 C:\xampp\htdocs\Lab20_si_NGProduksi\ci4_ngproduksi\system\View\View.php(424): CodeIgniter\View\View->render('template/navbar', NULL, true)
#3 C:\xampp\htdocs\Lab20_si_NGProduksi\ci4_ngproduksi\app\Views\template\headerforcontent.php(49): CodeIgniter\View\View->include('template/navbar')
#4 C:\xampp\htdocs\Lab20_si_NGProduksi\ci4_ngproduksi\system\View\View.php(210): include('C:\\xampp\\htdocs...')
#5 C:\xampp\htdocs\Lab20_si_NGProduksi\ci4_ngproduksi\system\View\View.php(213): CodeIgniter\View\View->CodeIgniter\View\{closure}()
#6 C:\xampp\htdocs\Lab20_si_NGProduksi\ci4_ngproduksi\system\View\View.php(424): CodeIgniter\View\View->render('template/header...', NULL, true)
#7 C:\xampp\htdocs\Lab20_si_NGProduksi\ci4_ngproduksi\app\Views\dashboard.php(1): CodeIgniter\View\View->include('template/header...')
#8 C:\xampp\htdocs\Lab20_si_NGProduksi\ci4_ngproduksi\system\View\View.php(210): include('C:\\xampp\\htdocs...')
#9 C:\xampp\htdocs\Lab20_si_NGProduksi\ci4_ngproduksi\system\View\View.php(213): CodeIgniter\View\View->CodeIgniter\View\{closure}()
#10 C:\xampp\htdocs\Lab20_si_NGProduksi\ci4_ngproduksi\system\Common.php(1089): CodeIgniter\View\View->render('dashboard', Array, true)
#11 C:\xampp\htdocs\Lab20_si_NGProduksi\ci4_ngproduksi\app\Controllers\Dashboard.php(8): view('dashboard')
#12 C:\xampp\htdocs\Lab20_si_NGProduksi\ci4_ngproduksi\system\CodeIgniter.php(832): App\Controllers\Dashboard->index()
#13 C:\xampp\htdocs\Lab20_si_NGProduksi\ci4_ngproduksi\system\CodeIgniter.php(419): CodeIgniter\CodeIgniter->runController(Object(App\Controllers\Dashboard))
#14 C:\xampp\htdocs\Lab20_si_NGProduksi\ci4_ngproduksi\system\CodeIgniter.php(326): CodeIgniter\CodeIgniter->handleRequest(NULL, Object(Config\Cache), false)
#15 C:\xampp\htdocs\Lab20_si_NGProduksi\ci4_ngproduksi\public\index.php(37): CodeIgniter\CodeIgniter->run()
#16 C:\xampp\htdocs\Lab20_si_NGProduksi\ci4_ngproduksi\system\Commands\Server\rewrite.php(43): require_once('C:\\xampp\\htdocs...')
#17 {main}
CRITICAL - 2023-10-31 11:20:36 --> Call to undefined function userLogin()
#0 C:\xampp\htdocs\Lab20_si_NGProduksi\ci4_ngproduksi\system\View\View.php(210): include()
#1 C:\xampp\htdocs\Lab20_si_NGProduksi\ci4_ngproduksi\system\View\View.php(213): CodeIgniter\View\View->CodeIgniter\View\{closure}()
#2 C:\xampp\htdocs\Lab20_si_NGProduksi\ci4_ngproduksi\system\View\View.php(424): CodeIgniter\View\View->render('template/navbar', NULL, true)
#3 C:\xampp\htdocs\Lab20_si_NGProduksi\ci4_ngproduksi\app\Views\template\headerforcontent.php(49): CodeIgniter\View\View->include('template/navbar')
#4 C:\xampp\htdocs\Lab20_si_NGProduksi\ci4_ngproduksi\system\View\View.php(210): include('C:\\xampp\\htdocs...')
#5 C:\xampp\htdocs\Lab20_si_NGProduksi\ci4_ngproduksi\system\View\View.php(213): CodeIgniter\View\View->CodeIgniter\View\{closure}()
#6 C:\xampp\htdocs\Lab20_si_NGProduksi\ci4_ngproduksi\system\View\View.php(424): CodeIgniter\View\View->render('template/header...', NULL, true)
#7 C:\xampp\htdocs\Lab20_si_NGProduksi\ci4_ngproduksi\app\Views\dashboard.php(1): CodeIgniter\View\View->include('template/header...')
#8 C:\xampp\htdocs\Lab20_si_NGProduksi\ci4_ngproduksi\system\View\View.php(210): include('C:\\xampp\\htdocs...')
#9 C:\xampp\htdocs\Lab20_si_NGProduksi\ci4_ngproduksi\system\View\View.php(213): CodeIgniter\View\View->CodeIgniter\View\{closure}()
#10 C:\xampp\htdocs\Lab20_si_NGProduksi\ci4_ngproduksi\system\Common.php(1089): CodeIgniter\View\View->render('dashboard', Array, true)
#11 C:\xampp\htdocs\Lab20_si_NGProduksi\ci4_ngproduksi\app\Controllers\Dashboard.php(8): view('dashboard')
#12 C:\xampp\htdocs\Lab20_si_NGProduksi\ci4_ngproduksi\system\CodeIgniter.php(832): App\Controllers\Dashboard->index()
#13 C:\xampp\htdocs\Lab20_si_NGProduksi\ci4_ngproduksi\system\CodeIgniter.php(419): CodeIgniter\CodeIgniter->runController(Object(App\Controllers\Dashboard))
#14 C:\xampp\htdocs\Lab20_si_NGProduksi\ci4_ngproduksi\system\CodeIgniter.php(326): CodeIgniter\CodeIgniter->handleRequest(NULL, Object(Config\Cache), false)
#15 C:\xampp\htdocs\Lab20_si_NGProduksi\ci4_ngproduksi\public\index.php(37): CodeIgniter\CodeIgniter->run()
#16 C:\xampp\htdocs\Lab20_si_NGProduksi\ci4_ngproduksi\system\Commands\Server\rewrite.php(43): require_once('C:\\xampp\\htdocs...')
#17 {main}
CRITICAL - 2023-10-31 11:20:37 --> Call to undefined function userLogin()
#0 C:\xampp\htdocs\Lab20_si_NGProduksi\ci4_ngproduksi\system\View\View.php(210): include()
#1 C:\xampp\htdocs\Lab20_si_NGProduksi\ci4_ngproduksi\system\View\View.php(213): CodeIgniter\View\View->CodeIgniter\View\{closure}()
#2 C:\xampp\htdocs\Lab20_si_NGProduksi\ci4_ngproduksi\system\View\View.php(424): CodeIgniter\View\View->render('template/navbar', NULL, true)
#3 C:\xampp\htdocs\Lab20_si_NGProduksi\ci4_ngproduksi\app\Views\template\headerforcontent.php(49): CodeIgniter\View\View->include('template/navbar')
#4 C:\xampp\htdocs\Lab20_si_NGProduksi\ci4_ngproduksi\system\View\View.php(210): include('C:\\xampp\\htdocs...')
#5 C:\xampp\htdocs\Lab20_si_NGProduksi\ci4_ngproduksi\system\View\View.php(213): CodeIgniter\View\View->CodeIgniter\View\{closure}()
#6 C:\xampp\htdocs\Lab20_si_NGProduksi\ci4_ngproduksi\system\View\View.php(424): CodeIgniter\View\View->render('template/header...', NULL, true)
#7 C:\xampp\htdocs\Lab20_si_NGProduksi\ci4_ngproduksi\app\Views\dashboard.php(1): CodeIgniter\View\View->include('template/header...')
#8 C:\xampp\htdocs\Lab20_si_NGProduksi\ci4_ngproduksi\system\View\View.php(210): include('C:\\xampp\\htdocs...')
#9 C:\xampp\htdocs\Lab20_si_NGProduksi\ci4_ngproduksi\system\View\View.php(213): CodeIgniter\View\View->CodeIgniter\View\{closure}()
#10 C:\xampp\htdocs\Lab20_si_NGProduksi\ci4_ngproduksi\system\Common.php(1089): CodeIgniter\View\View->render('dashboard', Array, true)
#11 C:\xampp\htdocs\Lab20_si_NGProduksi\ci4_ngproduksi\app\Controllers\Dashboard.php(8): view('dashboard')
#12 C:\xampp\htdocs\Lab20_si_NGProduksi\ci4_ngproduksi\system\CodeIgniter.php(832): App\Controllers\Dashboard->index()
#13 C:\xampp\htdocs\Lab20_si_NGProduksi\ci4_ngproduksi\system\CodeIgniter.php(419): CodeIgniter\CodeIgniter->runController(Object(App\Controllers\Dashboard))
#14 C:\xampp\htdocs\Lab20_si_NGProduksi\ci4_ngproduksi\system\CodeIgniter.php(326): CodeIgniter\CodeIgniter->handleRequest(NULL, Object(Config\Cache), false)
#15 C:\xampp\htdocs\Lab20_si_NGProduksi\ci4_ngproduksi\public\index.php(37): CodeIgniter\CodeIgniter->run()
#16 C:\xampp\htdocs\Lab20_si_NGProduksi\ci4_ngproduksi\system\Commands\Server\rewrite.php(43): require_once('C:\\xampp\\htdocs...')
#17 {main}
CRITICAL - 2023-10-31 11:20:37 --> Call to undefined function userLogin()
#0 C:\xampp\htdocs\Lab20_si_NGProduksi\ci4_ngproduksi\system\View\View.php(210): include()
#1 C:\xampp\htdocs\Lab20_si_NGProduksi\ci4_ngproduksi\system\View\View.php(213): CodeIgniter\View\View->CodeIgniter\View\{closure}()
#2 C:\xampp\htdocs\Lab20_si_NGProduksi\ci4_ngproduksi\system\View\View.php(424): CodeIgniter\View\View->render('template/navbar', NULL, true)
#3 C:\xampp\htdocs\Lab20_si_NGProduksi\ci4_ngproduksi\app\Views\template\headerforcontent.php(49): CodeIgniter\View\View->include('template/navbar')
#4 C:\xampp\htdocs\Lab20_si_NGProduksi\ci4_ngproduksi\system\View\View.php(210): include('C:\\xampp\\htdocs...')
#5 C:\xampp\htdocs\Lab20_si_NGProduksi\ci4_ngproduksi\system\View\View.php(213): CodeIgniter\View\View->CodeIgniter\View\{closure}()
#6 C:\xampp\htdocs\Lab20_si_NGProduksi\ci4_ngproduksi\system\View\View.php(424): CodeIgniter\View\View->render('template/header...', NULL, true)
#7 C:\xampp\htdocs\Lab20_si_NGProduksi\ci4_ngproduksi\app\Views\dashboard.php(1): CodeIgniter\View\View->include('template/header...')
#8 C:\xampp\htdocs\Lab20_si_NGProduksi\ci4_ngproduksi\system\View\View.php(210): include('C:\\xampp\\htdocs...')
#9 C:\xampp\htdocs\Lab20_si_NGProduksi\ci4_ngproduksi\system\View\View.php(213): CodeIgniter\View\View->CodeIgniter\View\{closure}()
#10 C:\xampp\htdocs\Lab20_si_NGProduksi\ci4_ngproduksi\system\Common.php(1089): CodeIgniter\View\View->render('dashboard', Array, true)
#11 C:\xampp\htdocs\Lab20_si_NGProduksi\ci4_ngproduksi\app\Controllers\Dashboard.php(8): view('dashboard')
#12 C:\xampp\htdocs\Lab20_si_NGProduksi\ci4_ngproduksi\system\CodeIgniter.php(832): App\Controllers\Dashboard->index()
#13 C:\xampp\htdocs\Lab20_si_NGProduksi\ci4_ngproduksi\system\CodeIgniter.php(419): CodeIgniter\CodeIgniter->runController(Object(App\Controllers\Dashboard))
#14 C:\xampp\htdocs\Lab20_si_NGProduksi\ci4_ngproduksi\system\CodeIgniter.php(326): CodeIgniter\CodeIgniter->handleRequest(NULL, Object(Config\Cache), false)
#15 C:\xampp\htdocs\Lab20_si_NGProduksi\ci4_ngproduksi\public\index.php(37): CodeIgniter\CodeIgniter->run()
#16 C:\xampp\htdocs\Lab20_si_NGProduksi\ci4_ngproduksi\system\Commands\Server\rewrite.php(43): require_once('C:\\xampp\\htdocs...')
#17 {main}
CRITICAL - 2023-10-31 11:20:38 --> Call to undefined function userLogin()
#0 C:\xampp\htdocs\Lab20_si_NGProduksi\ci4_ngproduksi\system\View\View.php(210): include()
#1 C:\xampp\htdocs\Lab20_si_NGProduksi\ci4_ngproduksi\system\View\View.php(213): CodeIgniter\View\View->CodeIgniter\View\{closure}()
#2 C:\xampp\htdocs\Lab20_si_NGProduksi\ci4_ngproduksi\system\View\View.php(424): CodeIgniter\View\View->render('template/navbar', NULL, true)
#3 C:\xampp\htdocs\Lab20_si_NGProduksi\ci4_ngproduksi\app\Views\template\headerforcontent.php(49): CodeIgniter\View\View->include('template/navbar')
#4 C:\xampp\htdocs\Lab20_si_NGProduksi\ci4_ngproduksi\system\View\View.php(210): include('C:\\xampp\\htdocs...')
#5 C:\xampp\htdocs\Lab20_si_NGProduksi\ci4_ngproduksi\system\View\View.php(213): CodeIgniter\View\View->CodeIgniter\View\{closure}()
#6 C:\xampp\htdocs\Lab20_si_NGProduksi\ci4_ngproduksi\system\View\View.php(424): CodeIgniter\View\View->render('template/header...', NULL, true)
#7 C:\xampp\htdocs\Lab20_si_NGProduksi\ci4_ngproduksi\app\Views\dashboard.php(1): CodeIgniter\View\View->include('template/header...')
#8 C:\xampp\htdocs\Lab20_si_NGProduksi\ci4_ngproduksi\system\View\View.php(210): include('C:\\xampp\\htdocs...')
#9 C:\xampp\htdocs\Lab20_si_NGProduksi\ci4_ngproduksi\system\View\View.php(213): CodeIgniter\View\View->CodeIgniter\View\{closure}()
#10 C:\xampp\htdocs\Lab20_si_NGProduksi\ci4_ngproduksi\system\Common.php(1089): CodeIgniter\View\View->render('dashboard', Array, true)
#11 C:\xampp\htdocs\Lab20_si_NGProduksi\ci4_ngproduksi\app\Controllers\Dashboard.php(8): view('dashboard')
#12 C:\xampp\htdocs\Lab20_si_NGProduksi\ci4_ngproduksi\system\CodeIgniter.php(832): App\Controllers\Dashboard->index()
#13 C:\xampp\htdocs\Lab20_si_NGProduksi\ci4_ngproduksi\system\CodeIgniter.php(419): CodeIgniter\CodeIgniter->runController(Object(App\Controllers\Dashboard))
#14 C:\xampp\htdocs\Lab20_si_NGProduksi\ci4_ngproduksi\system\CodeIgniter.php(326): CodeIgniter\CodeIgniter->handleRequest(NULL, Object(Config\Cache), false)
#15 C:\xampp\htdocs\Lab20_si_NGProduksi\ci4_ngproduksi\public\index.php(37): CodeIgniter\CodeIgniter->run()
#16 C:\xampp\htdocs\Lab20_si_NGProduksi\ci4_ngproduksi\system\Commands\Server\rewrite.php(43): require_once('C:\\xampp\\htdocs...')
#17 {main}
CRITICAL - 2023-10-31 11:20:38 --> Call to undefined function userLogin()
#0 C:\xampp\htdocs\Lab20_si_NGProduksi\ci4_ngproduksi\system\View\View.php(210): include()
#1 C:\xampp\htdocs\Lab20_si_NGProduksi\ci4_ngproduksi\system\View\View.php(213): CodeIgniter\View\View->CodeIgniter\View\{closure}()
#2 C:\xampp\htdocs\Lab20_si_NGProduksi\ci4_ngproduksi\system\View\View.php(424): CodeIgniter\View\View->render('template/navbar', NULL, true)
#3 C:\xampp\htdocs\Lab20_si_NGProduksi\ci4_ngproduksi\app\Views\template\headerforcontent.php(49): CodeIgniter\View\View->include('template/navbar')
#4 C:\xampp\htdocs\Lab20_si_NGProduksi\ci4_ngproduksi\system\View\View.php(210): include('C:\\xampp\\htdocs...')
#5 C:\xampp\htdocs\Lab20_si_NGProduksi\ci4_ngproduksi\system\View\View.php(213): CodeIgniter\View\View->CodeIgniter\View\{closure}()
#6 C:\xampp\htdocs\Lab20_si_NGProduksi\ci4_ngproduksi\system\View\View.php(424): CodeIgniter\View\View->render('template/header...', NULL, true)
#7 C:\xampp\htdocs\Lab20_si_NGProduksi\ci4_ngproduksi\app\Views\dashboard.php(1): CodeIgniter\View\View->include('template/header...')
#8 C:\xampp\htdocs\Lab20_si_NGProduksi\ci4_ngproduksi\system\View\View.php(210): include('C:\\xampp\\htdocs...')
#9 C:\xampp\htdocs\Lab20_si_NGProduksi\ci4_ngproduksi\system\View\View.php(213): CodeIgniter\View\View->CodeIgniter\View\{closure}()
#10 C:\xampp\htdocs\Lab20_si_NGProduksi\ci4_ngproduksi\system\Common.php(1089): CodeIgniter\View\View->render('dashboard', Array, true)
#11 C:\xampp\htdocs\Lab20_si_NGProduksi\ci4_ngproduksi\app\Controllers\Dashboard.php(8): view('dashboard')
#12 C:\xampp\htdocs\Lab20_si_NGProduksi\ci4_ngproduksi\system\CodeIgniter.php(832): App\Controllers\Dashboard->index()
#13 C:\xampp\htdocs\Lab20_si_NGProduksi\ci4_ngproduksi\system\CodeIgniter.php(419): CodeIgniter\CodeIgniter->runController(Object(App\Controllers\Dashboard))
#14 C:\xampp\htdocs\Lab20_si_NGProduksi\ci4_ngproduksi\system\CodeIgniter.php(326): CodeIgniter\CodeIgniter->handleRequest(NULL, Object(Config\Cache), false)
#15 C:\xampp\htdocs\Lab20_si_NGProduksi\ci4_ngproduksi\public\index.php(37): CodeIgniter\CodeIgniter->run()
#16 C:\xampp\htdocs\Lab20_si_NGProduksi\ci4_ngproduksi\system\Commands\Server\rewrite.php(43): require_once('C:\\xampp\\htdocs...')
#17 {main}
CRITICAL - 2023-10-31 11:20:38 --> Call to undefined function userLogin()
#0 C:\xampp\htdocs\Lab20_si_NGProduksi\ci4_ngproduksi\system\View\View.php(210): include()
#1 C:\xampp\htdocs\Lab20_si_NGProduksi\ci4_ngproduksi\system\View\View.php(213): CodeIgniter\View\View->CodeIgniter\View\{closure}()
#2 C:\xampp\htdocs\Lab20_si_NGProduksi\ci4_ngproduksi\system\View\View.php(424): CodeIgniter\View\View->render('template/navbar', NULL, true)
#3 C:\xampp\htdocs\Lab20_si_NGProduksi\ci4_ngproduksi\app\Views\template\headerforcontent.php(49): CodeIgniter\View\View->include('template/navbar')
#4 C:\xampp\htdocs\Lab20_si_NGProduksi\ci4_ngproduksi\system\View\View.php(210): include('C:\\xampp\\htdocs...')
#5 C:\xampp\htdocs\Lab20_si_NGProduksi\ci4_ngproduksi\system\View\View.php(213): CodeIgniter\View\View->CodeIgniter\View\{closure}()
#6 C:\xampp\htdocs\Lab20_si_NGProduksi\ci4_ngproduksi\system\View\View.php(424): CodeIgniter\View\View->render('template/header...', NULL, true)
#7 C:\xampp\htdocs\Lab20_si_NGProduksi\ci4_ngproduksi\app\Views\dashboard.php(1): CodeIgniter\View\View->include('template/header...')
#8 C:\xampp\htdocs\Lab20_si_NGProduksi\ci4_ngproduksi\system\View\View.php(210): include('C:\\xampp\\htdocs...')
#9 C:\xampp\htdocs\Lab20_si_NGProduksi\ci4_ngproduksi\system\View\View.php(213): CodeIgniter\View\View->CodeIgniter\View\{closure}()
#10 C:\xampp\htdocs\Lab20_si_NGProduksi\ci4_ngproduksi\system\Common.php(1089): CodeIgniter\View\View->render('dashboard', Array, true)
#11 C:\xampp\htdocs\Lab20_si_NGProduksi\ci4_ngproduksi\app\Controllers\Dashboard.php(8): view('dashboard')
#12 C:\xampp\htdocs\Lab20_si_NGProduksi\ci4_ngproduksi\system\CodeIgniter.php(832): App\Controllers\Dashboard->index()
#13 C:\xampp\htdocs\Lab20_si_NGProduksi\ci4_ngproduksi\system\CodeIgniter.php(419): CodeIgniter\CodeIgniter->runController(Object(App\Controllers\Dashboard))
#14 C:\xampp\htdocs\Lab20_si_NGProduksi\ci4_ngproduksi\system\CodeIgniter.php(326): CodeIgniter\CodeIgniter->handleRequest(NULL, Object(Config\Cache), false)
#15 C:\xampp\htdocs\Lab20_si_NGProduksi\ci4_ngproduksi\public\index.php(37): CodeIgniter\CodeIgniter->run()
#16 C:\xampp\htdocs\Lab20_si_NGProduksi\ci4_ngproduksi\system\Commands\Server\rewrite.php(43): require_once('C:\\xampp\\htdocs...')
#17 {main}
CRITICAL - 2023-10-31 11:20:39 --> Call to undefined function userLogin()
#0 C:\xampp\htdocs\Lab20_si_NGProduksi\ci4_ngproduksi\system\View\View.php(210): include()
#1 C:\xampp\htdocs\Lab20_si_NGProduksi\ci4_ngproduksi\system\View\View.php(213): CodeIgniter\View\View->CodeIgniter\View\{closure}()
#2 C:\xampp\htdocs\Lab20_si_NGProduksi\ci4_ngproduksi\system\View\View.php(424): CodeIgniter\View\View->render('template/navbar', NULL, true)
#3 C:\xampp\htdocs\Lab20_si_NGProduksi\ci4_ngproduksi\app\Views\template\headerforcontent.php(49): CodeIgniter\View\View->include('template/navbar')
#4 C:\xampp\htdocs\Lab20_si_NGProduksi\ci4_ngproduksi\system\View\View.php(210): include('C:\\xampp\\htdocs...')
#5 C:\xampp\htdocs\Lab20_si_NGProduksi\ci4_ngproduksi\system\View\View.php(213): CodeIgniter\View\View->CodeIgniter\View\{closure}()
#6 C:\xampp\htdocs\Lab20_si_NGProduksi\ci4_ngproduksi\system\View\View.php(424): CodeIgniter\View\View->render('template/header...', NULL, true)
#7 C:\xampp\htdocs\Lab20_si_NGProduksi\ci4_ngproduksi\app\Views\dashboard.php(1): CodeIgniter\View\View->include('template/header...')
#8 C:\xampp\htdocs\Lab20_si_NGProduksi\ci4_ngproduksi\system\View\View.php(210): include('C:\\xampp\\htdocs...')
#9 C:\xampp\htdocs\Lab20_si_NGProduksi\ci4_ngproduksi\system\View\View.php(213): CodeIgniter\View\View->CodeIgniter\View\{closure}()
#10 C:\xampp\htdocs\Lab20_si_NGProduksi\ci4_ngproduksi\system\Common.php(1089): CodeIgniter\View\View->render('dashboard', Array, true)
#11 C:\xampp\htdocs\Lab20_si_NGProduksi\ci4_ngproduksi\app\Controllers\Dashboard.php(8): view('dashboard')
#12 C:\xampp\htdocs\Lab20_si_NGProduksi\ci4_ngproduksi\system\CodeIgniter.php(832): App\Controllers\Dashboard->index()
#13 C:\xampp\htdocs\Lab20_si_NGProduksi\ci4_ngproduksi\system\CodeIgniter.php(419): CodeIgniter\CodeIgniter->runController(Object(App\Controllers\Dashboard))
#14 C:\xampp\htdocs\Lab20_si_NGProduksi\ci4_ngproduksi\system\CodeIgniter.php(326): CodeIgniter\CodeIgniter->handleRequest(NULL, Object(Config\Cache), false)
#15 C:\xampp\htdocs\Lab20_si_NGProduksi\ci4_ngproduksi\public\index.php(37): CodeIgniter\CodeIgniter->run()
#16 C:\xampp\htdocs\Lab20_si_NGProduksi\ci4_ngproduksi\system\Commands\Server\rewrite.php(43): require_once('C:\\xampp\\htdocs...')
#17 {main}
CRITICAL - 2023-10-31 11:20:39 --> Call to undefined function userLogin()
#0 C:\xampp\htdocs\Lab20_si_NGProduksi\ci4_ngproduksi\system\View\View.php(210): include()
#1 C:\xampp\htdocs\Lab20_si_NGProduksi\ci4_ngproduksi\system\View\View.php(213): CodeIgniter\View\View->CodeIgniter\View\{closure}()
#2 C:\xampp\htdocs\Lab20_si_NGProduksi\ci4_ngproduksi\system\View\View.php(424): CodeIgniter\View\View->render('template/navbar', NULL, true)
#3 C:\xampp\htdocs\Lab20_si_NGProduksi\ci4_ngproduksi\app\Views\template\headerforcontent.php(49): CodeIgniter\View\View->include('template/navbar')
#4 C:\xampp\htdocs\Lab20_si_NGProduksi\ci4_ngproduksi\system\View\View.php(210): include('C:\\xampp\\htdocs...')
#5 C:\xampp\htdocs\Lab20_si_NGProduksi\ci4_ngproduksi\system\View\View.php(213): CodeIgniter\View\View->CodeIgniter\View\{closure}()
#6 C:\xampp\htdocs\Lab20_si_NGProduksi\ci4_ngproduksi\system\View\View.php(424): CodeIgniter\View\View->render('template/header...', NULL, true)
#7 C:\xampp\htdocs\Lab20_si_NGProduksi\ci4_ngproduksi\app\Views\dashboard.php(1): CodeIgniter\View\View->include('template/header...')
#8 C:\xampp\htdocs\Lab20_si_NGProduksi\ci4_ngproduksi\system\View\View.php(210): include('C:\\xampp\\htdocs...')
#9 C:\xampp\htdocs\Lab20_si_NGProduksi\ci4_ngproduksi\system\View\View.php(213): CodeIgniter\View\View->CodeIgniter\View\{closure}()
#10 C:\xampp\htdocs\Lab20_si_NGProduksi\ci4_ngproduksi\system\Common.php(1089): CodeIgniter\View\View->render('dashboard', Array, true)
#11 C:\xampp\htdocs\Lab20_si_NGProduksi\ci4_ngproduksi\app\Controllers\Dashboard.php(8): view('dashboard')
#12 C:\xampp\htdocs\Lab20_si_NGProduksi\ci4_ngproduksi\system\CodeIgniter.php(832): App\Controllers\Dashboard->index()
#13 C:\xampp\htdocs\Lab20_si_NGProduksi\ci4_ngproduksi\system\CodeIgniter.php(419): CodeIgniter\CodeIgniter->runController(Object(App\Controllers\Dashboard))
#14 C:\xampp\htdocs\Lab20_si_NGProduksi\ci4_ngproduksi\system\CodeIgniter.php(326): CodeIgniter\CodeIgniter->handleRequest(NULL, Object(Config\Cache), false)
#15 C:\xampp\htdocs\Lab20_si_NGProduksi\ci4_ngproduksi\public\index.php(37): CodeIgniter\CodeIgniter->run()
#16 C:\xampp\htdocs\Lab20_si_NGProduksi\ci4_ngproduksi\system\Commands\Server\rewrite.php(43): require_once('C:\\xampp\\htdocs...')
#17 {main}
CRITICAL - 2023-10-31 11:20:39 --> Call to undefined function userLogin()
#0 C:\xampp\htdocs\Lab20_si_NGProduksi\ci4_ngproduksi\system\View\View.php(210): include()
#1 C:\xampp\htdocs\Lab20_si_NGProduksi\ci4_ngproduksi\system\View\View.php(213): CodeIgniter\View\View->CodeIgniter\View\{closure}()
#2 C:\xampp\htdocs\Lab20_si_NGProduksi\ci4_ngproduksi\system\View\View.php(424): CodeIgniter\View\View->render('template/navbar', NULL, true)
#3 C:\xampp\htdocs\Lab20_si_NGProduksi\ci4_ngproduksi\app\Views\template\headerforcontent.php(49): CodeIgniter\View\View->include('template/navbar')
#4 C:\xampp\htdocs\Lab20_si_NGProduksi\ci4_ngproduksi\system\View\View.php(210): include('C:\\xampp\\htdocs...')
#5 C:\xampp\htdocs\Lab20_si_NGProduksi\ci4_ngproduksi\system\View\View.php(213): CodeIgniter\View\View->CodeIgniter\View\{closure}()
#6 C:\xampp\htdocs\Lab20_si_NGProduksi\ci4_ngproduksi\system\View\View.php(424): CodeIgniter\View\View->render('template/header...', NULL, true)
#7 C:\xampp\htdocs\Lab20_si_NGProduksi\ci4_ngproduksi\app\Views\dashboard.php(1): CodeIgniter\View\View->include('template/header...')
#8 C:\xampp\htdocs\Lab20_si_NGProduksi\ci4_ngproduksi\system\View\View.php(210): include('C:\\xampp\\htdocs...')
#9 C:\xampp\htdocs\Lab20_si_NGProduksi\ci4_ngproduksi\system\View\View.php(213): CodeIgniter\View\View->CodeIgniter\View\{closure}()
#10 C:\xampp\htdocs\Lab20_si_NGProduksi\ci4_ngproduksi\system\Common.php(1089): CodeIgniter\View\View->render('dashboard', Array, true)
#11 C:\xampp\htdocs\Lab20_si_NGProduksi\ci4_ngproduksi\app\Controllers\Dashboard.php(8): view('dashboard')
#12 C:\xampp\htdocs\Lab20_si_NGProduksi\ci4_ngproduksi\system\CodeIgniter.php(832): App\Controllers\Dashboard->index()
#13 C:\xampp\htdocs\Lab20_si_NGProduksi\ci4_ngproduksi\system\CodeIgniter.php(419): CodeIgniter\CodeIgniter->runController(Object(App\Controllers\Dashboard))
#14 C:\xampp\htdocs\Lab20_si_NGProduksi\ci4_ngproduksi\system\CodeIgniter.php(326): CodeIgniter\CodeIgniter->handleRequest(NULL, Object(Config\Cache), false)
#15 C:\xampp\htdocs\Lab20_si_NGProduksi\ci4_ngproduksi\public\index.php(37): CodeIgniter\CodeIgniter->run()
#16 C:\xampp\htdocs\Lab20_si_NGProduksi\ci4_ngproduksi\system\Commands\Server\rewrite.php(43): require_once('C:\\xampp\\htdocs...')
#17 {main}
CRITICAL - 2023-10-31 11:23:37 --> Call to undefined function userLogin()
#0 C:\xampp\htdocs\Lab20_si_NGProduksi\ci4_ngproduksi\system\View\View.php(210): include()
#1 C:\xampp\htdocs\Lab20_si_NGProduksi\ci4_ngproduksi\system\View\View.php(213): CodeIgniter\View\View->CodeIgniter\View\{closure}()
#2 C:\xampp\htdocs\Lab20_si_NGProduksi\ci4_ngproduksi\system\View\View.php(424): CodeIgniter\View\View->render('template/navbar', NULL, true)
#3 C:\xampp\htdocs\Lab20_si_NGProduksi\ci4_ngproduksi\app\Views\template\headerforcontent.php(49): CodeIgniter\View\View->include('template/navbar')
#4 C:\xampp\htdocs\Lab20_si_NGProduksi\ci4_ngproduksi\system\View\View.php(210): include('C:\\xampp\\htdocs...')
#5 C:\xampp\htdocs\Lab20_si_NGProduksi\ci4_ngproduksi\system\View\View.php(213): CodeIgniter\View\View->CodeIgniter\View\{closure}()
#6 C:\xampp\htdocs\Lab20_si_NGProduksi\ci4_ngproduksi\system\View\View.php(424): CodeIgniter\View\View->render('template/header...', NULL, true)
#7 C:\xampp\htdocs\Lab20_si_NGProduksi\ci4_ngproduksi\app\Views\dashboard.php(1): CodeIgniter\View\View->include('template/header...')
#8 C:\xampp\htdocs\Lab20_si_NGProduksi\ci4_ngproduksi\system\View\View.php(210): include('C:\\xampp\\htdocs...')
#9 C:\xampp\htdocs\Lab20_si_NGProduksi\ci4_ngproduksi\system\View\View.php(213): CodeIgniter\View\View->CodeIgniter\View\{closure}()
#10 C:\xampp\htdocs\Lab20_si_NGProduksi\ci4_ngproduksi\system\Common.php(1089): CodeIgniter\View\View->render('dashboard', Array, true)
#11 C:\xampp\htdocs\Lab20_si_NGProduksi\ci4_ngproduksi\app\Controllers\Dashboard.php(8): view('dashboard')
#12 C:\xampp\htdocs\Lab20_si_NGProduksi\ci4_ngproduksi\system\CodeIgniter.php(832): App\Controllers\Dashboard->index()
#13 C:\xampp\htdocs\Lab20_si_NGProduksi\ci4_ngproduksi\system\CodeIgniter.php(419): CodeIgniter\CodeIgniter->runController(Object(App\Controllers\Dashboard))
#14 C:\xampp\htdocs\Lab20_si_NGProduksi\ci4_ngproduksi\system\CodeIgniter.php(326): CodeIgniter\CodeIgniter->handleRequest(NULL, Object(Config\Cache), false)
#15 C:\xampp\htdocs\Lab20_si_NGProduksi\ci4_ngproduksi\public\index.php(37): CodeIgniter\CodeIgniter->run()
#16 C:\xampp\htdocs\Lab20_si_NGProduksi\ci4_ngproduksi\system\Commands\Server\rewrite.php(43): require_once('C:\\xampp\\htdocs...')
#17 {main}
CRITICAL - 2023-10-31 11:23:38 --> Call to undefined function userLogin()
#0 C:\xampp\htdocs\Lab20_si_NGProduksi\ci4_ngproduksi\system\View\View.php(210): include()
#1 C:\xampp\htdocs\Lab20_si_NGProduksi\ci4_ngproduksi\system\View\View.php(213): CodeIgniter\View\View->CodeIgniter\View\{closure}()
#2 C:\xampp\htdocs\Lab20_si_NGProduksi\ci4_ngproduksi\system\View\View.php(424): CodeIgniter\View\View->render('template/navbar', NULL, true)
#3 C:\xampp\htdocs\Lab20_si_NGProduksi\ci4_ngproduksi\app\Views\template\headerforcontent.php(49): CodeIgniter\View\View->include('template/navbar')
#4 C:\xampp\htdocs\Lab20_si_NGProduksi\ci4_ngproduksi\system\View\View.php(210): include('C:\\xampp\\htdocs...')
#5 C:\xampp\htdocs\Lab20_si_NGProduksi\ci4_ngproduksi\system\View\View.php(213): CodeIgniter\View\View->CodeIgniter\View\{closure}()
#6 C:\xampp\htdocs\Lab20_si_NGProduksi\ci4_ngproduksi\system\View\View.php(424): CodeIgniter\View\View->render('template/header...', NULL, true)
#7 C:\xampp\htdocs\Lab20_si_NGProduksi\ci4_ngproduksi\app\Views\dashboard.php(1): CodeIgniter\View\View->include('template/header...')
#8 C:\xampp\htdocs\Lab20_si_NGProduksi\ci4_ngproduksi\system\View\View.php(210): include('C:\\xampp\\htdocs...')
#9 C:\xampp\htdocs\Lab20_si_NGProduksi\ci4_ngproduksi\system\View\View.php(213): CodeIgniter\View\View->CodeIgniter\View\{closure}()
#10 C:\xampp\htdocs\Lab20_si_NGProduksi\ci4_ngproduksi\system\Common.php(1089): CodeIgniter\View\View->render('dashboard', Array, true)
#11 C:\xampp\htdocs\Lab20_si_NGProduksi\ci4_ngproduksi\app\Controllers\Dashboard.php(8): view('dashboard')
#12 C:\xampp\htdocs\Lab20_si_NGProduksi\ci4_ngproduksi\system\CodeIgniter.php(832): App\Controllers\Dashboard->index()
#13 C:\xampp\htdocs\Lab20_si_NGProduksi\ci4_ngproduksi\system\CodeIgniter.php(419): CodeIgniter\CodeIgniter->runController(Object(App\Controllers\Dashboard))
#14 C:\xampp\htdocs\Lab20_si_NGProduksi\ci4_ngproduksi\system\CodeIgniter.php(326): CodeIgniter\CodeIgniter->handleRequest(NULL, Object(Config\Cache), false)
#15 C:\xampp\htdocs\Lab20_si_NGProduksi\ci4_ngproduksi\public\index.php(37): CodeIgniter\CodeIgniter->run()
#16 C:\xampp\htdocs\Lab20_si_NGProduksi\ci4_ngproduksi\system\Commands\Server\rewrite.php(43): require_once('C:\\xampp\\htdocs...')
#17 {main}
CRITICAL - 2023-10-31 11:23:39 --> Call to undefined function userLogin()
#0 C:\xampp\htdocs\Lab20_si_NGProduksi\ci4_ngproduksi\system\View\View.php(210): include()
#1 C:\xampp\htdocs\Lab20_si_NGProduksi\ci4_ngproduksi\system\View\View.php(213): CodeIgniter\View\View->CodeIgniter\View\{closure}()
#2 C:\xampp\htdocs\Lab20_si_NGProduksi\ci4_ngproduksi\system\View\View.php(424): CodeIgniter\View\View->render('template/navbar', NULL, true)
#3 C:\xampp\htdocs\Lab20_si_NGProduksi\ci4_ngproduksi\app\Views\template\headerforcontent.php(49): CodeIgniter\View\View->include('template/navbar')
#4 C:\xampp\htdocs\Lab20_si_NGProduksi\ci4_ngproduksi\system\View\View.php(210): include('C:\\xampp\\htdocs...')
#5 C:\xampp\htdocs\Lab20_si_NGProduksi\ci4_ngproduksi\system\View\View.php(213): CodeIgniter\View\View->CodeIgniter\View\{closure}()
#6 C:\xampp\htdocs\Lab20_si_NGProduksi\ci4_ngproduksi\system\View\View.php(424): CodeIgniter\View\View->render('template/header...', NULL, true)
#7 C:\xampp\htdocs\Lab20_si_NGProduksi\ci4_ngproduksi\app\Views\dashboard.php(1): CodeIgniter\View\View->include('template/header...')
#8 C:\xampp\htdocs\Lab20_si_NGProduksi\ci4_ngproduksi\system\View\View.php(210): include('C:\\xampp\\htdocs...')
#9 C:\xampp\htdocs\Lab20_si_NGProduksi\ci4_ngproduksi\system\View\View.php(213): CodeIgniter\View\View->CodeIgniter\View\{closure}()
#10 C:\xampp\htdocs\Lab20_si_NGProduksi\ci4_ngproduksi\system\Common.php(1089): CodeIgniter\View\View->render('dashboard', Array, true)
#11 C:\xampp\htdocs\Lab20_si_NGProduksi\ci4_ngproduksi\app\Controllers\Dashboard.php(8): view('dashboard')
#12 C:\xampp\htdocs\Lab20_si_NGProduksi\ci4_ngproduksi\system\CodeIgniter.php(832): App\Controllers\Dashboard->index()
#13 C:\xampp\htdocs\Lab20_si_NGProduksi\ci4_ngproduksi\system\CodeIgniter.php(419): CodeIgniter\CodeIgniter->runController(Object(App\Controllers\Dashboard))
#14 C:\xampp\htdocs\Lab20_si_NGProduksi\ci4_ngproduksi\system\CodeIgniter.php(326): CodeIgniter\CodeIgniter->handleRequest(NULL, Object(Config\Cache), false)
#15 C:\xampp\htdocs\Lab20_si_NGProduksi\ci4_ngproduksi\public\index.php(37): CodeIgniter\CodeIgniter->run()
#16 C:\xampp\htdocs\Lab20_si_NGProduksi\ci4_ngproduksi\system\Commands\Server\rewrite.php(43): require_once('C:\\xampp\\htdocs...')
#17 {main}
CRITICAL - 2023-10-31 11:23:39 --> Call to undefined function userLogin()
#0 C:\xampp\htdocs\Lab20_si_NGProduksi\ci4_ngproduksi\system\View\View.php(210): include()
#1 C:\xampp\htdocs\Lab20_si_NGProduksi\ci4_ngproduksi\system\View\View.php(213): CodeIgniter\View\View->CodeIgniter\View\{closure}()
#2 C:\xampp\htdocs\Lab20_si_NGProduksi\ci4_ngproduksi\system\View\View.php(424): CodeIgniter\View\View->render('template/navbar', NULL, true)
#3 C:\xampp\htdocs\Lab20_si_NGProduksi\ci4_ngproduksi\app\Views\template\headerforcontent.php(49): CodeIgniter\View\View->include('template/navbar')
#4 C:\xampp\htdocs\Lab20_si_NGProduksi\ci4_ngproduksi\system\View\View.php(210): include('C:\\xampp\\htdocs...')
#5 C:\xampp\htdocs\Lab20_si_NGProduksi\ci4_ngproduksi\system\View\View.php(213): CodeIgniter\View\View->CodeIgniter\View\{closure}()
#6 C:\xampp\htdocs\Lab20_si_NGProduksi\ci4_ngproduksi\system\View\View.php(424): CodeIgniter\View\View->render('template/header...', NULL, true)
#7 C:\xampp\htdocs\Lab20_si_NGProduksi\ci4_ngproduksi\app\Views\dashboard.php(1): CodeIgniter\View\View->include('template/header...')
#8 C:\xampp\htdocs\Lab20_si_NGProduksi\ci4_ngproduksi\system\View\View.php(210): include('C:\\xampp\\htdocs...')
#9 C:\xampp\htdocs\Lab20_si_NGProduksi\ci4_ngproduksi\system\View\View.php(213): CodeIgniter\View\View->CodeIgniter\View\{closure}()
#10 C:\xampp\htdocs\Lab20_si_NGProduksi\ci4_ngproduksi\system\Common.php(1089): CodeIgniter\View\View->render('dashboard', Array, true)
#11 C:\xampp\htdocs\Lab20_si_NGProduksi\ci4_ngproduksi\app\Controllers\Dashboard.php(8): view('dashboard')
#12 C:\xampp\htdocs\Lab20_si_NGProduksi\ci4_ngproduksi\system\CodeIgniter.php(832): App\Controllers\Dashboard->index()
#13 C:\xampp\htdocs\Lab20_si_NGProduksi\ci4_ngproduksi\system\CodeIgniter.php(419): CodeIgniter\CodeIgniter->runController(Object(App\Controllers\Dashboard))
#14 C:\xampp\htdocs\Lab20_si_NGProduksi\ci4_ngproduksi\system\CodeIgniter.php(326): CodeIgniter\CodeIgniter->handleRequest(NULL, Object(Config\Cache), false)
#15 C:\xampp\htdocs\Lab20_si_NGProduksi\ci4_ngproduksi\public\index.php(37): CodeIgniter\CodeIgniter->run()
#16 C:\xampp\htdocs\Lab20_si_NGProduksi\ci4_ngproduksi\system\Commands\Server\rewrite.php(43): require_once('C:\\xampp\\htdocs...')
#17 {main}
CRITICAL - 2023-10-31 11:23:40 --> Call to undefined function userLogin()
#0 C:\xampp\htdocs\Lab20_si_NGProduksi\ci4_ngproduksi\system\View\View.php(210): include()
#1 C:\xampp\htdocs\Lab20_si_NGProduksi\ci4_ngproduksi\system\View\View.php(213): CodeIgniter\View\View->CodeIgniter\View\{closure}()
#2 C:\xampp\htdocs\Lab20_si_NGProduksi\ci4_ngproduksi\system\View\View.php(424): CodeIgniter\View\View->render('template/navbar', NULL, true)
#3 C:\xampp\htdocs\Lab20_si_NGProduksi\ci4_ngproduksi\app\Views\template\headerforcontent.php(49): CodeIgniter\View\View->include('template/navbar')
#4 C:\xampp\htdocs\Lab20_si_NGProduksi\ci4_ngproduksi\system\View\View.php(210): include('C:\\xampp\\htdocs...')
#5 C:\xampp\htdocs\Lab20_si_NGProduksi\ci4_ngproduksi\system\View\View.php(213): CodeIgniter\View\View->CodeIgniter\View\{closure}()
#6 C:\xampp\htdocs\Lab20_si_NGProduksi\ci4_ngproduksi\system\View\View.php(424): CodeIgniter\View\View->render('template/header...', NULL, true)
#7 C:\xampp\htdocs\Lab20_si_NGProduksi\ci4_ngproduksi\app\Views\dashboard.php(1): CodeIgniter\View\View->include('template/header...')
#8 C:\xampp\htdocs\Lab20_si_NGProduksi\ci4_ngproduksi\system\View\View.php(210): include('C:\\xampp\\htdocs...')
#9 C:\xampp\htdocs\Lab20_si_NGProduksi\ci4_ngproduksi\system\View\View.php(213): CodeIgniter\View\View->CodeIgniter\View\{closure}()
#10 C:\xampp\htdocs\Lab20_si_NGProduksi\ci4_ngproduksi\system\Common.php(1089): CodeIgniter\View\View->render('dashboard', Array, true)
#11 C:\xampp\htdocs\Lab20_si_NGProduksi\ci4_ngproduksi\app\Controllers\Dashboard.php(8): view('dashboard')
#12 C:\xampp\htdocs\Lab20_si_NGProduksi\ci4_ngproduksi\system\CodeIgniter.php(832): App\Controllers\Dashboard->index()
#13 C:\xampp\htdocs\Lab20_si_NGProduksi\ci4_ngproduksi\system\CodeIgniter.php(419): CodeIgniter\CodeIgniter->runController(Object(App\Controllers\Dashboard))
#14 C:\xampp\htdocs\Lab20_si_NGProduksi\ci4_ngproduksi\system\CodeIgniter.php(326): CodeIgniter\CodeIgniter->handleRequest(NULL, Object(Config\Cache), false)
#15 C:\xampp\htdocs\Lab20_si_NGProduksi\ci4_ngproduksi\public\index.php(37): CodeIgniter\CodeIgniter->run()
#16 C:\xampp\htdocs\Lab20_si_NGProduksi\ci4_ngproduksi\system\Commands\Server\rewrite.php(43): require_once('C:\\xampp\\htdocs...')
#17 {main}
CRITICAL - 2023-10-31 11:23:53 --> Call to undefined function userLogin()
#0 C:\xampp\htdocs\Lab20_si_NGProduksi\ci4_ngproduksi\system\View\View.php(210): include()
#1 C:\xampp\htdocs\Lab20_si_NGProduksi\ci4_ngproduksi\system\View\View.php(213): CodeIgniter\View\View->CodeIgniter\View\{closure}()
#2 C:\xampp\htdocs\Lab20_si_NGProduksi\ci4_ngproduksi\system\View\View.php(424): CodeIgniter\View\View->render('template/navbar', NULL, true)
#3 C:\xampp\htdocs\Lab20_si_NGProduksi\ci4_ngproduksi\app\Views\template\headerforcontent.php(49): CodeIgniter\View\View->include('template/navbar')
#4 C:\xampp\htdocs\Lab20_si_NGProduksi\ci4_ngproduksi\system\View\View.php(210): include('C:\\xampp\\htdocs...')
#5 C:\xampp\htdocs\Lab20_si_NGProduksi\ci4_ngproduksi\system\View\View.php(213): CodeIgniter\View\View->CodeIgniter\View\{closure}()
#6 C:\xampp\htdocs\Lab20_si_NGProduksi\ci4_ngproduksi\system\View\View.php(424): CodeIgniter\View\View->render('template/header...', NULL, true)
#7 C:\xampp\htdocs\Lab20_si_NGProduksi\ci4_ngproduksi\app\Views\datakaryawan.php(1): CodeIgniter\View\View->include('template/header...')
#8 C:\xampp\htdocs\Lab20_si_NGProduksi\ci4_ngproduksi\system\View\View.php(210): include('C:\\xampp\\htdocs...')
#9 C:\xampp\htdocs\Lab20_si_NGProduksi\ci4_ngproduksi\system\View\View.php(213): CodeIgniter\View\View->CodeIgniter\View\{closure}()
#10 C:\xampp\htdocs\Lab20_si_NGProduksi\ci4_ngproduksi\system\Common.php(1089): CodeIgniter\View\View->render('datakaryawan', Array, true)
#11 C:\xampp\htdocs\Lab20_si_NGProduksi\ci4_ngproduksi\app\Controllers\Karyawan.php(17): view('datakaryawan', Array)
#12 C:\xampp\htdocs\Lab20_si_NGProduksi\ci4_ngproduksi\system\CodeIgniter.php(832): App\Controllers\Karyawan->index()
#13 C:\xampp\htdocs\Lab20_si_NGProduksi\ci4_ngproduksi\system\CodeIgniter.php(419): CodeIgniter\CodeIgniter->runController(Object(App\Controllers\Karyawan))
#14 C:\xampp\htdocs\Lab20_si_NGProduksi\ci4_ngproduksi\system\CodeIgniter.php(326): CodeIgniter\CodeIgniter->handleRequest(NULL, Object(Config\Cache), false)
#15 C:\xampp\htdocs\Lab20_si_NGProduksi\ci4_ngproduksi\public\index.php(37): CodeIgniter\CodeIgniter->run()
#16 C:\xampp\htdocs\Lab20_si_NGProduksi\ci4_ngproduksi\system\Commands\Server\rewrite.php(43): require_once('C:\\xampp\\htdocs...')
#17 {main}
CRITICAL - 2023-10-31 11:23:54 --> Call to undefined function userLogin()
#0 C:\xampp\htdocs\Lab20_si_NGProduksi\ci4_ngproduksi\system\View\View.php(210): include()
#1 C:\xampp\htdocs\Lab20_si_NGProduksi\ci4_ngproduksi\system\View\View.php(213): CodeIgniter\View\View->CodeIgniter\View\{closure}()
#2 C:\xampp\htdocs\Lab20_si_NGProduksi\ci4_ngproduksi\system\View\View.php(424): CodeIgniter\View\View->render('template/navbar', NULL, true)
#3 C:\xampp\htdocs\Lab20_si_NGProduksi\ci4_ngproduksi\app\Views\template\headerforcontent.php(49): CodeIgniter\View\View->include('template/navbar')
#4 C:\xampp\htdocs\Lab20_si_NGProduksi\ci4_ngproduksi\system\View\View.php(210): include('C:\\xampp\\htdocs...')
#5 C:\xampp\htdocs\Lab20_si_NGProduksi\ci4_ngproduksi\system\View\View.php(213): CodeIgniter\View\View->CodeIgniter\View\{closure}()
#6 C:\xampp\htdocs\Lab20_si_NGProduksi\ci4_ngproduksi\system\View\View.php(424): CodeIgniter\View\View->render('template/header...', NULL, true)
#7 C:\xampp\htdocs\Lab20_si_NGProduksi\ci4_ngproduksi\app\Views\dataiuran.php(1): CodeIgniter\View\View->include('template/header...')
#8 C:\xampp\htdocs\Lab20_si_NGProduksi\ci4_ngproduksi\system\View\View.php(210): include('C:\\xampp\\htdocs...')
#9 C:\xampp\htdocs\Lab20_si_NGProduksi\ci4_ngproduksi\system\View\View.php(213): CodeIgniter\View\View->CodeIgniter\View\{closure}()
#10 C:\xampp\htdocs\Lab20_si_NGProduksi\ci4_ngproduksi\system\Common.php(1089): CodeIgniter\View\View->render('dataiuran', Array, true)
#11 C:\xampp\htdocs\Lab20_si_NGProduksi\ci4_ngproduksi\app\Controllers\Iuran.php(19): view('dataiuran', Array)
#12 C:\xampp\htdocs\Lab20_si_NGProduksi\ci4_ngproduksi\system\CodeIgniter.php(832): App\Controllers\Iuran->index()
#13 C:\xampp\htdocs\Lab20_si_NGProduksi\ci4_ngproduksi\system\CodeIgniter.php(419): CodeIgniter\CodeIgniter->runController(Object(App\Controllers\Iuran))
#14 C:\xampp\htdocs\Lab20_si_NGProduksi\ci4_ngproduksi\system\CodeIgniter.php(326): CodeIgniter\CodeIgniter->handleRequest(NULL, Object(Config\Cache), false)
#15 C:\xampp\htdocs\Lab20_si_NGProduksi\ci4_ngproduksi\public\index.php(37): CodeIgniter\CodeIgniter->run()
#16 C:\xampp\htdocs\Lab20_si_NGProduksi\ci4_ngproduksi\system\Commands\Server\rewrite.php(43): require_once('C:\\xampp\\htdocs...')
#17 {main}
CRITICAL - 2023-10-31 11:23:56 --> Call to undefined function userLogin()
#0 C:\xampp\htdocs\Lab20_si_NGProduksi\ci4_ngproduksi\system\View\View.php(210): include()
#1 C:\xampp\htdocs\Lab20_si_NGProduksi\ci4_ngproduksi\system\View\View.php(213): CodeIgniter\View\View->CodeIgniter\View\{closure}()
#2 C:\xampp\htdocs\Lab20_si_NGProduksi\ci4_ngproduksi\system\View\View.php(424): CodeIgniter\View\View->render('template/navbar', NULL, true)
#3 C:\xampp\htdocs\Lab20_si_NGProduksi\ci4_ngproduksi\app\Views\template\headerforcontent.php(49): CodeIgniter\View\View->include('template/navbar')
#4 C:\xampp\htdocs\Lab20_si_NGProduksi\ci4_ngproduksi\system\View\View.php(210): include('C:\\xampp\\htdocs...')
#5 C:\xampp\htdocs\Lab20_si_NGProduksi\ci4_ngproduksi\system\View\View.php(213): CodeIgniter\View\View->CodeIgniter\View\{closure}()
#6 C:\xampp\htdocs\Lab20_si_NGProduksi\ci4_ngproduksi\system\View\View.php(424): CodeIgniter\View\View->render('template/header...', NULL, true)
#7 C:\xampp\htdocs\Lab20_si_NGProduksi\ci4_ngproduksi\app\Views\dashboard.php(1): CodeIgniter\View\View->include('template/header...')
#8 C:\xampp\htdocs\Lab20_si_NGProduksi\ci4_ngproduksi\system\View\View.php(210): include('C:\\xampp\\htdocs...')
#9 C:\xampp\htdocs\Lab20_si_NGProduksi\ci4_ngproduksi\system\View\View.php(213): CodeIgniter\View\View->CodeIgniter\View\{closure}()
#10 C:\xampp\htdocs\Lab20_si_NGProduksi\ci4_ngproduksi\system\Common.php(1089): CodeIgniter\View\View->render('dashboard', Array, true)
#11 C:\xampp\htdocs\Lab20_si_NGProduksi\ci4_ngproduksi\app\Controllers\Dashboard.php(8): view('dashboard')
#12 C:\xampp\htdocs\Lab20_si_NGProduksi\ci4_ngproduksi\system\CodeIgniter.php(832): App\Controllers\Dashboard->index()
#13 C:\xampp\htdocs\Lab20_si_NGProduksi\ci4_ngproduksi\system\CodeIgniter.php(419): CodeIgniter\CodeIgniter->runController(Object(App\Controllers\Dashboard))
#14 C:\xampp\htdocs\Lab20_si_NGProduksi\ci4_ngproduksi\system\CodeIgniter.php(326): CodeIgniter\CodeIgniter->handleRequest(NULL, Object(Config\Cache), false)
#15 C:\xampp\htdocs\Lab20_si_NGProduksi\ci4_ngproduksi\public\index.php(37): CodeIgniter\CodeIgniter->run()
#16 C:\xampp\htdocs\Lab20_si_NGProduksi\ci4_ngproduksi\system\Commands\Server\rewrite.php(43): require_once('C:\\xampp\\htdocs...')
#17 {main}
CRITICAL - 2023-10-31 11:23:57 --> Call to undefined function userLogin()
#0 C:\xampp\htdocs\Lab20_si_NGProduksi\ci4_ngproduksi\system\View\View.php(210): include()
#1 C:\xampp\htdocs\Lab20_si_NGProduksi\ci4_ngproduksi\system\View\View.php(213): CodeIgniter\View\View->CodeIgniter\View\{closure}()
#2 C:\xampp\htdocs\Lab20_si_NGProduksi\ci4_ngproduksi\system\View\View.php(424): CodeIgniter\View\View->render('template/navbar', NULL, true)
#3 C:\xampp\htdocs\Lab20_si_NGProduksi\ci4_ngproduksi\app\Views\template\headerforcontent.php(49): CodeIgniter\View\View->include('template/navbar')
#4 C:\xampp\htdocs\Lab20_si_NGProduksi\ci4_ngproduksi\system\View\View.php(210): include('C:\\xampp\\htdocs...')
#5 C:\xampp\htdocs\Lab20_si_NGProduksi\ci4_ngproduksi\system\View\View.php(213): CodeIgniter\View\View->CodeIgniter\View\{closure}()
#6 C:\xampp\htdocs\Lab20_si_NGProduksi\ci4_ngproduksi\system\View\View.php(424): CodeIgniter\View\View->render('template/header...', NULL, true)
#7 C:\xampp\htdocs\Lab20_si_NGProduksi\ci4_ngproduksi\app\Views\dashboard.php(1): CodeIgniter\View\View->include('template/header...')
#8 C:\xampp\htdocs\Lab20_si_NGProduksi\ci4_ngproduksi\system\View\View.php(210): include('C:\\xampp\\htdocs...')
#9 C:\xampp\htdocs\Lab20_si_NGProduksi\ci4_ngproduksi\system\View\View.php(213): CodeIgniter\View\View->CodeIgniter\View\{closure}()
#10 C:\xampp\htdocs\Lab20_si_NGProduksi\ci4_ngproduksi\system\Common.php(1089): CodeIgniter\View\View->render('dashboard', Array, true)
#11 C:\xampp\htdocs\Lab20_si_NGProduksi\ci4_ngproduksi\app\Controllers\Dashboard.php(8): view('dashboard')
#12 C:\xampp\htdocs\Lab20_si_NGProduksi\ci4_ngproduksi\system\CodeIgniter.php(832): App\Controllers\Dashboard->index()
#13 C:\xampp\htdocs\Lab20_si_NGProduksi\ci4_ngproduksi\system\CodeIgniter.php(419): CodeIgniter\CodeIgniter->runController(Object(App\Controllers\Dashboard))
#14 C:\xampp\htdocs\Lab20_si_NGProduksi\ci4_ngproduksi\system\CodeIgniter.php(326): CodeIgniter\CodeIgniter->handleRequest(NULL, Object(Config\Cache), false)
#15 C:\xampp\htdocs\Lab20_si_NGProduksi\ci4_ngproduksi\public\index.php(37): CodeIgniter\CodeIgniter->run()
#16 C:\xampp\htdocs\Lab20_si_NGProduksi\ci4_ngproduksi\system\Commands\Server\rewrite.php(43): require_once('C:\\xampp\\htdocs...')
#17 {main}
CRITICAL - 2023-10-31 11:23:57 --> Call to undefined function userLogin()
#0 C:\xampp\htdocs\Lab20_si_NGProduksi\ci4_ngproduksi\system\View\View.php(210): include()
#1 C:\xampp\htdocs\Lab20_si_NGProduksi\ci4_ngproduksi\system\View\View.php(213): CodeIgniter\View\View->CodeIgniter\View\{closure}()
#2 C:\xampp\htdocs\Lab20_si_NGProduksi\ci4_ngproduksi\system\View\View.php(424): CodeIgniter\View\View->render('template/navbar', NULL, true)
#3 C:\xampp\htdocs\Lab20_si_NGProduksi\ci4_ngproduksi\app\Views\template\headerforcontent.php(49): CodeIgniter\View\View->include('template/navbar')
#4 C:\xampp\htdocs\Lab20_si_NGProduksi\ci4_ngproduksi\system\View\View.php(210): include('C:\\xampp\\htdocs...')
#5 C:\xampp\htdocs\Lab20_si_NGProduksi\ci4_ngproduksi\system\View\View.php(213): CodeIgniter\View\View->CodeIgniter\View\{closure}()
#6 C:\xampp\htdocs\Lab20_si_NGProduksi\ci4_ngproduksi\system\View\View.php(424): CodeIgniter\View\View->render('template/header...', NULL, true)
#7 C:\xampp\htdocs\Lab20_si_NGProduksi\ci4_ngproduksi\app\Views\dashboard.php(1): CodeIgniter\View\View->include('template/header...')
#8 C:\xampp\htdocs\Lab20_si_NGProduksi\ci4_ngproduksi\system\View\View.php(210): include('C:\\xampp\\htdocs...')
#9 C:\xampp\htdocs\Lab20_si_NGProduksi\ci4_ngproduksi\system\View\View.php(213): CodeIgniter\View\View->CodeIgniter\View\{closure}()
#10 C:\xampp\htdocs\Lab20_si_NGProduksi\ci4_ngproduksi\system\Common.php(1089): CodeIgniter\View\View->render('dashboard', Array, true)
#11 C:\xampp\htdocs\Lab20_si_NGProduksi\ci4_ngproduksi\app\Controllers\Dashboard.php(8): view('dashboard')
#12 C:\xampp\htdocs\Lab20_si_NGProduksi\ci4_ngproduksi\system\CodeIgniter.php(832): App\Controllers\Dashboard->index()
#13 C:\xampp\htdocs\Lab20_si_NGProduksi\ci4_ngproduksi\system\CodeIgniter.php(419): CodeIgniter\CodeIgniter->runController(Object(App\Controllers\Dashboard))
#14 C:\xampp\htdocs\Lab20_si_NGProduksi\ci4_ngproduksi\system\CodeIgniter.php(326): CodeIgniter\CodeIgniter->handleRequest(NULL, Object(Config\Cache), false)
#15 C:\xampp\htdocs\Lab20_si_NGProduksi\ci4_ngproduksi\public\index.php(37): CodeIgniter\CodeIgniter->run()
#16 C:\xampp\htdocs\Lab20_si_NGProduksi\ci4_ngproduksi\system\Commands\Server\rewrite.php(43): require_once('C:\\xampp\\htdocs...')
#17 {main}
CRITICAL - 2023-10-31 11:29:17 --> Call to undefined function userLogin()
#0 C:\xampp\htdocs\Lab20_si_NGProduksi\ci4_ngproduksi\system\View\View.php(210): include()
#1 C:\xampp\htdocs\Lab20_si_NGProduksi\ci4_ngproduksi\system\View\View.php(213): CodeIgniter\View\View->CodeIgniter\View\{closure}()
#2 C:\xampp\htdocs\Lab20_si_NGProduksi\ci4_ngproduksi\system\View\View.php(424): CodeIgniter\View\View->render('template/navbar', NULL, true)
#3 C:\xampp\htdocs\Lab20_si_NGProduksi\ci4_ngproduksi\app\Views\template\headerforcontent.php(49): CodeIgniter\View\View->include('template/navbar')
#4 C:\xampp\htdocs\Lab20_si_NGProduksi\ci4_ngproduksi\system\View\View.php(210): include('C:\\xampp\\htdocs...')
#5 C:\xampp\htdocs\Lab20_si_NGProduksi\ci4_ngproduksi\system\View\View.php(213): CodeIgniter\View\View->CodeIgniter\View\{closure}()
#6 C:\xampp\htdocs\Lab20_si_NGProduksi\ci4_ngproduksi\system\View\View.php(424): CodeIgniter\View\View->render('template/header...', NULL, true)
#7 C:\xampp\htdocs\Lab20_si_NGProduksi\ci4_ngproduksi\app\Views\dashboard.php(1): CodeIgniter\View\View->include('template/header...')
#8 C:\xampp\htdocs\Lab20_si_NGProduksi\ci4_ngproduksi\system\View\View.php(210): include('C:\\xampp\\htdocs...')
#9 C:\xampp\htdocs\Lab20_si_NGProduksi\ci4_ngproduksi\system\View\View.php(213): CodeIgniter\View\View->CodeIgniter\View\{closure}()
#10 C:\xampp\htdocs\Lab20_si_NGProduksi\ci4_ngproduksi\system\Common.php(1089): CodeIgniter\View\View->render('dashboard', Array, true)
#11 C:\xampp\htdocs\Lab20_si_NGProduksi\ci4_ngproduksi\app\Controllers\Dashboard.php(8): view('dashboard')
#12 C:\xampp\htdocs\Lab20_si_NGProduksi\ci4_ngproduksi\system\CodeIgniter.php(832): App\Controllers\Dashboard->index()
#13 C:\xampp\htdocs\Lab20_si_NGProduksi\ci4_ngproduksi\system\CodeIgniter.php(419): CodeIgniter\CodeIgniter->runController(Object(App\Controllers\Dashboard))
#14 C:\xampp\htdocs\Lab20_si_NGProduksi\ci4_ngproduksi\system\CodeIgniter.php(326): CodeIgniter\CodeIgniter->handleRequest(NULL, Object(Config\Cache), false)
#15 C:\xampp\htdocs\Lab20_si_NGProduksi\ci4_ngproduksi\public\index.php(37): CodeIgniter\CodeIgniter->run()
#16 C:\xampp\htdocs\Lab20_si_NGProduksi\ci4_ngproduksi\system\Commands\Server\rewrite.php(43): require_once('C:\\xampp\\htdocs...')
#17 {main}
